<?xml version="1.0" encoding="utf-8"?><testsuites><testsuite name="pytest" errors="0" failures="0" skipped="260" tests="4729" time="432.526" timestamp="2023-11-14T11:19:14.854843" hostname="1d9374c9066e"><testcase classname="aries_cloudagent.__init__" name="ruff" file="aries_cloudagent/__init__.py" time="0.031" /><testcase classname="aries_cloudagent.__main__" name="ruff" file="aries_cloudagent/__main__.py" time="0.033" /><testcase classname="aries_cloudagent.version" name="ruff" file="aries_cloudagent/version.py" time="0.047" /><testcase classname="aries_cloudagent.admin.__init__" name="ruff" file="aries_cloudagent/admin/__init__.py" time="0.039" /><testcase classname="aries_cloudagent.admin.base_server" name="ruff" file="aries_cloudagent/admin/base_server.py" time="0.038" /><testcase classname="aries_cloudagent.admin.error" name="ruff" file="aries_cloudagent/admin/error.py" time="0.040" /><testcase classname="aries_cloudagent.admin.request_context" name="ruff" file="aries_cloudagent/admin/request_context.py" time="0.043" /><testcase classname="aries_cloudagent.admin.server" name="ruff" file="aries_cloudagent/admin/server.py" time="0.045" /><testcase classname="aries_cloudagent.admin.tests.__init__" name="ruff" file="aries_cloudagent/admin/tests/__init__.py" time="0.040" /><testcase classname="aries_cloudagent.admin.tests.test_admin_server" name="ruff" file="aries_cloudagent/admin/tests/test_admin_server.py" time="0.043" /><testcase classname="aries_cloudagent.admin.tests.test_admin_server.TestAdminServer" name="test_debug_middleware" file="aries_cloudagent/admin/tests/test_admin_server.py" line="38" time="0.051" /><testcase classname="aries_cloudagent.admin.tests.test_admin_server.TestAdminServer" name="test_import_routes" file="aries_cloudagent/admin/tests/test_admin_server.py" line="177" time="0.128" /><testcase classname="aries_cloudagent.admin.tests.test_admin_server.TestAdminServer" name="test_import_routes_multitenant_middleware" file="aries_cloudagent/admin/tests/test_admin_server.py" line="187" time="0.079" /><testcase classname="aries_cloudagent.admin.tests.test_admin_server.TestAdminServer" name="test_query_config" file="aries_cloudagent/admin/tests/test_admin_server.py" line="382" time="0.082" /><testcase classname="aries_cloudagent.admin.tests.test_admin_server.TestAdminServer" name="test_ready_middleware" file="aries_cloudagent/admin/tests/test_admin_server.py" line="55" time="0.031" /><testcase classname="aries_cloudagent.admin.tests.test_admin_server.TestAdminServer" name="test_register_external_plugin_x" file="aries_cloudagent/admin/tests/test_admin_server.py" line="286" time="0.052" /><testcase classname="aries_cloudagent.admin.tests.test_admin_server.TestAdminServer" name="test_server_health_state" file="aries_cloudagent/admin/tests/test_admin_server.py" line="441" time="0.107" /><testcase classname="aries_cloudagent.admin.tests.test_admin_server.TestAdminServer" name="test_start_stop" file="aries_cloudagent/admin/tests/test_admin_server.py" line="139" time="0.083" /><testcase classname="aries_cloudagent.admin.tests.test_admin_server.TestAdminServer" name="test_visit_insecure_mode" file="aries_cloudagent/admin/tests/test_admin_server.py" line="299" time="0.158" /><testcase classname="aries_cloudagent.admin.tests.test_admin_server.TestAdminServer" name="test_visit_secure_mode" file="aries_cloudagent/admin/tests/test_admin_server.py" line="330" time="0.092" /><testcase classname="aries_cloudagent.admin.tests.test_admin_server.TestAdminServer" name="test_visit_shutting_down" file="aries_cloudagent/admin/tests/test_admin_server.py" line="418" time="0.079" /><testcase classname="aries_cloudagent.admin.tests.test_admin_server" name="test_on_record_event[acapy::record::topic-topic]" file="aries_cloudagent/admin/tests/test_admin_server.py" line="483" time="0.026" /><testcase classname="aries_cloudagent.admin.tests.test_admin_server" name="test_on_record_event[acapy::record::topic::state-topic]" file="aries_cloudagent/admin/tests/test_admin_server.py" line="483" time="0.022" /><testcase classname="aries_cloudagent.admin.tests.test_admin_server" name="test_admin_responder_profile_expired_x" file="aries_cloudagent/admin/tests/test_admin_server.py" line="497" time="0.185" /><testcase classname="aries_cloudagent.admin.tests.test_request_context" name="ruff" file="aries_cloudagent/admin/tests/test_request_context.py" time="0.032" /><testcase classname="aries_cloudagent.admin.tests.test_request_context.TestAdminRequestContext" name="test_session_inject_x" file="aries_cloudagent/admin/tests/test_request_context.py" line="34" time="0.010" /><testcase classname="aries_cloudagent.admin.tests.test_request_context.TestAdminRequestContext" name="test_session_transaction" file="aries_cloudagent/admin/tests/test_request_context.py" line="23" time="0.008" /><testcase classname="aries_cloudagent.askar.__init__" name="ruff" file="aries_cloudagent/askar/__init__.py" time="0.039" /><testcase classname="aries_cloudagent.askar.profile" name="ruff" file="aries_cloudagent/askar/profile.py" time="0.043" /><testcase classname="aries_cloudagent.askar.store" name="ruff" file="aries_cloudagent/askar/store.py" time="0.049" /><testcase classname="aries_cloudagent.askar.didcomm.__init__" name="ruff" file="aries_cloudagent/askar/didcomm/__init__.py" time="0.045" /><testcase classname="aries_cloudagent.askar.didcomm.v1" name="ruff" file="aries_cloudagent/askar/didcomm/v1.py" time="0.049" /><testcase classname="aries_cloudagent.askar.didcomm.v2" name="ruff" file="aries_cloudagent/askar/didcomm/v2.py" time="0.052" /><testcase classname="aries_cloudagent.askar.didcomm.tests.__init__" name="ruff" file="aries_cloudagent/askar/didcomm/tests/__init__.py" time="0.041" /><testcase classname="aries_cloudagent.askar.didcomm.tests.test_v2" name="ruff" file="aries_cloudagent/askar/didcomm/tests/test_v2.py" time="0.051" /><testcase classname="aries_cloudagent.askar.didcomm.tests.test_v2.TestAskarDidCommV2" name="test_es_round_trip" file="aries_cloudagent/askar/didcomm/tests/test_v2.py" line="39" time="0.063" /><testcase classname="aries_cloudagent.askar.didcomm.tests.test_v2.TestAskarDidCommV2" name="test_es_encrypt_x" file="aries_cloudagent/askar/didcomm/tests/test_v2.py" line="61" time="0.033" /><testcase classname="aries_cloudagent.askar.didcomm.tests.test_v2.TestAskarDidCommV2" name="test_es_decrypt_x" file="aries_cloudagent/askar/didcomm/tests/test_v2.py" line="92" time="0.016" /><testcase classname="aries_cloudagent.askar.didcomm.tests.test_v2.TestAskarDidCommV2" name="test_1pu_round_trip" file="aries_cloudagent/askar/didcomm/tests/test_v2.py" line="145" time="0.037" /><testcase classname="aries_cloudagent.askar.didcomm.tests.test_v2.TestAskarDidCommV2" name="test_1pu_encrypt_x" file="aries_cloudagent/askar/didcomm/tests/test_v2.py" line="169" time="0.025" /><testcase classname="aries_cloudagent.askar.didcomm.tests.test_v2.TestAskarDidCommV2" name="test_1pu_decrypt_x" file="aries_cloudagent/askar/didcomm/tests/test_v2.py" line="214" time="0.014" /><testcase classname="aries_cloudagent.askar.didcomm.tests.test_v2.TestAskarDidCommV2" name="test_unpack_message_any_x" file="aries_cloudagent/askar/didcomm/tests/test_v2.py" line="269" time="0.024" /><testcase classname="aries_cloudagent.askar.didcomm.tests.test_v2.TestAskarDidCommV2" name="test_unpack_message_1pu_x" file="aries_cloudagent/askar/didcomm/tests/test_v2.py" line="311" time="0.061" /><testcase classname="aries_cloudagent.askar.tests.__init__" name="ruff" file="aries_cloudagent/askar/tests/__init__.py" time="0.050" /><testcase classname="aries_cloudagent.askar.tests.test_profile" name="ruff" file="aries_cloudagent/askar/tests/test_profile.py" time="0.042" /><testcase classname="aries_cloudagent.askar.tests.test_profile" name="test_init_success" file="aries_cloudagent/askar/tests/test_profile.py" line="17" time="0.014" /><testcase classname="aries_cloudagent.askar.tests.test_profile" name="test_init_multi_ledger" file="aries_cloudagent/askar/tests/test_profile.py" line="26" time="0.013" /><testcase classname="aries_cloudagent.askar.tests.test_profile" name="test_remove_success" file="aries_cloudagent/askar/tests/test_profile.py" line="61" time="0.014" /><testcase classname="aries_cloudagent.askar.tests.test_profile" name="test_remove_profile_not_removed_if_wallet_type_not_askar_profile" file="aries_cloudagent/askar/tests/test_profile.py" line="81" time="0.015" /><testcase classname="aries_cloudagent.askar.tests.test_profile" name="test_profile_manager_transaction" file="aries_cloudagent/askar/tests/test_profile.py" line="93" time="0.014" /><testcase classname="aries_cloudagent.askar.tests.test_profile" name="test_profile_manager_store" file="aries_cloudagent/askar/tests/test_profile.py" line="109" time="0.014" /><testcase classname="aries_cloudagent.askar.tests.test_store" name="ruff" file="aries_cloudagent/askar/tests/test_store.py" time="0.042" /><testcase classname="aries_cloudagent.askar.tests.test_store.TestStoreConfig" name="test_init_should_fail_when_key_missing" file="aries_cloudagent/askar/tests/test_store.py" line="25" time="0.016" /><testcase classname="aries_cloudagent.askar.tests.test_store.TestStoreConfig" name="test_init_success" file="aries_cloudagent/askar/tests/test_store.py" line="12" time="0.010" /><testcase classname="aries_cloudagent.cache.__init__" name="ruff" file="aries_cloudagent/cache/__init__.py" time="0.037" /><testcase classname="aries_cloudagent.cache.base" name="ruff" file="aries_cloudagent/cache/base.py" time="0.039" /><testcase classname="aries_cloudagent.cache.in_memory" name="ruff" file="aries_cloudagent/cache/in_memory.py" time="0.038" /><testcase classname="aries_cloudagent.cache.tests.__init__" name="ruff" file="aries_cloudagent/cache/tests/__init__.py" time="0.057" /><testcase classname="aries_cloudagent.cache.tests.test_in_memory_cache" name="ruff" file="aries_cloudagent/cache/tests/test_in_memory_cache.py" time="0.044" /><testcase classname="aries_cloudagent.cache.tests.test_in_memory_cache.TestBasicCache" name="test_get_none" file="aries_cloudagent/cache/tests/test_in_memory_cache.py" line="16" time="0.013" /><testcase classname="aries_cloudagent.cache.tests.test_in_memory_cache.TestBasicCache" name="test_get_valid" file="aries_cloudagent/cache/tests/test_in_memory_cache.py" line="21" time="0.009" /><testcase classname="aries_cloudagent.cache.tests.test_in_memory_cache.TestBasicCache" name="test_set_str" file="aries_cloudagent/cache/tests/test_in_memory_cache.py" line="26" time="0.008" /><testcase classname="aries_cloudagent.cache.tests.test_in_memory_cache.TestBasicCache" name="test_set_dict" file="aries_cloudagent/cache/tests/test_in_memory_cache.py" line="32" time="0.009" /><testcase classname="aries_cloudagent.cache.tests.test_in_memory_cache.TestBasicCache" name="test_set_multi" file="aries_cloudagent/cache/tests/test_in_memory_cache.py" line="38" time="0.006" /><testcase classname="aries_cloudagent.cache.tests.test_in_memory_cache.TestBasicCache" name="test_set_expires" file="aries_cloudagent/cache/tests/test_in_memory_cache.py" line="45" time="0.059" /><testcase classname="aries_cloudagent.cache.tests.test_in_memory_cache.TestBasicCache" name="test_set_expires_multi" file="aries_cloudagent/cache/tests/test_in_memory_cache.py" line="56" time="0.058" /><testcase classname="aries_cloudagent.cache.tests.test_in_memory_cache.TestBasicCache" name="test_flush" file="aries_cloudagent/cache/tests/test_in_memory_cache.py" line="69" time="0.006" /><testcase classname="aries_cloudagent.cache.tests.test_in_memory_cache.TestBasicCache" name="test_clear" file="aries_cloudagent/cache/tests/test_in_memory_cache.py" line="74" time="0.011" /><testcase classname="aries_cloudagent.cache.tests.test_in_memory_cache.TestBasicCache" name="test_acquire_release" file="aries_cloudagent/cache/tests/test_in_memory_cache.py" line="81" time="0.012" /><testcase classname="aries_cloudagent.cache.tests.test_in_memory_cache.TestBasicCache" name="test_acquire_with_future" file="aries_cloudagent/cache/tests/test_in_memory_cache.py" line="91" time="0.007" /><testcase classname="aries_cloudagent.cache.tests.test_in_memory_cache.TestBasicCache" name="test_acquire_release_with_waiter" file="aries_cloudagent/cache/tests/test_in_memory_cache.py" line="104" time="0.007" /><testcase classname="aries_cloudagent.cache.tests.test_in_memory_cache.TestBasicCache" name="test_duplicate_set" file="aries_cloudagent/cache/tests/test_in_memory_cache.py" line="121" time="0.007" /><testcase classname="aries_cloudagent.cache.tests.test_in_memory_cache.TestBasicCache" name="test_populated" file="aries_cloudagent/cache/tests/test_in_memory_cache.py" line="134" time="0.007" /><testcase classname="aries_cloudagent.cache.tests.test_in_memory_cache.TestBasicCache" name="test_acquire_exception" file="aries_cloudagent/cache/tests/test_in_memory_cache.py" line="153" time="0.003" /><testcase classname="aries_cloudagent.cache.tests.test_in_memory_cache.TestBasicCache" name="test_repr" file="aries_cloudagent/cache/tests/test_in_memory_cache.py" line="165" time="0.004" /><testcase classname="aries_cloudagent.commands.__init__" name="ruff" file="aries_cloudagent/commands/__init__.py" time="0.046" /><testcase classname="aries_cloudagent.commands.help" name="ruff" file="aries_cloudagent/commands/help.py" time="0.043" /><testcase classname="aries_cloudagent.commands.provision" name="ruff" file="aries_cloudagent/commands/provision.py" time="0.047" /><testcase classname="aries_cloudagent.commands.start" name="ruff" file="aries_cloudagent/commands/start.py" time="0.051" /><testcase classname="aries_cloudagent.commands.upgrade" name="ruff" file="aries_cloudagent/commands/upgrade.py" time="0.053" /><testcase classname="aries_cloudagent.commands.tests.__init__" name="ruff" file="aries_cloudagent/commands/tests/__init__.py" time="0.035" /><testcase classname="aries_cloudagent.commands.tests.test_help" name="ruff" file="aries_cloudagent/commands/tests/test_help.py" time="0.042" /><testcase classname="aries_cloudagent.commands.tests.test_help.TestHelp" name="test_exec_help" file="aries_cloudagent/commands/tests/test_help.py" line="7" time="0.061" /><testcase classname="aries_cloudagent.commands.tests.test_help.TestHelp" name="test_main" file="aries_cloudagent/commands/tests/test_help.py" line="19" time="0.012" /><testcase classname="aries_cloudagent.commands.tests.test_init" name="ruff" file="aries_cloudagent/commands/tests/test_init.py" time="0.043" /><testcase classname="aries_cloudagent.commands.tests.test_init.TestInit" name="test_available" file="aries_cloudagent/commands/tests/test_init.py" line="7" time="0.013" /><testcase classname="aries_cloudagent.commands.tests.test_init.TestInit" name="test_run" file="aries_cloudagent/commands/tests/test_init.py" line="11" time="0.026" /><testcase classname="aries_cloudagent.commands.tests.test_provision" name="ruff" file="aries_cloudagent/commands/tests/test_provision.py" time="0.044" /><testcase classname="aries_cloudagent.commands.tests.test_provision.TestProvision" name="test_bad_calls" file="aries_cloudagent/commands/tests/test_provision.py" line="14" time="0.060" /><testcase classname="aries_cloudagent.commands.tests.test_provision.TestProvision" name="test_main" file="aries_cloudagent/commands/tests/test_provision.py" line="65" time="0.009" /><testcase classname="aries_cloudagent.commands.tests.test_provision.TestProvision" name="test_provision_config_x" file="aries_cloudagent/commands/tests/test_provision.py" line="57" time="0.072" /><testcase classname="aries_cloudagent.commands.tests.test_provision.TestProvision" name="test_provision_ledger_configured" file="aries_cloudagent/commands/tests/test_provision.py" line="41" time="0.072" /><testcase classname="aries_cloudagent.commands.tests.test_provision.TestProvision" name="test_provision_should_store_provided_mediation_invite" file="aries_cloudagent/commands/tests/test_provision.py" line="74" time="0.069" /><testcase classname="aries_cloudagent.commands.tests.test_provision.TestProvision" name="test_provision_wallet" file="aries_cloudagent/commands/tests/test_provision.py" line="21" time="0.002"><skipped type="pytest.skip" message="test requires Indy support">/usr/src/app/conftest.py:206: test requires Indy support</skipped></testcase><testcase classname="aries_cloudagent.commands.tests.test_start" name="ruff" file="aries_cloudagent/commands/tests/test_start.py" time="0.042" /><testcase classname="aries_cloudagent.commands.tests.test_start.TestStart" name="test_bad_args" file="aries_cloudagent/commands/tests/test_start.py" line="11" time="0.112" /><testcase classname="aries_cloudagent.commands.tests.test_start.TestStart" name="test_exec_start" file="aries_cloudagent/commands/tests/test_start.py" line="27" time="0.047" /><testcase classname="aries_cloudagent.commands.tests.test_start.TestStart" name="test_main" file="aries_cloudagent/commands/tests/test_start.py" line="137" time="0.013" /><testcase classname="aries_cloudagent.commands.tests.test_start.TestStart" name="test_run_loop" file="aries_cloudagent/commands/tests/test_start.py" line="65" time="0.123" /><testcase classname="aries_cloudagent.commands.tests.test_start.TestStart" name="test_run_loop_init_x" file="aries_cloudagent/commands/tests/test_start.py" line="100" time="0.127" /><testcase classname="aries_cloudagent.commands.tests.test_start.TestStart" name="test_start_shutdown_app" file="aries_cloudagent/commands/tests/test_start.py" line="18" time="0.020" /><testcase classname="aries_cloudagent.commands.tests.test_upgrade" name="ruff" file="aries_cloudagent/commands/tests/test_upgrade.py" time="0.035" /><testcase classname="aries_cloudagent.commands.tests.test_upgrade.TestUpgrade" name="test_add_version_record" file="aries_cloudagent/commands/tests/test_upgrade.py" line="480" time="0.023" /><testcase classname="aries_cloudagent.commands.tests.test_upgrade.TestUpgrade" name="test_bad_calls" file="aries_cloudagent/commands/tests/test_upgrade.py" line="49" time="0.022" /><testcase classname="aries_cloudagent.commands.tests.test_upgrade.TestUpgrade" name="test_execute" file="aries_cloudagent/commands/tests/test_upgrade.py" line="366" time="0.050" /><testcase classname="aries_cloudagent.commands.tests.test_upgrade.TestUpgrade" name="test_get_explicit_upgrade_option" file="aries_cloudagent/commands/tests/test_upgrade.py" line="522" time="0.010" /><testcase classname="aries_cloudagent.commands.tests.test_upgrade.TestUpgrade" name="test_get_upgrade_version_list" file="aries_cloudagent/commands/tests/test_upgrade.py" line="477" time="0.026" /><testcase classname="aries_cloudagent.commands.tests.test_upgrade.TestUpgrade" name="test_main" file="aries_cloudagent/commands/tests/test_upgrade.py" line="513" time="0.016" /><testcase classname="aries_cloudagent.commands.tests.test_upgrade.TestUpgrade" name="test_upgrade_all_subwallets" file="aries_cloudagent/commands/tests/test_upgrade.py" line="111" time="0.033" /><testcase classname="aries_cloudagent.commands.tests.test_upgrade.TestUpgrade" name="test_upgrade_callable" file="aries_cloudagent/commands/tests/test_upgrade.py" line="168" time="0.063" /><testcase classname="aries_cloudagent.commands.tests.test_upgrade.TestUpgrade" name="test_upgrade_callable_named_tag" file="aries_cloudagent/commands/tests/test_upgrade.py" line="204" time="0.076" /><testcase classname="aries_cloudagent.commands.tests.test_upgrade.TestUpgrade" name="test_upgrade_explicit_check" file="aries_cloudagent/commands/tests/test_upgrade.py" line="655" time="0.029" /><testcase classname="aries_cloudagent.commands.tests.test_upgrade.TestUpgrade" name="test_upgrade_explicit_upgrade_required_check" file="aries_cloudagent/commands/tests/test_upgrade.py" line="533" time="0.019" /><testcase classname="aries_cloudagent.commands.tests.test_upgrade.TestUpgrade" name="test_upgrade_force" file="aries_cloudagent/commands/tests/test_upgrade.py" line="438" time="0.067" /><testcase classname="aries_cloudagent.commands.tests.test_upgrade.TestUpgrade" name="test_upgrade_from_version" file="aries_cloudagent/commands/tests/test_upgrade.py" line="96" time="0.041" /><testcase classname="aries_cloudagent.commands.tests.test_upgrade.TestUpgrade" name="test_upgrade_missing_from_version" file="aries_cloudagent/commands/tests/test_upgrade.py" line="263" time="0.086" /><testcase classname="aries_cloudagent.commands.tests.test_upgrade.TestUpgrade" name="test_upgrade_specified_subwallets" file="aries_cloudagent/commands/tests/test_upgrade.py" line="129" time="0.053" /><testcase classname="aries_cloudagent.commands.tests.test_upgrade.TestUpgrade" name="test_upgrade_storage_from_version_included" file="aries_cloudagent/commands/tests/test_upgrade.py" line="53" time="0.074" /><testcase classname="aries_cloudagent.commands.tests.test_upgrade.TestUpgrade" name="test_upgrade_storage_missing_from_version" file="aries_cloudagent/commands/tests/test_upgrade.py" line="77" time="0.073" /><testcase classname="aries_cloudagent.commands.tests.test_upgrade.TestUpgrade" name="test_upgrade_x_callable_not_set" file="aries_cloudagent/commands/tests/test_upgrade.py" line="294" time="0.056" /><testcase classname="aries_cloudagent.commands.tests.test_upgrade.TestUpgrade" name="test_upgrade_x_class_not_found" file="aries_cloudagent/commands/tests/test_upgrade.py" line="333" time="0.070" /><testcase classname="aries_cloudagent.commands.tests.test_upgrade.TestUpgrade" name="test_upgrade_x_invalid_config" file="aries_cloudagent/commands/tests/test_upgrade.py" line="495" time="0.015" /><testcase classname="aries_cloudagent.commands.tests.test_upgrade.TestUpgrade" name="test_upgrade_x_invalid_record_type" file="aries_cloudagent/commands/tests/test_upgrade.py" line="405" time="0.051" /><testcase classname="aries_cloudagent.commands.tests.test_upgrade.TestUpgrade" name="test_upgrade_x_params" file="aries_cloudagent/commands/tests/test_upgrade.py" line="505" time="0.013" /><testcase classname="aries_cloudagent.commands.tests.test_upgrade.TestUpgrade" name="test_upgrade_x_same_version" file="aries_cloudagent/commands/tests/test_upgrade.py" line="242" time="0.086" /><testcase classname="aries_cloudagent.config.__init__" name="ruff" file="aries_cloudagent/config/__init__.py" time="0.045" /><testcase classname="aries_cloudagent.config.argparse" name="ruff" file="aries_cloudagent/config/argparse.py" time="0.067" /><testcase classname="aries_cloudagent.config.banner" name="ruff" file="aries_cloudagent/config/banner.py" time="0.052" /><testcase classname="aries_cloudagent.config.base" name="ruff" file="aries_cloudagent/config/base.py" time="0.040" /><testcase classname="aries_cloudagent.config.base_context" name="ruff" file="aries_cloudagent/config/base_context.py" time="0.041" /><testcase classname="aries_cloudagent.config.default_context" name="ruff" file="aries_cloudagent/config/default_context.py" time="0.048" /><testcase classname="aries_cloudagent.config.error" name="ruff" file="aries_cloudagent/config/error.py" time="0.041" /><testcase classname="aries_cloudagent.config.injection_context" name="ruff" file="aries_cloudagent/config/injection_context.py" time="0.042" /><testcase classname="aries_cloudagent.config.injector" name="ruff" file="aries_cloudagent/config/injector.py" time="0.046" /><testcase classname="aries_cloudagent.config.ledger" name="ruff" file="aries_cloudagent/config/ledger.py" time="0.044" /><testcase classname="aries_cloudagent.config.logging" name="ruff" file="aries_cloudagent/config/logging.py" time="0.050" /><testcase classname="aries_cloudagent.config.plugin_settings" name="ruff" file="aries_cloudagent/config/plugin_settings.py" time="0.039" /><testcase classname="aries_cloudagent.config.provider" name="ruff" file="aries_cloudagent/config/provider.py" time="0.046" /><testcase classname="aries_cloudagent.config.settings" name="ruff" file="aries_cloudagent/config/settings.py" time="0.041" /><testcase classname="aries_cloudagent.config.util" name="ruff" file="aries_cloudagent/config/util.py" time="0.050" /><testcase classname="aries_cloudagent.config.wallet" name="ruff" file="aries_cloudagent/config/wallet.py" time="0.053" /><testcase classname="aries_cloudagent.config.tests.__init__" name="ruff" file="aries_cloudagent/config/tests/__init__.py" time="0.046" /><testcase classname="aries_cloudagent.config.tests.test_argparse" name="ruff" file="aries_cloudagent/config/tests/test_argparse.py" time="0.058" /><testcase classname="aries_cloudagent.config.tests.test_argparse.TestArgParse" name="test_bounded_int" file="aries_cloudagent/config/tests/test_argparse.py" line="494" time="0.016" /><testcase classname="aries_cloudagent.config.tests.test_argparse.TestArgParse" name="test_bytesize" file="aries_cloudagent/config/tests/test_argparse.py" line="463" time="0.008" /><testcase classname="aries_cloudagent.config.tests.test_argparse.TestArgParse" name="test_discover_features_args" file="aries_cloudagent/config/tests/test_argparse.py" line="591" time="0.027" /><testcase classname="aries_cloudagent.config.tests.test_argparse.TestArgParse" name="test_endorser_settings" file="aries_cloudagent/config/tests/test_argparse.py" line="368" time="0.017" /><testcase classname="aries_cloudagent.config.tests.test_argparse.TestArgParse" name="test_error_raised_when_multitenancy_used_and_no_jwt_provided" file="aries_cloudagent/config/tests/test_argparse.py" line="445" time="0.014" /><testcase classname="aries_cloudagent.config.tests.test_argparse.TestArgParse" name="test_general_settings_file" file="aries_cloudagent/config/tests/test_argparse.py" line="245" time="0.026" /><testcase classname="aries_cloudagent.config.tests.test_argparse.TestArgParse" name="test_get_genesis_transactions_list_with_ledger_selection" file="aries_cloudagent/config/tests/test_argparse.py" line="56" time="0.063" /><testcase classname="aries_cloudagent.config.tests.test_argparse.TestArgParse" name="test_groups" file="aries_cloudagent/config/tests/test_argparse.py" line="10" time="0.021" /><testcase classname="aries_cloudagent.config.tests.test_argparse.TestArgParse" name="test_logging" file="aries_cloudagent/config/tests/test_argparse.py" line="391" time="0.017" /><testcase classname="aries_cloudagent.config.tests.test_argparse.TestArgParse" name="test_mediation_x_clear_and_default" file="aries_cloudagent/config/tests/test_argparse.py" line="519" time="0.011" /><testcase classname="aries_cloudagent.config.tests.test_argparse.TestArgParse" name="test_multitenancy_settings" file="aries_cloudagent/config/tests/test_argparse.py" line="319" time="0.015" /><testcase classname="aries_cloudagent.config.tests.test_argparse.TestArgParse" name="test_outbound_is_required" file="aries_cloudagent/config/tests/test_argparse.py" line="227" time="0.017" /><testcase classname="aries_cloudagent.config.tests.test_argparse.TestArgParse" name="test_plugin_config_file" file="aries_cloudagent/config/tests/test_argparse.py" line="271" time="0.032" /><testcase classname="aries_cloudagent.config.tests.test_argparse.TestArgParse" name="test_plugin_config_value_parsing" file="aries_cloudagent/config/tests/test_argparse.py" line="530" time="0.021" /><testcase classname="aries_cloudagent.config.tests.test_argparse.TestArgParse" name="test_transport_settings" file="aries_cloudagent/config/tests/test_argparse.py" line="23" time="0.025" /><testcase classname="aries_cloudagent.config.tests.test_argparse.TestArgParse" name="test_transport_settings_file" file="aries_cloudagent/config/tests/test_argparse.py" line="298" time="0.029" /><testcase classname="aries_cloudagent.config.tests.test_argparse.TestArgParse" name="test_universal_resolver" file="aries_cloudagent/config/tests/test_argparse.py" line="625" time="0.016" /><testcase classname="aries_cloudagent.config.tests.test_argparse.TestArgParse" name="test_upgrade_config" file="aries_cloudagent/config/tests/test_argparse.py" line="124" time="0.018" /><testcase classname="aries_cloudagent.config.tests.test_argparse.TestArgParse" name="test_wallet_key_derivation_method_value_parsing" file="aries_cloudagent/config/tests/test_argparse.py" line="557" time="0.019" /><testcase classname="aries_cloudagent.config.tests.test_argparse.TestArgParse" name="test_wallet_key_value_parsing" file="aries_cloudagent/config/tests/test_argparse.py" line="574" time="0.016" /><testcase classname="aries_cloudagent.config.tests.test_default_context" name="ruff" file="aries_cloudagent/config/tests/test_default_context.py" time="0.038" /><testcase classname="aries_cloudagent.config.tests.test_default_context.TestDefaultContext" name="test_build_context" file="aries_cloudagent/config/tests/test_default_context.py" line="14" time="0.125" /><testcase classname="aries_cloudagent.config.tests.test_injection_context" name="ruff" file="aries_cloudagent/config/tests/test_injection_context.py" time="0.046" /><testcase classname="aries_cloudagent.config.tests.test_injection_context.TestInjectionContext" name="test_inject_scope" file="aries_cloudagent/config/tests/test_injection_context.py" line="64" time="0.014" /><testcase classname="aries_cloudagent.config.tests.test_injection_context.TestInjectionContext" name="test_inject_simple" file="aries_cloudagent/config/tests/test_injection_context.py" line="53" time="0.007" /><testcase classname="aries_cloudagent.config.tests.test_injection_context.TestInjectionContext" name="test_settings_init" file="aries_cloudagent/config/tests/test_injection_context.py" line="14" time="0.008" /><testcase classname="aries_cloudagent.config.tests.test_injection_context.TestInjectionContext" name="test_settings_scope" file="aries_cloudagent/config/tests/test_injection_context.py" line="41" time="0.007" /><testcase classname="aries_cloudagent.config.tests.test_injection_context.TestInjectionContext" name="test_simple_scope" file="aries_cloudagent/config/tests/test_injection_context.py" line="21" time="0.009" /><testcase classname="aries_cloudagent.config.tests.test_injector" name="ruff" file="aries_cloudagent/config/tests/test_injector.py" time="0.048" /><testcase classname="aries_cloudagent.config.tests.test_injector.TestInjector" name="test_bad_provider" file="aries_cloudagent/config/tests/test_injector.py" line="72" time="0.012" /><testcase classname="aries_cloudagent.config.tests.test_injector.TestInjector" name="test_falsey_still_returns" file="aries_cloudagent/config/tests/test_injector.py" line="142" time="0.007" /><testcase classname="aries_cloudagent.config.tests.test_injector.TestInjector" name="test_inject_cached" file="aries_cloudagent/config/tests/test_injector.py" line="124" time="0.009" /><testcase classname="aries_cloudagent.config.tests.test_injector.TestInjector" name="test_inject_class" file="aries_cloudagent/config/tests/test_injector.py" line="84" time="0.007" /><testcase classname="aries_cloudagent.config.tests.test_injector.TestInjector" name="test_inject_class_dependency" file="aries_cloudagent/config/tests/test_injector.py" line="104" time="0.009" /><testcase classname="aries_cloudagent.config.tests.test_injector.TestInjector" name="test_inject_class_name" file="aries_cloudagent/config/tests/test_injector.py" line="94" time="0.008" /><testcase classname="aries_cloudagent.config.tests.test_injector.TestInjector" name="test_inject_provider" file="aries_cloudagent/config/tests/test_injector.py" line="58" time="0.009" /><testcase classname="aries_cloudagent.config.tests.test_injector.TestInjector" name="test_inject_simple" file="aries_cloudagent/config/tests/test_injector.py" line="43" time="0.015" /><testcase classname="aries_cloudagent.config.tests.test_injector.TestInjector" name="test_inject_x" file="aries_cloudagent/config/tests/test_injector.py" line="53" time="0.012" /><testcase classname="aries_cloudagent.config.tests.test_injector.TestInjector" name="test_settings_init" file="aries_cloudagent/config/tests/test_injector.py" line="37" time="0.013" /><testcase classname="aries_cloudagent.config.tests.test_ledger" name="ruff" file="aries_cloudagent/config/tests/test_ledger.py" time="0.050" /><testcase classname="aries_cloudagent.config.tests.test_ledger.TestLedgerConfig" name="test_accept_taa" file="aries_cloudagent/config/tests/test_ledger.py" line="107" time="0.048" /><testcase classname="aries_cloudagent.config.tests.test_ledger.TestLedgerConfig" name="test_fetch_genesis_transactions" file="aries_cloudagent/config/tests/test_ledger.py" line="17" time="0.020" /><testcase classname="aries_cloudagent.config.tests.test_ledger.TestLedgerConfig" name="test_fetch_genesis_transactions_x" file="aries_cloudagent/config/tests/test_ledger.py" line="23" time="0.018" /><testcase classname="aries_cloudagent.config.tests.test_ledger.TestLedgerConfig" name="test_get_genesis_file" file="aries_cloudagent/config/tests/test_ledger.py" line="45" time="0.025" /><testcase classname="aries_cloudagent.config.tests.test_ledger.TestLedgerConfig" name="test_get_genesis_file_io_x" file="aries_cloudagent/config/tests/test_ledger.py" line="60" time="0.016" /><testcase classname="aries_cloudagent.config.tests.test_ledger.TestLedgerConfig" name="test_get_genesis_url" file="aries_cloudagent/config/tests/test_ledger.py" line="33" time="0.015" /><testcase classname="aries_cloudagent.config.tests.test_ledger.TestLedgerConfig" name="test_ledger_accept_taa" file="aries_cloudagent/config/tests/test_ledger.py" line="688" time="0.019" /><testcase classname="aries_cloudagent.config.tests.test_ledger.TestLedgerConfig" name="test_ledger_accept_taa_not_tty_not_accept_config" file="aries_cloudagent/config/tests/test_ledger.py" line="631" time="0.017" /><testcase classname="aries_cloudagent.config.tests.test_ledger.TestLedgerConfig" name="test_ledger_accept_taa_tty" file="aries_cloudagent/config/tests/test_ledger.py" line="645" time="0.116" /><testcase classname="aries_cloudagent.config.tests.test_ledger.TestLedgerConfig" name="test_ledger_config" file="aries_cloudagent/config/tests/test_ledger.py" line="730" time="0.018" /><testcase classname="aries_cloudagent.config.tests.test_ledger.TestLedgerConfig" name="test_ledger_config_no_taa_accept" file="aries_cloudagent/config/tests/test_ledger.py" line="70" time="0.030" /><testcase classname="aries_cloudagent.config.tests.test_ledger.TestLedgerConfig" name="test_ledger_config_read_only_skip_profile_endpoint_publish" file="aries_cloudagent/config/tests/test_ledger.py" line="181" time="0.030" /><testcase classname="aries_cloudagent.config.tests.test_ledger.TestLedgerConfig" name="test_ledger_config_read_only_skip_taa_accept" file="aries_cloudagent/config/tests/test_ledger.py" line="145" time="0.048" /><testcase classname="aries_cloudagent.config.tests.test_ledger.TestLedgerConfig" name="test_ledger_config_read_write_skip_taa_endpoint_publish" file="aries_cloudagent/config/tests/test_ledger.py" line="213" time="0.045" /><testcase classname="aries_cloudagent.config.tests.test_ledger.TestLedgerConfig" name="test_load_multiple_genesis_transactions_config_error_a" file="aries_cloudagent/config/tests/test_ledger.py" line="451" time="0.014" /><testcase classname="aries_cloudagent.config.tests.test_ledger.TestLedgerConfig" name="test_load_multiple_genesis_transactions_from_config_a" file="aries_cloudagent/config/tests/test_ledger.py" line="257" time="0.023" /><testcase classname="aries_cloudagent.config.tests.test_ledger.TestLedgerConfig" name="test_load_multiple_genesis_transactions_from_config_b" file="aries_cloudagent/config/tests/test_ledger.py" line="356" time="0.023" /><testcase classname="aries_cloudagent.config.tests.test_ledger.TestLedgerConfig" name="test_load_multiple_genesis_transactions_from_config_io_x" file="aries_cloudagent/config/tests/test_ledger.py" line="575" time="0.018" /><testcase classname="aries_cloudagent.config.tests.test_ledger.TestLedgerConfig" name="test_load_multiple_genesis_transactions_multiple_write" file="aries_cloudagent/config/tests/test_ledger.py" line="514" time="0.017" /><testcase classname="aries_cloudagent.config.tests.test_logging" name="ruff" file="aries_cloudagent/config/tests/test_logging.py" time="0.041" /><testcase classname="aries_cloudagent.config.tests.test_logging.TestLoggingConfigurator" name="test_banner_did" file="aries_cloudagent/config/tests/test_logging.py" line="63" time="0.024" /><testcase classname="aries_cloudagent.config.tests.test_logging.TestLoggingConfigurator" name="test_configure_default" file="aries_cloudagent/config/tests/test_logging.py" line="23" time="0.021" /><testcase classname="aries_cloudagent.config.tests.test_logging.TestLoggingConfigurator" name="test_configure_default_file" file="aries_cloudagent/config/tests/test_logging.py" line="42" time="0.014" /><testcase classname="aries_cloudagent.config.tests.test_logging.TestLoggingConfigurator" name="test_configure_default_no_resource" file="aries_cloudagent/config/tests/test_logging.py" line="35" time="0.013" /><testcase classname="aries_cloudagent.config.tests.test_logging.TestLoggingConfigurator" name="test_configure_path" file="aries_cloudagent/config/tests/test_logging.py" line="52" time="0.019" /><testcase classname="aries_cloudagent.config.tests.test_logging.TestLoggingConfigurator" name="test_get_logger_inst" file="aries_cloudagent/config/tests/test_logging.py" line="124" time="0.035" /><testcase classname="aries_cloudagent.config.tests.test_logging.TestLoggingConfigurator" name="test_get_logger_with_handlers" file="aries_cloudagent/config/tests/test_logging.py" line="102" time="0.017" /><testcase classname="aries_cloudagent.config.tests.test_logging.TestLoggingConfigurator" name="test_load_resource" file="aries_cloudagent/config/tests/test_logging.py" line="84" time="0.019" /><testcase classname="aries_cloudagent.config.tests.test_provider" name="ruff" file="aries_cloudagent/config/tests/test_provider.py" time="0.042" /><testcase classname="aries_cloudagent.config.tests.test_provider.TestProvider" name="test_cached_provider_different_unique_settings" file="aries_cloudagent/config/tests/test_provider.py" line="63" time="0.014" /><testcase classname="aries_cloudagent.config.tests.test_provider.TestProvider" name="test_cached_provider_same_unique_settings" file="aries_cloudagent/config/tests/test_provider.py" line="46" time="0.011" /><testcase classname="aries_cloudagent.config.tests.test_provider.TestProvider" name="test_class_provider_ref_gone_x" file="aries_cloudagent/config/tests/test_provider.py" line="90" time="0.014" /><testcase classname="aries_cloudagent.config.tests.test_provider.TestProvider" name="test_instance_provider_ref_gone_x" file="aries_cloudagent/config/tests/test_provider.py" line="80" time="0.016" /><testcase classname="aries_cloudagent.config.tests.test_provider.TestProvider" name="test_stats_provider_init_x" file="aries_cloudagent/config/tests/test_provider.py" line="26" time="0.012" /><testcase classname="aries_cloudagent.config.tests.test_provider.TestProvider" name="test_stats_provider_provide_collector" file="aries_cloudagent/config/tests/test_provider.py" line="31" time="0.029" /><testcase classname="aries_cloudagent.config.tests.test_settings" name="ruff" file="aries_cloudagent/config/tests/test_settings.py" time="0.061" /><testcase classname="aries_cloudagent.config.tests.test_settings.TestSettings" name="test_get_formats" file="aries_cloudagent/config/tests/test_settings.py" line="30" time="0.005" /><testcase classname="aries_cloudagent.config.tests.test_settings.TestSettings" name="test_plugin_setting_retrieval" file="aries_cloudagent/config/tests/test_settings.py" line="64" time="0.003" /><testcase classname="aries_cloudagent.config.tests.test_settings.TestSettings" name="test_remove" file="aries_cloudagent/config/tests/test_settings.py" line="47" time="0.002" /><testcase classname="aries_cloudagent.config.tests.test_settings.TestSettings" name="test_set_default" file="aries_cloudagent/config/tests/test_settings.py" line="57" time="0.003" /><testcase classname="aries_cloudagent.config.tests.test_settings.TestSettings" name="test_settings_init" file="aries_cloudagent/config/tests/test_settings.py" line="17" time="0.003" /><testcase classname="aries_cloudagent.config.tests.test_wallet" name="ruff" file="aries_cloudagent/config/tests/test_wallet.py" time="0.056" /><testcase classname="aries_cloudagent.config.tests.test_wallet.TestWalletConfig" name="test_update_version_to_storage" file="aries_cloudagent/config/tests/test_wallet.py" line="291" time="0.043" /><testcase classname="aries_cloudagent.config.tests.test_wallet.TestWalletConfig" name="test_version_record_not_found" file="aries_cloudagent/config/tests/test_wallet.py" line="304" time="0.018" /><testcase classname="aries_cloudagent.config.tests.test_wallet.TestWalletConfig" name="test_wallet_config_auto_provision" file="aries_cloudagent/config/tests/test_wallet.py" line="118" time="0.039" /><testcase classname="aries_cloudagent.config.tests.test_wallet.TestWalletConfig" name="test_wallet_config_bad_seed_x" file="aries_cloudagent/config/tests/test_wallet.py" line="170" time="0.041" /><testcase classname="aries_cloudagent.config.tests.test_wallet.TestWalletConfig" name="test_wallet_config_existing_open" file="aries_cloudagent/config/tests/test_wallet.py" line="79" time="0.055" /><testcase classname="aries_cloudagent.config.tests.test_wallet.TestWalletConfig" name="test_wallet_config_existing_replace" file="aries_cloudagent/config/tests/test_wallet.py" line="51" time="0.036" /><testcase classname="aries_cloudagent.config.tests.test_wallet.TestWalletConfig" name="test_wallet_config_for_key_derivation_method" file="aries_cloudagent/config/tests/test_wallet.py" line="261" time="0.047" /><testcase classname="aries_cloudagent.config.tests.test_wallet.TestWalletConfig" name="test_wallet_config_non_indy_x" file="aries_cloudagent/config/tests/test_wallet.py" line="151" time="0.030" /><testcase classname="aries_cloudagent.config.tests.test_wallet.TestWalletConfig" name="test_wallet_config_seed_local" file="aries_cloudagent/config/tests/test_wallet.py" line="193" time="0.046" /><testcase classname="aries_cloudagent.config.tests.test_wallet.TestWalletConfig" name="test_wallet_config_seed_no_public_did" file="aries_cloudagent/config/tests/test_wallet.py" line="242" time="0.041" /><testcase classname="aries_cloudagent.config.tests.test_wallet.TestWalletConfig" name="test_wallet_config_seed_public" file="aries_cloudagent/config/tests/test_wallet.py" line="218" time="0.050" /><testcase classname="aries_cloudagent.connections.__init__" name="ruff" file="aries_cloudagent/connections/__init__.py" time="0.050" /><testcase classname="aries_cloudagent.connections.base_manager" name="ruff" file="aries_cloudagent/connections/base_manager.py" time="0.049" /><testcase classname="aries_cloudagent.connections.models.__init__" name="ruff" file="aries_cloudagent/connections/models/__init__.py" time="0.039" /><testcase classname="aries_cloudagent.connections.models.conn_record" name="ruff" file="aries_cloudagent/connections/models/conn_record.py" time="0.046" /><testcase classname="aries_cloudagent.connections.models.connection_target" name="ruff" file="aries_cloudagent/connections/models/connection_target.py" time="0.043" /><testcase classname="aries_cloudagent.connections.models.diddoc.__init__" name="ruff" file="aries_cloudagent/connections/models/diddoc/__init__.py" time="0.053" /><testcase classname="aries_cloudagent.connections.models.diddoc.diddoc" name="ruff" file="aries_cloudagent/connections/models/diddoc/diddoc.py" time="0.054" /><testcase classname="aries_cloudagent.connections.models.diddoc.publickey" name="ruff" file="aries_cloudagent/connections/models/diddoc/publickey.py" time="0.050" /><testcase classname="aries_cloudagent.connections.models.diddoc.service" name="ruff" file="aries_cloudagent/connections/models/diddoc/service.py" time="0.046" /><testcase classname="aries_cloudagent.connections.models.diddoc.util" name="ruff" file="aries_cloudagent/connections/models/diddoc/util.py" time="0.039" /><testcase classname="aries_cloudagent.connections.models.diddoc.tests.__init__" name="ruff" file="aries_cloudagent/connections/models/diddoc/tests/__init__.py" time="0.036" /><testcase classname="aries_cloudagent.connections.models.diddoc.tests.test_diddoc" name="ruff" file="aries_cloudagent/connections/models/diddoc/tests/test_diddoc.py" time="0.052" /><testcase classname="aries_cloudagent.connections.models.diddoc.tests.test_diddoc.TestDIDDoc" name="test_basic" file="aries_cloudagent/connections/models/diddoc/tests/test_diddoc.py" line="25" time="0.022" /><testcase classname="aries_cloudagent.connections.models.diddoc.tests.test_diddoc.TestDIDDoc" name="test_canon_did" file="aries_cloudagent/connections/models/diddoc/tests/test_diddoc.py" line="447" time="0.007" /><testcase classname="aries_cloudagent.connections.models.diddoc.tests.test_diddoc.TestDIDDoc" name="test_embedded_authkey" file="aries_cloudagent/connections/models/diddoc/tests/test_diddoc.py" line="102" time="0.009" /><testcase classname="aries_cloudagent.connections.models.diddoc.tests.test_diddoc.TestDIDDoc" name="test_minimal" file="aries_cloudagent/connections/models/diddoc/tests/test_diddoc.py" line="196" time="0.012" /><testcase classname="aries_cloudagent.connections.models.diddoc.tests.test_diddoc.TestDIDDoc" name="test_minimal_explicit" file="aries_cloudagent/connections/models/diddoc/tests/test_diddoc.py" line="257" time="0.012" /><testcase classname="aries_cloudagent.connections.models.diddoc.tests.test_diddoc.TestDIDDoc" name="test_minimal_ids" file="aries_cloudagent/connections/models/diddoc/tests/test_diddoc.py" line="225" time="0.008" /><testcase classname="aries_cloudagent.connections.models.diddoc.tests.test_diddoc.TestDIDDoc" name="test_missing_recipkey" file="aries_cloudagent/connections/models/diddoc/tests/test_diddoc.py" line="366" time="0.013" /><testcase classname="aries_cloudagent.connections.models.diddoc.tests.test_diddoc.TestDIDDoc" name="test_no_ident" file="aries_cloudagent/connections/models/diddoc/tests/test_diddoc.py" line="424" time="0.010" /><testcase classname="aries_cloudagent.connections.models.diddoc.tests.test_diddoc.TestDIDDoc" name="test_pubkey_type" file="aries_cloudagent/connections/models/diddoc/tests/test_diddoc.py" line="463" time="0.013" /><testcase classname="aries_cloudagent.connections.models.diddoc.tests.test_diddoc.TestDIDDoc" name="test_reference_authkey" file="aries_cloudagent/connections/models/diddoc/tests/test_diddoc.py" line="149" time="0.012" /><testcase classname="aries_cloudagent.connections.models.diddoc.tests.test_diddoc.TestDIDDoc" name="test_w3c_minimal" file="aries_cloudagent/connections/models/diddoc/tests/test_diddoc.py" line="394" time="0.017" /><testcase classname="aries_cloudagent.connections.models.tests.__init__" name="ruff" file="aries_cloudagent/connections/models/tests/__init__.py" time="0.044" /><testcase classname="aries_cloudagent.connections.models.tests.test_conn_record" name="ruff" file="aries_cloudagent/connections/models/tests/test_conn_record.py" time="0.048" /><testcase classname="aries_cloudagent.connections.models.tests.test_conn_record.TestConnRecord" name="test_attach_request_abstain_on_alien_deco" file="aries_cloudagent/connections/models/tests/test_conn_record.py" line="328" time="0.064" /><testcase classname="aries_cloudagent.connections.models.tests.test_conn_record.TestConnRecord" name="test_attach_retrieve_invitation" file="aries_cloudagent/connections/models/tests/test_conn_record.py" line="295" time="0.025" /><testcase classname="aries_cloudagent.connections.models.tests.test_conn_record.TestConnRecord" name="test_attach_retrieve_request" file="aries_cloudagent/connections/models/tests/test_conn_record.py" line="311" time="0.017" /><testcase classname="aries_cloudagent.connections.models.tests.test_conn_record.TestConnRecord" name="test_completed_is_ready" file="aries_cloudagent/connections/models/tests/test_conn_record.py" line="252" time="0.021" /><testcase classname="aries_cloudagent.connections.models.tests.test_conn_record.TestConnRecord" name="test_delete_conn_record_deletes_metadata" file="aries_cloudagent/connections/models/tests/test_conn_record.py" line="466" time="0.024" /><testcase classname="aries_cloudagent.connections.models.tests.test_conn_record.TestConnRecord" name="test_deser_old_style_record" file="aries_cloudagent/connections/models/tests/test_conn_record.py" line="363" time="0.022" /><testcase classname="aries_cloudagent.connections.models.tests.test_conn_record.TestConnRecord" name="test_deserialize_connection_protocol" file="aries_cloudagent/connections/models/tests/test_conn_record.py" line="375" time="0.014" /><testcase classname="aries_cloudagent.connections.models.tests.test_conn_record.TestConnRecord" name="test_find_existing_connection" file="aries_cloudagent/connections/models/tests/test_conn_record.py" line="203" time="0.023" /><testcase classname="aries_cloudagent.connections.models.tests.test_conn_record.TestConnRecord" name="test_from_storage_with_initiator_old" file="aries_cloudagent/connections/models/tests/test_conn_record.py" line="152" time="0.016" /><testcase classname="aries_cloudagent.connections.models.tests.test_conn_record.TestConnRecord" name="test_get_enums" file="aries_cloudagent/connections/models/tests/test_conn_record.py" line="54" time="0.015" /><testcase classname="aries_cloudagent.connections.models.tests.test_conn_record.TestConnRecord" name="test_get_protocol" file="aries_cloudagent/connections/models/tests/test_conn_record.py" line="37" time="0.009" /><testcase classname="aries_cloudagent.connections.models.tests.test_conn_record.TestConnRecord" name="test_invitation_is_multi_use" file="aries_cloudagent/connections/models/tests/test_conn_record.py" line="284" time="0.015" /><testcase classname="aries_cloudagent.connections.models.tests.test_conn_record.TestConnRecord" name="test_invitation_is_not_multi_use" file="aries_cloudagent/connections/models/tests/test_conn_record.py" line="273" time="0.014" /><testcase classname="aries_cloudagent.connections.models.tests.test_conn_record.TestConnRecord" name="test_metadata_delete_without_set_raise_error" file="aries_cloudagent/connections/models/tests/test_conn_record.py" line="439" time="0.013" /><testcase classname="aries_cloudagent.connections.models.tests.test_conn_record.TestConnRecord" name="test_metadata_get_all" file="aries_cloudagent/connections/models/tests/test_conn_record.py" line="448" time="0.014" /><testcase classname="aries_cloudagent.connections.models.tests.test_conn_record.TestConnRecord" name="test_metadata_get_all_without_set_is_empty" file="aries_cloudagent/connections/models/tests/test_conn_record.py" line="459" time="0.013" /><testcase classname="aries_cloudagent.connections.models.tests.test_conn_record.TestConnRecord" name="test_metadata_get_default" file="aries_cloudagent/connections/models/tests/test_conn_record.py" line="421" time="0.014" /><testcase classname="aries_cloudagent.connections.models.tests.test_conn_record.TestConnRecord" name="test_metadata_get_without_set_is_none" file="aries_cloudagent/connections/models/tests/test_conn_record.py" line="414" time="0.012" /><testcase classname="aries_cloudagent.connections.models.tests.test_conn_record.TestConnRecord" name="test_metadata_set_delete_get_is_none" file="aries_cloudagent/connections/models/tests/test_conn_record.py" line="430" time="0.030" /><testcase classname="aries_cloudagent.connections.models.tests.test_conn_record.TestConnRecord" name="test_metadata_set_get" file="aries_cloudagent/connections/models/tests/test_conn_record.py" line="386" time="0.019" /><testcase classname="aries_cloudagent.connections.models.tests.test_conn_record.TestConnRecord" name="test_metadata_set_get_str" file="aries_cloudagent/connections/models/tests/test_conn_record.py" line="395" time="0.016" /><testcase classname="aries_cloudagent.connections.models.tests.test_conn_record.TestConnRecord" name="test_metadata_set_update_get" file="aries_cloudagent/connections/models/tests/test_conn_record.py" line="404" time="0.020" /><testcase classname="aries_cloudagent.connections.models.tests.test_conn_record.TestConnRecord" name="test_request_is_not_ready" file="aries_cloudagent/connections/models/tests/test_conn_record.py" line="266" time="0.014" /><testcase classname="aries_cloudagent.connections.models.tests.test_conn_record.TestConnRecord" name="test_response_is_ready" file="aries_cloudagent/connections/models/tests/test_conn_record.py" line="259" time="0.021" /><testcase classname="aries_cloudagent.connections.models.tests.test_conn_record.TestConnRecord" name="test_retrieve_by_did" file="aries_cloudagent/connections/models/tests/test_conn_record.py" line="136" time="0.021" /><testcase classname="aries_cloudagent.connections.models.tests.test_conn_record.TestConnRecord" name="test_retrieve_by_invitation_key" file="aries_cloudagent/connections/models/tests/test_conn_record.py" line="158" time="0.018" /><testcase classname="aries_cloudagent.connections.models.tests.test_conn_record.TestConnRecord" name="test_retrieve_by_invitation_msg_id" file="aries_cloudagent/connections/models/tests/test_conn_record.py" line="180" time="0.021" /><testcase classname="aries_cloudagent.connections.models.tests.test_conn_record.TestConnRecord" name="test_retrieve_by_request_id" file="aries_cloudagent/connections/models/tests/test_conn_record.py" line="238" time="0.020" /><testcase classname="aries_cloudagent.connections.models.tests.test_conn_record.TestConnRecord" name="test_save_retrieve_compare" file="aries_cloudagent/connections/models/tests/test_conn_record.py" line="101" time="0.021" /><testcase classname="aries_cloudagent.connections.models.tests.test_conn_record.TestConnRecord" name="test_ser_rfc23_state_present" file="aries_cloudagent/connections/models/tests/test_conn_record.py" line="354" time="0.011" /><testcase classname="aries_cloudagent.connections.models.tests.test_conn_record.TestConnRecord" name="test_state_rfc23strict" file="aries_cloudagent/connections/models/tests/test_conn_record.py" line="74" time="0.010" /><testcase classname="aries_cloudagent.connections.models.tests.test_connection_target" name="ruff" file="aries_cloudagent/connections/models/tests/test_connection_target.py" time="0.031" /><testcase classname="aries_cloudagent.connections.models.tests.test_connection_target.TestConnectionTarget" name="test_deser[55GkHamhTU1ZbTbV2ab9DE]" file="aries_cloudagent/connections/models/tests/test_connection_target.py" line="13" time="0.010" /><testcase classname="aries_cloudagent.connections.models.tests.test_connection_target.TestConnectionTarget" name="test_deser[did:sov:55GkHamhTU1ZbTbV2ab9DE]" file="aries_cloudagent/connections/models/tests/test_connection_target.py" line="13" time="0.004" /><testcase classname="aries_cloudagent.connections.models.tests.test_connection_target.TestConnectionTarget" name="test_deser[did:peer:WgWxqztrNooG92RXvxSTWv]" file="aries_cloudagent/connections/models/tests/test_connection_target.py" line="13" time="0.004" /><testcase classname="aries_cloudagent.connections.models.tests.test_connection_target.TestConnectionTarget" name="test_deser[did:web:example]" file="aries_cloudagent/connections/models/tests/test_connection_target.py" line="13" time="0.003" /><testcase classname="aries_cloudagent.connections.tests.__init__" name="ruff" file="aries_cloudagent/connections/tests/__init__.py" time="0.032" /><testcase classname="aries_cloudagent.connections.tests.test_base_manager" name="ruff" file="aries_cloudagent/connections/tests/test_base_manager.py" time="0.054" /><testcase classname="aries_cloudagent.connections.tests.test_base_manager.TestBaseConnectionManager" name="test_create_did_document" file="aries_cloudagent/connections/tests/test_base_manager.py" line="126" time="0.036" /><testcase classname="aries_cloudagent.connections.tests.test_base_manager.TestBaseConnectionManager" name="test_create_did_document_mediation" file="aries_cloudagent/connections/tests/test_base_manager.py" line="140" time="0.016" /><testcase classname="aries_cloudagent.connections.tests.test_base_manager.TestBaseConnectionManager" name="test_create_did_document_mediation_svc_endpoints_overwritten" file="aries_cloudagent/connections/tests/test_base_manager.py" line="202" time="0.025" /><testcase classname="aries_cloudagent.connections.tests.test_base_manager.TestBaseConnectionManager" name="test_create_did_document_multiple_mediators" file="aries_cloudagent/connections/tests/test_base_manager.py" line="167" time="0.026" /><testcase classname="aries_cloudagent.connections.tests.test_base_manager.TestBaseConnectionManager" name="test_create_static_connection" file="aries_cloudagent/connections/tests/test_base_manager.py" line="1550" time="0.027" /><testcase classname="aries_cloudagent.connections.tests.test_base_manager.TestBaseConnectionManager" name="test_create_static_connection_multitenant" file="aries_cloudagent/connections/tests/test_base_manager.py" line="1561" time="0.037" /><testcase classname="aries_cloudagent.connections.tests.test_base_manager.TestBaseConnectionManager" name="test_create_static_connection_multitenant_auto_disclose_features" file="aries_cloudagent/connections/tests/test_base_manager.py" line="1589" time="0.035" /><testcase classname="aries_cloudagent.connections.tests.test_base_manager.TestBaseConnectionManager" name="test_create_static_connection_multitenant_mediator" file="aries_cloudagent/connections/tests/test_base_manager.py" line="1620" time="0.046" /><testcase classname="aries_cloudagent.connections.tests.test_base_manager.TestBaseConnectionManager" name="test_create_static_connection_no_their" file="aries_cloudagent/connections/tests/test_base_manager.py" line="1681" time="0.027" /><testcase classname="aries_cloudagent.connections.tests.test_base_manager.TestBaseConnectionManager" name="test_create_static_connection_their_seed_only" file="aries_cloudagent/connections/tests/test_base_manager.py" line="1691" time="0.031" /><testcase classname="aries_cloudagent.connections.tests.test_base_manager.TestBaseConnectionManager" name="test_did_key_storage" file="aries_cloudagent/connections/tests/test_base_manager.py" line="233" time="0.020" /><testcase classname="aries_cloudagent.connections.tests.test_base_manager.TestBaseConnectionManager" name="test_diddoc_connection_targets_diddoc_underspecified" file="aries_cloudagent/connections/tests/test_base_manager.py" line="1169" time="0.019" /><testcase classname="aries_cloudagent.connections.tests.test_base_manager.TestBaseConnectionManager" name="test_fetch_connection_targets_conn_completed_their_did" file="aries_cloudagent/connections/tests/test_base_manager.py" line="945" time="0.218" /><testcase classname="aries_cloudagent.connections.tests.test_base_manager.TestBaseConnectionManager" name="test_fetch_connection_targets_conn_initiator_completed_no_their_did" file="aries_cloudagent/connections/tests/test_base_manager.py" line="928" time="0.016" /><testcase classname="aries_cloudagent.connections.tests.test_base_manager.TestBaseConnectionManager" name="test_fetch_connection_targets_conn_invitation_btcr_resolver" file="aries_cloudagent/connections/tests/test_base_manager.py" line="399" time="0.037" /><testcase classname="aries_cloudagent.connections.tests.test_base_manager.TestBaseConnectionManager" name="test_fetch_connection_targets_conn_invitation_btcr_without_services" file="aries_cloudagent/connections/tests/test_base_manager.py" line="469" time="0.048" /><testcase classname="aries_cloudagent.connections.tests.test_base_manager.TestBaseConnectionManager" name="test_fetch_connection_targets_conn_invitation_did_no_resolver" file="aries_cloudagent/connections/tests/test_base_manager.py" line="314" time="0.026" /><testcase classname="aries_cloudagent.connections.tests.test_base_manager.TestBaseConnectionManager" name="test_fetch_connection_targets_conn_invitation_did_resolver" file="aries_cloudagent/connections/tests/test_base_manager.py" line="344" time="0.028" /><testcase classname="aries_cloudagent.connections.tests.test_base_manager.TestBaseConnectionManager" name="test_fetch_connection_targets_conn_invitation_no_didcomm_services" file="aries_cloudagent/connections/tests/test_base_manager.py" line="525" time="0.027" /><testcase classname="aries_cloudagent.connections.tests.test_base_manager.TestBaseConnectionManager" name="test_fetch_connection_targets_conn_invitation_supported_JsonWebKey2020_key_type" file="aries_cloudagent/connections/tests/test_base_manager.py" line="685" time="0.041" /><testcase classname="aries_cloudagent.connections.tests.test_base_manager.TestBaseConnectionManager" name="test_fetch_connection_targets_conn_invitation_supports_Ed25519VerificationKey2018_key_type_no_multicodec" file="aries_cloudagent/connections/tests/test_base_manager.py" line="564" time="0.028" /><testcase classname="aries_cloudagent.connections.tests.test_base_manager.TestBaseConnectionManager" name="test_fetch_connection_targets_conn_invitation_supports_Ed25519VerificationKey2018_key_type_with_multicodec" file="aries_cloudagent/connections/tests/test_base_manager.py" line="623" time="0.041" /><testcase classname="aries_cloudagent.connections.tests.test_base_manager.TestBaseConnectionManager" name="test_fetch_connection_targets_conn_invitation_unsupported_key_type" file="aries_cloudagent/connections/tests/test_base_manager.py" line="747" time="0.039" /><testcase classname="aries_cloudagent.connections.tests.test_base_manager.TestBaseConnectionManager" name="test_fetch_connection_targets_conn_no_invi_with_their_did" file="aries_cloudagent/connections/tests/test_base_manager.py" line="977" time="0.031" /><testcase classname="aries_cloudagent.connections.tests.test_base_manager.TestBaseConnectionManager" name="test_fetch_connection_targets_no_my_did" file="aries_cloudagent/connections/tests/test_base_manager.py" line="309" time="0.018" /><testcase classname="aries_cloudagent.connections.tests.test_base_manager.TestBaseConnectionManager" name="test_fetch_connection_targets_oob_invitation_svc_block_resolver" file="aries_cloudagent/connections/tests/test_base_manager.py" line="876" time="0.027" /><testcase classname="aries_cloudagent.connections.tests.test_base_manager.TestBaseConnectionManager" name="test_fetch_connection_targets_oob_invitation_svc_did_no_resolver" file="aries_cloudagent/connections/tests/test_base_manager.py" line="800" time="0.023" /><testcase classname="aries_cloudagent.connections.tests.test_base_manager.TestBaseConnectionManager" name="test_fetch_connection_targets_oob_invitation_svc_did_resolver" file="aries_cloudagent/connections/tests/test_base_manager.py" line="823" time="0.034" /><testcase classname="aries_cloudagent.connections.tests.test_base_manager.TestBaseConnectionManager" name="test_find_connection_retrieve_by_did" file="aries_cloudagent/connections/tests/test_base_manager.py" line="1701" time="0.035" /><testcase classname="aries_cloudagent.connections.tests.test_base_manager.TestBaseConnectionManager" name="test_find_connection_retrieve_by_did_auto_disclose_features" file="aries_cloudagent/connections/tests/test_base_manager.py" line="1718" time="0.037" /><testcase classname="aries_cloudagent.connections.tests.test_base_manager.TestBaseConnectionManager" name="test_find_connection_retrieve_by_invitation_key" file="aries_cloudagent/connections/tests/test_base_manager.py" line="1739" time="0.058" /><testcase classname="aries_cloudagent.connections.tests.test_base_manager.TestBaseConnectionManager" name="test_find_connection_retrieve_none_by_invitation_key" file="aries_cloudagent/connections/tests/test_base_manager.py" line="1758" time="0.035" /><testcase classname="aries_cloudagent.connections.tests.test_base_manager.TestBaseConnectionManager" name="test_find_inbound_connection" file="aries_cloudagent/connections/tests/test_base_manager.py" line="1184" time="0.055" /><testcase classname="aries_cloudagent.connections.tests.test_base_manager.TestBaseConnectionManager" name="test_find_inbound_connection_no_cache" file="aries_cloudagent/connections/tests/test_base_manager.py" line="1214" time="0.031" /><testcase classname="aries_cloudagent.connections.tests.test_base_manager.TestBaseConnectionManager" name="test_get_conn_targets_conn_invitation_no_cache" file="aries_cloudagent/connections/tests/test_base_manager.py" line="1505" time="0.040" /><testcase classname="aries_cloudagent.connections.tests.test_base_manager.TestBaseConnectionManager" name="test_get_connection_targets_conn_invitation_no_did" file="aries_cloudagent/connections/tests/test_base_manager.py" line="1301" time="0.102" /><testcase classname="aries_cloudagent.connections.tests.test_base_manager.TestBaseConnectionManager" name="test_get_connection_targets_from_cache" file="aries_cloudagent/connections/tests/test_base_manager.py" line="1412" time="0.082" /><testcase classname="aries_cloudagent.connections.tests.test_base_manager.TestBaseConnectionManager" name="test_get_connection_targets_no_cache" file="aries_cloudagent/connections/tests/test_base_manager.py" line="1456" time="0.064" /><testcase classname="aries_cloudagent.connections.tests.test_base_manager.TestBaseConnectionManager" name="test_get_connection_targets_no_conn_or_id" file="aries_cloudagent/connections/tests/test_base_manager.py" line="1501" time="0.025" /><testcase classname="aries_cloudagent.connections.tests.test_base_manager.TestBaseConnectionManager" name="test_get_connection_targets_retrieve_connection" file="aries_cloudagent/connections/tests/test_base_manager.py" line="1360" time="0.060" /><testcase classname="aries_cloudagent.connections.tests.test_base_manager.TestBaseConnectionManager" name="test_get_endpoints" file="aries_cloudagent/connections/tests/test_base_manager.py" line="1774" time="0.053" /><testcase classname="aries_cloudagent.connections.tests.test_base_manager.TestBaseConnectionManager" name="test_record_did" file="aries_cloudagent/connections/tests/test_base_manager.py" line="1153" time="0.040" /><testcase classname="aries_cloudagent.connections.tests.test_base_manager.TestBaseConnectionManager" name="test_record_did_empty" file="aries_cloudagent/connections/tests/test_base_manager.py" line="1142" time="0.049" /><testcase classname="aries_cloudagent.connections.tests.test_base_manager.TestBaseConnectionManager" name="test_resolve_connection_targets" file="aries_cloudagent/connections/tests/test_base_manager.py" line="1050" time="0.053" /><testcase classname="aries_cloudagent.connections.tests.test_base_manager.TestBaseConnectionManager" name="test_resolve_connection_targets_empty" file="aries_cloudagent/connections/tests/test_base_manager.py" line="1041" time="0.039" /><testcase classname="aries_cloudagent.connections.tests.test_base_manager.TestBaseConnectionManager" name="test_resolve_connection_targets_x_bad_key_material" file="aries_cloudagent/connections/tests/test_base_manager.py" line="1095" time="0.051" /><testcase classname="aries_cloudagent.connections.tests.test_base_manager.TestBaseConnectionManager" name="test_resolve_connection_targets_x_bad_reference" file="aries_cloudagent/connections/tests/test_base_manager.py" line="1073" time="0.036" /><testcase classname="aries_cloudagent.connections.tests.test_base_manager.TestBaseConnectionManager" name="test_resolve_connection_targets_x_unsupported_key" file="aries_cloudagent/connections/tests/test_base_manager.py" line="1120" time="0.037" /><testcase classname="aries_cloudagent.connections.tests.test_base_manager.TestBaseConnectionManager" name="test_resolve_inbound_connection" file="aries_cloudagent/connections/tests/test_base_manager.py" line="1235" time="0.041" /><testcase classname="aries_cloudagent.connections.tests.test_base_manager.TestBaseConnectionManager" name="test_resolve_inbound_connection_injector_error" file="aries_cloudagent/connections/tests/test_base_manager.py" line="1261" time="0.041" /><testcase classname="aries_cloudagent.connections.tests.test_base_manager.TestBaseConnectionManager" name="test_resolve_inbound_connection_wallet_not_found_error" file="aries_cloudagent/connections/tests/test_base_manager.py" line="1281" time="0.048" /><testcase classname="aries_cloudagent.connections.tests.test_base_manager.TestBaseConnectionManager" name="test_store_did_document_with_routing_keys" file="aries_cloudagent/connections/tests/test_base_manager.py" line="245" time="0.035" /><testcase classname="aries_cloudagent.connections.tests.test_base_manager.TestBaseConnectionManager" name="test_verification_methods_for_service" file="aries_cloudagent/connections/tests/test_base_manager.py" line="1017" time="0.047" /><testcase classname="aries_cloudagent.core.__init__" name="ruff" file="aries_cloudagent/core/__init__.py" time="0.055" /><testcase classname="aries_cloudagent.core.conductor" name="ruff" file="aries_cloudagent/core/conductor.py" time="0.059" /><testcase classname="aries_cloudagent.core.dispatcher" name="ruff" file="aries_cloudagent/core/dispatcher.py" time="0.049" /><testcase classname="aries_cloudagent.core.error" name="ruff" file="aries_cloudagent/core/error.py" time="0.056" /><testcase classname="aries_cloudagent.core.event_bus" name="ruff" file="aries_cloudagent/core/event_bus.py" time="0.059" /><testcase classname="aries_cloudagent.core.goal_code_registry" name="ruff" file="aries_cloudagent/core/goal_code_registry.py" time="0.055" /><testcase classname="aries_cloudagent.core.oob_processor" name="ruff" file="aries_cloudagent/core/oob_processor.py" time="0.053" /><testcase classname="aries_cloudagent.core.plugin_registry" name="ruff" file="aries_cloudagent/core/plugin_registry.py" time="0.050" /><testcase classname="aries_cloudagent.core.profile" name="ruff" file="aries_cloudagent/core/profile.py" time="0.040" /><testcase classname="aries_cloudagent.core.protocol_registry" name="ruff" file="aries_cloudagent/core/protocol_registry.py" time="0.045" /><testcase classname="aries_cloudagent.core.util" name="ruff" file="aries_cloudagent/core/util.py" time="0.039" /><testcase classname="aries_cloudagent.core.in_memory.__init__" name="ruff" file="aries_cloudagent/core/in_memory/__init__.py" time="0.046" /><testcase classname="aries_cloudagent.core.in_memory.profile" name="ruff" file="aries_cloudagent/core/in_memory/profile.py" time="0.050" /><testcase classname="aries_cloudagent.core.in_memory.didcomm.__init__" name="ruff" file="aries_cloudagent/core/in_memory/didcomm/__init__.py" time="0.036" /><testcase classname="aries_cloudagent.core.in_memory.didcomm.derive_1pu" name="ruff" file="aries_cloudagent/core/in_memory/didcomm/derive_1pu.py" time="0.040" /><testcase classname="aries_cloudagent.core.in_memory.didcomm.derive_ecdh" name="ruff" file="aries_cloudagent/core/in_memory/didcomm/derive_ecdh.py" time="0.039" /><testcase classname="aries_cloudagent.core.in_memory.didcomm.tests.__init__" name="ruff" file="aries_cloudagent/core/in_memory/didcomm/tests/__init__.py" time="0.054" /><testcase classname="aries_cloudagent.core.in_memory.didcomm.tests.test_1pu" name="ruff" file="aries_cloudagent/core/in_memory/didcomm/tests/test_1pu.py" time="0.045" /><testcase classname="aries_cloudagent.core.in_memory.didcomm.tests.test_1pu" name="test_1pu_hex_example" file="aries_cloudagent/core/in_memory/didcomm/tests/test_1pu.py" line="7" time="0.139" /><testcase classname="aries_cloudagent.core.in_memory.didcomm.tests.test_1pu" name="test_1pu_appendix_example" file="aries_cloudagent/core/in_memory/didcomm/tests/test_1pu.py" line="41" time="0.054" /><testcase classname="aries_cloudagent.core.in_memory.didcomm.tests.test_ecdh" name="ruff" file="aries_cloudagent/core/in_memory/didcomm/tests/test_ecdh.py" time="0.050" /><testcase classname="aries_cloudagent.core.in_memory.didcomm.tests.test_ecdh" name="test_ecdh_derive_shared_secret" file="aries_cloudagent/core/in_memory/didcomm/tests/test_ecdh.py" line="10" time="0.021" /><testcase classname="aries_cloudagent.core.in_memory.didcomm.tests.test_ecdh" name="test_ecdh_derive_shared_secret_random" file="aries_cloudagent/core/in_memory/didcomm/tests/test_ecdh.py" line="28" time="0.029" /><testcase classname="aries_cloudagent.core.in_memory.didcomm.tests.test_ecdh" name="test_ecdh_generate_key" file="aries_cloudagent/core/in_memory/didcomm/tests/test_ecdh.py" line="50" time="0.023" /><testcase classname="aries_cloudagent.core.in_memory.didcomm.tests.test_ecdh" name="test_ecdh_generate_key_random" file="aries_cloudagent/core/in_memory/didcomm/tests/test_ecdh.py" line="81" time="0.020" /><testcase classname="aries_cloudagent.core.in_memory.tests.__init__" name="ruff" file="aries_cloudagent/core/in_memory/tests/__init__.py" time="0.046" /><testcase classname="aries_cloudagent.core.in_memory.tests.test_profile" name="ruff" file="aries_cloudagent/core/in_memory/tests/test_profile.py" time="0.046" /><testcase classname="aries_cloudagent.core.in_memory.tests.test_profile.TestInMemoryWallet" name="test_properties" file="aries_cloudagent/core/in_memory/tests/test_profile.py" line="11" time="0.007" /><testcase classname="aries_cloudagent.core.in_memory.tests.test_profile.TestInMemoryWallet" name="test_profile_clear" file="aries_cloudagent/core/in_memory/tests/test_profile.py" line="19" time="0.008" /><testcase classname="aries_cloudagent.core.tests.__init__" name="ruff" file="aries_cloudagent/core/tests/__init__.py" time="0.046" /><testcase classname="aries_cloudagent.core.tests.test_conductor" name="ruff" file="aries_cloudagent/core/tests/test_conductor.py" time="0.055" /><testcase classname="aries_cloudagent.core.tests.test_conductor.TestConductor" name="test_admin" file="aries_cloudagent/core/tests/test_conductor.py" line="820" time="0.178" /><testcase classname="aries_cloudagent.core.tests.test_conductor.TestConductor" name="test_admin_startx" file="aries_cloudagent/core/tests/test_conductor.py" line="856" time="0.310" /><testcase classname="aries_cloudagent.core.tests.test_conductor.TestConductor" name="test_clear_default_mediator" file="aries_cloudagent/core/tests/test_conductor.py" line="1123" time="0.150" /><testcase classname="aries_cloudagent.core.tests.test_conductor.TestConductor" name="test_dispatch_complete_fatal_x" file="aries_cloudagent/core/tests/test_conductor.py" line="1054" time="0.131" /><testcase classname="aries_cloudagent.core.tests.test_conductor.TestConductor" name="test_dispatch_complete_non_fatal_x" file="aries_cloudagent/core/tests/test_conductor.py" line="1021" time="0.122" /><testcase classname="aries_cloudagent.core.tests.test_conductor.TestConductor" name="test_handle_not_returned_ledger_x" file="aries_cloudagent/core/tests/test_conductor.py" line="740" time="0.112" /><testcase classname="aries_cloudagent.core.tests.test_conductor.TestConductor" name="test_handle_nots" file="aries_cloudagent/core/tests/test_conductor.py" line="682" time="0.034" /><testcase classname="aries_cloudagent.core.tests.test_conductor.TestConductor" name="test_handle_outbound_queue" file="aries_cloudagent/core/tests/test_conductor.py" line="725" time="0.031" /><testcase classname="aries_cloudagent.core.tests.test_conductor.TestConductor" name="test_inbound_message_handler" file="aries_cloudagent/core/tests/test_conductor.py" line="481" time="0.164" /><testcase classname="aries_cloudagent.core.tests.test_conductor.TestConductor" name="test_inbound_message_handler_ledger_x" file="aries_cloudagent/core/tests/test_conductor.py" line="510" time="0.136" /><testcase classname="aries_cloudagent.core.tests.test_conductor.TestConductor" name="test_outbound_message_handler_return_route" file="aries_cloudagent/core/tests/test_conductor.py" line="541" time="0.023" /><testcase classname="aries_cloudagent.core.tests.test_conductor.TestConductor" name="test_outbound_message_handler_with_connection" file="aries_cloudagent/core/tests/test_conductor.py" line="603" time="0.266" /><testcase classname="aries_cloudagent.core.tests.test_conductor.TestConductor" name="test_outbound_message_handler_with_target" file="aries_cloudagent/core/tests/test_conductor.py" line="571" time="0.122" /><testcase classname="aries_cloudagent.core.tests.test_conductor.TestConductor" name="test_outbound_message_handler_with_verkey_no_target" file="aries_cloudagent/core/tests/test_conductor.py" line="645" time="0.129" /><testcase classname="aries_cloudagent.core.tests.test_conductor.TestConductor" name="test_print_invite_connection" file="aries_cloudagent/core/tests/test_conductor.py" line="1087" time="0.737" /><testcase classname="aries_cloudagent.core.tests.test_conductor.TestConductor" name="test_queue_outbound_ledger_x" file="aries_cloudagent/core/tests/test_conductor.py" line="780" time="0.243" /><testcase classname="aries_cloudagent.core.tests.test_conductor.TestConductor" name="test_set_default_mediator" file="aries_cloudagent/core/tests/test_conductor.py" line="1149" time="0.143" /><testcase classname="aries_cloudagent.core.tests.test_conductor.TestConductor" name="test_set_default_mediator_x" file="aries_cloudagent/core/tests/test_conductor.py" line="1187" time="0.144" /><testcase classname="aries_cloudagent.core.tests.test_conductor.TestConductor" name="test_setup_collector" file="aries_cloudagent/core/tests/test_conductor.py" line="909" time="0.180" /><testcase classname="aries_cloudagent.core.tests.test_conductor.TestConductor" name="test_shutdown_multitenant_profiles" file="aries_cloudagent/core/tests/test_conductor.py" line="1255" time="0.179" /><testcase classname="aries_cloudagent.core.tests.test_conductor.TestConductor" name="test_start_static" file="aries_cloudagent/core/tests/test_conductor.py" line="925" time="0.146" /><testcase classname="aries_cloudagent.core.tests.test_conductor.TestConductor" name="test_start_x_in" file="aries_cloudagent/core/tests/test_conductor.py" line="955" time="0.135" /><testcase classname="aries_cloudagent.core.tests.test_conductor.TestConductor" name="test_start_x_out_a" file="aries_cloudagent/core/tests/test_conductor.py" line="979" time="0.033" /><testcase classname="aries_cloudagent.core.tests.test_conductor.TestConductor" name="test_start_x_out_b" file="aries_cloudagent/core/tests/test_conductor.py" line="999" time="0.049" /><testcase classname="aries_cloudagent.core.tests.test_conductor.TestConductor" name="test_startup_admin_server_x" file="aries_cloudagent/core/tests/test_conductor.py" line="385" time="0.215" /><testcase classname="aries_cloudagent.core.tests.test_conductor.TestConductor" name="test_startup_no_public_did" file="aries_cloudagent/core/tests/test_conductor.py" line="405" time="0.226" /><testcase classname="aries_cloudagent.core.tests.test_conductor.TestConductor" name="test_startup_version_force_upgrade" file="aries_cloudagent/core/tests/test_conductor.py" line="223" time="0.641" /><testcase classname="aries_cloudagent.core.tests.test_conductor.TestConductor" name="test_startup_version_no_upgrade_add_record" file="aries_cloudagent/core/tests/test_conductor.py" line="159" time="0.416" /><testcase classname="aries_cloudagent.core.tests.test_conductor.TestConductor" name="test_startup_version_record_exists" file="aries_cloudagent/core/tests/test_conductor.py" line="103" time="0.234" /><testcase classname="aries_cloudagent.core.tests.test_conductor.TestConductor" name="test_startup_version_record_not_exists" file="aries_cloudagent/core/tests/test_conductor.py" line="331" time="0.185" /><testcase classname="aries_cloudagent.core.tests.test_conductor.TestConductor" name="test_stats" file="aries_cloudagent/core/tests/test_conductor.py" line="445" time="0.176" /><testcase classname="aries_cloudagent.core.tests.test_conductor.TestConductor" name="test_webhook_router" file="aries_cloudagent/core/tests/test_conductor.py" line="1213" time="0.132" /><testcase classname="aries_cloudagent.core.tests.test_conductor.TestConductorMediationSetup" name="test_mediation_invitation_should_not_create_connection_for_old_invitation" file="aries_cloudagent/core/tests/test_conductor.py" line="1469" time="0.150" /><testcase classname="aries_cloudagent.core.tests.test_conductor.TestConductorMediationSetup" name="test_mediation_invitation_should_use_stored_invitation" file="aries_cloudagent/core/tests/test_conductor.py" line="1412" time="0.159" /><testcase classname="aries_cloudagent.core.tests.test_conductor.TestConductorMediationSetup" name="test_mediator_invitation_0160" file="aries_cloudagent/core/tests/test_conductor.py" line="1317" time="0.157" /><testcase classname="aries_cloudagent.core.tests.test_conductor.TestConductorMediationSetup" name="test_mediator_invitation_0434" file="aries_cloudagent/core/tests/test_conductor.py" line="1357" time="0.163" /><testcase classname="aries_cloudagent.core.tests.test_conductor.TestConductorMediationSetup" name="test_mediator_invitation_x" file="aries_cloudagent/core/tests/test_conductor.py" line="1510" time="0.137" /><testcase classname="aries_cloudagent.core.tests.test_conductor.TestConductorMediationSetup" name="test_setup_ledger_both_multiple_and_base" file="aries_cloudagent/core/tests/test_conductor.py" line="1543" time="0.114" /><testcase classname="aries_cloudagent.core.tests.test_conductor.TestConductorMediationSetup" name="test_setup_ledger_only_base" file="aries_cloudagent/core/tests/test_conductor.py" line="1565" time="0.116" /><testcase classname="aries_cloudagent.core.tests.test_conductor.TestConductorMediationSetup" name="test_startup_x_no_storage_version" file="aries_cloudagent/core/tests/test_conductor.py" line="1581" time="0.186" /><testcase classname="aries_cloudagent.core.tests.test_dispatcher" name="ruff" file="aries_cloudagent/core/tests/test_dispatcher.py" time="0.046" /><testcase classname="aries_cloudagent.core.tests.test_dispatcher.TestDispatcher" name="test_bad_message_dispatch_parse_x" file="aries_cloudagent/core/tests/test_dispatcher.py" line="338" time="0.329" /><testcase classname="aries_cloudagent.core.tests.test_dispatcher.TestDispatcher" name="test_bad_message_dispatch_problem_report_x" file="aries_cloudagent/core/tests/test_dispatcher.py" line="360" time="0.023" /><testcase classname="aries_cloudagent.core.tests.test_dispatcher.TestDispatcher" name="test_conn_rec_active_state_check_a" file="aries_cloudagent/core/tests/test_dispatcher.py" line="502" time="0.016" /><testcase classname="aries_cloudagent.core.tests.test_dispatcher.TestDispatcher" name="test_conn_rec_active_state_check_b" file="aries_cloudagent/core/tests/test_dispatcher.py" line="525" time="1.026" /><testcase classname="aries_cloudagent.core.tests.test_dispatcher.TestDispatcher" name="test_create_enc_outbound" file="aries_cloudagent/core/tests/test_dispatcher.py" line="548" time="0.038" /><testcase classname="aries_cloudagent.core.tests.test_dispatcher.TestDispatcher" name="test_create_send_outbound" file="aries_cloudagent/core/tests/test_dispatcher.py" line="409" time="0.016" /><testcase classname="aries_cloudagent.core.tests.test_dispatcher.TestDispatcher" name="test_create_send_outbound_with_msg_attrs" file="aries_cloudagent/core/tests/test_dispatcher.py" line="436" time="0.018" /><testcase classname="aries_cloudagent.core.tests.test_dispatcher.TestDispatcher" name="test_create_send_outbound_with_msg_attrs_x" file="aries_cloudagent/core/tests/test_dispatcher.py" line="465" time="0.017" /><testcase classname="aries_cloudagent.core.tests.test_dispatcher.TestDispatcher" name="test_create_send_webhook" file="aries_cloudagent/core/tests/test_dispatcher.py" line="494" time="0.018" /><testcase classname="aries_cloudagent.core.tests.test_dispatcher.TestDispatcher" name="test_dispatch" file="aries_cloudagent/core/tests/test_dispatcher.py" line="95" time="0.211" /><testcase classname="aries_cloudagent.core.tests.test_dispatcher.TestDispatcher" name="test_dispatch_log" file="aries_cloudagent/core/tests/test_dispatcher.py" line="382" time="0.013" /><testcase classname="aries_cloudagent.core.tests.test_dispatcher.TestDispatcher" name="test_dispatch_versioned_message" file="aries_cloudagent/core/tests/test_dispatcher.py" line="139" time="0.034" /><testcase classname="aries_cloudagent.core.tests.test_dispatcher.TestDispatcher" name="test_dispatch_versioned_message_fail" file="aries_cloudagent/core/tests/test_dispatcher.py" line="302" time="0.030" /><testcase classname="aries_cloudagent.core.tests.test_dispatcher.TestDispatcher" name="test_dispatch_versioned_message_handle_greater_succeeds" file="aries_cloudagent/core/tests/test_dispatcher.py" line="256" time="0.039" /><testcase classname="aries_cloudagent.core.tests.test_dispatcher.TestDispatcher" name="test_dispatch_versioned_message_message_class_deserialize_x" file="aries_cloudagent/core/tests/test_dispatcher.py" line="217" time="0.029" /><testcase classname="aries_cloudagent.core.tests.test_dispatcher.TestDispatcher" name="test_dispatch_versioned_message_no_message_class" file="aries_cloudagent/core/tests/test_dispatcher.py" line="183" time="0.030" /><testcase classname="aries_cloudagent.core.tests.test_dispatcher.TestDispatcher" name="test_expired_context_x" file="aries_cloudagent/core/tests/test_dispatcher.py" line="578" time="0.020" /><testcase classname="aries_cloudagent.core.tests.test_error" name="ruff" file="aries_cloudagent/core/tests/test_error.py" time="0.055" /><testcase classname="aries_cloudagent.core.tests.test_error.TestBaseError" name="test_base_error" file="aries_cloudagent/core/tests/test_error.py" line="6" time="0.025" /><testcase classname="aries_cloudagent.core.tests.test_event_bus" name="ruff" file="aries_cloudagent/core/tests/test_event_bus.py" time="0.049" /><testcase classname="aries_cloudagent.core.tests.test_event_bus" name="test_event" file="aries_cloudagent/core/tests/test_event_bus.py" line="44" time="0.008" /><testcase classname="aries_cloudagent.core.tests.test_event_bus" name="test_sub_unsub" file="aries_cloudagent/core/tests/test_event_bus.py" line="57" time="0.006" /><testcase classname="aries_cloudagent.core.tests.test_event_bus" name="test_unsub_idempotency" file="aries_cloudagent/core/tests/test_event_bus.py" line="66" time="0.003" /><testcase classname="aries_cloudagent.core.tests.test_event_bus" name="test_unsub_unsubbed_processor" file="aries_cloudagent/core/tests/test_event_bus.py" line="75" time="0.002" /><testcase classname="aries_cloudagent.core.tests.test_event_bus" name="test_sub_notify" file="aries_cloudagent/core/tests/test_event_bus.py" line="83" time="0.018" /><testcase classname="aries_cloudagent.core.tests.test_event_bus" name="test_sub_notify_error_logged_and_exec_continues" file="aries_cloudagent/core/tests/test_event_bus.py" line="92" time="0.009" /><testcase classname="aries_cloudagent.core.tests.test_event_bus" name="test_sub_notify_regex_filtering[test-test]" file="aries_cloudagent/core/tests/test_event_bus.py" line="117" time="0.010" /><testcase classname="aries_cloudagent.core.tests.test_event_bus" name="test_sub_notify_regex_filtering[.*-test]" file="aries_cloudagent/core/tests/test_event_bus.py" line="117" time="0.018" /><testcase classname="aries_cloudagent.core.tests.test_event_bus" name="test_sub_notify_regex_filtering[topic::with::namespace-topic::with::namespace::like::pieces]" file="aries_cloudagent/core/tests/test_event_bus.py" line="117" time="0.008" /><testcase classname="aries_cloudagent.core.tests.test_event_bus" name="test_sub_notify_no_match" file="aries_cloudagent/core/tests/test_event_bus.py" line="137" time="0.007" /><testcase classname="aries_cloudagent.core.tests.test_event_bus" name="test_sub_notify_only_one" file="aries_cloudagent/core/tests/test_event_bus.py" line="146" time="0.007" /><testcase classname="aries_cloudagent.core.tests.test_event_bus" name="test_sub_notify_both" file="aries_cloudagent/core/tests/test_event_bus.py" line="159" time="0.008" /><testcase classname="aries_cloudagent.core.tests.test_event_bus" name="test_wait_for_event_multiple_do_not_collide" file="aries_cloudagent/core/tests/test_event_bus.py" line="172" time="0.006" /><testcase classname="aries_cloudagent.core.tests.test_event_bus" name="test_wait_for_event" file="aries_cloudagent/core/tests/test_event_bus.py" line="186" time="0.007" /><testcase classname="aries_cloudagent.core.tests.test_event_bus" name="test_wait_for_event_condition" file="aries_cloudagent/core/tests/test_event_bus.py" line="193" time="0.007" /><testcase classname="aries_cloudagent.core.tests.test_goal_code_registry" name="ruff" file="aries_cloudagent/core/tests/test_goal_code_registry.py" time="0.059" /><testcase classname="aries_cloudagent.core.tests.test_goal_code_registry.TestGoalCodeRegistry" name="test_goal_codes" file="aries_cloudagent/core/tests/test_goal_code_registry.py" line="14" time="0.018" /><testcase classname="aries_cloudagent.core.tests.test_oob_processor" name="ruff" file="aries_cloudagent/core/tests/test_oob_processor.py" time="0.043" /><testcase classname="aries_cloudagent.core.tests.test_oob_processor.TestOobProcessor" name="test_clean_finished_oob_record_multi_use" file="aries_cloudagent/core/tests/test_oob_processor.py" line="73" time="0.054" /><testcase classname="aries_cloudagent.core.tests.test_oob_processor.TestOobProcessor" name="test_clean_finished_oob_record_no_multi_use_no_request_attach" file="aries_cloudagent/core/tests/test_oob_processor.py" line="45" time="0.044" /><testcase classname="aries_cloudagent.core.tests.test_oob_processor.TestOobProcessor" name="test_clean_finished_oob_record_x" file="aries_cloudagent/core/tests/test_oob_processor.py" line="100" time="0.026" /><testcase classname="aries_cloudagent.core.tests.test_oob_processor.TestOobProcessor" name="test_find_oob_record_for_inbound_message_attach_thread_id_not_in_list" file="aries_cloudagent/core/tests/test_oob_processor.py" line="492" time="0.053" /><testcase classname="aries_cloudagent.core.tests.test_oob_processor.TestOobProcessor" name="test_find_oob_record_for_inbound_message_attach_thread_id_set" file="aries_cloudagent/core/tests/test_oob_processor.py" line="467" time="0.047" /><testcase classname="aries_cloudagent.core.tests.test_oob_processor.TestOobProcessor" name="test_find_oob_record_for_inbound_message_connectionless_retrieve_oob" file="aries_cloudagent/core/tests/test_oob_processor.py" line="293" time="0.047" /><testcase classname="aries_cloudagent.core.tests.test_oob_processor.TestOobProcessor" name="test_find_oob_record_for_inbound_message_not_attach_thread_id_matching" file="aries_cloudagent/core/tests/test_oob_processor.py" line="517" time="0.035" /><testcase classname="aries_cloudagent.core.tests.test_oob_processor.TestOobProcessor" name="test_find_oob_record_for_inbound_message_not_attach_thread_id_not_matching" file="aries_cloudagent/core/tests/test_oob_processor.py" line="535" time="0.031" /><testcase classname="aries_cloudagent.core.tests.test_oob_processor.TestOobProcessor" name="test_find_oob_record_for_inbound_message_parent_thread_id" file="aries_cloudagent/core/tests/test_oob_processor.py" line="247" time="0.045" /><testcase classname="aries_cloudagent.core.tests.test_oob_processor.TestOobProcessor" name="test_find_oob_record_for_inbound_message_recipient_verkey_not_in_their_service" file="aries_cloudagent/core/tests/test_oob_processor.py" line="555" time="0.042" /><testcase classname="aries_cloudagent.core.tests.test_oob_processor.TestOobProcessor" name="test_find_oob_record_for_inbound_message_sender_connection_id_no_match" file="aries_cloudagent/core/tests/test_oob_processor.py" line="371" time="0.070" /><testcase classname="aries_cloudagent.core.tests.test_oob_processor.TestOobProcessor" name="test_find_oob_record_for_inbound_message_session_connectionless_save" file="aries_cloudagent/core/tests/test_oob_processor.py" line="654" time="0.041" /><testcase classname="aries_cloudagent.core.tests.test_oob_processor.TestOobProcessor" name="test_find_oob_record_for_inbound_message_session_emit_delete" file="aries_cloudagent/core/tests/test_oob_processor.py" line="630" time="0.035" /><testcase classname="aries_cloudagent.core.tests.test_oob_processor.TestOobProcessor" name="test_find_oob_record_for_inbound_message_their_service_matching_with_message_receipt" file="aries_cloudagent/core/tests/test_oob_processor.py" line="576" time="0.037" /><testcase classname="aries_cloudagent.core.tests.test_oob_processor.TestOobProcessor" name="test_find_oob_record_for_inbound_message_their_service_set_on_oob_record" file="aries_cloudagent/core/tests/test_oob_processor.py" line="597" time="0.037" /><testcase classname="aries_cloudagent.core.tests.test_oob_processor.TestOobProcessor" name="test_find_oob_target_for_outbound_message" file="aries_cloudagent/core/tests/test_oob_processor.py" line="115" time="0.044" /><testcase classname="aries_cloudagent.core.tests.test_oob_processor.TestOobProcessor" name="test_find_oob_target_for_outbound_message_oob_not_found" file="aries_cloudagent/core/tests/test_oob_processor.py" line="172" time="0.039" /><testcase classname="aries_cloudagent.core.tests.test_oob_processor.TestOobProcessor" name="test_find_oob_target_for_outbound_message_update_service_thread" file="aries_cloudagent/core/tests/test_oob_processor.py" line="190" time="0.044" /><testcase classname="aries_cloudagent.core.tests.test_oob_processor.TestOobProcessor" name="test_get_thread_id" file="aries_cloudagent/core/tests/test_oob_processor.py" line="750" time="0.029" /><testcase classname="aries_cloudagent.core.tests.test_oob_processor.TestOobProcessor" name="test_handle_message_connection" file="aries_cloudagent/core/tests/test_oob_processor.py" line="679" time="0.023" /><testcase classname="aries_cloudagent.core.tests.test_oob_processor.TestOobProcessor" name="test_handle_message_connectionless" file="aries_cloudagent/core/tests/test_oob_processor.py" line="710" time="0.030" /><testcase classname="aries_cloudagent.core.tests.test_oob_processor.TestOobProcessor" name="test_handle_message_unsupported_message_type" file="aries_cloudagent/core/tests/test_oob_processor.py" line="740" time="0.027" /><testcase classname="aries_cloudagent.core.tests.test_plugin_registry" name="ruff" file="aries_cloudagent/core/tests/test_plugin_registry.py" time="0.059" /><testcase classname="aries_cloudagent.core.tests.test_plugin_registry.TestPluginRegistry" name="test_load_protocols_load_mod" file="aries_cloudagent/core/tests/test_plugin_registry.py" line="531" time="0.037" /><testcase classname="aries_cloudagent.core.tests.test_plugin_registry.TestPluginRegistry" name="test_load_protocols_load_x" file="aries_cloudagent/core/tests/test_plugin_registry.py" line="522" time="0.023" /><testcase classname="aries_cloudagent.core.tests.test_plugin_registry.TestPluginRegistry" name="test_load_protocols_no_mod_def_message_types" file="aries_cloudagent/core/tests/test_plugin_registry.py" line="573" time="0.024" /><testcase classname="aries_cloudagent.core.tests.test_plugin_registry.TestPluginRegistry" name="test_load_protocols_no_mod_def_no_message_types" file="aries_cloudagent/core/tests/test_plugin_registry.py" line="553" time="0.022" /><testcase classname="aries_cloudagent.core.tests.test_plugin_registry.TestPluginRegistry" name="test_load_protocols_no_mod_load_x" file="aries_cloudagent/core/tests/test_plugin_registry.py" line="543" time="0.019" /><testcase classname="aries_cloudagent.core.tests.test_plugin_registry.TestPluginRegistry" name="test_post_process_routes" file="aries_cloudagent/core/tests/test_plugin_registry.py" line="122" time="0.028" /><testcase classname="aries_cloudagent.core.tests.test_plugin_registry.TestPluginRegistry" name="test_post_process_routes_mod_no_version" file="aries_cloudagent/core/tests/test_plugin_registry.py" line="167" time="0.035" /><testcase classname="aries_cloudagent.core.tests.test_plugin_registry.TestPluginRegistry" name="test_register_definitions_malformed" file="aries_cloudagent/core/tests/test_plugin_registry.py" line="499" time="0.017" /><testcase classname="aries_cloudagent.core.tests.test_plugin_registry.TestPluginRegistry" name="test_register_package_x" file="aries_cloudagent/core/tests/test_plugin_registry.py" line="515" time="0.019" /><testcase classname="aries_cloudagent.core.tests.test_plugin_registry.TestPluginRegistry" name="test_register_plugin_already_present" file="aries_cloudagent/core/tests/test_plugin_registry.py" line="414" time="0.016" /><testcase classname="aries_cloudagent.core.tests.test_plugin_registry.TestPluginRegistry" name="test_register_plugin_has_setup" file="aries_cloudagent/core/tests/test_plugin_registry.py" line="466" time="0.015" /><testcase classname="aries_cloudagent.core.tests.test_plugin_registry.TestPluginRegistry" name="test_register_plugin_load_x" file="aries_cloudagent/core/tests/test_plugin_registry.py" line="420" time="0.013" /><testcase classname="aries_cloudagent.core.tests.test_plugin_registry.TestPluginRegistry" name="test_register_plugin_no_definition" file="aries_cloudagent/core/tests/test_plugin_registry.py" line="434" time="0.017" /><testcase classname="aries_cloudagent.core.tests.test_plugin_registry.TestPluginRegistry" name="test_register_plugin_no_mod" file="aries_cloudagent/core/tests/test_plugin_registry.py" line="427" time="0.020" /><testcase classname="aries_cloudagent.core.tests.test_plugin_registry.TestPluginRegistry" name="test_register_plugin_no_versions" file="aries_cloudagent/core/tests/test_plugin_registry.py" line="450" time="0.029" /><testcase classname="aries_cloudagent.core.tests.test_plugin_registry.TestPluginRegistry" name="test_register_routes" file="aries_cloudagent/core/tests/test_plugin_registry.py" line="44" time="0.024" /><testcase classname="aries_cloudagent.core.tests.test_plugin_registry.TestPluginRegistry" name="test_register_routes_mod_no_version" file="aries_cloudagent/core/tests/test_plugin_registry.py" line="89" time="0.022" /><testcase classname="aries_cloudagent.core.tests.test_plugin_registry.TestPluginRegistry" name="test_repr" file="aries_cloudagent/core/tests/test_plugin_registry.py" line="602" time="0.011" /><testcase classname="aries_cloudagent.core.tests.test_plugin_registry.TestPluginRegistry" name="test_setup" file="aries_cloudagent/core/tests/test_plugin_registry.py" line="32" time="0.020" /><testcase classname="aries_cloudagent.core.tests.test_plugin_registry.TestPluginRegistry" name="test_unregister_plugin_has_setup" file="aries_cloudagent/core/tests/test_plugin_registry.py" line="482" time="0.026" /><testcase classname="aries_cloudagent.core.tests.test_plugin_registry.TestPluginRegistry" name="test_validate_version_bad_path" file="aries_cloudagent/core/tests/test_plugin_registry.py" line="322" time="0.015" /><testcase classname="aries_cloudagent.core.tests.test_plugin_registry.TestPluginRegistry" name="test_validate_version_list_correct" file="aries_cloudagent/core/tests/test_plugin_registry.py" line="342" time="0.020" /><testcase classname="aries_cloudagent.core.tests.test_plugin_registry.TestPluginRegistry" name="test_validate_version_list_element_empty" file="aries_cloudagent/core/tests/test_plugin_registry.py" line="223" time="0.022" /><testcase classname="aries_cloudagent.core.tests.test_plugin_registry.TestPluginRegistry" name="test_validate_version_list_element_not_an_object" file="aries_cloudagent/core/tests/test_plugin_registry.py" line="210" time="0.019" /><testcase classname="aries_cloudagent.core.tests.test_plugin_registry.TestPluginRegistry" name="test_validate_version_list_extra_attributes_ok" file="aries_cloudagent/core/tests/test_plugin_registry.py" line="372" time="0.019" /><testcase classname="aries_cloudagent.core.tests.test_plugin_registry.TestPluginRegistry" name="test_validate_version_list_missing_attribute" file="aries_cloudagent/core/tests/test_plugin_registry.py" line="236" time="0.024" /><testcase classname="aries_cloudagent.core.tests.test_plugin_registry.TestPluginRegistry" name="test_validate_version_min_greater_current" file="aries_cloudagent/core/tests/test_plugin_registry.py" line="276" time="0.015" /><testcase classname="aries_cloudagent.core.tests.test_plugin_registry.TestPluginRegistry" name="test_validate_version_multiple_major" file="aries_cloudagent/core/tests/test_plugin_registry.py" line="296" time="0.012" /><testcase classname="aries_cloudagent.core.tests.test_plugin_registry.TestPluginRegistry" name="test_validate_version_negative_version" file="aries_cloudagent/core/tests/test_plugin_registry.py" line="256" time="0.014" /><testcase classname="aries_cloudagent.core.tests.test_plugin_registry.TestPluginRegistry" name="test_validate_version_no_such_mod" file="aries_cloudagent/core/tests/test_plugin_registry.py" line="392" time="0.017" /><testcase classname="aries_cloudagent.core.tests.test_plugin_registry.TestPluginRegistry" name="test_validate_version_not_a_list" file="aries_cloudagent/core/tests/test_plugin_registry.py" line="197" time="0.020" /><testcase classname="aries_cloudagent.core.tests.test_profile" name="ruff" file="aries_cloudagent/core/tests/test_profile.py" time="0.052" /><testcase classname="aries_cloudagent.core.tests.test_profile.TestProfileSession" name="test_session_active" file="aries_cloudagent/core/tests/test_profile.py" line="23" time="0.015" /><testcase classname="aries_cloudagent.core.tests.test_profile.TestProfileManagerProvider" name="test_basic_wallet_type" file="aries_cloudagent/core/tests/test_profile.py" line="58" time="0.007" /><testcase classname="aries_cloudagent.core.tests.test_profile.TestProfileManagerProvider" name="test_invalid_wallet_type" file="aries_cloudagent/core/tests/test_profile.py" line="75" time="0.021" /><testcase classname="aries_cloudagent.core.tests.test_protocol_registry" name="ruff" file="aries_cloudagent/core/tests/test_protocol_registry.py" time="0.051" /><testcase classname="aries_cloudagent.core.tests.test_protocol_registry.TestProtocolRegistry" name="test_create_msg_types_for_minor_version" file="aries_cloudagent/core/tests/test_protocol_registry.py" line="47" time="0.011" /><testcase classname="aries_cloudagent.core.tests.test_protocol_registry.TestProtocolRegistry" name="test_disclosed" file="aries_cloudagent/core/tests/test_protocol_registry.py" line="203" time="0.031" /><testcase classname="aries_cloudagent.core.tests.test_protocol_registry.TestProtocolRegistry" name="test_disclosed_str" file="aries_cloudagent/core/tests/test_protocol_registry.py" line="222" time="0.021" /><testcase classname="aries_cloudagent.core.tests.test_protocol_registry.TestProtocolRegistry" name="test_introduction_create_msg_types_for_minor_version" file="aries_cloudagent/core/tests/test_protocol_registry.py" line="86" time="0.005" /><testcase classname="aries_cloudagent.core.tests.test_protocol_registry.TestProtocolRegistry" name="test_message_type_query" file="aries_cloudagent/core/tests/test_protocol_registry.py" line="36" time="0.009" /><testcase classname="aries_cloudagent.core.tests.test_protocol_registry.TestProtocolRegistry" name="test_oob_create_msg_types_for_minor_version" file="aries_cloudagent/core/tests/test_protocol_registry.py" line="132" time="0.010" /><testcase classname="aries_cloudagent.core.tests.test_protocol_registry.TestProtocolRegistry" name="test_protocols" file="aries_cloudagent/core/tests/test_protocol_registry.py" line="22" time="0.007" /><testcase classname="aries_cloudagent.core.tests.test_protocol_registry.TestProtocolRegistry" name="test_repr" file="aries_cloudagent/core/tests/test_protocol_registry.py" line="298" time="0.010" /><testcase classname="aries_cloudagent.core.tests.test_protocol_registry.TestProtocolRegistry" name="test_resolve_message_class_no_major_version_support" file="aries_cloudagent/core/tests/test_protocol_registry.py" line="256" time="0.005" /><testcase classname="aries_cloudagent.core.tests.test_protocol_registry.TestProtocolRegistry" name="test_resolve_message_class_str" file="aries_cloudagent/core/tests/test_protocol_registry.py" line="244" time="0.024" /><testcase classname="aries_cloudagent.core.tests.test_protocol_registry.TestProtocolRegistry" name="test_resolve_message_load_class_none" file="aries_cloudagent/core/tests/test_protocol_registry.py" line="279" time="0.009" /><testcase classname="aries_cloudagent.core.tests.test_protocol_registry.TestProtocolRegistry" name="test_resolve_message_load_class_str" file="aries_cloudagent/core/tests/test_protocol_registry.py" line="260" time="0.010" /><testcase classname="aries_cloudagent.core.tests.test_util" name="ruff" file="aries_cloudagent/core/tests/test_util.py" time="0.052" /><testcase classname="aries_cloudagent.core.tests.test_util.TestUtils" name="test_get_proto_default_version" file="aries_cloudagent/core/tests/test_util.py" line="76" time="0.012" /><testcase classname="aries_cloudagent.core.tests.test_util.TestUtils" name="test_get_proto_default_version_from_msg_class" file="aries_cloudagent/core/tests/test_util.py" line="68" time="0.017" /><testcase classname="aries_cloudagent.core.tests.test_util.TestUtils" name="test_get_version_from_message" file="aries_cloudagent/core/tests/test_util.py" line="65" time="0.009" /><testcase classname="aries_cloudagent.core.tests.test_util.TestUtils" name="test_get_version_from_message_type" file="aries_cloudagent/core/tests/test_util.py" line="57" time="0.009" /><testcase classname="aries_cloudagent.core.tests.test_util.TestUtils" name="test_validate_get_response_version" file="aries_cloudagent/core/tests/test_util.py" line="20" time="0.015" /><testcase classname="aries_cloudagent.did.__init__" name="ruff" file="aries_cloudagent/did/__init__.py" time="0.042" /><testcase classname="aries_cloudagent.did.did_key" name="ruff" file="aries_cloudagent/did/did_key.py" time="0.055" /><testcase classname="aries_cloudagent.did.tests.__init__" name="ruff" file="aries_cloudagent/did/tests/__init__.py" time="0.044" /><testcase classname="aries_cloudagent.did.tests.test_did_key_bls12381g1" name="ruff" file="aries_cloudagent/did/tests/test_did_key_bls12381g1.py" time="0.051" /><testcase classname="aries_cloudagent.did.tests.test_did_key_bls12381g1.TestDIDKey" name="test_bls12381g1_diddoc" file="aries_cloudagent/did/tests/test_did_key_bls12381g1.py" line="57" time="0.006" /><testcase classname="aries_cloudagent.did.tests.test_did_key_bls12381g1.TestDIDKey" name="test_bls12381g1_from_did" file="aries_cloudagent/did/tests/test_did_key_bls12381g1.py" line="41" time="0.004" /><testcase classname="aries_cloudagent.did.tests.test_did_key_bls12381g1.TestDIDKey" name="test_bls12381g1_from_fingerprint" file="aries_cloudagent/did/tests/test_did_key_bls12381g1.py" line="35" time="0.004" /><testcase classname="aries_cloudagent.did.tests.test_did_key_bls12381g1.TestDIDKey" name="test_bls12381g1_from_public_key" file="aries_cloudagent/did/tests/test_did_key_bls12381g1.py" line="24" time="0.003" /><testcase classname="aries_cloudagent.did.tests.test_did_key_bls12381g1.TestDIDKey" name="test_bls12381g1_from_public_key_b58" file="aries_cloudagent/did/tests/test_did_key_bls12381g1.py" line="30" time="0.005" /><testcase classname="aries_cloudagent.did.tests.test_did_key_bls12381g1.TestDIDKey" name="test_bls12381g1_properties" file="aries_cloudagent/did/tests/test_did_key_bls12381g1.py" line="46" time="0.006" /><testcase classname="aries_cloudagent.did.tests.test_did_key_bls12381g1.TestDIDKey" name="test_bls12381g1_resolver" file="aries_cloudagent/did/tests/test_did_key_bls12381g1.py" line="64" time="0.008" /><testcase classname="aries_cloudagent.did.tests.test_did_key_bls12381g1g2" name="ruff" file="aries_cloudagent/did/tests/test_did_key_bls12381g1g2.py" time="0.044" /><testcase classname="aries_cloudagent.did.tests.test_did_key_bls12381g1g2.TestDIDKey" name="test_bls12381g1g1_to_g1" file="aries_cloudagent/did/tests/test_did_key_bls12381g1g2.py" line="83" time="0.004" /><testcase classname="aries_cloudagent.did.tests.test_did_key_bls12381g1g2.TestDIDKey" name="test_bls12381g1g1_to_g2" file="aries_cloudagent/did/tests/test_did_key_bls12381g1g2.py" line="97" time="0.002" /><testcase classname="aries_cloudagent.did.tests.test_did_key_bls12381g1g2.TestDIDKey" name="test_bls12381g1g2_diddoc" file="aries_cloudagent/did/tests/test_did_key_bls12381g1g2.py" line="64" time="0.009" /><testcase classname="aries_cloudagent.did.tests.test_did_key_bls12381g1g2.TestDIDKey" name="test_bls12381g1g2_from_did" file="aries_cloudagent/did/tests/test_did_key_bls12381g1g2.py" line="49" time="0.004" /><testcase classname="aries_cloudagent.did.tests.test_did_key_bls12381g1g2.TestDIDKey" name="test_bls12381g1g2_from_fingerprint" file="aries_cloudagent/did/tests/test_did_key_bls12381g1g2.py" line="43" time="0.002" /><testcase classname="aries_cloudagent.did.tests.test_did_key_bls12381g1g2.TestDIDKey" name="test_bls12381g1g2_from_public_key" file="aries_cloudagent/did/tests/test_did_key_bls12381g1g2.py" line="32" time="0.005" /><testcase classname="aries_cloudagent.did.tests.test_did_key_bls12381g1g2.TestDIDKey" name="test_bls12381g1g2_from_public_key_b58" file="aries_cloudagent/did/tests/test_did_key_bls12381g1g2.py" line="38" time="0.004" /><testcase classname="aries_cloudagent.did.tests.test_did_key_bls12381g1g2.TestDIDKey" name="test_bls12381g1g2_properties" file="aries_cloudagent/did/tests/test_did_key_bls12381g1g2.py" line="54" time="0.006" /><testcase classname="aries_cloudagent.did.tests.test_did_key_bls12381g1g2.TestDIDKey" name="test_bls12381g1g2_resolver" file="aries_cloudagent/did/tests/test_did_key_bls12381g1g2.py" line="71" time="0.005" /><testcase classname="aries_cloudagent.did.tests.test_did_key_bls12381g2" name="ruff" file="aries_cloudagent/did/tests/test_did_key_bls12381g2.py" time="0.044" /><testcase classname="aries_cloudagent.did.tests.test_did_key_bls12381g2.TestDIDKey" name="test_bls12381g2_diddoc" file="aries_cloudagent/did/tests/test_did_key_bls12381g2.py" line="52" time="0.009" /><testcase classname="aries_cloudagent.did.tests.test_did_key_bls12381g2.TestDIDKey" name="test_bls12381g2_from_did" file="aries_cloudagent/did/tests/test_did_key_bls12381g2.py" line="36" time="0.002" /><testcase classname="aries_cloudagent.did.tests.test_did_key_bls12381g2.TestDIDKey" name="test_bls12381g2_from_fingerprint" file="aries_cloudagent/did/tests/test_did_key_bls12381g2.py" line="30" time="0.004" /><testcase classname="aries_cloudagent.did.tests.test_did_key_bls12381g2.TestDIDKey" name="test_bls12381g2_from_public_key" file="aries_cloudagent/did/tests/test_did_key_bls12381g2.py" line="19" time="0.002" /><testcase classname="aries_cloudagent.did.tests.test_did_key_bls12381g2.TestDIDKey" name="test_bls12381g2_from_public_key_b58" file="aries_cloudagent/did/tests/test_did_key_bls12381g2.py" line="25" time="0.002" /><testcase classname="aries_cloudagent.did.tests.test_did_key_bls12381g2.TestDIDKey" name="test_bls12381g2_properties" file="aries_cloudagent/did/tests/test_did_key_bls12381g2.py" line="41" time="0.008" /><testcase classname="aries_cloudagent.did.tests.test_did_key_bls12381g2.TestDIDKey" name="test_bls12381g2_resolver" file="aries_cloudagent/did/tests/test_did_key_bls12381g2.py" line="59" time="0.007" /><testcase classname="aries_cloudagent.did.tests.test_did_key_ed25519" name="ruff" file="aries_cloudagent/did/tests/test_did_key_ed25519.py" time="0.044" /><testcase classname="aries_cloudagent.did.tests.test_did_key_ed25519.TestDIDKey" name="test_ed25519_diddoc" file="aries_cloudagent/did/tests/test_did_key_ed25519.py" line="50" time="0.010" /><testcase classname="aries_cloudagent.did.tests.test_did_key_ed25519.TestDIDKey" name="test_ed25519_from_did" file="aries_cloudagent/did/tests/test_did_key_ed25519.py" line="34" time="0.004" /><testcase classname="aries_cloudagent.did.tests.test_did_key_ed25519.TestDIDKey" name="test_ed25519_from_fingerprint" file="aries_cloudagent/did/tests/test_did_key_ed25519.py" line="28" time="0.007" /><testcase classname="aries_cloudagent.did.tests.test_did_key_ed25519.TestDIDKey" name="test_ed25519_from_public_key" file="aries_cloudagent/did/tests/test_did_key_ed25519.py" line="17" time="0.006" /><testcase classname="aries_cloudagent.did.tests.test_did_key_ed25519.TestDIDKey" name="test_ed25519_from_public_key_b58" file="aries_cloudagent/did/tests/test_did_key_ed25519.py" line="23" time="0.003" /><testcase classname="aries_cloudagent.did.tests.test_did_key_ed25519.TestDIDKey" name="test_ed25519_properties" file="aries_cloudagent/did/tests/test_did_key_ed25519.py" line="39" time="0.004" /><testcase classname="aries_cloudagent.did.tests.test_did_key_ed25519.TestDIDKey" name="test_ed25519_resolver" file="aries_cloudagent/did/tests/test_did_key_ed25519.py" line="57" time="0.009" /><testcase classname="aries_cloudagent.did.tests.test_did_key_x25519" name="ruff" file="aries_cloudagent/did/tests/test_did_key_x25519.py" time="0.057" /><testcase classname="aries_cloudagent.did.tests.test_did_key_x25519.TestDIDKey" name="test_x25519_diddoc" file="aries_cloudagent/did/tests/test_did_key_x25519.py" line="48" time="0.006" /><testcase classname="aries_cloudagent.did.tests.test_did_key_x25519.TestDIDKey" name="test_x25519_from_did" file="aries_cloudagent/did/tests/test_did_key_x25519.py" line="32" time="0.003" /><testcase classname="aries_cloudagent.did.tests.test_did_key_x25519.TestDIDKey" name="test_x25519_from_fingerprint" file="aries_cloudagent/did/tests/test_did_key_x25519.py" line="26" time="0.005" /><testcase classname="aries_cloudagent.did.tests.test_did_key_x25519.TestDIDKey" name="test_x25519_from_public_key" file="aries_cloudagent/did/tests/test_did_key_x25519.py" line="15" time="0.003" /><testcase classname="aries_cloudagent.did.tests.test_did_key_x25519.TestDIDKey" name="test_x25519_from_public_key_b58" file="aries_cloudagent/did/tests/test_did_key_x25519.py" line="21" time="0.004" /><testcase classname="aries_cloudagent.did.tests.test_did_key_x25519.TestDIDKey" name="test_x25519_properties" file="aries_cloudagent/did/tests/test_did_key_x25519.py" line="37" time="0.002" /><testcase classname="aries_cloudagent.did.tests.test_did_key_x25519.TestDIDKey" name="test_x25519_resolver" file="aries_cloudagent/did/tests/test_did_key_x25519.py" line="55" time="0.007" /><testcase classname="aries_cloudagent.did.tests.test_dids" name="ruff" file="aries_cloudagent/did/tests/test_dids.py" time="0.048" /><testcase classname="aries_cloudagent.holder.__init__" name="ruff" file="aries_cloudagent/holder/__init__.py" time="0.046" /><testcase classname="aries_cloudagent.holder.routes" name="ruff" file="aries_cloudagent/holder/routes.py" time="0.041" /><testcase classname="aries_cloudagent.holder.tests.__init__" name="ruff" file="aries_cloudagent/holder/tests/__init__.py" time="0.039" /><testcase classname="aries_cloudagent.holder.tests.test_routes" name="ruff" file="aries_cloudagent/holder/tests/test_routes.py" time="0.048" /><testcase classname="aries_cloudagent.holder.tests.test_routes.TestHolderRoutes" name="test_attribute_mime_types_get" file="aries_cloudagent/holder/tests/test_routes.py" line="137" time="0.035" /><testcase classname="aries_cloudagent.holder.tests.test_routes.TestHolderRoutes" name="test_credentials_get" file="aries_cloudagent/holder/tests/test_routes.py" line="47" time="0.015" /><testcase classname="aries_cloudagent.holder.tests.test_routes.TestHolderRoutes" name="test_credentials_get_not_found" file="aries_cloudagent/holder/tests/test_routes.py" line="65" time="0.024" /><testcase classname="aries_cloudagent.holder.tests.test_routes.TestHolderRoutes" name="test_credentials_list" file="aries_cloudagent/holder/tests/test_routes.py" line="185" time="0.023" /><testcase classname="aries_cloudagent.holder.tests.test_routes.TestHolderRoutes" name="test_credentials_list_x_holder" file="aries_cloudagent/holder/tests/test_routes.py" line="201" time="0.023" /><testcase classname="aries_cloudagent.holder.tests.test_routes.TestHolderRoutes" name="test_credentials_not_found" file="aries_cloudagent/holder/tests/test_routes.py" line="102" time="0.267" /><testcase classname="aries_cloudagent.holder.tests.test_routes.TestHolderRoutes" name="test_credentials_remove" file="aries_cloudagent/holder/tests/test_routes.py" line="158" time="0.011" /><testcase classname="aries_cloudagent.holder.tests.test_routes.TestHolderRoutes" name="test_credentials_remove_not_found" file="aries_cloudagent/holder/tests/test_routes.py" line="172" time="0.012" /><testcase classname="aries_cloudagent.holder.tests.test_routes.TestHolderRoutes" name="test_credentials_revoked" file="aries_cloudagent/holder/tests/test_routes.py" line="79" time="0.204" /><testcase classname="aries_cloudagent.holder.tests.test_routes.TestHolderRoutes" name="test_credentials_revoked_no_ledger" file="aries_cloudagent/holder/tests/test_routes.py" line="96" time="0.010" /><testcase classname="aries_cloudagent.holder.tests.test_routes.TestHolderRoutes" name="test_credentials_x_ledger" file="aries_cloudagent/holder/tests/test_routes.py" line="119" time="0.377" /><testcase classname="aries_cloudagent.holder.tests.test_routes.TestHolderRoutes" name="test_post_process_routes" file="aries_cloudagent/holder/tests/test_routes.py" line="394" time="0.010" /><testcase classname="aries_cloudagent.holder.tests.test_routes.TestHolderRoutes" name="test_register" file="aries_cloudagent/holder/tests/test_routes.py" line="387" time="0.009" /><testcase classname="aries_cloudagent.holder.tests.test_routes.TestHolderRoutes" name="test_w3c_cred_get" file="aries_cloudagent/holder/tests/test_routes.py" line="215" time="0.020" /><testcase classname="aries_cloudagent.holder.tests.test_routes.TestHolderRoutes" name="test_w3c_cred_get_not_found_x" file="aries_cloudagent/holder/tests/test_routes.py" line="230" time="0.014" /><testcase classname="aries_cloudagent.holder.tests.test_routes.TestHolderRoutes" name="test_w3c_cred_get_storage_x" file="aries_cloudagent/holder/tests/test_routes.py" line="244" time="0.020" /><testcase classname="aries_cloudagent.holder.tests.test_routes.TestHolderRoutes" name="test_w3c_cred_remove" file="aries_cloudagent/holder/tests/test_routes.py" line="258" time="0.027" /><testcase classname="aries_cloudagent.holder.tests.test_routes.TestHolderRoutes" name="test_w3c_cred_remove_not_found_x" file="aries_cloudagent/holder/tests/test_routes.py" line="275" time="0.025" /><testcase classname="aries_cloudagent.holder.tests.test_routes.TestHolderRoutes" name="test_w3c_cred_remove_storage_x" file="aries_cloudagent/holder/tests/test_routes.py" line="289" time="0.017" /><testcase classname="aries_cloudagent.holder.tests.test_routes.TestHolderRoutes" name="test_w3c_creds_list" file="aries_cloudagent/holder/tests/test_routes.py" line="304" time="0.024" /><testcase classname="aries_cloudagent.holder.tests.test_routes.TestHolderRoutes" name="test_w3c_creds_list_not_found_x" file="aries_cloudagent/holder/tests/test_routes.py" line="333" time="0.022" /><testcase classname="aries_cloudagent.holder.tests.test_routes.TestHolderRoutes" name="test_w3c_creds_list_storage_x" file="aries_cloudagent/holder/tests/test_routes.py" line="361" time="0.028" /><testcase classname="aries_cloudagent.indy.__init__" name="ruff" file="aries_cloudagent/indy/__init__.py" time="0.044" /><testcase classname="aries_cloudagent.indy.holder" name="ruff" file="aries_cloudagent/indy/holder.py" time="0.043" /><testcase classname="aries_cloudagent.indy.issuer" name="ruff" file="aries_cloudagent/indy/issuer.py" time="0.043" /><testcase classname="aries_cloudagent.indy.util" name="ruff" file="aries_cloudagent/indy/util.py" time="0.042" /><testcase classname="aries_cloudagent.indy.verifier" name="ruff" file="aries_cloudagent/indy/verifier.py" time="0.046" /><testcase classname="aries_cloudagent.indy.credx.__init__" name="ruff" file="aries_cloudagent/indy/credx/__init__.py" time="0.037" /><testcase classname="aries_cloudagent.indy.credx.holder" name="ruff" file="aries_cloudagent/indy/credx/holder.py" time="0.057" /><testcase classname="aries_cloudagent.indy.credx.issuer" name="ruff" file="aries_cloudagent/indy/credx/issuer.py" time="0.048" /><testcase classname="aries_cloudagent.indy.credx.verifier" name="ruff" file="aries_cloudagent/indy/credx/verifier.py" time="0.041" /><testcase classname="aries_cloudagent.indy.credx.tests.__init__" name="ruff" file="aries_cloudagent/indy/credx/tests/__init__.py" time="0.051" /><testcase classname="aries_cloudagent.indy.credx.tests.test_cred_issuance" name="ruff" file="aries_cloudagent/indy/credx/tests/test_cred_issuance.py" time="0.045" /><testcase classname="aries_cloudagent.indy.credx.tests.test_cred_issuance.TestIndyCredxIssuance" name="test_issue_store_non_rev" file="aries_cloudagent/indy/credx/tests/test_cred_issuance.py" line="93" time="6.349" /><testcase classname="aries_cloudagent.indy.credx.tests.test_cred_issuance.TestIndyCredxIssuance" name="test_issue_store_rev" file="aries_cloudagent/indy/credx/tests/test_cred_issuance.py" line="194" time="4.871" /><testcase classname="aries_cloudagent.indy.models.__init__" name="ruff" file="aries_cloudagent/indy/models/__init__.py" time="0.038" /><testcase classname="aries_cloudagent.indy.models.cred" name="ruff" file="aries_cloudagent/indy/models/cred.py" time="0.053" /><testcase classname="aries_cloudagent.indy.models.cred_abstract" name="ruff" file="aries_cloudagent/indy/models/cred_abstract.py" time="0.044" /><testcase classname="aries_cloudagent.indy.models.cred_def" name="ruff" file="aries_cloudagent/indy/models/cred_def.py" time="0.049" /><testcase classname="aries_cloudagent.indy.models.cred_precis" name="ruff" file="aries_cloudagent/indy/models/cred_precis.py" time="0.051" /><testcase classname="aries_cloudagent.indy.models.cred_request" name="ruff" file="aries_cloudagent/indy/models/cred_request.py" time="0.038" /><testcase classname="aries_cloudagent.indy.models.non_rev_interval" name="ruff" file="aries_cloudagent/indy/models/non_rev_interval.py" time="0.047" /><testcase classname="aries_cloudagent.indy.models.predicate" name="ruff" file="aries_cloudagent/indy/models/predicate.py" time="0.042" /><testcase classname="aries_cloudagent.indy.models.pres_preview" name="ruff" file="aries_cloudagent/indy/models/pres_preview.py" time="0.043" /><testcase classname="aries_cloudagent.indy.models.proof" name="ruff" file="aries_cloudagent/indy/models/proof.py" time="0.054" /><testcase classname="aries_cloudagent.indy.models.proof_request" name="ruff" file="aries_cloudagent/indy/models/proof_request.py" time="0.050" /><testcase classname="aries_cloudagent.indy.models.requested_creds" name="ruff" file="aries_cloudagent/indy/models/requested_creds.py" time="0.053" /><testcase classname="aries_cloudagent.indy.models.revocation" name="ruff" file="aries_cloudagent/indy/models/revocation.py" time="0.050" /><testcase classname="aries_cloudagent.indy.models.schema" name="ruff" file="aries_cloudagent/indy/models/schema.py" time="0.047" /><testcase classname="aries_cloudagent.indy.models.xform" name="ruff" file="aries_cloudagent/indy/models/xform.py" time="0.043" /><testcase classname="aries_cloudagent.indy.models.tests.__init__" name="ruff" file="aries_cloudagent/indy/models/tests/__init__.py" time="0.062" /><testcase classname="aries_cloudagent.indy.models.tests.test_cred" name="ruff" file="aries_cloudagent/indy/models/tests/test_cred.py" time="0.037" /><testcase classname="aries_cloudagent.indy.models.tests.test_cred.TestIndyKeyCorrectnessProof" name="test_serde" file="aries_cloudagent/indy/models/tests/test_cred.py" line="35" time="0.009" /><testcase classname="aries_cloudagent.indy.models.tests.test_cred.TestIndyCredAbstract" name="test_serde" file="aries_cloudagent/indy/models/tests/test_cred.py" line="47" time="0.007" /><testcase classname="aries_cloudagent.indy.models.tests.test_cred.TestIndyCredRequest" name="test_serde" file="aries_cloudagent/indy/models/tests/test_cred.py" line="65" time="0.005" /><testcase classname="aries_cloudagent.indy.models.tests.test_cred.TestIndyAttrValue" name="test_serde" file="aries_cloudagent/indy/models/tests/test_cred.py" line="84" time="0.007" /><testcase classname="aries_cloudagent.indy.models.tests.test_cred.TestIndyCredential" name="test_serde" file="aries_cloudagent/indy/models/tests/test_cred.py" line="100" time="0.007" /><testcase classname="aries_cloudagent.indy.models.tests.test_cred_precis" name="ruff" file="aries_cloudagent/indy/models/tests/test_cred_precis.py" time="0.044" /><testcase classname="aries_cloudagent.indy.models.tests.test_cred_precis.TestCredInfo" name="test_serde" file="aries_cloudagent/indy/models/tests/test_cred_precis.py" line="28" time="0.016" /><testcase classname="aries_cloudagent.indy.models.tests.test_non_rev_interval" name="ruff" file="aries_cloudagent/indy/models/tests/test_non_rev_interval.py" time="0.038" /><testcase classname="aries_cloudagent.indy.models.tests.test_non_rev_interval.TestInterval" name="test_covers" file="aries_cloudagent/indy/models/tests/test_non_rev_interval.py" line="27" time="0.006" /><testcase classname="aries_cloudagent.indy.models.tests.test_non_rev_interval.TestInterval" name="test_serde" file="aries_cloudagent/indy/models/tests/test_non_rev_interval.py" line="16" time="0.010" /><testcase classname="aries_cloudagent.indy.models.tests.test_pred" name="ruff" file="aries_cloudagent/indy/models/tests/test_pred.py" time="0.044" /><testcase classname="aries_cloudagent.indy.models.tests.test_pred.TestPredicate" name="test_cmp" file="aries_cloudagent/indy/models/tests/test_pred.py" line="20" time="0.004" /><testcase classname="aries_cloudagent.indy.models.tests.test_pred.TestPredicate" name="test_get_monikers" file="aries_cloudagent/indy/models/tests/test_pred.py" line="8" time="0.004" /><testcase classname="aries_cloudagent.indy.models.tests.test_pres_preview" name="ruff" file="aries_cloudagent/indy/models/tests/test_pres_preview.py" time="0.052" /><testcase classname="aries_cloudagent.indy.models.tests.test_pres_preview.TestIndyPresAttrSpec" name="test_deserialize" file="aries_cloudagent/indy/models/tests/test_pres_preview.py" line="243" time="0.006" /><testcase classname="aries_cloudagent.indy.models.tests.test_pres_preview.TestIndyPresAttrSpec" name="test_eq" file="aries_cloudagent/indy/models/tests/test_pres_preview.py" line="210" time="0.004" /><testcase classname="aries_cloudagent.indy.models.tests.test_pres_preview.TestIndyPresAttrSpec" name="test_list_plain" file="aries_cloudagent/indy/models/tests/test_pres_preview.py" line="167" time="0.004" /><testcase classname="aries_cloudagent.indy.models.tests.test_pres_preview.TestIndyPresAttrSpec" name="test_list_plain_share_referent" file="aries_cloudagent/indy/models/tests/test_pres_preview.py" line="184" time="0.003" /><testcase classname="aries_cloudagent.indy.models.tests.test_pres_preview.TestIndyPresAttrSpec" name="test_posture" file="aries_cloudagent/indy/models/tests/test_pres_preview.py" line="152" time="0.003" /><testcase classname="aries_cloudagent.indy.models.tests.test_pres_preview.TestIndyPresAttrSpec" name="test_serialize" file="aries_cloudagent/indy/models/tests/test_pres_preview.py" line="270" time="0.004" /><testcase classname="aries_cloudagent.indy.models.tests.test_pres_preview.TestIndyPresPredSpec" name="test_deserialize" file="aries_cloudagent/indy/models/tests/test_pres_preview.py" line="292" time="0.004" /><testcase classname="aries_cloudagent.indy.models.tests.test_pres_preview.TestIndyPresPredSpec" name="test_eq" file="aries_cloudagent/indy/models/tests/test_pres_preview.py" line="318" time="0.002" /><testcase classname="aries_cloudagent.indy.models.tests.test_pres_preview.TestIndyPresPredSpec" name="test_serialize" file="aries_cloudagent/indy/models/tests/test_pres_preview.py" line="307" time="0.005" /><testcase classname="aries_cloudagent.indy.models.tests.test_pres_preview.TestIndyPresPreviewAsync" name="test_satisfaction" file="aries_cloudagent/indy/models/tests/test_pres_preview.py" line="484" time="0.001"><skipped type="pytest.skip" message="test requires Indy support">/usr/src/app/conftest.py:206: test requires Indy support</skipped></testcase><testcase classname="aries_cloudagent.indy.models.tests.test_pres_preview.TestIndyPresPreviewAsync" name="test_to_indy_proof_request" file="aries_cloudagent/indy/models/tests/test_pres_preview.py" line="356" time="0.002"><skipped type="pytest.skip" message="test requires Indy support">/usr/src/app/conftest.py:206: test requires Indy support</skipped></testcase><testcase classname="aries_cloudagent.indy.models.tests.test_pres_preview.TestIndyPresPreviewAsync" name="test_to_indy_proof_request_attr_names" file="aries_cloudagent/indy/models/tests/test_pres_preview.py" line="366" time="0.002"><skipped type="pytest.skip" message="test requires Indy support">/usr/src/app/conftest.py:206: test requires Indy support</skipped></testcase><testcase classname="aries_cloudagent.indy.models.tests.test_pres_preview.TestIndyPresPreviewAsync" name="test_to_indy_proof_request_revo" file="aries_cloudagent/indy/models/tests/test_pres_preview.py" line="433" time="0.002"><skipped type="pytest.skip" message="test requires Indy support">/usr/src/app/conftest.py:206: test requires Indy support</skipped></testcase><testcase classname="aries_cloudagent.indy.models.tests.test_pres_preview.TestIndyPresPreviewAsync" name="test_to_indy_proof_request_revo_default_interval" file="aries_cloudagent/indy/models/tests/test_pres_preview.py" line="392" time="0.002"><skipped type="pytest.skip" message="test requires Indy support">/usr/src/app/conftest.py:206: test requires Indy support</skipped></testcase><testcase classname="aries_cloudagent.indy.models.tests.test_pres_preview.TestIndyPresPreviewAsync" name="test_to_indy_proof_request_self_attested" file="aries_cloudagent/indy/models/tests/test_pres_preview.py" line="376" time="0.001"><skipped type="pytest.skip" message="test requires Indy support">/usr/src/app/conftest.py:206: test requires Indy support</skipped></testcase><testcase classname="aries_cloudagent.indy.models.tests.test_pres_preview.TestIndyPresPreview" name="test_deserialize" file="aries_cloudagent/indy/models/tests/test_pres_preview.py" line="521" time="0.002"><skipped type="pytest.skip" message="test requires Indy support">/usr/src/app/conftest.py:206: test requires Indy support</skipped></testcase><testcase classname="aries_cloudagent.indy.models.tests.test_pres_preview.TestIndyPresPreview" name="test_eq" file="aries_cloudagent/indy/models/tests/test_pres_preview.py" line="580" time="0.001"><skipped type="pytest.skip" message="test requires Indy support">/usr/src/app/conftest.py:206: test requires Indy support</skipped></testcase><testcase classname="aries_cloudagent.indy.models.tests.test_pres_preview.TestIndyPresPreview" name="test_init" file="aries_cloudagent/indy/models/tests/test_pres_preview.py" line="509" time="0.002"><skipped type="pytest.skip" message="test requires Indy support">/usr/src/app/conftest.py:206: test requires Indy support</skipped></testcase><testcase classname="aries_cloudagent.indy.models.tests.test_pres_preview.TestIndyPresPreview" name="test_serialize" file="aries_cloudagent/indy/models/tests/test_pres_preview.py" line="551" time="0.001"><skipped type="pytest.skip" message="test requires Indy support">/usr/src/app/conftest.py:206: test requires Indy support</skipped></testcase><testcase classname="aries_cloudagent.indy.models.tests.test_pres_preview.TestIndyPresPreview" name="test_type" file="aries_cloudagent/indy/models/tests/test_pres_preview.py" line="517" time="0.003"><skipped type="pytest.skip" message="test requires Indy support">/usr/src/app/conftest.py:206: test requires Indy support</skipped></testcase><testcase classname="aries_cloudagent.indy.models.tests.test_proof" name="ruff" file="aries_cloudagent/indy/models/tests/test_proof.py" time="0.037" /><testcase classname="aries_cloudagent.indy.models.tests.test_proof.TestIndyProof" name="test_serde" file="aries_cloudagent/indy/models/tests/test_proof.py" line="206" time="0.041" /><testcase classname="aries_cloudagent.indy.models.tests.test_proof_request" name="ruff" file="aries_cloudagent/indy/models/tests/test_proof_request.py" time="0.054" /><testcase classname="aries_cloudagent.indy.models.tests.test_proof_request.TestIndyProofReq" name="test_serde" file="aries_cloudagent/indy/models/tests/test_proof_request.py" line="62" time="0.040" /><testcase classname="aries_cloudagent.indy.sdk.__init__" name="ruff" file="aries_cloudagent/indy/sdk/__init__.py" time="0.048" /><testcase classname="aries_cloudagent.indy.sdk.error" name="ruff" file="aries_cloudagent/indy/sdk/error.py" time="0.050" /><testcase classname="aries_cloudagent.indy.sdk.holder" name="ruff" file="aries_cloudagent/indy/sdk/holder.py" time="0.043" /><testcase classname="aries_cloudagent.indy.sdk.issuer" name="ruff" file="aries_cloudagent/indy/sdk/issuer.py" time="0.053" /><testcase classname="aries_cloudagent.indy.sdk.profile" name="ruff" file="aries_cloudagent/indy/sdk/profile.py" time="0.057" /><testcase classname="aries_cloudagent.indy.sdk.util" name="ruff" file="aries_cloudagent/indy/sdk/util.py" time="0.053" /><testcase classname="aries_cloudagent.indy.sdk.verifier" name="ruff" file="aries_cloudagent/indy/sdk/verifier.py" time="0.048" /><testcase classname="aries_cloudagent.indy.sdk.wallet_plugin" name="ruff" file="aries_cloudagent/indy/sdk/wallet_plugin.py" time="0.046" /><testcase classname="aries_cloudagent.indy.sdk.wallet_setup" name="ruff" file="aries_cloudagent/indy/sdk/wallet_setup.py" time="0.049" /><testcase classname="aries_cloudagent.indy.sdk.tests.__init__" name="ruff" file="aries_cloudagent/indy/sdk/tests/__init__.py" time="0.054" /><testcase classname="aries_cloudagent.indy.sdk.tests.test_holder" name="ruff" file="aries_cloudagent/indy/sdk/tests/test_holder.py" time="0.045" /><testcase classname="aries_cloudagent.indy.sdk.tests.test_holder.TestIndySdkHolder" name="test_create_credential_request" file="aries_cloudagent/indy/sdk/tests/test_holder.py" line="34" time="0.001"><skipped type="pytest.skip" message="test requires Indy support">/usr/src/app/conftest.py:206: test requires Indy support</skipped></testcase><testcase classname="aries_cloudagent.indy.sdk.tests.test_holder.TestIndySdkHolder" name="test_create_presentation" file="aries_cloudagent/indy/sdk/tests/test_holder.py" line="460" time="0.001"><skipped type="pytest.skip" message="test requires Indy support">/usr/src/app/conftest.py:206: test requires Indy support</skipped></testcase><testcase classname="aries_cloudagent.indy.sdk.tests.test_holder.TestIndySdkHolder" name="test_create_presentation_restr_attr_mismatch_x" file="aries_cloudagent/indy/sdk/tests/test_holder.py" line="506" time="0.003"><skipped type="pytest.skip" message="test requires Indy support">/usr/src/app/conftest.py:206: test requires Indy support</skipped></testcase><testcase classname="aries_cloudagent.indy.sdk.tests.test_holder.TestIndySdkHolder" name="test_create_revocation_state" file="aries_cloudagent/indy/sdk/tests/test_holder.py" line="571" time="0.001"><skipped type="pytest.skip" message="test requires Indy support">/usr/src/app/conftest.py:206: test requires Indy support</skipped></testcase><testcase classname="aries_cloudagent.indy.sdk.tests.test_holder.TestIndySdkHolder" name="test_credential_revoked" file="aries_cloudagent/indy/sdk/tests/test_holder.py" line="345" time="0.001"><skipped type="pytest.skip" message="test requires Indy support">/usr/src/app/conftest.py:206: test requires Indy support</skipped></testcase><testcase classname="aries_cloudagent.indy.sdk.tests.test_holder.TestIndySdkHolder" name="test_delete_credential" file="aries_cloudagent/indy/sdk/tests/test_holder.py" line="409" time="0.001"><skipped type="pytest.skip" message="test requires Indy support">/usr/src/app/conftest.py:206: test requires Indy support</skipped></testcase><testcase classname="aries_cloudagent.indy.sdk.tests.test_holder.TestIndySdkHolder" name="test_delete_credential_x" file="aries_cloudagent/indy/sdk/tests/test_holder.py" line="433" time="0.001"><skipped type="pytest.skip" message="test requires Indy support">/usr/src/app/conftest.py:206: test requires Indy support</skipped></testcase><testcase classname="aries_cloudagent.indy.sdk.tests.test_holder.TestIndySdkHolder" name="test_get_credential" file="aries_cloudagent/indy/sdk/tests/test_holder.py" line="324" time="0.001"><skipped type="pytest.skip" message="test requires Indy support">/usr/src/app/conftest.py:206: test requires Indy support</skipped></testcase><testcase classname="aries_cloudagent.indy.sdk.tests.test_holder.TestIndySdkHolder" name="test_get_credential_attr_mime_type" file="aries_cloudagent/indy/sdk/tests/test_holder.py" line="125" time="0.001"><skipped type="pytest.skip" message="test requires Indy support">/usr/src/app/conftest.py:206: test requires Indy support</skipped></testcase><testcase classname="aries_cloudagent.indy.sdk.tests.test_holder.TestIndySdkHolder" name="test_get_credential_attr_mime_type_x" file="aries_cloudagent/indy/sdk/tests/test_holder.py" line="150" time="0.002"><skipped type="pytest.skip" message="test requires Indy support">/usr/src/app/conftest.py:206: test requires Indy support</skipped></testcase><testcase classname="aries_cloudagent.indy.sdk.tests.test_holder.TestIndySdkHolder" name="test_get_credential_attrs_mime_types" file="aries_cloudagent/indy/sdk/tests/test_holder.py" line="100" time="0.003"><skipped type="pytest.skip" message="test requires Indy support">/usr/src/app/conftest.py:206: test requires Indy support</skipped></testcase><testcase classname="aries_cloudagent.indy.sdk.tests.test_holder.TestIndySdkHolder" name="test_get_credential_not_found" file="aries_cloudagent/indy/sdk/tests/test_holder.py" line="332" time="0.001"><skipped type="pytest.skip" message="test requires Indy support">/usr/src/app/conftest.py:206: test requires Indy support</skipped></testcase><testcase classname="aries_cloudagent.indy.sdk.tests.test_holder.TestIndySdkHolder" name="test_get_credential_x" file="aries_cloudagent/indy/sdk/tests/test_holder.py" line="338" time="0.001"><skipped type="pytest.skip" message="test requires Indy support">/usr/src/app/conftest.py:206: test requires Indy support</skipped></testcase><testcase classname="aries_cloudagent.indy.sdk.tests.test_holder.TestIndySdkHolder" name="test_get_credentials" file="aries_cloudagent/indy/sdk/tests/test_holder.py" line="164" time="0.001"><skipped type="pytest.skip" message="test requires Indy support">/usr/src/app/conftest.py:206: test requires Indy support</skipped></testcase><testcase classname="aries_cloudagent.indy.sdk.tests.test_holder.TestIndySdkHolder" name="test_get_credentials_for_presentation_request_by_referent_default_refts" file="aries_cloudagent/indy/sdk/tests/test_holder.py" line="289" time="0.001"><skipped type="pytest.skip" message="test requires Indy support">/usr/src/app/conftest.py:206: test requires Indy support</skipped></testcase><testcase classname="aries_cloudagent.indy.sdk.tests.test_holder.TestIndySdkHolder" name="test_get_credentials_for_presentation_request_by_reft" file="aries_cloudagent/indy/sdk/tests/test_holder.py" line="209" time="0.003"><skipped type="pytest.skip" message="test requires Indy support">/usr/src/app/conftest.py:206: test requires Indy support</skipped></testcase><testcase classname="aries_cloudagent.indy.sdk.tests.test_holder.TestIndySdkHolder" name="test_get_credentials_seek" file="aries_cloudagent/indy/sdk/tests/test_holder.py" line="194" time="0.001"><skipped type="pytest.skip" message="test requires Indy support">/usr/src/app/conftest.py:206: test requires Indy support</skipped></testcase><testcase classname="aries_cloudagent.indy.sdk.tests.test_holder.TestIndySdkHolder" name="test_store_credential" file="aries_cloudagent/indy/sdk/tests/test_holder.py" line="52" time="0.002"><skipped type="pytest.skip" message="test requires Indy support">/usr/src/app/conftest.py:206: test requires Indy support</skipped></testcase><testcase classname="aries_cloudagent.indy.sdk.tests.test_holder.TestIndySdkHolder" name="test_store_credential_with_mime_types" file="aries_cloudagent/indy/sdk/tests/test_holder.py" line="71" time="0.002"><skipped type="pytest.skip" message="test requires Indy support">/usr/src/app/conftest.py:206: test requires Indy support</skipped></testcase><testcase classname="aries_cloudagent.indy.sdk.tests.test_issuer" name="ruff" file="aries_cloudagent/indy/sdk/tests/test_issuer.py" time="0.049" /><testcase classname="aries_cloudagent.indy.sdk.tests.test_issuer.TestIndySdkIssuer" name="test_create_and_store_revocation_registry" file="aries_cloudagent/indy/sdk/tests/test_issuer.py" line="375" time="0.002"><skipped type="pytest.skip" message="test requires Indy support">/usr/src/app/conftest.py:206: test requires Indy support</skipped></testcase><testcase classname="aries_cloudagent.indy.sdk.tests.test_issuer.TestIndySdkIssuer" name="test_create_credential_offer" file="aries_cloudagent/indy/sdk/tests/test_issuer.py" line="116" time="0.003"><skipped type="pytest.skip" message="test requires Indy support">/usr/src/app/conftest.py:206: test requires Indy support</skipped></testcase><testcase classname="aries_cloudagent.indy.sdk.tests.test_issuer.TestIndySdkIssuer" name="test_create_credential_rr_full" file="aries_cloudagent/indy/sdk/tests/test_issuer.py" line="312" time="0.002"><skipped type="pytest.skip" message="test requires Indy support">/usr/src/app/conftest.py:206: test requires Indy support</skipped></testcase><testcase classname="aries_cloudagent.indy.sdk.tests.test_issuer.TestIndySdkIssuer" name="test_create_credential_x_indy" file="aries_cloudagent/indy/sdk/tests/test_issuer.py" line="343" time="0.001"><skipped type="pytest.skip" message="test requires Indy support">/usr/src/app/conftest.py:206: test requires Indy support</skipped></testcase><testcase classname="aries_cloudagent.indy.sdk.tests.test_issuer.TestIndySdkIssuer" name="test_create_revoke_credentials" file="aries_cloudagent/indy/sdk/tests/test_issuer.py" line="129" time="0.001"><skipped type="pytest.skip" message="test requires Indy support">/usr/src/app/conftest.py:206: test requires Indy support</skipped></testcase><testcase classname="aries_cloudagent.indy.sdk.tests.test_issuer.TestIndySdkIssuer" name="test_create_revoke_credentials_x" file="aries_cloudagent/indy/sdk/tests/test_issuer.py" line="214" time="0.001"><skipped type="pytest.skip" message="test requires Indy support">/usr/src/app/conftest.py:206: test requires Indy support</skipped></testcase><testcase classname="aries_cloudagent.indy.sdk.tests.test_issuer.TestIndySdkIssuer" name="test_credential_definition_in_wallet" file="aries_cloudagent/indy/sdk/tests/test_issuer.py" line="96" time="0.002"><skipped type="pytest.skip" message="test requires Indy support">/usr/src/app/conftest.py:206: test requires Indy support</skipped></testcase><testcase classname="aries_cloudagent.indy.sdk.tests.test_issuer.TestIndySdkIssuer" name="test_credential_definition_in_wallet_no" file="aries_cloudagent/indy/sdk/tests/test_issuer.py" line="101" time="0.002"><skipped type="pytest.skip" message="test requires Indy support">/usr/src/app/conftest.py:206: test requires Indy support</skipped></testcase><testcase classname="aries_cloudagent.indy.sdk.tests.test_issuer.TestIndySdkIssuer" name="test_credential_definition_in_wallet_x" file="aries_cloudagent/indy/sdk/tests/test_issuer.py" line="108" time="0.003"><skipped type="pytest.skip" message="test requires Indy support">/usr/src/app/conftest.py:206: test requires Indy support</skipped></testcase><testcase classname="aries_cloudagent.indy.sdk.tests.test_issuer.TestIndySdkIssuer" name="test_merge_revocation_registry_deltas" file="aries_cloudagent/indy/sdk/tests/test_issuer.py" line="390" time="0.002"><skipped type="pytest.skip" message="test requires Indy support">/usr/src/app/conftest.py:206: test requires Indy support</skipped></testcase><testcase classname="aries_cloudagent.indy.sdk.tests.test_issuer.TestIndySdkIssuer" name="test_repr" file="aries_cloudagent/indy/sdk/tests/test_issuer.py" line="61" time="0.001"><skipped type="pytest.skip" message="test requires Indy support">/usr/src/app/conftest.py:206: test requires Indy support</skipped></testcase><testcase classname="aries_cloudagent.indy.sdk.tests.test_issuer.TestIndySdkIssuer" name="test_schema_cred_def" file="aries_cloudagent/indy/sdk/tests/test_issuer.py" line="64" time="0.001"><skipped type="pytest.skip" message="test requires Indy support">/usr/src/app/conftest.py:206: test requires Indy support</skipped></testcase><testcase classname="aries_cloudagent.indy.sdk.tests.test_profile" name="ruff" file="aries_cloudagent/indy/sdk/tests/test_profile.py" time="0.051" /><testcase classname="aries_cloudagent.indy.sdk.tests.test_profile" name="test_init_multi_ledger" file="aries_cloudagent/indy/sdk/tests/test_profile.py" line="38" time="0.024" /><testcase classname="aries_cloudagent.indy.sdk.tests.test_profile" name="test_properties" file="aries_cloudagent/indy/sdk/tests/test_profile.py" line="73" time="0.012" /><testcase classname="aries_cloudagent.indy.sdk.tests.test_profile" name="test_settings_genesis_transactions" file="aries_cloudagent/indy/sdk/tests/test_profile.py" line="93" time="0.007" /><testcase classname="aries_cloudagent.indy.sdk.tests.test_profile" name="test_settings_ledger_config" file="aries_cloudagent/indy/sdk/tests/test_profile.py" line="101" time="0.024" /><testcase classname="aries_cloudagent.indy.sdk.tests.test_profile" name="test_read_only" file="aries_cloudagent/indy/sdk/tests/test_profile.py" line="114" time="0.011" /><testcase classname="aries_cloudagent.indy.sdk.tests.test_profile" name="test_finalizer" file="aries_cloudagent/indy/sdk/tests/test_profile.py" line="120" time="0.017" /><testcase classname="aries_cloudagent.indy.sdk.tests.test_util" name="ruff" file="aries_cloudagent/indy/sdk/tests/test_util.py" time="0.055" /><testcase classname="aries_cloudagent.indy.sdk.tests.test_util.TestIndyUtils" name="test_nonce" file="aries_cloudagent/indy/sdk/tests/test_util.py" line="45" time="0.002"><skipped type="pytest.skip" message="test requires Indy support">/usr/src/app/conftest.py:206: test requires Indy support</skipped></testcase><testcase classname="aries_cloudagent.indy.sdk.tests.test_util.TestIndyUtils" name="test_tails_reader" file="aries_cloudagent/indy/sdk/tests/test_util.py" line="22" time="0.001"><skipped type="pytest.skip" message="test requires Indy support">/usr/src/app/conftest.py:206: test requires Indy support</skipped></testcase><testcase classname="aries_cloudagent.indy.sdk.tests.test_util.TestIndyUtils" name="test_tails_writer" file="aries_cloudagent/indy/sdk/tests/test_util.py" line="39" time="0.002"><skipped type="pytest.skip" message="test requires Indy support">/usr/src/app/conftest.py:206: test requires Indy support</skipped></testcase><testcase classname="aries_cloudagent.indy.sdk.tests.test_verifier" name="ruff" file="aries_cloudagent/indy/sdk/tests/test_verifier.py" time="0.056" /><testcase classname="aries_cloudagent.indy.sdk.tests.test_verifier.TestIndySdkVerifier" name="test_check_encoding_attr" file="aries_cloudagent/indy/sdk/tests/test_verifier.py" line="393" time="0.003"><skipped type="pytest.skip" message="test requires Indy support">/usr/src/app/conftest.py:206: test requires Indy support</skipped></testcase><testcase classname="aries_cloudagent.indy.sdk.tests.test_verifier.TestIndySdkVerifier" name="test_check_encoding_attr_tamper_encoded" file="aries_cloudagent/indy/sdk/tests/test_verifier.py" line="449" time="0.003"><skipped type="pytest.skip" message="test requires Indy support">/usr/src/app/conftest.py:206: test requires Indy support</skipped></testcase><testcase classname="aries_cloudagent.indy.sdk.tests.test_verifier.TestIndySdkVerifier" name="test_check_encoding_attr_tamper_raw" file="aries_cloudagent/indy/sdk/tests/test_verifier.py" line="421" time="0.001"><skipped type="pytest.skip" message="test requires Indy support">/usr/src/app/conftest.py:206: test requires Indy support</skipped></testcase><testcase classname="aries_cloudagent.indy.sdk.tests.test_verifier.TestIndySdkVerifier" name="test_check_pred_names" file="aries_cloudagent/indy/sdk/tests/test_verifier.py" line="477" time="0.002"><skipped type="pytest.skip" message="test requires Indy support">/usr/src/app/conftest.py:206: test requires Indy support</skipped></testcase><testcase classname="aries_cloudagent.indy.sdk.tests.test_verifier.TestIndySdkVerifier" name="test_check_pred_names_tamper_attr_groups" file="aries_cloudagent/indy/sdk/tests/test_verifier.py" line="571" time="0.003"><skipped type="pytest.skip" message="test requires Indy support">/usr/src/app/conftest.py:206: test requires Indy support</skipped></testcase><testcase classname="aries_cloudagent.indy.sdk.tests.test_verifier.TestIndySdkVerifier" name="test_check_pred_names_tamper_pred_req_attr" file="aries_cloudagent/indy/sdk/tests/test_verifier.py" line="542" time="0.013"><skipped type="pytest.skip" message="test requires Indy support">/usr/src/app/conftest.py:206: test requires Indy support</skipped></testcase><testcase classname="aries_cloudagent.indy.sdk.tests.test_verifier.TestIndySdkVerifier" name="test_check_pred_names_tamper_pred_value" file="aries_cloudagent/indy/sdk/tests/test_verifier.py" line="511" time="0.002"><skipped type="pytest.skip" message="test requires Indy support">/usr/src/app/conftest.py:206: test requires Indy support</skipped></testcase><testcase classname="aries_cloudagent.indy.sdk.tests.test_verifier.TestIndySdkVerifier" name="test_verify_presentation" file="aries_cloudagent/indy/sdk/tests/test_verifier.py" line="326" time="0.001"><skipped type="pytest.skip" message="test requires Indy support">/usr/src/app/conftest.py:206: test requires Indy support</skipped></testcase><testcase classname="aries_cloudagent.indy.sdk.tests.test_verifier.TestIndySdkVerifier" name="test_verify_presentation_x_indy" file="aries_cloudagent/indy/sdk/tests/test_verifier.py" line="361" time="0.001"><skipped type="pytest.skip" message="test requires Indy support">/usr/src/app/conftest.py:206: test requires Indy support</skipped></testcase><testcase classname="aries_cloudagent.indy.sdk.tests.test_wallet_plugin" name="ruff" file="aries_cloudagent/indy/sdk/tests/test_wallet_plugin.py" time="0.043" /><testcase classname="aries_cloudagent.indy.sdk.tests.test_wallet_plugin.TestWalletCrypto" name="test_file_ext" file="aries_cloudagent/indy/sdk/tests/test_wallet_plugin.py" line="11" time="0.015" /><testcase classname="aries_cloudagent.indy.sdk.tests.test_wallet_plugin.TestWalletCrypto" name="test_load_postgres_plugin" file="aries_cloudagent/indy/sdk/tests/test_wallet_plugin.py" line="14" time="0.018" /><testcase classname="aries_cloudagent.indy.sdk.tests.test_wallet_plugin.TestWalletCrypto" name="test_load_postgres_plugin_bad_json_x_exit" file="aries_cloudagent/indy/sdk/tests/test_wallet_plugin.py" line="110" time="0.012" /><testcase classname="aries_cloudagent.indy.sdk.tests.test_wallet_plugin.TestWalletCrypto" name="test_load_postgres_plugin_bad_json_x_raise" file="aries_cloudagent/indy/sdk/tests/test_wallet_plugin.py" line="93" time="0.017" /><testcase classname="aries_cloudagent.indy.sdk.tests.test_wallet_plugin.TestWalletCrypto" name="test_load_postgres_plugin_config_x_exit" file="aries_cloudagent/indy/sdk/tests/test_wallet_plugin.py" line="77" time="0.015" /><testcase classname="aries_cloudagent.indy.sdk.tests.test_wallet_plugin.TestWalletCrypto" name="test_load_postgres_plugin_config_x_raise" file="aries_cloudagent/indy/sdk/tests/test_wallet_plugin.py" line="60" time="0.018" /><testcase classname="aries_cloudagent.indy.sdk.tests.test_wallet_plugin.TestWalletCrypto" name="test_load_postgres_plugin_init_x_exit" file="aries_cloudagent/indy/sdk/tests/test_wallet_plugin.py" line="45" time="0.008" /><testcase classname="aries_cloudagent.indy.sdk.tests.test_wallet_plugin.TestWalletCrypto" name="test_load_postgres_plugin_init_x_raise" file="aries_cloudagent/indy/sdk/tests/test_wallet_plugin.py" line="29" time="0.014" /><testcase classname="aries_cloudagent.indy.tests.__init__" name="ruff" file="aries_cloudagent/indy/tests/__init__.py" time="0.045" /><testcase classname="aries_cloudagent.indy.tests.test_verifier" name="ruff" file="aries_cloudagent/indy/tests/test_verifier.py" time="0.063" /><testcase classname="aries_cloudagent.indy.tests.test_verifier.TestIndySdkVerifier" name="test_check_timestamps" file="aries_cloudagent/indy/tests/test_verifier.py" line="335" time="0.002"><skipped type="pytest.skip" message="test requires Indy support">/usr/src/app/conftest.py:206: test requires Indy support</skipped></testcase><testcase classname="aries_cloudagent.indy.tests.test_verifier.TestIndySdkVerifier" name="test_non_revoc_intervals" file="aries_cloudagent/indy/tests/test_verifier.py" line="552" time="0.001"><skipped type="pytest.skip" message="test requires Indy support">/usr/src/app/conftest.py:206: test requires Indy support</skipped></testcase><testcase classname="aries_cloudagent.indy.tests.test_verifier.TestIndySdkVerifier" name="test_pre_verify" file="aries_cloudagent/indy/tests/test_verifier.py" line="675" time="0.001"><skipped type="pytest.skip" message="test requires Indy support">/usr/src/app/conftest.py:206: test requires Indy support</skipped></testcase><testcase classname="aries_cloudagent.ledger.__init__" name="ruff" file="aries_cloudagent/ledger/__init__.py" time="0.052" /><testcase classname="aries_cloudagent.ledger.base" name="ruff" file="aries_cloudagent/ledger/base.py" time="0.047" /><testcase classname="aries_cloudagent.ledger.endpoint_type" name="ruff" file="aries_cloudagent/ledger/endpoint_type.py" time="0.038" /><testcase classname="aries_cloudagent.ledger.error" name="ruff" file="aries_cloudagent/ledger/error.py" time="0.056" /><testcase classname="aries_cloudagent.ledger.indy" name="ruff" file="aries_cloudagent/ledger/indy.py" time="0.060" /><testcase classname="aries_cloudagent.ledger.indy_vdr" name="ruff" file="aries_cloudagent/ledger/indy_vdr.py" time="0.056" /><testcase classname="aries_cloudagent.ledger.routes" name="ruff" file="aries_cloudagent/ledger/routes.py" time="0.047" /><testcase classname="aries_cloudagent.ledger.util" name="ruff" file="aries_cloudagent/ledger/util.py" time="0.042" /><testcase classname="aries_cloudagent.ledger.merkel_validation.__init__" name="ruff" file="aries_cloudagent/ledger/merkel_validation/__init__.py" time="0.054" /><testcase classname="aries_cloudagent.ledger.merkel_validation.constants" name="ruff" file="aries_cloudagent/ledger/merkel_validation/constants.py" time="0.045" /><testcase classname="aries_cloudagent.ledger.merkel_validation.domain_txn_handler" name="ruff" file="aries_cloudagent/ledger/merkel_validation/domain_txn_handler.py" time="0.053" /><testcase classname="aries_cloudagent.ledger.merkel_validation.hasher" name="ruff" file="aries_cloudagent/ledger/merkel_validation/hasher.py" time="0.052" /><testcase classname="aries_cloudagent.ledger.merkel_validation.merkel_verifier" name="ruff" file="aries_cloudagent/ledger/merkel_validation/merkel_verifier.py" time="0.045" /><testcase classname="aries_cloudagent.ledger.merkel_validation.trie" name="ruff" file="aries_cloudagent/ledger/merkel_validation/trie.py" time="0.053" /><testcase classname="aries_cloudagent.ledger.merkel_validation.utils" name="ruff" file="aries_cloudagent/ledger/merkel_validation/utils.py" time="0.046" /><testcase classname="aries_cloudagent.ledger.merkel_validation.tests.__init__" name="ruff" file="aries_cloudagent/ledger/merkel_validation/tests/__init__.py" time="0.057" /><testcase classname="aries_cloudagent.ledger.merkel_validation.tests.test_data" name="ruff" file="aries_cloudagent/ledger/merkel_validation/tests/test_data.py" time="0.064" /><testcase classname="aries_cloudagent.ledger.merkel_validation.tests.test_domain_txn_handler" name="ruff" file="aries_cloudagent/ledger/merkel_validation/tests/test_domain_txn_handler.py" time="0.043" /><testcase classname="aries_cloudagent.ledger.merkel_validation.tests.test_domain_txn_handler.TestDomainTxnHandler" name="test_decode_state_value" file="aries_cloudagent/ledger/merkel_validation/tests/test_domain_txn_handler.py" line="101" time="0.008" /><testcase classname="aries_cloudagent.ledger.merkel_validation.tests.test_domain_txn_handler.TestDomainTxnHandler" name="test_extract_attr_typed_value" file="aries_cloudagent/ledger/merkel_validation/tests/test_domain_txn_handler.py" line="79" time="0.002" /><testcase classname="aries_cloudagent.ledger.merkel_validation.tests.test_domain_txn_handler.TestDomainTxnHandler" name="test_extract_params_write_request" file="aries_cloudagent/ledger/merkel_validation/tests/test_domain_txn_handler.py" line="330" time="0.005" /><testcase classname="aries_cloudagent.ledger.merkel_validation.tests.test_domain_txn_handler.TestDomainTxnHandler" name="test_hash_of" file="aries_cloudagent/ledger/merkel_validation/tests/test_domain_txn_handler.py" line="112" time="0.002" /><testcase classname="aries_cloudagent.ledger.merkel_validation.tests.test_domain_txn_handler.TestDomainTxnHandler" name="test_make_state_path_for_attr" file="aries_cloudagent/ledger/merkel_validation/tests/test_domain_txn_handler.py" line="120" time="0.002" /><testcase classname="aries_cloudagent.ledger.merkel_validation.tests.test_domain_txn_handler.TestDomainTxnHandler" name="test_parse_attr_txn" file="aries_cloudagent/ledger/merkel_validation/tests/test_domain_txn_handler.py" line="93" time="0.002" /><testcase classname="aries_cloudagent.ledger.merkel_validation.tests.test_domain_txn_handler.TestDomainTxnHandler" name="test_prepare_attr_for_state" file="aries_cloudagent/ledger/merkel_validation/tests/test_domain_txn_handler.py" line="133" time="0.004" /><testcase classname="aries_cloudagent.ledger.merkel_validation.tests.test_domain_txn_handler.TestDomainTxnHandler" name="test_prepare_claim_def_for_state" file="aries_cloudagent/ledger/merkel_validation/tests/test_domain_txn_handler.py" line="230" time="0.002" /><testcase classname="aries_cloudagent.ledger.merkel_validation.tests.test_domain_txn_handler.TestDomainTxnHandler" name="test_prepare_get_claim_def_for_state" file="aries_cloudagent/ledger/merkel_validation/tests/test_domain_txn_handler.py" line="223" time="0.002" /><testcase classname="aries_cloudagent.ledger.merkel_validation.tests.test_domain_txn_handler.TestDomainTxnHandler" name="test_prepare_get_revoc_reg_entry_for_state" file="aries_cloudagent/ledger/merkel_validation/tests/test_domain_txn_handler.py" line="297" time="0.003" /><testcase classname="aries_cloudagent.ledger.merkel_validation.tests.test_domain_txn_handler.TestDomainTxnHandler" name="test_prepare_nym_for_state" file="aries_cloudagent/ledger/merkel_validation/tests/test_domain_txn_handler.py" line="166" time="0.002" /><testcase classname="aries_cloudagent.ledger.merkel_validation.tests.test_domain_txn_handler.TestDomainTxnHandler" name="test_prepare_revoc_def_for_state" file="aries_cloudagent/ledger/merkel_validation/tests/test_domain_txn_handler.py" line="251" time="0.003" /><testcase classname="aries_cloudagent.ledger.merkel_validation.tests.test_domain_txn_handler.TestDomainTxnHandler" name="test_prepare_revoc_reg_entry_accum_for_state" file="aries_cloudagent/ledger/merkel_validation/tests/test_domain_txn_handler.py" line="316" time="0.004" /><testcase classname="aries_cloudagent.ledger.merkel_validation.tests.test_domain_txn_handler.TestDomainTxnHandler" name="test_prepare_revoc_reg_entry_for_state" file="aries_cloudagent/ledger/merkel_validation/tests/test_domain_txn_handler.py" line="301" time="0.004" /><testcase classname="aries_cloudagent.ledger.merkel_validation.tests.test_domain_txn_handler.TestDomainTxnHandler" name="test_prepare_schema_for_state" file="aries_cloudagent/ledger/merkel_validation/tests/test_domain_txn_handler.py" line="179" time="0.003" /><testcase classname="aries_cloudagent.ledger.merkel_validation.tests.test_trie" name="ruff" file="aries_cloudagent/ledger/merkel_validation/tests/test_trie.py" time="0.049" /><testcase classname="aries_cloudagent.ledger.merkel_validation.tests.test_trie.TestSubTrie" name="test_get_blank_node" file="aries_cloudagent/ledger/merkel_validation/tests/test_trie.py" line="36" time="0.010" /><testcase classname="aries_cloudagent.ledger.merkel_validation.tests.test_trie.TestSubTrie" name="test_get_setter_root_hash" file="aries_cloudagent/ledger/merkel_validation/tests/test_trie.py" line="31" time="0.015" /><testcase classname="aries_cloudagent.ledger.merkel_validation.tests.test_trie.TestSubTrie" name="test_verify_spv_proof_catch_exception" file="aries_cloudagent/ledger/merkel_validation/tests/test_trie.py" line="39" time="0.022" /><testcase classname="aries_cloudagent.ledger.merkel_validation.tests.test_trie.TestMPTStateProofValidation" name="test_validate_get_attrib" file="aries_cloudagent/ledger/merkel_validation/tests/test_trie.py" line="53" time="0.013" /><testcase classname="aries_cloudagent.ledger.merkel_validation.tests.test_trie.TestMPTStateProofValidation" name="test_validate_get_claim_def" file="aries_cloudagent/ledger/merkel_validation/tests/test_trie.py" line="72" time="0.032" /><testcase classname="aries_cloudagent.ledger.merkel_validation.tests.test_trie.TestMPTStateProofValidation" name="test_validate_get_nym" file="aries_cloudagent/ledger/merkel_validation/tests/test_trie.py" line="46" time="0.015" /><testcase classname="aries_cloudagent.ledger.merkel_validation.tests.test_trie.TestMPTStateProofValidation" name="test_validate_get_revoc_reg" file="aries_cloudagent/ledger/merkel_validation/tests/test_trie.py" line="89" time="0.022" /><testcase classname="aries_cloudagent.ledger.merkel_validation.tests.test_trie.TestMPTStateProofValidation" name="test_validate_get_revoc_reg_def" file="aries_cloudagent/ledger/merkel_validation/tests/test_trie.py" line="101" time="0.023" /><testcase classname="aries_cloudagent.ledger.merkel_validation.tests.test_trie.TestMPTStateProofValidation" name="test_validate_get_revoc_reg_delta" file="aries_cloudagent/ledger/merkel_validation/tests/test_trie.py" line="113" time="0.024" /><testcase classname="aries_cloudagent.ledger.merkel_validation.tests.test_trie.TestMPTStateProofValidation" name="test_validate_get_schema" file="aries_cloudagent/ledger/merkel_validation/tests/test_trie.py" line="60" time="0.016" /><testcase classname="aries_cloudagent.ledger.merkel_validation.tests.test_trie.TestMerkleRootHashValidation" name="test_verify_leaf_inclusion_x" file="aries_cloudagent/ledger/merkel_validation/tests/test_trie.py" line="138" time="0.009" /><testcase classname="aries_cloudagent.ledger.merkel_validation.tests.test_utils" name="ruff" file="aries_cloudagent/ledger/merkel_validation/tests/test_utils.py" time="0.064" /><testcase classname="aries_cloudagent.ledger.merkel_validation.tests.test_utils.TestUtils" name="test_aschii_chr" file="aries_cloudagent/ledger/merkel_validation/tests/test_utils.py" line="15" time="0.004" /><testcase classname="aries_cloudagent.ledger.merkel_validation.tests.test_utils.TestUtils" name="test_encode_hex" file="aries_cloudagent/ledger/merkel_validation/tests/test_utils.py" line="10" time="0.003" /><testcase classname="aries_cloudagent.ledger.multiple_ledger.__init__" name="ruff" file="aries_cloudagent/ledger/multiple_ledger/__init__.py" time="0.040" /><testcase classname="aries_cloudagent.ledger.multiple_ledger.base_manager" name="ruff" file="aries_cloudagent/ledger/multiple_ledger/base_manager.py" time="0.053" /><testcase classname="aries_cloudagent.ledger.multiple_ledger.indy_manager" name="ruff" file="aries_cloudagent/ledger/multiple_ledger/indy_manager.py" time="0.046" /><testcase classname="aries_cloudagent.ledger.multiple_ledger.indy_vdr_manager" name="ruff" file="aries_cloudagent/ledger/multiple_ledger/indy_vdr_manager.py" time="0.043" /><testcase classname="aries_cloudagent.ledger.multiple_ledger.ledger_config_schema" name="ruff" file="aries_cloudagent/ledger/multiple_ledger/ledger_config_schema.py" time="0.047" /><testcase classname="aries_cloudagent.ledger.multiple_ledger.ledger_requests_executor" name="ruff" file="aries_cloudagent/ledger/multiple_ledger/ledger_requests_executor.py" time="0.044" /><testcase classname="aries_cloudagent.ledger.multiple_ledger.manager_provider" name="ruff" file="aries_cloudagent/ledger/multiple_ledger/manager_provider.py" time="0.040" /><testcase classname="aries_cloudagent.ledger.multiple_ledger.tests.__init__" name="ruff" file="aries_cloudagent/ledger/multiple_ledger/tests/__init__.py" time="0.041" /><testcase classname="aries_cloudagent.ledger.multiple_ledger.tests.test_indy_ledger_requests" name="ruff" file="aries_cloudagent/ledger/multiple_ledger/tests/test_indy_ledger_requests.py" time="0.052" /><testcase classname="aries_cloudagent.ledger.multiple_ledger.tests.test_indy_ledger_requests.TestIndyLedgerRequestsExecutor" name="test_get_ledger_for_identifier" file="aries_cloudagent/ledger/multiple_ledger/tests/test_indy_ledger_requests.py" line="46" time="0.039" /><testcase classname="aries_cloudagent.ledger.multiple_ledger.tests.test_indy_ledger_requests.TestIndyLedgerRequestsExecutor" name="test_get_ledger_for_identifier_is_digit" file="aries_cloudagent/ledger/multiple_ledger/tests/test_indy_ledger_requests.py" line="60" time="0.256" /><testcase classname="aries_cloudagent.ledger.multiple_ledger.tests.test_indy_ledger_requests.TestIndyLedgerRequestsExecutor" name="test_get_ledger_for_identifier_mult_ledger_not_cached" file="aries_cloudagent/ledger/multiple_ledger/tests/test_indy_ledger_requests.py" line="95" time="0.013" /><testcase classname="aries_cloudagent.ledger.multiple_ledger.tests.test_indy_ledger_requests.TestIndyLedgerRequestsExecutor" name="test_get_ledger_for_identifier_mult_ledger_not_set" file="aries_cloudagent/ledger/multiple_ledger/tests/test_indy_ledger_requests.py" line="86" time="0.012" /><testcase classname="aries_cloudagent.ledger.multiple_ledger.tests.test_indy_ledger_requests.TestIndyLedgerRequestsExecutor" name="test_get_ledger_for_identifier_x" file="aries_cloudagent/ledger/multiple_ledger/tests/test_indy_ledger_requests.py" line="67" time="0.017" /><testcase classname="aries_cloudagent.ledger.multiple_ledger.tests.test_indy_ledger_requests.TestIndyLedgerRequestsExecutor" name="test_get_ledger_inst" file="aries_cloudagent/ledger/multiple_ledger/tests/test_indy_ledger_requests.py" line="56" time="0.014" /><testcase classname="aries_cloudagent.ledger.multiple_ledger.tests.test_indy_manager" name="ruff" file="aries_cloudagent/ledger/multiple_ledger/tests/test_indy_manager.py" time="0.050" /><testcase classname="aries_cloudagent.ledger.multiple_ledger.tests.test_indy_manager.TestMultiIndyLedgerManager" name="test_extract_did_from_identifier" file="aries_cloudagent/ledger/multiple_ledger/tests/test_indy_manager.py" line="501" time="0.001"><skipped type="pytest.skip" message="test requires Indy support">/usr/src/app/conftest.py:206: test requires Indy support</skipped></testcase><testcase classname="aries_cloudagent.ledger.multiple_ledger.tests.test_indy_manager.TestMultiIndyLedgerManager" name="test_get_endorser_info_for_ledger" file="aries_cloudagent/ledger/multiple_ledger/tests/test_indy_manager.py" line="59" time="0.002"><skipped type="pytest.skip" message="test requires Indy support">/usr/src/app/conftest.py:206: test requires Indy support</skipped></testcase><testcase classname="aries_cloudagent.ledger.multiple_ledger.tests.test_indy_manager.TestMultiIndyLedgerManager" name="test_get_ledger_by_did_ledger_error" file="aries_cloudagent/ledger/multiple_ledger/tests/test_indy_manager.py" line="286" time="0.002"><skipped type="pytest.skip" message="test requires Indy support">/usr/src/app/conftest.py:206: test requires Indy support</skipped></testcase><testcase classname="aries_cloudagent.ledger.multiple_ledger.tests.test_indy_manager.TestMultiIndyLedgerManager" name="test_get_ledger_by_did_no_data" file="aries_cloudagent/ledger/multiple_ledger/tests/test_indy_manager.py" line="254" time="0.002"><skipped type="pytest.skip" message="test requires Indy support">/usr/src/app/conftest.py:206: test requires Indy support</skipped></testcase><testcase classname="aries_cloudagent.ledger.multiple_ledger.tests.test_indy_manager.TestMultiIndyLedgerManager" name="test_get_ledger_by_did_not_self_cert" file="aries_cloudagent/ledger/multiple_ledger/tests/test_indy_manager.py" line="197" time="0.002"><skipped type="pytest.skip" message="test requires Indy support">/usr/src/app/conftest.py:206: test requires Indy support</skipped></testcase><testcase classname="aries_cloudagent.ledger.multiple_ledger.tests.test_indy_manager.TestMultiIndyLedgerManager" name="test_get_ledger_by_did_not_self_cert_not_self_cert_non_prod" file="aries_cloudagent/ledger/multiple_ledger/tests/test_indy_manager.py" line="381" time="0.001"><skipped type="pytest.skip" message="test requires Indy support">/usr/src/app/conftest.py:206: test requires Indy support</skipped></testcase><testcase classname="aries_cloudagent.ledger.multiple_ledger.tests.test_indy_manager.TestMultiIndyLedgerManager" name="test_get_ledger_by_did_not_self_cert_not_self_cert_prod" file="aries_cloudagent/ledger/multiple_ledger/tests/test_indy_manager.py" line="321" time="0.001"><skipped type="pytest.skip" message="test requires Indy support">/usr/src/app/conftest.py:206: test requires Indy support</skipped></testcase><testcase classname="aries_cloudagent.ledger.multiple_ledger.tests.test_indy_manager.TestMultiIndyLedgerManager" name="test_get_ledger_by_did_self_cert_a" file="aries_cloudagent/ledger/multiple_ledger/tests/test_indy_manager.py" line="138" time="0.001"><skipped type="pytest.skip" message="test requires Indy support">/usr/src/app/conftest.py:206: test requires Indy support</skipped></testcase><testcase classname="aries_cloudagent.ledger.multiple_ledger.tests.test_indy_manager.TestMultiIndyLedgerManager" name="test_get_ledger_by_did_self_cert_b" file="aries_cloudagent/ledger/multiple_ledger/tests/test_indy_manager.py" line="162" time="0.001"><skipped type="pytest.skip" message="test requires Indy support">/usr/src/app/conftest.py:206: test requires Indy support</skipped></testcase><testcase classname="aries_cloudagent.ledger.multiple_ledger.tests.test_indy_manager.TestMultiIndyLedgerManager" name="test_get_ledger_by_did_state_proof_not_valid" file="aries_cloudagent/ledger/multiple_ledger/tests/test_indy_manager.py" line="235" time="0.001"><skipped type="pytest.skip" message="test requires Indy support">/usr/src/app/conftest.py:206: test requires Indy support</skipped></testcase><testcase classname="aries_cloudagent.ledger.multiple_ledger.tests.test_indy_manager.TestMultiIndyLedgerManager" name="test_get_ledger_by_did_timeout" file="aries_cloudagent/ledger/multiple_ledger/tests/test_indy_manager.py" line="273" time="0.002"><skipped type="pytest.skip" message="test requires Indy support">/usr/src/app/conftest.py:206: test requires Indy support</skipped></testcase><testcase classname="aries_cloudagent.ledger.multiple_ledger.tests.test_indy_manager.TestMultiIndyLedgerManager" name="test_get_ledger_inst_by_id" file="aries_cloudagent/ledger/multiple_ledger/tests/test_indy_manager.py" line="130" time="0.001"><skipped type="pytest.skip" message="test requires Indy support">/usr/src/app/conftest.py:206: test requires Indy support</skipped></testcase><testcase classname="aries_cloudagent.ledger.multiple_ledger.tests.test_indy_manager.TestMultiIndyLedgerManager" name="test_get_non_production_ledgers" file="aries_cloudagent/ledger/multiple_ledger/tests/test_indy_manager.py" line="526" time="0.001"><skipped type="pytest.skip" message="test requires Indy support">/usr/src/app/conftest.py:206: test requires Indy support</skipped></testcase><testcase classname="aries_cloudagent.ledger.multiple_ledger.tests.test_indy_manager.TestMultiIndyLedgerManager" name="test_get_production_ledgers" file="aries_cloudagent/ledger/multiple_ledger/tests/test_indy_manager.py" line="523" time="0.002"><skipped type="pytest.skip" message="test requires Indy support">/usr/src/app/conftest.py:206: test requires Indy support</skipped></testcase><testcase classname="aries_cloudagent.ledger.multiple_ledger.tests.test_indy_manager.TestMultiIndyLedgerManager" name="test_get_write_ledger_from_base_ledger" file="aries_cloudagent/ledger/multiple_ledger/tests/test_indy_manager.py" line="92" time="0.003"><skipped type="pytest.skip" message="test requires Indy support">/usr/src/app/conftest.py:206: test requires Indy support</skipped></testcase><testcase classname="aries_cloudagent.ledger.multiple_ledger.tests.test_indy_manager.TestMultiIndyLedgerManager" name="test_get_write_ledgers" file="aries_cloudagent/ledger/multiple_ledger/tests/test_indy_manager.py" line="87" time="0.002"><skipped type="pytest.skip" message="test requires Indy support">/usr/src/app/conftest.py:206: test requires Indy support</skipped></testcase><testcase classname="aries_cloudagent.ledger.multiple_ledger.tests.test_indy_manager.TestMultiIndyLedgerManager" name="test_lookup_did_in_configured_ledgers_cached_non_prod_ledger" file="aries_cloudagent/ledger/multiple_ledger/tests/test_indy_manager.py" line="476" time="0.002"><skipped type="pytest.skip" message="test requires Indy support">/usr/src/app/conftest.py:206: test requires Indy support</skipped></testcase><testcase classname="aries_cloudagent.ledger.multiple_ledger.tests.test_indy_manager.TestMultiIndyLedgerManager" name="test_lookup_did_in_configured_ledgers_cached_prod_ledger" file="aries_cloudagent/ledger/multiple_ledger/tests/test_indy_manager.py" line="463" time="0.002"><skipped type="pytest.skip" message="test requires Indy support">/usr/src/app/conftest.py:206: test requires Indy support</skipped></testcase><testcase classname="aries_cloudagent.ledger.multiple_ledger.tests.test_indy_manager.TestMultiIndyLedgerManager" name="test_lookup_did_in_configured_ledgers_cached_x" file="aries_cloudagent/ledger/multiple_ledger/tests/test_indy_manager.py" line="491" time="0.001"><skipped type="pytest.skip" message="test requires Indy support">/usr/src/app/conftest.py:206: test requires Indy support</skipped></testcase><testcase classname="aries_cloudagent.ledger.multiple_ledger.tests.test_indy_manager.TestMultiIndyLedgerManager" name="test_lookup_did_in_configured_ledgers_prod_not_cached" file="aries_cloudagent/ledger/multiple_ledger/tests/test_indy_manager.py" line="441" time="0.001"><skipped type="pytest.skip" message="test requires Indy support">/usr/src/app/conftest.py:206: test requires Indy support</skipped></testcase><testcase classname="aries_cloudagent.ledger.multiple_ledger.tests.test_indy_manager.TestMultiIndyLedgerManager" name="test_lookup_did_in_configured_ledgers_self_cert_non_prod" file="aries_cloudagent/ledger/multiple_ledger/tests/test_indy_manager.py" line="348" time="0.002"><skipped type="pytest.skip" message="test requires Indy support">/usr/src/app/conftest.py:206: test requires Indy support</skipped></testcase><testcase classname="aries_cloudagent.ledger.multiple_ledger.tests.test_indy_manager.TestMultiIndyLedgerManager" name="test_lookup_did_in_configured_ledgers_self_cert_prod" file="aries_cloudagent/ledger/multiple_ledger/tests/test_indy_manager.py" line="299" time="0.001"><skipped type="pytest.skip" message="test requires Indy support">/usr/src/app/conftest.py:206: test requires Indy support</skipped></testcase><testcase classname="aries_cloudagent.ledger.multiple_ledger.tests.test_indy_manager.TestMultiIndyLedgerManager" name="test_lookup_did_in_configured_ledgers_x" file="aries_cloudagent/ledger/multiple_ledger/tests/test_indy_manager.py" line="419" time="0.001"><skipped type="pytest.skip" message="test requires Indy support">/usr/src/app/conftest.py:206: test requires Indy support</skipped></testcase><testcase classname="aries_cloudagent.ledger.multiple_ledger.tests.test_indy_manager.TestMultiIndyLedgerManager" name="test_set_profile_write_ledger" file="aries_cloudagent/ledger/multiple_ledger/tests/test_indy_manager.py" line="96" time="0.001"><skipped type="pytest.skip" message="test requires Indy support">/usr/src/app/conftest.py:206: test requires Indy support</skipped></testcase><testcase classname="aries_cloudagent.ledger.multiple_ledger.tests.test_indy_manager.TestMultiIndyLedgerManager" name="test_set_profile_write_ledger_x" file="aries_cloudagent/ledger/multiple_ledger/tests/test_indy_manager.py" line="122" time="0.001"><skipped type="pytest.skip" message="test requires Indy support">/usr/src/app/conftest.py:206: test requires Indy support</skipped></testcase><testcase classname="aries_cloudagent.ledger.multiple_ledger.tests.test_indy_vdr_manager" name="ruff" file="aries_cloudagent/ledger/multiple_ledger/tests/test_indy_vdr_manager.py" time="0.057" /><testcase classname="aries_cloudagent.ledger.multiple_ledger.tests.test_indy_vdr_manager.TestMultiIndyVDRLedgerManager" name="test_get_endorser_info_for_ledger" file="aries_cloudagent/ledger/multiple_ledger/tests/test_indy_vdr_manager.py" line="88" time="0.026" /><testcase classname="aries_cloudagent.ledger.multiple_ledger.tests.test_indy_vdr_manager.TestMultiIndyVDRLedgerManager" name="test_get_ledger_by_did_ledger_error" file="aries_cloudagent/ledger/multiple_ledger/tests/test_indy_vdr_manager.py" line="315" time="0.049" /><testcase classname="aries_cloudagent.ledger.multiple_ledger.tests.test_indy_vdr_manager.TestMultiIndyVDRLedgerManager" name="test_get_ledger_by_did_no_data" file="aries_cloudagent/ledger/multiple_ledger/tests/test_indy_vdr_manager.py" line="283" time="0.051" /><testcase classname="aries_cloudagent.ledger.multiple_ledger.tests.test_indy_vdr_manager.TestMultiIndyVDRLedgerManager" name="test_get_ledger_by_did_not_self_cert" file="aries_cloudagent/ledger/multiple_ledger/tests/test_indy_vdr_manager.py" line="226" time="0.039" /><testcase classname="aries_cloudagent.ledger.multiple_ledger.tests.test_indy_vdr_manager.TestMultiIndyVDRLedgerManager" name="test_get_ledger_by_did_not_self_cert_non_prod" file="aries_cloudagent/ledger/multiple_ledger/tests/test_indy_vdr_manager.py" line="410" time="0.047" /><testcase classname="aries_cloudagent.ledger.multiple_ledger.tests.test_indy_vdr_manager.TestMultiIndyVDRLedgerManager" name="test_get_ledger_by_did_not_self_cert_not_self_cert_prod" file="aries_cloudagent/ledger/multiple_ledger/tests/test_indy_vdr_manager.py" line="350" time="0.053" /><testcase classname="aries_cloudagent.ledger.multiple_ledger.tests.test_indy_vdr_manager.TestMultiIndyVDRLedgerManager" name="test_get_ledger_by_did_self_cert_a" file="aries_cloudagent/ledger/multiple_ledger/tests/test_indy_vdr_manager.py" line="167" time="0.061" /><testcase classname="aries_cloudagent.ledger.multiple_ledger.tests.test_indy_vdr_manager.TestMultiIndyVDRLedgerManager" name="test_get_ledger_by_did_self_cert_b" file="aries_cloudagent/ledger/multiple_ledger/tests/test_indy_vdr_manager.py" line="191" time="0.055" /><testcase classname="aries_cloudagent.ledger.multiple_ledger.tests.test_indy_vdr_manager.TestMultiIndyVDRLedgerManager" name="test_get_ledger_by_did_state_proof_not_valid" file="aries_cloudagent/ledger/multiple_ledger/tests/test_indy_vdr_manager.py" line="264" time="0.047" /><testcase classname="aries_cloudagent.ledger.multiple_ledger.tests.test_indy_vdr_manager.TestMultiIndyVDRLedgerManager" name="test_get_ledger_by_did_timeout" file="aries_cloudagent/ledger/multiple_ledger/tests/test_indy_vdr_manager.py" line="302" time="0.032" /><testcase classname="aries_cloudagent.ledger.multiple_ledger.tests.test_indy_vdr_manager.TestMultiIndyVDRLedgerManager" name="test_get_ledger_inst_by_id" file="aries_cloudagent/ledger/multiple_ledger/tests/test_indy_vdr_manager.py" line="159" time="0.019" /><testcase classname="aries_cloudagent.ledger.multiple_ledger.tests.test_indy_vdr_manager.TestMultiIndyVDRLedgerManager" name="test_get_non_production_ledgers" file="aries_cloudagent/ledger/multiple_ledger/tests/test_indy_vdr_manager.py" line="533" time="0.017" /><testcase classname="aries_cloudagent.ledger.multiple_ledger.tests.test_indy_vdr_manager.TestMultiIndyVDRLedgerManager" name="test_get_production_ledgers" file="aries_cloudagent/ledger/multiple_ledger/tests/test_indy_vdr_manager.py" line="530" time="0.029" /><testcase classname="aries_cloudagent.ledger.multiple_ledger.tests.test_indy_vdr_manager.TestMultiIndyVDRLedgerManager" name="test_get_write_ledger_from_base_ledger" file="aries_cloudagent/ledger/multiple_ledger/tests/test_indy_vdr_manager.py" line="121" time="0.019" /><testcase classname="aries_cloudagent.ledger.multiple_ledger.tests.test_indy_vdr_manager.TestMultiIndyVDRLedgerManager" name="test_get_write_ledgers" file="aries_cloudagent/ledger/multiple_ledger/tests/test_indy_vdr_manager.py" line="116" time="0.018" /><testcase classname="aries_cloudagent.ledger.multiple_ledger.tests.test_indy_vdr_manager.TestMultiIndyVDRLedgerManager" name="test_lookup_did_in_configured_ledgers_cached_non_prod_ledger" file="aries_cloudagent/ledger/multiple_ledger/tests/test_indy_vdr_manager.py" line="505" time="0.024" /><testcase classname="aries_cloudagent.ledger.multiple_ledger.tests.test_indy_vdr_manager.TestMultiIndyVDRLedgerManager" name="test_lookup_did_in_configured_ledgers_cached_prod_ledger" file="aries_cloudagent/ledger/multiple_ledger/tests/test_indy_vdr_manager.py" line="492" time="0.018" /><testcase classname="aries_cloudagent.ledger.multiple_ledger.tests.test_indy_vdr_manager.TestMultiIndyVDRLedgerManager" name="test_lookup_did_in_configured_ledgers_cached_x" file="aries_cloudagent/ledger/multiple_ledger/tests/test_indy_vdr_manager.py" line="520" time="0.032" /><testcase classname="aries_cloudagent.ledger.multiple_ledger.tests.test_indy_vdr_manager.TestMultiIndyVDRLedgerManager" name="test_lookup_did_in_configured_ledgers_prod_not_cached" file="aries_cloudagent/ledger/multiple_ledger/tests/test_indy_vdr_manager.py" line="470" time="0.079" /><testcase classname="aries_cloudagent.ledger.multiple_ledger.tests.test_indy_vdr_manager.TestMultiIndyVDRLedgerManager" name="test_lookup_did_in_configured_ledgers_self_cert_non_prod" file="aries_cloudagent/ledger/multiple_ledger/tests/test_indy_vdr_manager.py" line="377" time="0.060" /><testcase classname="aries_cloudagent.ledger.multiple_ledger.tests.test_indy_vdr_manager.TestMultiIndyVDRLedgerManager" name="test_lookup_did_in_configured_ledgers_self_cert_prod" file="aries_cloudagent/ledger/multiple_ledger/tests/test_indy_vdr_manager.py" line="328" time="0.053" /><testcase classname="aries_cloudagent.ledger.multiple_ledger.tests.test_indy_vdr_manager.TestMultiIndyVDRLedgerManager" name="test_lookup_did_in_configured_ledgers_x" file="aries_cloudagent/ledger/multiple_ledger/tests/test_indy_vdr_manager.py" line="448" time="0.053" /><testcase classname="aries_cloudagent.ledger.multiple_ledger.tests.test_indy_vdr_manager.TestMultiIndyVDRLedgerManager" name="test_set_profile_write_ledger" file="aries_cloudagent/ledger/multiple_ledger/tests/test_indy_vdr_manager.py" line="125" time="0.017" /><testcase classname="aries_cloudagent.ledger.multiple_ledger.tests.test_indy_vdr_manager.TestMultiIndyVDRLedgerManager" name="test_set_profile_write_ledger_x" file="aries_cloudagent/ledger/multiple_ledger/tests/test_indy_vdr_manager.py" line="151" time="0.022" /><testcase classname="aries_cloudagent.ledger.multiple_ledger.tests.test_manager_provider" name="ruff" file="aries_cloudagent/ledger/multiple_ledger/tests/test_manager_provider.py" time="0.043" /><testcase classname="aries_cloudagent.ledger.multiple_ledger.tests.test_manager_provider.TestMultiIndyLedgerManagerProvider" name="test_provide_askar_manager" file="aries_cloudagent/ledger/multiple_ledger/tests/test_manager_provider.py" line="92" time="0.026" /><testcase classname="aries_cloudagent.ledger.multiple_ledger.tests.test_manager_provider.TestMultiIndyLedgerManagerProvider" name="test_provide_indy_manager" file="aries_cloudagent/ledger/multiple_ledger/tests/test_manager_provider.py" line="68" time="0.001"><skipped type="pytest.skip" message="test requires Indy support">/usr/src/app/conftest.py:206: test requires Indy support</skipped></testcase><testcase classname="aries_cloudagent.ledger.multiple_ledger.tests.test_manager_provider.TestMultiIndyLedgerManagerProvider" name="test_provide_invalid_manager" file="aries_cloudagent/ledger/multiple_ledger/tests/test_manager_provider.py" line="60" time="0.012" /><testcase classname="aries_cloudagent.ledger.tests.__init__" name="ruff" file="aries_cloudagent/ledger/tests/__init__.py" time="0.045" /><testcase classname="aries_cloudagent.ledger.tests.test_endpoint_type" name="ruff" file="aries_cloudagent/ledger/tests/test_endpoint_type.py" time="0.048" /><testcase classname="aries_cloudagent.ledger.tests.test_endpoint_type.TestEndpointType" name="test_endpoint_type" file="aries_cloudagent/ledger/tests/test_endpoint_type.py" line="6" time="0.020" /><testcase classname="aries_cloudagent.ledger.tests.test_indy" name="ruff" file="aries_cloudagent/ledger/tests/test_indy.py" time="0.076" /><testcase classname="aries_cloudagent.ledger.tests.test_indy.TestIndySdkLedgerPoolProvider" name="test_provide" file="aries_cloudagent/ledger/tests/test_indy.py" line="49" time="0.002"><skipped type="pytest.skip" message="test requires Indy support">/usr/src/app/conftest.py:206: test requires Indy support</skipped></testcase><testcase classname="aries_cloudagent.ledger.tests.test_indy.TestIndySdkLedger" name="test_accept_and_get_latest_txn_author_agreement" file="aries_cloudagent/ledger/tests/test_indy.py" line="3378" time="0.001"><skipped type="pytest.skip" message="test requires Indy support">/usr/src/app/conftest.py:206: test requires Indy support</skipped></testcase><testcase classname="aries_cloudagent.ledger.tests.test_indy.TestIndySdkLedger" name="test_aenter_aexit" file="aries_cloudagent/ledger/tests/test_indy.py" line="175" time="0.002"><skipped type="pytest.skip" message="test requires Indy support">/usr/src/app/conftest.py:206: test requires Indy support</skipped></testcase><testcase classname="aries_cloudagent.ledger.tests.test_indy.TestIndySdkLedger" name="test_aenter_aexit_close_x" file="aries_cloudagent/ledger/tests/test_indy.py" line="230" time="0.021"><skipped type="pytest.skip" message="test requires Indy support">/usr/src/app/conftest.py:206: test requires Indy support</skipped></testcase><testcase classname="aries_cloudagent.ledger.tests.test_indy.TestIndySdkLedger" name="test_aenter_aexit_nested_keepalive" file="aries_cloudagent/ledger/tests/test_indy.py" line="198" time="0.002"><skipped type="pytest.skip" message="test requires Indy support">/usr/src/app/conftest.py:206: test requires Indy support</skipped></testcase><testcase classname="aries_cloudagent.ledger.tests.test_indy.TestIndySdkLedger" name="test_check_existing_schema" file="aries_cloudagent/ledger/tests/test_indy.py" line="873" time="0.002"><skipped type="pytest.skip" message="test requires Indy support">/usr/src/app/conftest.py:206: test requires Indy support</skipped></testcase><testcase classname="aries_cloudagent.ledger.tests.test_indy.TestIndySdkLedger" name="test_construct_attr_json_with_routing_keys" file="aries_cloudagent/ledger/tests/test_indy.py" line="2268" time="0.002"><skipped type="pytest.skip" message="test requires Indy support">/usr/src/app/conftest.py:206: test requires Indy support</skipped></testcase><testcase classname="aries_cloudagent.ledger.tests.test_indy.TestIndySdkLedger" name="test_construct_attr_json_with_routing_keys_all_exist_endpoints" file="aries_cloudagent/ledger/tests/test_indy.py" line="2288" time="0.001"><skipped type="pytest.skip" message="test requires Indy support">/usr/src/app/conftest.py:206: test requires Indy support</skipped></testcase><testcase classname="aries_cloudagent.ledger.tests.test_indy.TestIndySdkLedger" name="test_credential_definition_id2schema_id" file="aries_cloudagent/ledger/tests/test_indy.py" line="3452" time="0.001"><skipped type="pytest.skip" message="test requires Indy support">/usr/src/app/conftest.py:206: test requires Indy support</skipped></testcase><testcase classname="aries_cloudagent.ledger.tests.test_indy.TestIndySdkLedger" name="test_error_handler" file="aries_cloudagent/ledger/tests/test_indy.py" line="3484" time="0.001"><skipped type="pytest.skip" message="test requires Indy support">/usr/src/app/conftest.py:206: test requires Indy support</skipped></testcase><testcase classname="aries_cloudagent.ledger.tests.test_indy.TestIndySdkLedger" name="test_fetch_credential_definition_ledger_x" file="aries_cloudagent/ledger/tests/test_indy.py" line="1939" time="0.002"><skipped type="pytest.skip" message="test requires Indy support">/usr/src/app/conftest.py:206: test requires Indy support</skipped></testcase><testcase classname="aries_cloudagent.ledger.tests.test_indy.TestIndySdkLedger" name="test_get_all_endpoints_for_did" file="aries_cloudagent/ledger/tests/test_indy.py" line="2078" time="0.001"><skipped type="pytest.skip" message="test requires Indy support">/usr/src/app/conftest.py:206: test requires Indy support</skipped></testcase><testcase classname="aries_cloudagent.ledger.tests.test_indy.TestIndySdkLedger" name="test_get_all_endpoints_for_did_none" file="aries_cloudagent/ledger/tests/test_indy.py" line="2114" time="0.002"><skipped type="pytest.skip" message="test requires Indy support">/usr/src/app/conftest.py:206: test requires Indy support</skipped></testcase><testcase classname="aries_cloudagent.ledger.tests.test_indy.TestIndySdkLedger" name="test_get_credential_definition" file="aries_cloudagent/ledger/tests/test_indy.py" line="1846" time="0.001"><skipped type="pytest.skip" message="test requires Indy support">/usr/src/app/conftest.py:206: test requires Indy support</skipped></testcase><testcase classname="aries_cloudagent.ledger.tests.test_indy.TestIndySdkLedger" name="test_get_credential_definition_ledger_not_found" file="aries_cloudagent/ledger/tests/test_indy.py" line="1897" time="0.001"><skipped type="pytest.skip" message="test requires Indy support">/usr/src/app/conftest.py:206: test requires Indy support</skipped></testcase><testcase classname="aries_cloudagent.ledger.tests.test_indy.TestIndySdkLedger" name="test_get_endpoint_for_did" file="aries_cloudagent/ledger/tests/test_indy.py" line="2000" time="0.001"><skipped type="pytest.skip" message="test requires Indy support">/usr/src/app/conftest.py:206: test requires Indy support</skipped></testcase><testcase classname="aries_cloudagent.ledger.tests.test_indy.TestIndySdkLedger" name="test_get_endpoint_for_did_address_none" file="aries_cloudagent/ledger/tests/test_indy.py" line="2147" time="0.001"><skipped type="pytest.skip" message="test requires Indy support">/usr/src/app/conftest.py:206: test requires Indy support</skipped></testcase><testcase classname="aries_cloudagent.ledger.tests.test_indy.TestIndySdkLedger" name="test_get_endpoint_for_did_no_endpoint" file="aries_cloudagent/ledger/tests/test_indy.py" line="2180" time="0.001"><skipped type="pytest.skip" message="test requires Indy support">/usr/src/app/conftest.py:206: test requires Indy support</skipped></testcase><testcase classname="aries_cloudagent.ledger.tests.test_indy.TestIndySdkLedger" name="test_get_endpoint_of_type_profile_for_did" file="aries_cloudagent/ledger/tests/test_indy.py" line="2034" time="0.001"><skipped type="pytest.skip" message="test requires Indy support">/usr/src/app/conftest.py:206: test requires Indy support</skipped></testcase><testcase classname="aries_cloudagent.ledger.tests.test_indy.TestIndySdkLedger" name="test_get_key_for_did" file="aries_cloudagent/ledger/tests/test_indy.py" line="1970" time="0.001"><skipped type="pytest.skip" message="test requires Indy support">/usr/src/app/conftest.py:206: test requires Indy support</skipped></testcase><testcase classname="aries_cloudagent.ledger.tests.test_indy.TestIndySdkLedger" name="test_get_latest_txn_author_agreement_none" file="aries_cloudagent/ledger/tests/test_indy.py" line="3428" time="0.002"><skipped type="pytest.skip" message="test requires Indy support">/usr/src/app/conftest.py:206: test requires Indy support</skipped></testcase><testcase classname="aries_cloudagent.ledger.tests.test_indy.TestIndySdkLedger" name="test_get_nym_role" file="aries_cloudagent/ledger/tests/test_indy.py" line="2734" time="0.002"><skipped type="pytest.skip" message="test requires Indy support">/usr/src/app/conftest.py:206: test requires Indy support</skipped></testcase><testcase classname="aries_cloudagent.ledger.tests.test_indy.TestIndySdkLedger" name="test_get_nym_role_did_not_public_x" file="aries_cloudagent/ledger/tests/test_indy.py" line="2816" time="0.001"><skipped type="pytest.skip" message="test requires Indy support">/usr/src/app/conftest.py:206: test requires Indy support</skipped></testcase><testcase classname="aries_cloudagent.ledger.tests.test_indy.TestIndySdkLedger" name="test_get_nym_role_indy_x" file="aries_cloudagent/ledger/tests/test_indy.py" line="2794" time="0.001"><skipped type="pytest.skip" message="test requires Indy support">/usr/src/app/conftest.py:206: test requires Indy support</skipped></testcase><testcase classname="aries_cloudagent.ledger.tests.test_indy.TestIndySdkLedger" name="test_get_revoc_reg_def" file="aries_cloudagent/ledger/tests/test_indy.py" line="2966" time="0.001"><skipped type="pytest.skip" message="test requires Indy support">/usr/src/app/conftest.py:206: test requires Indy support</skipped></testcase><testcase classname="aries_cloudagent.ledger.tests.test_indy.TestIndySdkLedger" name="test_get_revoc_reg_def_indy_x" file="aries_cloudagent/ledger/tests/test_indy.py" line="2998" time="0.001"><skipped type="pytest.skip" message="test requires Indy support">/usr/src/app/conftest.py:206: test requires Indy support</skipped></testcase><testcase classname="aries_cloudagent.ledger.tests.test_indy.TestIndySdkLedger" name="test_get_revoc_reg_delta" file="aries_cloudagent/ledger/tests/test_indy.py" line="3085" time="0.001"><skipped type="pytest.skip" message="test requires Indy support">/usr/src/app/conftest.py:206: test requires Indy support</skipped></testcase><testcase classname="aries_cloudagent.ledger.tests.test_indy.TestIndySdkLedger" name="test_get_revoc_reg_entry" file="aries_cloudagent/ledger/tests/test_indy.py" line="3023" time="0.001"><skipped type="pytest.skip" message="test requires Indy support">/usr/src/app/conftest.py:206: test requires Indy support</skipped></testcase><testcase classname="aries_cloudagent.ledger.tests.test_indy.TestIndySdkLedger" name="test_get_revoc_reg_entry_x" file="aries_cloudagent/ledger/tests/test_indy.py" line="3055" time="0.001"><skipped type="pytest.skip" message="test requires Indy support">/usr/src/app/conftest.py:206: test requires Indy support</skipped></testcase><testcase classname="aries_cloudagent.ledger.tests.test_indy.TestIndySdkLedger" name="test_get_schema" file="aries_cloudagent/ledger/tests/test_indy.py" line="910" time="0.001"><skipped type="pytest.skip" message="test requires Indy support">/usr/src/app/conftest.py:206: test requires Indy support</skipped></testcase><testcase classname="aries_cloudagent.ledger.tests.test_indy.TestIndySdkLedger" name="test_get_schema_by_seq_no" file="aries_cloudagent/ledger/tests/test_indy.py" line="1001" time="0.001"><skipped type="pytest.skip" message="test requires Indy support">/usr/src/app/conftest.py:206: test requires Indy support</skipped></testcase><testcase classname="aries_cloudagent.ledger.tests.test_indy.TestIndySdkLedger" name="test_get_schema_by_wrong_seq_no" file="aries_cloudagent/ledger/tests/test_indy.py" line="1072" time="0.001"><skipped type="pytest.skip" message="test requires Indy support">/usr/src/app/conftest.py:206: test requires Indy support</skipped></testcase><testcase classname="aries_cloudagent.ledger.tests.test_indy.TestIndySdkLedger" name="test_get_schema_not_found" file="aries_cloudagent/ledger/tests/test_indy.py" line="962" time="0.001"><skipped type="pytest.skip" message="test requires Indy support">/usr/src/app/conftest.py:206: test requires Indy support</skipped></testcase><testcase classname="aries_cloudagent.ledger.tests.test_indy.TestIndySdkLedger" name="test_get_txn_author_agreement" file="aries_cloudagent/ledger/tests/test_indy.py" line="3321" time="0.001"><skipped type="pytest.skip" message="test requires Indy support">/usr/src/app/conftest.py:206: test requires Indy support</skipped></testcase><testcase classname="aries_cloudagent.ledger.tests.test_indy.TestIndySdkLedger" name="test_init" file="aries_cloudagent/ledger/tests/test_indy.py" line="82" time="0.001"><skipped type="pytest.skip" message="test requires Indy support">/usr/src/app/conftest.py:206: test requires Indy support</skipped></testcase><testcase classname="aries_cloudagent.ledger.tests.test_indy.TestIndySdkLedger" name="test_init_do_not_recreate" file="aries_cloudagent/ledger/tests/test_indy.py" line="139" time="0.002"><skipped type="pytest.skip" message="test requires Indy support">/usr/src/app/conftest.py:206: test requires Indy support</skipped></testcase><testcase classname="aries_cloudagent.ledger.tests.test_indy.TestIndySdkLedger" name="test_init_not_checked" file="aries_cloudagent/ledger/tests/test_indy.py" line="115" time="0.002"><skipped type="pytest.skip" message="test requires Indy support">/usr/src/app/conftest.py:206: test requires Indy support</skipped></testcase><testcase classname="aries_cloudagent.ledger.tests.test_indy.TestIndySdkLedger" name="test_init_recreate" file="aries_cloudagent/ledger/tests/test_indy.py" line="153" time="0.001"><skipped type="pytest.skip" message="test requires Indy support">/usr/src/app/conftest.py:206: test requires Indy support</skipped></testcase><testcase classname="aries_cloudagent.ledger.tests.test_indy.TestIndySdkLedger" name="test_register_nym" file="aries_cloudagent/ledger/tests/test_indy.py" line="2542" time="0.001"><skipped type="pytest.skip" message="test requires Indy support">/usr/src/app/conftest.py:206: test requires Indy support</skipped></testcase><testcase classname="aries_cloudagent.ledger.tests.test_indy.TestIndySdkLedger" name="test_register_nym_ledger_x" file="aries_cloudagent/ledger/tests/test_indy.py" line="2651" time="0.002"><skipped type="pytest.skip" message="test requires Indy support">/usr/src/app/conftest.py:206: test requires Indy support</skipped></testcase><testcase classname="aries_cloudagent.ledger.tests.test_indy.TestIndySdkLedger" name="test_register_nym_no_public_did" file="aries_cloudagent/ledger/tests/test_indy.py" line="2621" time="0.002"><skipped type="pytest.skip" message="test requires Indy support">/usr/src/app/conftest.py:206: test requires Indy support</skipped></testcase><testcase classname="aries_cloudagent.ledger.tests.test_indy.TestIndySdkLedger" name="test_register_nym_read_only" file="aries_cloudagent/ledger/tests/test_indy.py" line="2599" time="0.001"><skipped type="pytest.skip" message="test requires Indy support">/usr/src/app/conftest.py:206: test requires Indy support</skipped></testcase><testcase classname="aries_cloudagent.ledger.tests.test_indy.TestIndySdkLedger" name="test_register_nym_steward_register_others_did" file="aries_cloudagent/ledger/tests/test_indy.py" line="2685" time="0.001"><skipped type="pytest.skip" message="test requires Indy support">/usr/src/app/conftest.py:206: test requires Indy support</skipped></testcase><testcase classname="aries_cloudagent.ledger.tests.test_indy.TestIndySdkLedger" name="test_rotate_public_did_keypair" file="aries_cloudagent/ledger/tests/test_indy.py" line="2863" time="0.002"><skipped type="pytest.skip" message="test requires Indy support">/usr/src/app/conftest.py:206: test requires Indy support</skipped></testcase><testcase classname="aries_cloudagent.ledger.tests.test_indy.TestIndySdkLedger" name="test_rotate_public_did_keypair_corrupt_nym_txn" file="aries_cloudagent/ledger/tests/test_indy.py" line="2930" time="0.002"><skipped type="pytest.skip" message="test requires Indy support">/usr/src/app/conftest.py:206: test requires Indy support</skipped></testcase><testcase classname="aries_cloudagent.ledger.tests.test_indy.TestIndySdkLedger" name="test_rotate_public_did_keypair_no_nym" file="aries_cloudagent/ledger/tests/test_indy.py" line="2904" time="0.002"><skipped type="pytest.skip" message="test requires Indy support">/usr/src/app/conftest.py:206: test requires Indy support</skipped></testcase><testcase classname="aries_cloudagent.ledger.tests.test_indy.TestIndySdkLedger" name="test_send_credential_definition" file="aries_cloudagent/ledger/tests/test_indy.py" line="1120" time="0.001"><skipped type="pytest.skip" message="test requires Indy support">/usr/src/app/conftest.py:206: test requires Indy support</skipped></testcase><testcase classname="aries_cloudagent.ledger.tests.test_indy.TestIndySdkLedger" name="test_send_credential_definition_create_cred_def_exception" file="aries_cloudagent/ledger/tests/test_indy.py" line="1781" time="0.001"><skipped type="pytest.skip" message="test requires Indy support">/usr/src/app/conftest.py:206: test requires Indy support</skipped></testcase><testcase classname="aries_cloudagent.ledger.tests.test_indy.TestIndySdkLedger" name="test_send_credential_definition_cred_def_in_wallet_not_ledger" file="aries_cloudagent/ledger/tests/test_indy.py" line="1451" time="0.001"><skipped type="pytest.skip" message="test requires Indy support">/usr/src/app/conftest.py:206: test requires Indy support</skipped></testcase><testcase classname="aries_cloudagent.ledger.tests.test_indy.TestIndySdkLedger" name="test_send_credential_definition_cred_def_not_on_ledger_nor_wallet_send_x" file="aries_cloudagent/ledger/tests/test_indy.py" line="1547" time="0.001"><skipped type="pytest.skip" message="test requires Indy support">/usr/src/app/conftest.py:206: test requires Indy support</skipped></testcase><testcase classname="aries_cloudagent.ledger.tests.test_indy.TestIndySdkLedger" name="test_send_credential_definition_cred_def_not_on_ledger_wallet_check_x" file="aries_cloudagent/ledger/tests/test_indy.py" line="1497" time="0.001"><skipped type="pytest.skip" message="test requires Indy support">/usr/src/app/conftest.py:206: test requires Indy support</skipped></testcase><testcase classname="aries_cloudagent.ledger.tests.test_indy.TestIndySdkLedger" name="test_send_credential_definition_cred_def_on_ledger_not_in_wallet" file="aries_cloudagent/ledger/tests/test_indy.py" line="1651" time="0.002"><skipped type="pytest.skip" message="test requires Indy support">/usr/src/app/conftest.py:206: test requires Indy support</skipped></testcase><testcase classname="aries_cloudagent.ledger.tests.test_indy.TestIndySdkLedger" name="test_send_credential_definition_endorse_only" file="aries_cloudagent/ledger/tests/test_indy.py" line="1210" time="0.002"><skipped type="pytest.skip" message="test requires Indy support">/usr/src/app/conftest.py:206: test requires Indy support</skipped></testcase><testcase classname="aries_cloudagent.ledger.tests.test_indy.TestIndySdkLedger" name="test_send_credential_definition_exists_in_ledger_and_wallet" file="aries_cloudagent/ledger/tests/test_indy.py" line="1293" time="0.002"><skipped type="pytest.skip" message="test requires Indy support">/usr/src/app/conftest.py:206: test requires Indy support</skipped></testcase><testcase classname="aries_cloudagent.ledger.tests.test_indy.TestIndySdkLedger" name="test_send_credential_definition_no_such_schema" file="aries_cloudagent/ledger/tests/test_indy.py" line="1380" time="0.001"><skipped type="pytest.skip" message="test requires Indy support">/usr/src/app/conftest.py:206: test requires Indy support</skipped></testcase><testcase classname="aries_cloudagent.ledger.tests.test_indy.TestIndySdkLedger" name="test_send_credential_definition_offer_exception" file="aries_cloudagent/ledger/tests/test_indy.py" line="1407" time="0.001"><skipped type="pytest.skip" message="test requires Indy support">/usr/src/app/conftest.py:206: test requires Indy support</skipped></testcase><testcase classname="aries_cloudagent.ledger.tests.test_indy.TestIndySdkLedger" name="test_send_credential_definition_on_ledger_in_wallet" file="aries_cloudagent/ledger/tests/test_indy.py" line="1698" time="0.001"><skipped type="pytest.skip" message="test requires Indy support">/usr/src/app/conftest.py:206: test requires Indy support</skipped></testcase><testcase classname="aries_cloudagent.ledger.tests.test_indy.TestIndySdkLedger" name="test_send_credential_definition_read_only" file="aries_cloudagent/ledger/tests/test_indy.py" line="1598" time="0.001"><skipped type="pytest.skip" message="test requires Indy support">/usr/src/app/conftest.py:206: test requires Indy support</skipped></testcase><testcase classname="aries_cloudagent.ledger.tests.test_indy.TestIndySdkLedger" name="test_send_revoc_reg_def_local_did" file="aries_cloudagent/ledger/tests/test_indy.py" line="3148" time="0.001"><skipped type="pytest.skip" message="test requires Indy support">/usr/src/app/conftest.py:206: test requires Indy support</skipped></testcase><testcase classname="aries_cloudagent.ledger.tests.test_indy.TestIndySdkLedger" name="test_send_revoc_reg_def_public_did" file="aries_cloudagent/ledger/tests/test_indy.py" line="3117" time="0.002"><skipped type="pytest.skip" message="test requires Indy support">/usr/src/app/conftest.py:206: test requires Indy support</skipped></testcase><testcase classname="aries_cloudagent.ledger.tests.test_indy.TestIndySdkLedger" name="test_send_revoc_reg_def_x_no_did" file="aries_cloudagent/ledger/tests/test_indy.py" line="3179" time="0.002"><skipped type="pytest.skip" message="test requires Indy support">/usr/src/app/conftest.py:206: test requires Indy support</skipped></testcase><testcase classname="aries_cloudagent.ledger.tests.test_indy.TestIndySdkLedger" name="test_send_revoc_reg_entry_local_did" file="aries_cloudagent/ledger/tests/test_indy.py" line="3240" time="0.002"><skipped type="pytest.skip" message="test requires Indy support">/usr/src/app/conftest.py:206: test requires Indy support</skipped></testcase><testcase classname="aries_cloudagent.ledger.tests.test_indy.TestIndySdkLedger" name="test_send_revoc_reg_entry_public_did" file="aries_cloudagent/ledger/tests/test_indy.py" line="3207" time="0.004"><skipped type="pytest.skip" message="test requires Indy support">/usr/src/app/conftest.py:206: test requires Indy support</skipped></testcase><testcase classname="aries_cloudagent.ledger.tests.test_indy.TestIndySdkLedger" name="test_send_revoc_reg_entry_x_no_did" file="aries_cloudagent/ledger/tests/test_indy.py" line="3273" time="0.002"><skipped type="pytest.skip" message="test requires Indy support">/usr/src/app/conftest.py:206: test requires Indy support</skipped></testcase><testcase classname="aries_cloudagent.ledger.tests.test_indy.TestIndySdkLedger" name="test_send_schema" file="aries_cloudagent/ledger/tests/test_indy.py" line="522" time="0.002"><skipped type="pytest.skip" message="test requires Indy support">/usr/src/app/conftest.py:206: test requires Indy support</skipped></testcase><testcase classname="aries_cloudagent.ledger.tests.test_indy.TestIndySdkLedger" name="test_send_schema_already_exists" file="aries_cloudagent/ledger/tests/test_indy.py" line="608" time="0.003"><skipped type="pytest.skip" message="test requires Indy support">/usr/src/app/conftest.py:206: test requires Indy support</skipped></testcase><testcase classname="aries_cloudagent.ledger.tests.test_indy.TestIndySdkLedger" name="test_send_schema_issuer_error" file="aries_cloudagent/ledger/tests/test_indy.py" line="746" time="0.002"><skipped type="pytest.skip" message="test requires Indy support">/usr/src/app/conftest.py:206: test requires Indy support</skipped></testcase><testcase classname="aries_cloudagent.ledger.tests.test_indy.TestIndySdkLedger" name="test_send_schema_ledger_read_only" file="aries_cloudagent/ledger/tests/test_indy.py" line="709" time="0.003"><skipped type="pytest.skip" message="test requires Indy support">/usr/src/app/conftest.py:206: test requires Indy support</skipped></testcase><testcase classname="aries_cloudagent.ledger.tests.test_indy.TestIndySdkLedger" name="test_send_schema_ledger_transaction_error" file="aries_cloudagent/ledger/tests/test_indy.py" line="786" time="0.001"><skipped type="pytest.skip" message="test requires Indy support">/usr/src/app/conftest.py:206: test requires Indy support</skipped></testcase><testcase classname="aries_cloudagent.ledger.tests.test_indy.TestIndySdkLedger" name="test_send_schema_ledger_transaction_error_already_exists" file="aries_cloudagent/ledger/tests/test_indy.py" line="660" time="0.002"><skipped type="pytest.skip" message="test requires Indy support">/usr/src/app/conftest.py:206: test requires Indy support</skipped></testcase><testcase classname="aries_cloudagent.ledger.tests.test_indy.TestIndySdkLedger" name="test_send_schema_no_seq_no" file="aries_cloudagent/ledger/tests/test_indy.py" line="827" time="0.001"><skipped type="pytest.skip" message="test requires Indy support">/usr/src/app/conftest.py:206: test requires Indy support</skipped></testcase><testcase classname="aries_cloudagent.ledger.tests.test_indy.TestIndySdkLedger" name="test_submit_pool_closed" file="aries_cloudagent/ledger/tests/test_indy.py" line="251" time="0.001"><skipped type="pytest.skip" message="test requires Indy support">/usr/src/app/conftest.py:206: test requires Indy support</skipped></testcase><testcase classname="aries_cloudagent.ledger.tests.test_indy.TestIndySdkLedger" name="test_submit_rejected" file="aries_cloudagent/ledger/tests/test_indy.py" line="439" time="0.001"><skipped type="pytest.skip" message="test requires Indy support">/usr/src/app/conftest.py:206: test requires Indy support</skipped></testcase><testcase classname="aries_cloudagent.ledger.tests.test_indy.TestIndySdkLedger" name="test_submit_signed" file="aries_cloudagent/ledger/tests/test_indy.py" line="269" time="0.002"><skipped type="pytest.skip" message="test requires Indy support">/usr/src/app/conftest.py:206: test requires Indy support</skipped></testcase><testcase classname="aries_cloudagent.ledger.tests.test_indy.TestIndySdkLedger" name="test_submit_signed_taa_accept" file="aries_cloudagent/ledger/tests/test_indy.py" line="323" time="0.001"><skipped type="pytest.skip" message="test requires Indy support">/usr/src/app/conftest.py:206: test requires Indy support</skipped></testcase><testcase classname="aries_cloudagent.ledger.tests.test_indy.TestIndySdkLedger" name="test_submit_unsigned" file="aries_cloudagent/ledger/tests/test_indy.py" line="374" time="0.002"><skipped type="pytest.skip" message="test requires Indy support">/usr/src/app/conftest.py:206: test requires Indy support</skipped></testcase><testcase classname="aries_cloudagent.ledger.tests.test_indy.TestIndySdkLedger" name="test_submit_unsigned_ledger_transaction_error" file="aries_cloudagent/ledger/tests/test_indy.py" line="405" time="0.001"><skipped type="pytest.skip" message="test requires Indy support">/usr/src/app/conftest.py:206: test requires Indy support</skipped></testcase><testcase classname="aries_cloudagent.ledger.tests.test_indy.TestIndySdkLedger" name="test_taa_digest_bad_value" file="aries_cloudagent/ledger/tests/test_indy.py" line="3303" time="0.001"><skipped type="pytest.skip" message="test requires Indy support">/usr/src/app/conftest.py:206: test requires Indy support</skipped></testcase><testcase classname="aries_cloudagent.ledger.tests.test_indy.TestIndySdkLedger" name="test_txn_endorse" file="aries_cloudagent/ledger/tests/test_indy.py" line="485" time="0.001"><skipped type="pytest.skip" message="test requires Indy support">/usr/src/app/conftest.py:206: test requires Indy support</skipped></testcase><testcase classname="aries_cloudagent.ledger.tests.test_indy.TestIndySdkLedger" name="test_update_endpoint_for_did" file="aries_cloudagent/ledger/tests/test_indy.py" line="2211" time="0.002"><skipped type="pytest.skip" message="test requires Indy support">/usr/src/app/conftest.py:206: test requires Indy support</skipped></testcase><testcase classname="aries_cloudagent.ledger.tests.test_indy.TestIndySdkLedger" name="test_update_endpoint_for_did_calls_attr_json" file="aries_cloudagent/ledger/tests/test_indy.py" line="2312" time="0.002"><skipped type="pytest.skip" message="test requires Indy support">/usr/src/app/conftest.py:206: test requires Indy support</skipped></testcase><testcase classname="aries_cloudagent.ledger.tests.test_indy.TestIndySdkLedger" name="test_update_endpoint_for_did_duplicate" file="aries_cloudagent/ledger/tests/test_indy.py" line="2481" time="0.001"><skipped type="pytest.skip" message="test requires Indy support">/usr/src/app/conftest.py:206: test requires Indy support</skipped></testcase><testcase classname="aries_cloudagent.ledger.tests.test_indy.TestIndySdkLedger" name="test_update_endpoint_for_did_no_prior_endpoints" file="aries_cloudagent/ledger/tests/test_indy.py" line="2369" time="0.001"><skipped type="pytest.skip" message="test requires Indy support">/usr/src/app/conftest.py:206: test requires Indy support</skipped></testcase><testcase classname="aries_cloudagent.ledger.tests.test_indy.TestIndySdkLedger" name="test_update_endpoint_for_did_read_only" file="aries_cloudagent/ledger/tests/test_indy.py" line="2515" time="0.001"><skipped type="pytest.skip" message="test requires Indy support">/usr/src/app/conftest.py:206: test requires Indy support</skipped></testcase><testcase classname="aries_cloudagent.ledger.tests.test_indy.TestIndySdkLedger" name="test_update_endpoint_of_type_profile_for_did" file="aries_cloudagent/ledger/tests/test_indy.py" line="2416" time="0.001"><skipped type="pytest.skip" message="test requires Indy support">/usr/src/app/conftest.py:206: test requires Indy support</skipped></testcase><testcase classname="aries_cloudagent.ledger.tests.test_indy_vdr" name="ruff" file="aries_cloudagent/ledger/tests/test_indy_vdr.py" time="0.068" /><testcase classname="aries_cloudagent.ledger.tests.test_indy_vdr.TestIndyVdrLedger" name="test_aenter_aexit" file="aries_cloudagent/ledger/tests/test_indy_vdr.py" line="57" time="0.016" /><testcase classname="aries_cloudagent.ledger.tests.test_indy_vdr.TestIndyVdrLedger" name="test_submit_pool_closed" file="aries_cloudagent/ledger/tests/test_indy_vdr.py" line="66" time="0.011" /><testcase classname="aries_cloudagent.ledger.tests.test_indy_vdr.TestIndyVdrLedger" name="test_submit_signed" file="aries_cloudagent/ledger/tests/test_indy_vdr.py" line="71" time="0.024" /><testcase classname="aries_cloudagent.ledger.tests.test_indy_vdr.TestIndyVdrLedger" name="test_fetch_txn_author_agreement" file="aries_cloudagent/ledger/tests/test_indy_vdr.py" line="97" time="0.021" /><testcase classname="aries_cloudagent.ledger.tests.test_indy_vdr.TestIndyVdrLedger" name="test_submit_signed_taa_accept" file="aries_cloudagent/ledger/tests/test_indy_vdr.py" line="124" time="0.020" /><testcase classname="aries_cloudagent.ledger.tests.test_indy_vdr.TestIndyVdrLedger" name="test_submit_unsigned" file="aries_cloudagent/ledger/tests/test_indy_vdr.py" line="151" time="0.009" /><testcase classname="aries_cloudagent.ledger.tests.test_indy_vdr.TestIndyVdrLedger" name="test_submit_unsigned_ledger_transaction_error" file="aries_cloudagent/ledger/tests/test_indy_vdr.py" line="169" time="0.014" /><testcase classname="aries_cloudagent.ledger.tests.test_indy_vdr.TestIndyVdrLedger" name="test_txn_endorse" file="aries_cloudagent/ledger/tests/test_indy_vdr.py" line="181" time="0.013" /><testcase classname="aries_cloudagent.ledger.tests.test_indy_vdr.TestIndyVdrLedger" name="test_send_schema" file="aries_cloudagent/ledger/tests/test_indy_vdr.py" line="205" time="0.033" /><testcase classname="aries_cloudagent.ledger.tests.test_indy_vdr.TestIndyVdrLedger" name="test_send_schema_no_public_did" file="aries_cloudagent/ledger/tests/test_indy_vdr.py" line="257" time="0.012" /><testcase classname="aries_cloudagent.ledger.tests.test_indy_vdr.TestIndyVdrLedger" name="test_send_schema_already_exists" file="aries_cloudagent/ledger/tests/test_indy_vdr.py" line="269" time="0.023" /><testcase classname="aries_cloudagent.ledger.tests.test_indy_vdr.TestIndyVdrLedger" name="test_send_schema_ledger_read_only" file="aries_cloudagent/ledger/tests/test_indy_vdr.py" line="302" time="0.027" /><testcase classname="aries_cloudagent.ledger.tests.test_indy_vdr.TestIndyVdrLedger" name="test_send_schema_ledger_transaction_error" file="aries_cloudagent/ledger/tests/test_indy_vdr.py" line="334" time="0.030" /><testcase classname="aries_cloudagent.ledger.tests.test_indy_vdr.TestIndyVdrLedger" name="test_send_schema_no_indy_did" file="aries_cloudagent/ledger/tests/test_indy_vdr.py" line="363" time="0.018" /><testcase classname="aries_cloudagent.ledger.tests.test_indy_vdr.TestIndyVdrLedger" name="test_get_schema" file="aries_cloudagent/ledger/tests/test_indy_vdr.py" line="385" time="0.013" /><testcase classname="aries_cloudagent.ledger.tests.test_indy_vdr.TestIndyVdrLedger" name="test_get_schema_not_found" file="aries_cloudagent/ledger/tests/test_indy_vdr.py" line="411" time="0.023" /><testcase classname="aries_cloudagent.ledger.tests.test_indy_vdr.TestIndyVdrLedger" name="test_send_credential_definition" file="aries_cloudagent/ledger/tests/test_indy_vdr.py" line="421" time="0.030" /><testcase classname="aries_cloudagent.ledger.tests.test_indy_vdr.TestIndyVdrLedger" name="test_send_credential_definition_no_public_did" file="aries_cloudagent/ledger/tests/test_indy_vdr.py" line="477" time="0.014" /><testcase classname="aries_cloudagent.ledger.tests.test_indy_vdr.TestIndyVdrLedger" name="test_send_credential_definition_no_such_schema" file="aries_cloudagent/ledger/tests/test_indy_vdr.py" line="489" time="0.031" /><testcase classname="aries_cloudagent.ledger.tests.test_indy_vdr.TestIndyVdrLedger" name="test_send_credential_definition_read_only" file="aries_cloudagent/ledger/tests/test_indy_vdr.py" line="501" time="0.010" /><testcase classname="aries_cloudagent.ledger.tests.test_indy_vdr.TestIndyVdrLedger" name="test_get_credential_definition" file="aries_cloudagent/ledger/tests/test_indy_vdr.py" line="511" time="0.014" /><testcase classname="aries_cloudagent.ledger.tests.test_indy_vdr.TestIndyVdrLedger" name="test_get_credential_definition_not_found" file="aries_cloudagent/ledger/tests/test_indy_vdr.py" line="538" time="0.022" /><testcase classname="aries_cloudagent.ledger.tests.test_indy_vdr.TestIndyVdrLedger" name="test_get_key_for_did" file="aries_cloudagent/ledger/tests/test_indy_vdr.py" line="558" time="0.018" /><testcase classname="aries_cloudagent.ledger.tests.test_indy_vdr.TestIndyVdrLedger" name="test_get_key_for_did_non_sov_public_did" file="aries_cloudagent/ledger/tests/test_indy_vdr.py" line="570" time="0.015" /><testcase classname="aries_cloudagent.ledger.tests.test_indy_vdr.TestIndyVdrLedger" name="test_get_all_endpoints_for_did" file="aries_cloudagent/ledger/tests/test_indy_vdr.py" line="590" time="0.012" /><testcase classname="aries_cloudagent.ledger.tests.test_indy_vdr.TestIndyVdrLedger" name="test_get_all_endpoints_for_did_none" file="aries_cloudagent/ledger/tests/test_indy_vdr.py" line="602" time="0.015" /><testcase classname="aries_cloudagent.ledger.tests.test_indy_vdr.TestIndyVdrLedger" name="test_get_endpoint_for_did" file="aries_cloudagent/ledger/tests/test_indy_vdr.py" line="614" time="0.019" /><testcase classname="aries_cloudagent.ledger.tests.test_indy_vdr.TestIndyVdrLedger" name="test_get_endpoint_for_did_address_none" file="aries_cloudagent/ledger/tests/test_indy_vdr.py" line="628" time="0.015" /><testcase classname="aries_cloudagent.ledger.tests.test_indy_vdr.TestIndyVdrLedger" name="test_get_endpoint_for_did_empty" file="aries_cloudagent/ledger/tests/test_indy_vdr.py" line="642" time="0.014" /><testcase classname="aries_cloudagent.ledger.tests.test_indy_vdr.TestIndyVdrLedger" name="test_update_endpoint_for_did" file="aries_cloudagent/ledger/tests/test_indy_vdr.py" line="656" time="0.024" /><testcase classname="aries_cloudagent.ledger.tests.test_indy_vdr.TestIndyVdrLedger" name="test_construct_attr_json[all_exist_endpoints0-routing_keys0-result0]" file="aries_cloudagent/ledger/tests/test_indy_vdr.py" line="672" time="0.011" /><testcase classname="aries_cloudagent.ledger.tests.test_indy_vdr.TestIndyVdrLedger" name="test_construct_attr_json[all_exist_endpoints1-None-result1]" file="aries_cloudagent/ledger/tests/test_indy_vdr.py" line="672" time="0.011" /><testcase classname="aries_cloudagent.ledger.tests.test_indy_vdr.TestIndyVdrLedger" name="test_construct_attr_json[None-routing_keys2-result2]" file="aries_cloudagent/ledger/tests/test_indy_vdr.py" line="672" time="0.017" /><testcase classname="aries_cloudagent.ledger.tests.test_indy_vdr.TestIndyVdrLedger" name="test_construct_attr_json[None-None-result3]" file="aries_cloudagent/ledger/tests/test_indy_vdr.py" line="672" time="0.011" /><testcase classname="aries_cloudagent.ledger.tests.test_indy_vdr.TestIndyVdrLedger" name="test_construct_attr_json[all_exist_endpoints4-routing_keys4-result4]" file="aries_cloudagent/ledger/tests/test_indy_vdr.py" line="672" time="0.013" /><testcase classname="aries_cloudagent.ledger.tests.test_indy_vdr.TestIndyVdrLedger" name="test_update_endpoint_for_did_calls_attr_json" file="aries_cloudagent/ledger/tests/test_indy_vdr.py" line="735" time="0.027" /><testcase classname="aries_cloudagent.ledger.tests.test_indy_vdr.TestIndyVdrLedger" name="test_update_endpoint_for_did_no_public" file="aries_cloudagent/ledger/tests/test_indy_vdr.py" line="775" time="0.017" /><testcase classname="aries_cloudagent.ledger.tests.test_indy_vdr.TestIndyVdrLedger" name="test_update_endpoint_for_did_read_only" file="aries_cloudagent/ledger/tests/test_indy_vdr.py" line="787" time="0.009" /><testcase classname="aries_cloudagent.ledger.tests.test_indy_vdr.TestIndyVdrLedger" name="test_register_nym_local" file="aries_cloudagent/ledger/tests/test_indy_vdr.py" line="800" time="0.020" /><testcase classname="aries_cloudagent.ledger.tests.test_indy_vdr.TestIndyVdrLedger" name="test_register_nym_non_local" file="aries_cloudagent/ledger/tests/test_indy_vdr.py" line="813" time="0.017" /><testcase classname="aries_cloudagent.ledger.tests.test_indy_vdr.TestIndyVdrLedger" name="test_register_nym_no_public" file="aries_cloudagent/ledger/tests/test_indy_vdr.py" line="823" time="0.013" /><testcase classname="aries_cloudagent.ledger.tests.test_indy_vdr.TestIndyVdrLedger" name="test_register_nym_read_only" file="aries_cloudagent/ledger/tests/test_indy_vdr.py" line="832" time="0.011" /><testcase classname="aries_cloudagent.ledger.tests.test_indy_vdr.TestIndyVdrLedger" name="test_get_nym_role" file="aries_cloudagent/ledger/tests/test_indy_vdr.py" line="846" time="0.011" /><testcase classname="aries_cloudagent.ledger.tests.test_indy_vdr.TestIndyVdrLedger" name="test_get_nym_role_unknown" file="aries_cloudagent/ledger/tests/test_indy_vdr.py" line="860" time="0.010" /><testcase classname="aries_cloudagent.ledger.tests.test_indy_vdr.TestIndyVdrLedger" name="test_get_nym_role_invalid" file="aries_cloudagent/ledger/tests/test_indy_vdr.py" line="872" time="0.021" /><testcase classname="aries_cloudagent.ledger.tests.test_indy_vdr.TestIndyVdrLedger" name="test_get_revoc_reg_def" file="aries_cloudagent/ledger/tests/test_indy_vdr.py" line="886" time="0.014" /><testcase classname="aries_cloudagent.ledger.tests.test_indy_vdr.TestIndyVdrLedger" name="test_get_revoc_reg_entry" file="aries_cloudagent/ledger/tests/test_indy_vdr.py" line="905" time="0.017" /><testcase classname="aries_cloudagent.ledger.tests.test_indy_vdr.TestIndyVdrLedger" name="test_get_revoc_reg_delta" file="aries_cloudagent/ledger/tests/test_indy_vdr.py" line="925" time="0.016" /><testcase classname="aries_cloudagent.ledger.tests.test_indy_vdr.TestIndyVdrLedger" name="test_send_revoc_reg_def" file="aries_cloudagent/ledger/tests/test_indy_vdr.py" line="956" time="0.012" /><testcase classname="aries_cloudagent.ledger.tests.test_indy_vdr.TestIndyVdrLedger" name="test_send_revoc_reg_entry" file="aries_cloudagent/ledger/tests/test_indy_vdr.py" line="985" time="0.016" /><testcase classname="aries_cloudagent.ledger.tests.test_indy_vdr.TestIndyVdrLedger" name="test_credential_definition_id2schema_id" file="aries_cloudagent/ledger/tests/test_indy_vdr.py" line="1004" time="0.010" /><testcase classname="aries_cloudagent.ledger.tests.test_indy_vdr.TestIndyVdrLedger" name="test_rotate_did_keypair" file="aries_cloudagent/ledger/tests/test_indy_vdr.py" line="1027" time="0.028" /><testcase classname="aries_cloudagent.ledger.tests.test_role" name="ruff" file="aries_cloudagent/ledger/tests/test_role.py" time="0.050" /><testcase classname="aries_cloudagent.ledger.tests.test_role.TestRole" name="test_role" file="aries_cloudagent/ledger/tests/test_role.py" line="6" time="0.008" /><testcase classname="aries_cloudagent.ledger.tests.test_routes" name="ruff" file="aries_cloudagent/ledger/tests/test_routes.py" time="0.058" /><testcase classname="aries_cloudagent.ledger.tests.test_routes.TestLedgerRoutes" name="test_accept_taa" file="aries_cloudagent/ledger/tests/test_routes.py" line="715" time="0.292" /><testcase classname="aries_cloudagent.ledger.tests.test_routes.TestLedgerRoutes" name="test_accept_taa_x" file="aries_cloudagent/ledger/tests/test_routes.py" line="743" time="0.209" /><testcase classname="aries_cloudagent.ledger.tests.test_routes.TestLedgerRoutes" name="test_get_endpoint" file="aries_cloudagent/ledger/tests/test_routes.py" line="179" time="0.212" /><testcase classname="aries_cloudagent.ledger.tests.test_routes.TestLedgerRoutes" name="test_get_endpoint_multitenant" file="aries_cloudagent/ledger/tests/test_routes.py" line="199" time="0.195" /><testcase classname="aries_cloudagent.ledger.tests.test_routes.TestLedgerRoutes" name="test_get_endpoint_no_did" file="aries_cloudagent/ledger/tests/test_routes.py" line="250" time="0.169" /><testcase classname="aries_cloudagent.ledger.tests.test_routes.TestLedgerRoutes" name="test_get_endpoint_of_type_profile" file="aries_cloudagent/ledger/tests/test_routes.py" line="222" time="0.172" /><testcase classname="aries_cloudagent.ledger.tests.test_routes.TestLedgerRoutes" name="test_get_endpoint_x" file="aries_cloudagent/ledger/tests/test_routes.py" line="255" time="0.180" /><testcase classname="aries_cloudagent.ledger.tests.test_routes.TestLedgerRoutes" name="test_get_ledger_config" file="aries_cloudagent/ledger/tests/test_routes.py" line="803" time="0.187" /><testcase classname="aries_cloudagent.ledger.tests.test_routes.TestLedgerRoutes" name="test_get_ledger_config_x" file="aries_cloudagent/ledger/tests/test_routes.py" line="847" time="0.187" /><testcase classname="aries_cloudagent.ledger.tests.test_routes.TestLedgerRoutes" name="test_get_nym_role_a" file="aries_cloudagent/ledger/tests/test_routes.py" line="535" time="0.181" /><testcase classname="aries_cloudagent.ledger.tests.test_routes.TestLedgerRoutes" name="test_get_nym_role_b" file="aries_cloudagent/ledger/tests/test_routes.py" line="554" time="0.197" /><testcase classname="aries_cloudagent.ledger.tests.test_routes.TestLedgerRoutes" name="test_get_nym_role_bad_ledger_req" file="aries_cloudagent/ledger/tests/test_routes.py" line="617" time="0.385" /><testcase classname="aries_cloudagent.ledger.tests.test_routes.TestLedgerRoutes" name="test_get_nym_role_bad_request" file="aries_cloudagent/ledger/tests/test_routes.py" line="596" time="0.170" /><testcase classname="aries_cloudagent.ledger.tests.test_routes.TestLedgerRoutes" name="test_get_nym_role_ledger_error" file="aries_cloudagent/ledger/tests/test_routes.py" line="633" time="0.187" /><testcase classname="aries_cloudagent.ledger.tests.test_routes.TestLedgerRoutes" name="test_get_nym_role_ledger_txn_error" file="aries_cloudagent/ledger/tests/test_routes.py" line="601" time="0.180" /><testcase classname="aries_cloudagent.ledger.tests.test_routes.TestLedgerRoutes" name="test_get_nym_role_multitenant" file="aries_cloudagent/ledger/tests/test_routes.py" line="575" time="0.188" /><testcase classname="aries_cloudagent.ledger.tests.test_routes.TestLedgerRoutes" name="test_get_taa" file="aries_cloudagent/ledger/tests/test_routes.py" line="667" time="0.189" /><testcase classname="aries_cloudagent.ledger.tests.test_routes.TestLedgerRoutes" name="test_get_taa_required" file="aries_cloudagent/ledger/tests/test_routes.py" line="679" time="0.183" /><testcase classname="aries_cloudagent.ledger.tests.test_routes.TestLedgerRoutes" name="test_get_taa_x" file="aries_cloudagent/ledger/tests/test_routes.py" line="696" time="0.188" /><testcase classname="aries_cloudagent.ledger.tests.test_routes.TestLedgerRoutes" name="test_get_verkey_a" file="aries_cloudagent/ledger/tests/test_routes.py" line="80" time="0.187" /><testcase classname="aries_cloudagent.ledger.tests.test_routes.TestLedgerRoutes" name="test_get_verkey_b" file="aries_cloudagent/ledger/tests/test_routes.py" line="100" time="0.186" /><testcase classname="aries_cloudagent.ledger.tests.test_routes.TestLedgerRoutes" name="test_get_verkey_did_not_public" file="aries_cloudagent/ledger/tests/test_routes.py" line="151" time="0.191" /><testcase classname="aries_cloudagent.ledger.tests.test_routes.TestLedgerRoutes" name="test_get_verkey_multitenant" file="aries_cloudagent/ledger/tests/test_routes.py" line="123" time="0.190" /><testcase classname="aries_cloudagent.ledger.tests.test_routes.TestLedgerRoutes" name="test_get_verkey_no_did" file="aries_cloudagent/ledger/tests/test_routes.py" line="146" time="0.168" /><testcase classname="aries_cloudagent.ledger.tests.test_routes.TestLedgerRoutes" name="test_get_verkey_x" file="aries_cloudagent/ledger/tests/test_routes.py" line="165" time="0.183" /><testcase classname="aries_cloudagent.ledger.tests.test_routes.TestLedgerRoutes" name="test_get_write_ledger" file="aries_cloudagent/ledger/tests/test_routes.py" line="771" time="0.174" /><testcase classname="aries_cloudagent.ledger.tests.test_routes.TestLedgerRoutes" name="test_get_write_ledger_single_ledger" file="aries_cloudagent/ledger/tests/test_routes.py" line="791" time="0.180" /><testcase classname="aries_cloudagent.ledger.tests.test_routes.TestLedgerRoutes" name="test_missing_ledger" file="aries_cloudagent/ledger/tests/test_routes.py" line="47" time="0.203" /><testcase classname="aries_cloudagent.ledger.tests.test_routes.TestLedgerRoutes" name="test_post_process_routes" file="aries_cloudagent/ledger/tests/test_routes.py" line="766" time="0.178" /><testcase classname="aries_cloudagent.ledger.tests.test_routes.TestLedgerRoutes" name="test_register" file="aries_cloudagent/ledger/tests/test_routes.py" line="759" time="0.177" /><testcase classname="aries_cloudagent.ledger.tests.test_routes.TestLedgerRoutes" name="test_register_nym" file="aries_cloudagent/ledger/tests/test_routes.py" line="269" time="0.357" /><testcase classname="aries_cloudagent.ledger.tests.test_routes.TestLedgerRoutes" name="test_register_nym_bad_request" file="aries_cloudagent/ledger/tests/test_routes.py" line="285" time="0.184" /><testcase classname="aries_cloudagent.ledger.tests.test_routes.TestLedgerRoutes" name="test_register_nym_create_transaction_for_endorser" file="aries_cloudagent/ledger/tests/test_routes.py" line="316" time="0.209" /><testcase classname="aries_cloudagent.ledger.tests.test_routes.TestLedgerRoutes" name="test_register_nym_create_transaction_for_endorser_base_model_x" file="aries_cloudagent/ledger/tests/test_routes.py" line="459" time="0.182" /><testcase classname="aries_cloudagent.ledger.tests.test_routes.TestLedgerRoutes" name="test_register_nym_create_transaction_for_endorser_no_endorser_did_x" file="aries_cloudagent/ledger/tests/test_routes.py" line="507" time="0.188" /><testcase classname="aries_cloudagent.ledger.tests.test_routes.TestLedgerRoutes" name="test_register_nym_create_transaction_for_endorser_no_endorser_info_x" file="aries_cloudagent/ledger/tests/test_routes.py" line="481" time="0.181" /><testcase classname="aries_cloudagent.ledger.tests.test_routes.TestLedgerRoutes" name="test_register_nym_create_transaction_for_endorser_no_public_did" file="aries_cloudagent/ledger/tests/test_routes.py" line="359" time="0.196" /><testcase classname="aries_cloudagent.ledger.tests.test_routes.TestLedgerRoutes" name="test_register_nym_create_transaction_for_endorser_not_found_x" file="aries_cloudagent/ledger/tests/test_routes.py" line="437" time="0.176" /><testcase classname="aries_cloudagent.ledger.tests.test_routes.TestLedgerRoutes" name="test_register_nym_create_transaction_for_endorser_storage_x" file="aries_cloudagent/ledger/tests/test_routes.py" line="403" time="0.193" /><testcase classname="aries_cloudagent.ledger.tests.test_routes.TestLedgerRoutes" name="test_register_nym_ledger_error" file="aries_cloudagent/ledger/tests/test_routes.py" line="298" time="0.171" /><testcase classname="aries_cloudagent.ledger.tests.test_routes.TestLedgerRoutes" name="test_register_nym_ledger_txn_error" file="aries_cloudagent/ledger/tests/test_routes.py" line="290" time="0.223" /><testcase classname="aries_cloudagent.ledger.tests.test_routes.TestLedgerRoutes" name="test_register_nym_wallet_error" file="aries_cloudagent/ledger/tests/test_routes.py" line="310" time="0.190" /><testcase classname="aries_cloudagent.ledger.tests.test_routes.TestLedgerRoutes" name="test_register_nym_wallet_not_found_error" file="aries_cloudagent/ledger/tests/test_routes.py" line="304" time="0.189" /><testcase classname="aries_cloudagent.ledger.tests.test_routes.TestLedgerRoutes" name="test_rotate_public_did_keypair" file="aries_cloudagent/ledger/tests/test_routes.py" line="647" time="0.177" /><testcase classname="aries_cloudagent.ledger.tests.test_routes.TestLedgerRoutes" name="test_rotate_public_did_keypair_public_wallet_x" file="aries_cloudagent/ledger/tests/test_routes.py" line="656" time="0.185" /><testcase classname="aries_cloudagent.ledger.tests.test_routes.TestLedgerRoutes" name="test_taa_accept_not_required" file="aries_cloudagent/ledger/tests/test_routes.py" line="702" time="0.182" /><testcase classname="aries_cloudagent.messaging.__init__" name="ruff" file="aries_cloudagent/messaging/__init__.py" time="0.033" /><testcase classname="aries_cloudagent.messaging.agent_message" name="ruff" file="aries_cloudagent/messaging/agent_message.py" time="0.044" /><testcase classname="aries_cloudagent.messaging.base_handler" name="ruff" file="aries_cloudagent/messaging/base_handler.py" time="0.048" /><testcase classname="aries_cloudagent.messaging.base_message" name="ruff" file="aries_cloudagent/messaging/base_message.py" time="0.046" /><testcase classname="aries_cloudagent.messaging.error" name="ruff" file="aries_cloudagent/messaging/error.py" time="0.043" /><testcase classname="aries_cloudagent.messaging.request_context" name="ruff" file="aries_cloudagent/messaging/request_context.py" time="0.049" /><testcase classname="aries_cloudagent.messaging.responder" name="ruff" file="aries_cloudagent/messaging/responder.py" time="0.053" /><testcase classname="aries_cloudagent.messaging.util" name="ruff" file="aries_cloudagent/messaging/util.py" time="0.050" /><testcase classname="aries_cloudagent.messaging.valid" name="ruff" file="aries_cloudagent/messaging/valid.py" time="0.059" /><testcase classname="aries_cloudagent.messaging.credential_definitions.__init__" name="ruff" file="aries_cloudagent/messaging/credential_definitions/__init__.py" time="0.041" /><testcase classname="aries_cloudagent.messaging.credential_definitions.routes" name="ruff" file="aries_cloudagent/messaging/credential_definitions/routes.py" time="0.044" /><testcase classname="aries_cloudagent.messaging.credential_definitions.util" name="ruff" file="aries_cloudagent/messaging/credential_definitions/util.py" time="0.052" /><testcase classname="aries_cloudagent.messaging.credential_definitions.tests.__init__" name="ruff" file="aries_cloudagent/messaging/credential_definitions/tests/__init__.py" time="0.048" /><testcase classname="aries_cloudagent.messaging.credential_definitions.tests.test_routes" name="ruff" file="aries_cloudagent/messaging/credential_definitions/tests/test_routes.py" time="0.048" /><testcase classname="aries_cloudagent.messaging.credential_definitions.tests.test_routes.TestCredentialDefinitionRoutes" name="test_created" file="aries_cloudagent/messaging/credential_definitions/tests/test_routes.py" line="322" time="0.304" /><testcase classname="aries_cloudagent.messaging.credential_definitions.tests.test_routes.TestCredentialDefinitionRoutes" name="test_get_credential_definition" file="aries_cloudagent/messaging/credential_definitions/tests/test_routes.py" line="332" time="0.480" /><testcase classname="aries_cloudagent.messaging.credential_definitions.tests.test_routes.TestCredentialDefinitionRoutes" name="test_get_credential_definition_multitenant" file="aries_cloudagent/messaging/credential_definitions/tests/test_routes.py" line="354" time="0.252" /><testcase classname="aries_cloudagent.messaging.credential_definitions.tests.test_routes.TestCredentialDefinitionRoutes" name="test_get_credential_definition_no_ledger" file="aries_cloudagent/messaging/credential_definitions/tests/test_routes.py" line="376" time="0.274" /><testcase classname="aries_cloudagent.messaging.credential_definitions.tests.test_routes.TestCredentialDefinitionRoutes" name="test_post_process_routes" file="aries_cloudagent/messaging/credential_definitions/tests/test_routes.py" line="398" time="0.257" /><testcase classname="aries_cloudagent.messaging.credential_definitions.tests.test_routes.TestCredentialDefinitionRoutes" name="test_register" file="aries_cloudagent/messaging/credential_definitions/tests/test_routes.py" line="391" time="0.284" /><testcase classname="aries_cloudagent.messaging.credential_definitions.tests.test_routes.TestCredentialDefinitionRoutes" name="test_send_credential_definition" file="aries_cloudagent/messaging/credential_definitions/tests/test_routes.py" line="65" time="0.250" /><testcase classname="aries_cloudagent.messaging.credential_definitions.tests.test_routes.TestCredentialDefinitionRoutes" name="test_send_credential_definition_create_transaction_for_endorser" file="aries_cloudagent/messaging/credential_definitions/tests/test_routes.py" line="90" time="0.274" /><testcase classname="aries_cloudagent.messaging.credential_definitions.tests.test_routes.TestCredentialDefinitionRoutes" name="test_send_credential_definition_create_transaction_for_endorser_base_model_x" file="aries_cloudagent/messaging/credential_definitions/tests/test_routes.py" line="203" time="0.259" /><testcase classname="aries_cloudagent.messaging.credential_definitions.tests.test_routes.TestCredentialDefinitionRoutes" name="test_send_credential_definition_create_transaction_for_endorser_no_endorser_did_x" file="aries_cloudagent/messaging/credential_definitions/tests/test_routes.py" line="256" time="0.263" /><testcase classname="aries_cloudagent.messaging.credential_definitions.tests.test_routes.TestCredentialDefinitionRoutes" name="test_send_credential_definition_create_transaction_for_endorser_no_endorser_info_x" file="aries_cloudagent/messaging/credential_definitions/tests/test_routes.py" line="229" time="0.275" /><testcase classname="aries_cloudagent.messaging.credential_definitions.tests.test_routes.TestCredentialDefinitionRoutes" name="test_send_credential_definition_create_transaction_for_endorser_not_found_x" file="aries_cloudagent/messaging/credential_definitions/tests/test_routes.py" line="177" time="0.477" /><testcase classname="aries_cloudagent.messaging.credential_definitions.tests.test_routes.TestCredentialDefinitionRoutes" name="test_send_credential_definition_create_transaction_for_endorser_storage_x" file="aries_cloudagent/messaging/credential_definitions/tests/test_routes.py" line="139" time="0.273" /><testcase classname="aries_cloudagent.messaging.credential_definitions.tests.test_routes.TestCredentialDefinitionRoutes" name="test_send_credential_definition_ledger_x" file="aries_cloudagent/messaging/credential_definitions/tests/test_routes.py" line="303" time="0.245" /><testcase classname="aries_cloudagent.messaging.credential_definitions.tests.test_routes.TestCredentialDefinitionRoutes" name="test_send_credential_definition_no_ledger" file="aries_cloudagent/messaging/credential_definitions/tests/test_routes.py" line="287" time="0.264" /><testcase classname="aries_cloudagent.messaging.decorators.__init__" name="ruff" file="aries_cloudagent/messaging/decorators/__init__.py" time="0.032" /><testcase classname="aries_cloudagent.messaging.decorators.attach_decorator" name="ruff" file="aries_cloudagent/messaging/decorators/attach_decorator.py" time="0.046" /><testcase classname="aries_cloudagent.messaging.decorators.base" name="ruff" file="aries_cloudagent/messaging/decorators/base.py" time="0.054" /><testcase classname="aries_cloudagent.messaging.decorators.default" name="ruff" file="aries_cloudagent/messaging/decorators/default.py" time="0.044" /><testcase classname="aries_cloudagent.messaging.decorators.localization_decorator" name="ruff" file="aries_cloudagent/messaging/decorators/localization_decorator.py" time="0.042" /><testcase classname="aries_cloudagent.messaging.decorators.please_ack_decorator" name="ruff" file="aries_cloudagent/messaging/decorators/please_ack_decorator.py" time="0.049" /><testcase classname="aries_cloudagent.messaging.decorators.service_decorator" name="ruff" file="aries_cloudagent/messaging/decorators/service_decorator.py" time="0.050" /><testcase classname="aries_cloudagent.messaging.decorators.signature_decorator" name="ruff" file="aries_cloudagent/messaging/decorators/signature_decorator.py" time="0.041" /><testcase classname="aries_cloudagent.messaging.decorators.thread_decorator" name="ruff" file="aries_cloudagent/messaging/decorators/thread_decorator.py" time="0.047" /><testcase classname="aries_cloudagent.messaging.decorators.timing_decorator" name="ruff" file="aries_cloudagent/messaging/decorators/timing_decorator.py" time="0.043" /><testcase classname="aries_cloudagent.messaging.decorators.trace_decorator" name="ruff" file="aries_cloudagent/messaging/decorators/trace_decorator.py" time="0.049" /><testcase classname="aries_cloudagent.messaging.decorators.transport_decorator" name="ruff" file="aries_cloudagent/messaging/decorators/transport_decorator.py" time="0.044" /><testcase classname="aries_cloudagent.messaging.decorators.tests.__init__" name="ruff" file="aries_cloudagent/messaging/decorators/tests/__init__.py" time="0.048" /><testcase classname="aries_cloudagent.messaging.decorators.tests.test_attach_decorator" name="ruff" file="aries_cloudagent/messaging/decorators/tests/test_attach_decorator.py" time="0.054" /><testcase classname="aries_cloudagent.messaging.decorators.tests.test_attach_decorator.TestAttachDecorator" name="test_1jws" file="aries_cloudagent/messaging/decorators/tests/test_attach_decorator.py" line="105" time="0.025" /><testcase classname="aries_cloudagent.messaging.decorators.tests.test_attach_decorator.TestAttachDecorator" name="test_content" file="aries_cloudagent/messaging/decorators/tests/test_attach_decorator.py" line="303" time="0.007" /><testcase classname="aries_cloudagent.messaging.decorators.tests.test_attach_decorator.TestAttachDecorator" name="test_data_json" file="aries_cloudagent/messaging/decorators/tests/test_attach_decorator.py" line="385" time="0.005" /><testcase classname="aries_cloudagent.messaging.decorators.tests.test_attach_decorator.TestAttachDecorator" name="test_data_json_external_mutation" file="aries_cloudagent/messaging/decorators/tests/test_attach_decorator.py" line="404" time="0.004" /><testcase classname="aries_cloudagent.messaging.decorators.tests.test_attach_decorator.TestAttachDecorator" name="test_embedded_b64" file="aries_cloudagent/messaging/decorators/tests/test_attach_decorator.py" line="201" time="0.005" /><testcase classname="aries_cloudagent.messaging.decorators.tests.test_attach_decorator.TestAttachDecorator" name="test_init_appended_b64" file="aries_cloudagent/messaging/decorators/tests/test_attach_decorator.py" line="225" time="0.003" /><testcase classname="aries_cloudagent.messaging.decorators.tests.test_attach_decorator.TestAttachDecorator" name="test_init_appended_links" file="aries_cloudagent/messaging/decorators/tests/test_attach_decorator.py" line="262" time="0.003" /><testcase classname="aries_cloudagent.messaging.decorators.tests.test_attach_decorator.TestAttachDecorator" name="test_jws1" file="aries_cloudagent/messaging/decorators/tests/test_attach_decorator.py" line="135" time="0.011" /><testcase classname="aries_cloudagent.messaging.decorators.tests.test_attach_decorator.TestAttachDecorator" name="test_jws2" file="aries_cloudagent/messaging/decorators/tests/test_attach_decorator.py" line="161" time="0.016" /><testcase classname="aries_cloudagent.messaging.decorators.tests.test_attach_decorator.TestAttachDecorator" name="test_jws_header" file="aries_cloudagent/messaging/decorators/tests/test_attach_decorator.py" line="93" time="0.005" /><testcase classname="aries_cloudagent.messaging.decorators.tests.test_attach_decorator.TestAttachDecorator" name="test_serialize_load_appended_b64" file="aries_cloudagent/messaging/decorators/tests/test_attach_decorator.py" line="242" time="0.006" /><testcase classname="aries_cloudagent.messaging.decorators.tests.test_attach_decorator.TestAttachDecorator" name="test_serialize_load_appended_links" file="aries_cloudagent/messaging/decorators/tests/test_attach_decorator.py" line="281" time="0.009" /><testcase classname="aries_cloudagent.messaging.decorators.tests.test_attach_decorator.TestAttachDecoratorSignature" name="test_did_raw_key" file="aries_cloudagent/messaging/decorators/tests/test_attach_decorator.py" line="426" time="0.001"><skipped type="pytest.skip" message="test requires Indy support">/usr/src/app/conftest.py:206: test requires Indy support</skipped></testcase><testcase classname="aries_cloudagent.messaging.decorators.tests.test_attach_decorator.TestAttachDecoratorSignature" name="test_indy_sign" file="aries_cloudagent/messaging/decorators/tests/test_attach_decorator.py" line="438" time="0.002"><skipped type="pytest.skip" message="test requires Indy support">/usr/src/app/conftest.py:206: test requires Indy support</skipped></testcase><testcase classname="aries_cloudagent.messaging.decorators.tests.test_base" name="ruff" file="aries_cloudagent/messaging/decorators/tests/test_base.py" time="0.046" /><testcase classname="aries_cloudagent.messaging.decorators.tests.test_base.TestBaseDecoratorSet" name="test_base_decorator_set" file="aries_cloudagent/messaging/decorators/tests/test_base.py" line="33" time="0.006" /><testcase classname="aries_cloudagent.messaging.decorators.tests.test_decorator_set" name="ruff" file="aries_cloudagent/messaging/decorators/tests/test_decorator_set.py" time="0.052" /><testcase classname="aries_cloudagent.messaging.decorators.tests.test_decorator_set.TestDecoratorSet" name="test_deco_set" file="aries_cloudagent/messaging/decorators/tests/test_decorator_set.py" line="30" time="0.005" /><testcase classname="aries_cloudagent.messaging.decorators.tests.test_decorator_set.TestDecoratorSet" name="test_decorator_model" file="aries_cloudagent/messaging/decorators/tests/test_decorator_set.py" line="54" time="0.009" /><testcase classname="aries_cloudagent.messaging.decorators.tests.test_decorator_set.TestDecoratorSet" name="test_dict" file="aries_cloudagent/messaging/decorators/tests/test_decorator_set.py" line="47" time="0.004" /><testcase classname="aries_cloudagent.messaging.decorators.tests.test_decorator_set.TestDecoratorSet" name="test_extract" file="aries_cloudagent/messaging/decorators/tests/test_decorator_set.py" line="34" time="0.004" /><testcase classname="aries_cloudagent.messaging.decorators.tests.test_decorator_set.TestDecoratorSet" name="test_field_decorator" file="aries_cloudagent/messaging/decorators/tests/test_decorator_set.py" line="68" time="0.005" /><testcase classname="aries_cloudagent.messaging.decorators.tests.test_decorator_set.TestDecoratorSet" name="test_skip_decorator" file="aries_cloudagent/messaging/decorators/tests/test_decorator_set.py" line="83" time="0.004" /><testcase classname="aries_cloudagent.messaging.decorators.tests.test_localization_decorator" name="ruff" file="aries_cloudagent/messaging/decorators/tests/test_localization_decorator.py" time="0.054" /><testcase classname="aries_cloudagent.messaging.decorators.tests.test_localization_decorator.TestThreadDecorator" name="test_init" file="aries_cloudagent/messaging/decorators/tests/test_localization_decorator.py" line="10" time="0.004" /><testcase classname="aries_cloudagent.messaging.decorators.tests.test_localization_decorator.TestThreadDecorator" name="test_serialize_load" file="aries_cloudagent/messaging/decorators/tests/test_localization_decorator.py" line="25" time="0.007" /><testcase classname="aries_cloudagent.messaging.decorators.tests.test_please_ack_decorator" name="ruff" file="aries_cloudagent/messaging/decorators/tests/test_please_ack_decorator.py" time="0.043" /><testcase classname="aries_cloudagent.messaging.decorators.tests.test_please_ack_decorator.TestPleaseAckDecorator" name="test_init_serde" file="aries_cloudagent/messaging/decorators/tests/test_please_ack_decorator.py" line="10" time="0.011" /><testcase classname="aries_cloudagent.messaging.decorators.tests.test_signature_decorator" name="ruff" file="aries_cloudagent/messaging/decorators/tests/test_signature_decorator.py" time="0.050" /><testcase classname="aries_cloudagent.messaging.decorators.tests.test_signature_decorator.TestSignatureDecorator" name="test_create_decode_verify" file="aries_cloudagent/messaging/decorators/tests/test_signature_decorator.py" line="39" time="0.027" /><testcase classname="aries_cloudagent.messaging.decorators.tests.test_signature_decorator.TestSignatureDecorator" name="test_init" file="aries_cloudagent/messaging/decorators/tests/test_signature_decorator.py" line="12" time="0.009" /><testcase classname="aries_cloudagent.messaging.decorators.tests.test_signature_decorator.TestSignatureDecorator" name="test_serialize_load" file="aries_cloudagent/messaging/decorators/tests/test_signature_decorator.py" line="20" time="0.025" /><testcase classname="aries_cloudagent.messaging.decorators.tests.test_thread_decorator" name="ruff" file="aries_cloudagent/messaging/decorators/tests/test_thread_decorator.py" time="0.047" /><testcase classname="aries_cloudagent.messaging.decorators.tests.test_thread_decorator.TestThreadDecorator" name="test_init" file="aries_cloudagent/messaging/decorators/tests/test_thread_decorator.py" line="11" time="0.010" /><testcase classname="aries_cloudagent.messaging.decorators.tests.test_thread_decorator.TestThreadDecorator" name="test_serialize_load" file="aries_cloudagent/messaging/decorators/tests/test_thread_decorator.py" line="23" time="0.006" /><testcase classname="aries_cloudagent.messaging.decorators.tests.test_timing_decorator" name="ruff" file="aries_cloudagent/messaging/decorators/tests/test_timing_decorator.py" time="0.058" /><testcase classname="aries_cloudagent.messaging.decorators.tests.test_timing_decorator.TestTimingDecorator" name="test_serialize_load" file="aries_cloudagent/messaging/decorators/tests/test_timing_decorator.py" line="11" time="0.012" /><testcase classname="aries_cloudagent.messaging.decorators.tests.test_trace_decorator" name="ruff" file="aries_cloudagent/messaging/decorators/tests/test_trace_decorator.py" time="0.059" /><testcase classname="aries_cloudagent.messaging.decorators.tests.test_trace_decorator.TestTraceDecorator" name="test_init_api" file="aries_cloudagent/messaging/decorators/tests/test_trace_decorator.py" line="20" time="0.004" /><testcase classname="aries_cloudagent.messaging.decorators.tests.test_trace_decorator.TestTraceDecorator" name="test_init_message" file="aries_cloudagent/messaging/decorators/tests/test_trace_decorator.py" line="28" time="0.002" /><testcase classname="aries_cloudagent.messaging.decorators.tests.test_trace_decorator.TestTraceDecorator" name="test_serialize_load" file="aries_cloudagent/messaging/decorators/tests/test_trace_decorator.py" line="62" time="0.012" /><testcase classname="aries_cloudagent.messaging.decorators.tests.test_trace_decorator.TestTraceDecorator" name="test_trace_reports" file="aries_cloudagent/messaging/decorators/tests/test_trace_decorator.py" line="101" time="0.003" /><testcase classname="aries_cloudagent.messaging.decorators.tests.test_transport_decorator" name="ruff" file="aries_cloudagent/messaging/decorators/tests/test_transport_decorator.py" time="0.049" /><testcase classname="aries_cloudagent.messaging.decorators.tests.test_transport_decorator.TestTransportDecorator" name="test_serialize_load" file="aries_cloudagent/messaging/decorators/tests/test_transport_decorator.py" line="7" time="0.006" /><testcase classname="aries_cloudagent.messaging.jsonld.__init__" name="ruff" file="aries_cloudagent/messaging/jsonld/__init__.py" time="0.051" /><testcase classname="aries_cloudagent.messaging.jsonld.create_verify_data" name="ruff" file="aries_cloudagent/messaging/jsonld/create_verify_data.py" time="0.051" /><testcase classname="aries_cloudagent.messaging.jsonld.credential" name="ruff" file="aries_cloudagent/messaging/jsonld/credential.py" time="0.050" /><testcase classname="aries_cloudagent.messaging.jsonld.error" name="ruff" file="aries_cloudagent/messaging/jsonld/error.py" time="0.045" /><testcase classname="aries_cloudagent.messaging.jsonld.routes" name="ruff" file="aries_cloudagent/messaging/jsonld/routes.py" time="0.047" /><testcase classname="aries_cloudagent.messaging.jsonld.tests.__init__" name="ruff" file="aries_cloudagent/messaging/jsonld/tests/__init__.py" time="0.044" /><testcase classname="aries_cloudagent.messaging.jsonld.tests.document_loader" name="ruff" file="aries_cloudagent/messaging/jsonld/tests/document_loader.py" time="0.054" /><testcase classname="aries_cloudagent.messaging.jsonld.tests.test_credential" name="ruff" file="aries_cloudagent/messaging/jsonld/tests/test_credential.py" time="0.053" /><testcase classname="aries_cloudagent.messaging.jsonld.tests.test_credential.TestCredential" name="test_did_key" file="aries_cloudagent/messaging/jsonld/tests/test_credential.py" line="31" time="0.019" /><testcase classname="aries_cloudagent.messaging.jsonld.tests.test_credential.TestCredential" name="test_verify_jws_header" file="aries_cloudagent/messaging/jsonld/tests/test_credential.py" line="36" time="0.016" /><testcase classname="aries_cloudagent.messaging.jsonld.tests.test_credential.TestOps" name="test_did_key" file="aries_cloudagent/messaging/jsonld/tests/test_credential.py" line="120" time="0.016" /><testcase classname="aries_cloudagent.messaging.jsonld.tests.test_credential.TestOps" name="test_invalid_jws_header" file="aries_cloudagent/messaging/jsonld/tests/test_credential.py" line="112" time="0.115" /><testcase classname="aries_cloudagent.messaging.jsonld.tests.test_credential.TestOps" name="test_sign_credential" file="aries_cloudagent/messaging/jsonld/tests/test_credential.py" line="79" time="0.151" /><testcase classname="aries_cloudagent.messaging.jsonld.tests.test_credential.TestOps" name="test_sign_dropped_attribute_exception" file="aries_cloudagent/messaging/jsonld/tests/test_credential.py" line="90" time="0.097" /><testcase classname="aries_cloudagent.messaging.jsonld.tests.test_credential.TestOps" name="test_signature_option_type" file="aries_cloudagent/messaging/jsonld/tests/test_credential.py" line="101" time="0.009" /><testcase classname="aries_cloudagent.messaging.jsonld.tests.test_credential.TestOps" name="test_verify_credential" file="aries_cloudagent/messaging/jsonld/tests/test_credential.py" line="71" time="0.150" /><testcase classname="aries_cloudagent.messaging.jsonld.tests.test_routes" name="ruff" file="aries_cloudagent/messaging/jsonld/tests/test_routes.py" time="0.034" /><testcase classname="aries_cloudagent.messaging.jsonld.tests.test_routes" name="test_sign" file="aries_cloudagent/messaging/jsonld/tests/test_routes.py" line="165" time="0.025" /><testcase classname="aries_cloudagent.messaging.jsonld.tests.test_routes" name="test_sign_bad_req_error[DroppedAttributeError]" file="aries_cloudagent/messaging/jsonld/tests/test_routes.py" line="172" time="0.032" /><testcase classname="aries_cloudagent.messaging.jsonld.tests.test_routes" name="test_sign_bad_req_error[MissingVerificationMethodError]" file="aries_cloudagent/messaging/jsonld/tests/test_routes.py" line="172" time="0.024" /><testcase classname="aries_cloudagent.messaging.jsonld.tests.test_routes" name="test_sign_bad_req_http_error[WalletError]" file="aries_cloudagent/messaging/jsonld/tests/test_routes.py" line="182" time="0.023" /><testcase classname="aries_cloudagent.messaging.jsonld.tests.test_routes" name="test_verify" file="aries_cloudagent/messaging/jsonld/tests/test_routes.py" line="190" time="0.024" /><testcase classname="aries_cloudagent.messaging.jsonld.tests.test_routes" name="test_verify_bad_req_error[BadJWSHeaderError]" file="aries_cloudagent/messaging/jsonld/tests/test_routes.py" line="196" time="0.046" /><testcase classname="aries_cloudagent.messaging.jsonld.tests.test_routes" name="test_verify_bad_req_error[DroppedAttributeError]" file="aries_cloudagent/messaging/jsonld/tests/test_routes.py" line="196" time="0.034" /><testcase classname="aries_cloudagent.messaging.jsonld.tests.test_routes" name="test_verify_bad_req_error[ResolverError]" file="aries_cloudagent/messaging/jsonld/tests/test_routes.py" line="196" time="0.032" /><testcase classname="aries_cloudagent.messaging.jsonld.tests.test_routes" name="test_verify_bad_req_error[DIDNotFound]" file="aries_cloudagent/messaging/jsonld/tests/test_routes.py" line="196" time="0.045" /><testcase classname="aries_cloudagent.messaging.jsonld.tests.test_routes" name="test_verify_bad_req_error[DIDMethodNotSupported]" file="aries_cloudagent/messaging/jsonld/tests/test_routes.py" line="196" time="0.031" /><testcase classname="aries_cloudagent.messaging.jsonld.tests.test_routes" name="test_verify_bad_req_http_error[WalletError]" file="aries_cloudagent/messaging/jsonld/tests/test_routes.py" line="213" time="0.034" /><testcase classname="aries_cloudagent.messaging.jsonld.tests.test_routes" name="test_verify_bad_req_http_error[InjectionError]" file="aries_cloudagent/messaging/jsonld/tests/test_routes.py" line="213" time="0.032" /><testcase classname="aries_cloudagent.messaging.jsonld.tests.test_routes" name="test_verify_bad_ver_meth_deref_req_error" file="aries_cloudagent/messaging/jsonld/tests/test_routes.py" line="227" time="0.036" /><testcase classname="aries_cloudagent.messaging.jsonld.tests.test_routes" name="test_verify_bad_vmethod_unsupported[did:example:1234abcd#key-2]" file="aries_cloudagent/messaging/jsonld/tests/test_routes.py" line="236" time="0.024" /><testcase classname="aries_cloudagent.messaging.jsonld.tests.test_routes" name="test_verify_bad_vmethod_unsupported[did:example:1234abcd#did-communication]" file="aries_cloudagent/messaging/jsonld/tests/test_routes.py" line="236" time="0.037" /><testcase classname="aries_cloudagent.messaging.jsonld.tests.test_routes" name="test_register" file="aries_cloudagent/messaging/jsonld/tests/test_routes.py" line="256" time="0.012" /><testcase classname="aries_cloudagent.messaging.jsonld.tests.test_routes" name="test_post_process_routes" file="aries_cloudagent/messaging/jsonld/tests/test_routes.py" line="264" time="0.004" /><testcase classname="aries_cloudagent.messaging.jsonld.tests.test_routes.TestJSONLDRoutes" name="test_register" file="aries_cloudagent/messaging/jsonld/tests/test_routes.py" line="511" time="0.024" /><testcase classname="aries_cloudagent.messaging.jsonld.tests.test_routes.TestJSONLDRoutes" name="test_sign_credential" file="aries_cloudagent/messaging/jsonld/tests/test_routes.py" line="424" time="0.123" /><testcase classname="aries_cloudagent.messaging.jsonld.tests.test_routes.TestJSONLDRoutes" name="test_verify_credential" file="aries_cloudagent/messaging/jsonld/tests/test_routes.py" line="291" time="0.119" /><testcase classname="aries_cloudagent.messaging.models.__init__" name="ruff" file="aries_cloudagent/messaging/models/__init__.py" time="0.030" /><testcase classname="aries_cloudagent.messaging.models.base" name="ruff" file="aries_cloudagent/messaging/models/base.py" time="0.040" /><testcase classname="aries_cloudagent.messaging.models.base_record" name="ruff" file="aries_cloudagent/messaging/models/base_record.py" time="0.049" /><testcase classname="aries_cloudagent.messaging.models.openapi" name="ruff" file="aries_cloudagent/messaging/models/openapi.py" time="0.042" /><testcase classname="aries_cloudagent.messaging.models.tests.__init__" name="ruff" file="aries_cloudagent/messaging/models/tests/__init__.py" time="0.050" /><testcase classname="aries_cloudagent.messaging.models.tests.test_base" name="ruff" file="aries_cloudagent/messaging/models/tests/test_base.py" time="0.045" /><testcase classname="aries_cloudagent.messaging.models.tests.test_base.TestBase" name="test_from_json_x" file="aries_cloudagent/messaging/models/tests/test_base.py" line="95" time="0.019" /><testcase classname="aries_cloudagent.messaging.models.tests.test_base.TestBase" name="test_model_validate_fails" file="aries_cloudagent/messaging/models/tests/test_base.py" line="72" time="0.012" /><testcase classname="aries_cloudagent.messaging.models.tests.test_base.TestBase" name="test_model_validate_succeeds" file="aries_cloudagent/messaging/models/tests/test_base.py" line="77" time="0.006" /><testcase classname="aries_cloudagent.messaging.models.tests.test_base.TestBase" name="test_model_with_unknown" file="aries_cloudagent/messaging/models/tests/test_base.py" line="100" time="0.014" /><testcase classname="aries_cloudagent.messaging.models.tests.test_base.TestBase" name="test_model_without_unknown_default_exclude" file="aries_cloudagent/messaging/models/tests/test_base.py" line="112" time="0.012" /><testcase classname="aries_cloudagent.messaging.models.tests.test_base.TestBase" name="test_ser_x" file="aries_cloudagent/messaging/models/tests/test_base.py" line="82" time="0.010" /><testcase classname="aries_cloudagent.messaging.models.tests.test_base_record" name="ruff" file="aries_cloudagent/messaging/models/tests/test_base_record.py" time="0.059" /><testcase classname="aries_cloudagent.messaging.models.tests.test_base_record.TestBaseRecord" name="test_cache" file="aries_cloudagent/messaging/models/tests/test_base_record.py" line="110" time="0.054" /><testcase classname="aries_cloudagent.messaging.models.tests.test_base_record.TestBaseRecord" name="test_emit_event" file="aries_cloudagent/messaging/models/tests/test_base_record.py" line="274" time="0.021" /><testcase classname="aries_cloudagent.messaging.models.tests.test_base_record.TestBaseRecord" name="test_from_storage_values" file="aries_cloudagent/messaging/models/tests/test_base_record.py" line="73" time="0.006" /><testcase classname="aries_cloudagent.messaging.models.tests.test_base_record.TestBaseRecord" name="test_init_undef" file="aries_cloudagent/messaging/models/tests/test_base_record.py" line="69" time="0.005" /><testcase classname="aries_cloudagent.messaging.models.tests.test_base_record.TestBaseRecord" name="test_log_state" file="aries_cloudagent/messaging/models/tests/test_base_record.py" line="256" time="0.017" /><testcase classname="aries_cloudagent.messaging.models.tests.test_base_record.TestBaseRecord" name="test_neq" file="aries_cloudagent/messaging/models/tests/test_base_record.py" line="153" time="0.008" /><testcase classname="aries_cloudagent.messaging.models.tests.test_base_record.TestBaseRecord" name="test_post_save_exist" file="aries_cloudagent/messaging/models/tests/test_base_record.py" line="96" time="0.021" /><testcase classname="aries_cloudagent.messaging.models.tests.test_base_record.TestBaseRecord" name="test_post_save_new" file="aries_cloudagent/messaging/models/tests/test_base_record.py" line="85" time="0.027" /><testcase classname="aries_cloudagent.messaging.models.tests.test_base_record.TestBaseRecord" name="test_query" file="aries_cloudagent/messaging/models/tests/test_base_record.py" line="158" time="0.022" /><testcase classname="aries_cloudagent.messaging.models.tests.test_base_record.TestBaseRecord" name="test_query_post_filter" file="aries_cloudagent/messaging/models/tests/test_base_record.py" line="198" time="0.029" /><testcase classname="aries_cloudagent.messaging.models.tests.test_base_record.TestBaseRecord" name="test_query_x" file="aries_cloudagent/messaging/models/tests/test_base_record.py" line="178" time="0.024" /><testcase classname="aries_cloudagent.messaging.models.tests.test_base_record.TestBaseRecord" name="test_retrieve_by_tag_filter_multi_x_delete" file="aries_cloudagent/messaging/models/tests/test_base_record.py" line="131" time="0.025" /><testcase classname="aries_cloudagent.messaging.models.tests.test_base_record.TestBaseRecord" name="test_save_x" file="aries_cloudagent/messaging/models/tests/test_base_record.py" line="143" time="0.021" /><testcase classname="aries_cloudagent.messaging.models.tests.test_base_record.TestBaseRecord" name="test_skip_log" file="aries_cloudagent/messaging/models/tests/test_base_record.py" line="268" time="0.014" /><testcase classname="aries_cloudagent.messaging.models.tests.test_base_record.TestBaseRecord" name="test_tag_prefix" file="aries_cloudagent/messaging/models/tests/test_base_record.py" line="309" time="0.012" /><testcase classname="aries_cloudagent.messaging.schemas.__init__" name="ruff" file="aries_cloudagent/messaging/schemas/__init__.py" time="0.054" /><testcase classname="aries_cloudagent.messaging.schemas.routes" name="ruff" file="aries_cloudagent/messaging/schemas/routes.py" time="0.058" /><testcase classname="aries_cloudagent.messaging.schemas.util" name="ruff" file="aries_cloudagent/messaging/schemas/util.py" time="0.055" /><testcase classname="aries_cloudagent.messaging.schemas.tests.__init__" name="ruff" file="aries_cloudagent/messaging/schemas/tests/__init__.py" time="0.050" /><testcase classname="aries_cloudagent.messaging.schemas.tests.test_routes" name="ruff" file="aries_cloudagent/messaging/schemas/tests/test_routes.py" time="0.040" /><testcase classname="aries_cloudagent.messaging.schemas.tests.test_routes.TestSchemaRoutes" name="test_created" file="aries_cloudagent/messaging/schemas/tests/test_routes.py" line="297" time="0.288" /><testcase classname="aries_cloudagent.messaging.schemas.tests.test_routes.TestSchemaRoutes" name="test_get_schema" file="aries_cloudagent/messaging/schemas/tests/test_routes.py" line="305" time="0.282" /><testcase classname="aries_cloudagent.messaging.schemas.tests.test_routes.TestSchemaRoutes" name="test_get_schema_multitenant" file="aries_cloudagent/messaging/schemas/tests/test_routes.py" line="325" time="0.272" /><testcase classname="aries_cloudagent.messaging.schemas.tests.test_routes.TestSchemaRoutes" name="test_get_schema_no_ledger" file="aries_cloudagent/messaging/schemas/tests/test_routes.py" line="362" time="0.251" /><testcase classname="aries_cloudagent.messaging.schemas.tests.test_routes.TestSchemaRoutes" name="test_get_schema_on_seq_no" file="aries_cloudagent/messaging/schemas/tests/test_routes.py" line="345" time="0.262" /><testcase classname="aries_cloudagent.messaging.schemas.tests.test_routes.TestSchemaRoutes" name="test_get_schema_x_ledger" file="aries_cloudagent/messaging/schemas/tests/test_routes.py" line="378" time="0.480" /><testcase classname="aries_cloudagent.messaging.schemas.tests.test_routes.TestSchemaRoutes" name="test_post_process_routes" file="aries_cloudagent/messaging/schemas/tests/test_routes.py" line="402" time="0.260" /><testcase classname="aries_cloudagent.messaging.schemas.tests.test_routes.TestSchemaRoutes" name="test_register" file="aries_cloudagent/messaging/schemas/tests/test_routes.py" line="395" time="0.264" /><testcase classname="aries_cloudagent.messaging.schemas.tests.test_routes.TestSchemaRoutes" name="test_send_schema" file="aries_cloudagent/messaging/schemas/tests/test_routes.py" line="58" time="0.278" /><testcase classname="aries_cloudagent.messaging.schemas.tests.test_routes.TestSchemaRoutes" name="test_send_schema_create_transaction_for_endorser" file="aries_cloudagent/messaging/schemas/tests/test_routes.py" line="89" time="0.258" /><testcase classname="aries_cloudagent.messaging.schemas.tests.test_routes.TestSchemaRoutes" name="test_send_schema_create_transaction_for_endorser_base_model_x" file="aries_cloudagent/messaging/schemas/tests/test_routes.py" line="196" time="0.271" /><testcase classname="aries_cloudagent.messaging.schemas.tests.test_routes.TestSchemaRoutes" name="test_send_schema_create_transaction_for_endorser_no_endorser_did_x" file="aries_cloudagent/messaging/schemas/tests/test_routes.py" line="241" time="0.255" /><testcase classname="aries_cloudagent.messaging.schemas.tests.test_routes.TestSchemaRoutes" name="test_send_schema_create_transaction_for_endorser_no_endorser_info_x" file="aries_cloudagent/messaging/schemas/tests/test_routes.py" line="218" time="0.256" /><testcase classname="aries_cloudagent.messaging.schemas.tests.test_routes.TestSchemaRoutes" name="test_send_schema_create_transaction_for_endorser_not_found_x" file="aries_cloudagent/messaging/schemas/tests/test_routes.py" line="174" time="0.254" /><testcase classname="aries_cloudagent.messaging.schemas.tests.test_routes.TestSchemaRoutes" name="test_send_schema_create_transaction_for_endorser_storage_x" file="aries_cloudagent/messaging/schemas/tests/test_routes.py" line="140" time="0.265" /><testcase classname="aries_cloudagent.messaging.schemas.tests.test_routes.TestSchemaRoutes" name="test_send_schema_no_ledger" file="aries_cloudagent/messaging/schemas/tests/test_routes.py" line="268" time="0.296" /><testcase classname="aries_cloudagent.messaging.schemas.tests.test_routes.TestSchemaRoutes" name="test_send_schema_x_ledger" file="aries_cloudagent/messaging/schemas/tests/test_routes.py" line="281" time="0.502" /><testcase classname="aries_cloudagent.messaging.tests.__init__" name="ruff" file="aries_cloudagent/messaging/tests/__init__.py" time="0.038" /><testcase classname="aries_cloudagent.messaging.tests.test_agent_message" name="ruff" file="aries_cloudagent/messaging/tests/test_agent_message.py" time="0.045" /><testcase classname="aries_cloudagent.messaging.tests.test_agent_message.TestAgentMessage" name="test_add_tracing" file="aries_cloudagent/messaging/tests/test_agent_message.py" line="131" time="0.018" /><testcase classname="aries_cloudagent.messaging.tests.test_agent_message.TestAgentMessage" name="test_assign_thread" file="aries_cloudagent/messaging/tests/test_agent_message.py" line="120" time="0.011" /><testcase classname="aries_cloudagent.messaging.tests.test_agent_message.TestAgentMessage" name="test_field_signature" file="aries_cloudagent/messaging/tests/test_agent_message.py" line="71" time="0.042" /><testcase classname="aries_cloudagent.messaging.tests.test_agent_message.TestAgentMessage" name="test_init" file="aries_cloudagent/messaging/tests/test_agent_message.py" line="53" time="0.014" /><testcase classname="aries_cloudagent.messaging.tests.test_agent_message.TestAgentMessageSchema" name="test_extract_decorators_x" file="aries_cloudagent/messaging/tests/test_agent_message.py" line="209" time="0.018" /><testcase classname="aries_cloudagent.messaging.tests.test_agent_message.TestAgentMessageSchema" name="test_init_x" file="aries_cloudagent/messaging/tests/test_agent_message.py" line="199" time="0.011" /><testcase classname="aries_cloudagent.messaging.tests.test_agent_message.TestAgentMessageSchema" name="test_serde" file="aries_cloudagent/messaging/tests/test_agent_message.py" line="251" time="0.013" /><testcase classname="aries_cloudagent.messaging.tests.test_util" name="ruff" file="aries_cloudagent/messaging/tests/test_util.py" time="0.052" /><testcase classname="aries_cloudagent.messaging.tests.test_util.TestUtil" name="test_canon" file="aries_cloudagent/messaging/tests/test_util.py" line="67" time="0.005" /><testcase classname="aries_cloudagent.messaging.tests.test_util.TestUtil" name="test_encode" file="aries_cloudagent/messaging/tests/test_util.py" line="73" time="0.004" /><testcase classname="aries_cloudagent.messaging.tests.test_util.TestUtil" name="test_epoch" file="aries_cloudagent/messaging/tests/test_util.py" line="60" time="0.005" /><testcase classname="aries_cloudagent.messaging.tests.test_util.TestUtil" name="test_format" file="aries_cloudagent/messaging/tests/test_util.py" line="48" time="0.004" /><testcase classname="aries_cloudagent.messaging.tests.test_util.TestUtil" name="test_parse" file="aries_cloudagent/messaging/tests/test_util.py" line="16" time="0.003" /><testcase classname="aries_cloudagent.messaging.tests.test_valid" name="ruff" file="aries_cloudagent/messaging/tests/test_valid.py" time="0.051" /><testcase classname="aries_cloudagent.messaging.tests.test_valid.TestValid" name="test_base64" file="aries_cloudagent/messaging/tests/test_valid.py" line="377" time="0.010" /><testcase classname="aries_cloudagent.messaging.tests.test_valid.TestValid" name="test_cred_def_id" file="aries_cloudagent/messaging/tests/test_valid.py" line="208" time="0.003" /><testcase classname="aries_cloudagent.messaging.tests.test_valid.TestValid" name="test_cred_rev_id" file="aries_cloudagent/messaging/tests/test_valid.py" line="253" time="0.004" /><testcase classname="aries_cloudagent.messaging.tests.test_valid.TestValid" name="test_credential_context" file="aries_cloudagent/messaging/tests/test_valid.py" line="510" time="0.004" /><testcase classname="aries_cloudagent.messaging.tests.test_valid.TestValid" name="test_credential_type" file="aries_cloudagent/messaging/tests/test_valid.py" line="497" time="0.002" /><testcase classname="aries_cloudagent.messaging.tests.test_valid.TestValid" name="test_did_key" file="aries_cloudagent/messaging/tests/test_valid.py" line="167" time="0.002" /><testcase classname="aries_cloudagent.messaging.tests.test_valid.TestValid" name="test_did_posture" file="aries_cloudagent/messaging/tests/test_valid.py" line="180" time="0.005" /><testcase classname="aries_cloudagent.messaging.tests.test_valid.TestValid" name="test_endpoint" file="aries_cloudagent/messaging/tests/test_valid.py" line="458" time="0.005" /><testcase classname="aries_cloudagent.messaging.tests.test_valid.TestValid" name="test_endpoint_type" file="aries_cloudagent/messaging/tests/test_valid.py" line="478" time="0.003" /><testcase classname="aries_cloudagent.messaging.tests.test_valid.TestValid" name="test_epoch" file="aries_cloudagent/messaging/tests/test_valid.py" line="41" time="0.004" /><testcase classname="aries_cloudagent.messaging.tests.test_valid.TestValid" name="test_indy_base58_sha256_hash" file="aries_cloudagent/messaging/tests/test_valid.py" line="196" time="0.003" /><testcase classname="aries_cloudagent.messaging.tests.test_valid.TestValid" name="test_indy_date" file="aries_cloudagent/messaging/tests/test_valid.py" line="301" time="0.005" /><testcase classname="aries_cloudagent.messaging.tests.test_valid.TestValid" name="test_indy_did" file="aries_cloudagent/messaging/tests/test_valid.py" line="101" time="0.006" /><testcase classname="aries_cloudagent.messaging.tests.test_valid.TestValid" name="test_indy_extra_wql" file="aries_cloudagent/messaging/tests/test_valid.py" line="345" time="0.005" /><testcase classname="aries_cloudagent.messaging.tests.test_valid.TestValid" name="test_indy_raw_public_key" file="aries_cloudagent/messaging/tests/test_valid.py" line="116" time="0.004" /><testcase classname="aries_cloudagent.messaging.tests.test_valid.TestValid" name="test_indy_rev_reg_size" file="aries_cloudagent/messaging/tests/test_valid.py" line="90" time="0.003" /><testcase classname="aries_cloudagent.messaging.tests.test_valid.TestValid" name="test_indy_wql" file="aries_cloudagent/messaging/tests/test_valid.py" line="324" time="0.006" /><testcase classname="aries_cloudagent.messaging.tests.test_valid.TestValid" name="test_jws_header_kid" file="aries_cloudagent/messaging/tests/test_valid.py" line="128" time="0.003" /><testcase classname="aries_cloudagent.messaging.tests.test_valid.TestValid" name="test_jwt" file="aries_cloudagent/messaging/tests/test_valid.py" line="151" time="0.003" /><testcase classname="aries_cloudagent.messaging.tests.test_valid.TestValid" name="test_natural" file="aries_cloudagent/messaging/tests/test_valid.py" line="61" time="0.003" /><testcase classname="aries_cloudagent.messaging.tests.test_valid.TestValid" name="test_predicate" file="aries_cloudagent/messaging/tests/test_valid.py" line="290" time="0.003" /><testcase classname="aries_cloudagent.messaging.tests.test_valid.TestValid" name="test_rev_reg_id" file="aries_cloudagent/messaging/tests/test_valid.py" line="225" time="0.004" /><testcase classname="aries_cloudagent.messaging.tests.test_valid.TestValid" name="test_schema_id" file="aries_cloudagent/messaging/tests/test_valid.py" line="273" time="0.007" /><testcase classname="aries_cloudagent.messaging.tests.test_valid.TestValid" name="test_sha256" file="aries_cloudagent/messaging/tests/test_valid.py" line="424" time="0.002" /><testcase classname="aries_cloudagent.messaging.tests.test_valid.TestValid" name="test_str_natural" file="aries_cloudagent/messaging/tests/test_valid.py" line="80" time="0.002" /><testcase classname="aries_cloudagent.messaging.tests.test_valid.TestValid" name="test_str_whole" file="aries_cloudagent/messaging/tests/test_valid.py" line="70" time="0.003" /><testcase classname="aries_cloudagent.messaging.tests.test_valid.TestValid" name="test_uuid4" file="aries_cloudagent/messaging/tests/test_valid.py" line="442" time="0.005" /><testcase classname="aries_cloudagent.messaging.tests.test_valid.TestValid" name="test_version" file="aries_cloudagent/messaging/tests/test_valid.py" line="262" time="0.003" /><testcase classname="aries_cloudagent.messaging.tests.test_valid.TestValid" name="test_whole" file="aries_cloudagent/messaging/tests/test_valid.py" line="51" time="0.006" /><testcase classname="aries_cloudagent.multitenant.__init__" name="ruff" file="aries_cloudagent/multitenant/__init__.py" time="0.069" /><testcase classname="aries_cloudagent.multitenant.askar_profile_manager" name="ruff" file="aries_cloudagent/multitenant/askar_profile_manager.py" time="0.052" /><testcase classname="aries_cloudagent.multitenant.base" name="ruff" file="aries_cloudagent/multitenant/base.py" time="0.044" /><testcase classname="aries_cloudagent.multitenant.cache" name="ruff" file="aries_cloudagent/multitenant/cache.py" time="0.052" /><testcase classname="aries_cloudagent.multitenant.error" name="ruff" file="aries_cloudagent/multitenant/error.py" time="0.049" /><testcase classname="aries_cloudagent.multitenant.manager" name="ruff" file="aries_cloudagent/multitenant/manager.py" time="0.054" /><testcase classname="aries_cloudagent.multitenant.manager_provider" name="ruff" file="aries_cloudagent/multitenant/manager_provider.py" time="0.045" /><testcase classname="aries_cloudagent.multitenant.route_manager" name="ruff" file="aries_cloudagent/multitenant/route_manager.py" time="0.058" /><testcase classname="aries_cloudagent.multitenant.admin.__init__" name="ruff" file="aries_cloudagent/multitenant/admin/__init__.py" time="0.043" /><testcase classname="aries_cloudagent.multitenant.admin.routes" name="ruff" file="aries_cloudagent/multitenant/admin/routes.py" time="0.061" /><testcase classname="aries_cloudagent.multitenant.admin.tests.__init__" name="ruff" file="aries_cloudagent/multitenant/admin/tests/__init__.py" time="0.055" /><testcase classname="aries_cloudagent.multitenant.admin.tests.test_routes" name="ruff" file="aries_cloudagent/multitenant/admin/tests/test_routes.py" time="0.053" /><testcase classname="aries_cloudagent.multitenant.admin.tests.test_routes.TestMultitenantRoutes" name="test_format_wallet_record_removes_wallet_key" file="aries_cloudagent/multitenant/admin/tests/test_routes.py" line="38" time="0.034" /><testcase classname="aries_cloudagent.multitenant.admin.tests.test_routes.TestMultitenantRoutes" name="test_post_process_routes" file="aries_cloudagent/multitenant/admin/tests/test_routes.py" line="732" time="0.030" /><testcase classname="aries_cloudagent.multitenant.admin.tests.test_routes.TestMultitenantRoutes" name="test_register" file="aries_cloudagent/multitenant/admin/tests/test_routes.py" line="725" time="0.027" /><testcase classname="aries_cloudagent.multitenant.admin.tests.test_routes.TestMultitenantRoutes" name="test_wallet_create" file="aries_cloudagent/multitenant/admin/tests/test_routes.py" line="198" time="0.051" /><testcase classname="aries_cloudagent.multitenant.admin.tests.test_routes.TestMultitenantRoutes" name="test_wallet_create_optional_default_fields" file="aries_cloudagent/multitenant/admin/tests/test_routes.py" line="262" time="0.035" /><testcase classname="aries_cloudagent.multitenant.admin.tests.test_routes.TestMultitenantRoutes" name="test_wallet_create_raw_key_derivation" file="aries_cloudagent/multitenant/admin/tests/test_routes.py" line="295" time="0.058" /><testcase classname="aries_cloudagent.multitenant.admin.tests.test_routes.TestMultitenantRoutes" name="test_wallet_create_schema_validation_fails_indy_no_name_key" file="aries_cloudagent/multitenant/admin/tests/test_routes.py" line="255" time="0.026" /><testcase classname="aries_cloudagent.multitenant.admin.tests.test_routes.TestMultitenantRoutes" name="test_wallet_create_tenant_settings" file="aries_cloudagent/multitenant/admin/tests/test_routes.py" line="141" time="0.039" /><testcase classname="aries_cloudagent.multitenant.admin.tests.test_routes.TestMultitenantRoutes" name="test_wallet_create_token_managed" file="aries_cloudagent/multitenant/admin/tests/test_routes.py" line="563" time="0.050" /><testcase classname="aries_cloudagent.multitenant.admin.tests.test_routes.TestMultitenantRoutes" name="test_wallet_create_token_managed_wallet_key_provided_throws" file="aries_cloudagent/multitenant/admin/tests/test_routes.py" line="615" time="0.044" /><testcase classname="aries_cloudagent.multitenant.admin.tests.test_routes.TestMultitenantRoutes" name="test_wallet_create_token_unmanaged" file="aries_cloudagent/multitenant/admin/tests/test_routes.py" line="589" time="0.046" /><testcase classname="aries_cloudagent.multitenant.admin.tests.test_routes.TestMultitenantRoutes" name="test_wallet_create_token_x" file="aries_cloudagent/multitenant/admin/tests/test_routes.py" line="632" time="0.041" /><testcase classname="aries_cloudagent.multitenant.admin.tests.test_routes.TestMultitenantRoutes" name="test_wallet_create_x" file="aries_cloudagent/multitenant/admin/tests/test_routes.py" line="247" time="0.036" /><testcase classname="aries_cloudagent.multitenant.admin.tests.test_routes.TestMultitenantRoutes" name="test_wallet_get" file="aries_cloudagent/multitenant/admin/tests/test_routes.py" line="518" time="0.029" /><testcase classname="aries_cloudagent.multitenant.admin.tests.test_routes.TestMultitenantRoutes" name="test_wallet_get_not_found" file="aries_cloudagent/multitenant/admin/tests/test_routes.py" line="537" time="0.024" /><testcase classname="aries_cloudagent.multitenant.admin.tests.test_routes.TestMultitenantRoutes" name="test_wallet_get_x" file="aries_cloudagent/multitenant/admin/tests/test_routes.py" line="548" time="0.040" /><testcase classname="aries_cloudagent.multitenant.admin.tests.test_routes.TestMultitenantRoutes" name="test_wallet_remove_managed" file="aries_cloudagent/multitenant/admin/tests/test_routes.py" line="653" time="0.032" /><testcase classname="aries_cloudagent.multitenant.admin.tests.test_routes.TestMultitenantRoutes" name="test_wallet_remove_managed_wallet_key_provided_throws" file="aries_cloudagent/multitenant/admin/tests/test_routes.py" line="689" time="0.029" /><testcase classname="aries_cloudagent.multitenant.admin.tests.test_routes.TestMultitenantRoutes" name="test_wallet_remove_unmanaged" file="aries_cloudagent/multitenant/admin/tests/test_routes.py" line="671" time="0.050" /><testcase classname="aries_cloudagent.multitenant.admin.tests.test_routes.TestMultitenantRoutes" name="test_wallet_remove_x" file="aries_cloudagent/multitenant/admin/tests/test_routes.py" line="704" time="0.044" /><testcase classname="aries_cloudagent.multitenant.admin.tests.test_routes.TestMultitenantRoutes" name="test_wallet_update" file="aries_cloudagent/multitenant/admin/tests/test_routes.py" line="369" time="0.027" /><testcase classname="aries_cloudagent.multitenant.admin.tests.test_routes.TestMultitenantRoutes" name="test_wallet_update_empty_wallet_webhook_urls" file="aries_cloudagent/multitenant/admin/tests/test_routes.py" line="443" time="0.040" /><testcase classname="aries_cloudagent.multitenant.admin.tests.test_routes.TestMultitenantRoutes" name="test_wallet_update_no_params" file="aries_cloudagent/multitenant/admin/tests/test_routes.py" line="499" time="0.026" /><testcase classname="aries_cloudagent.multitenant.admin.tests.test_routes.TestMultitenantRoutes" name="test_wallet_update_no_wallet_webhook_urls" file="aries_cloudagent/multitenant/admin/tests/test_routes.py" line="408" time="0.031" /><testcase classname="aries_cloudagent.multitenant.admin.tests.test_routes.TestMultitenantRoutes" name="test_wallet_update_not_found" file="aries_cloudagent/multitenant/admin/tests/test_routes.py" line="507" time="0.042" /><testcase classname="aries_cloudagent.multitenant.admin.tests.test_routes.TestMultitenantRoutes" name="test_wallet_update_tenant_settings" file="aries_cloudagent/multitenant/admin/tests/test_routes.py" line="322" time="0.034" /><testcase classname="aries_cloudagent.multitenant.admin.tests.test_routes.TestMultitenantRoutes" name="test_wallet_update_wallet_settings_x" file="aries_cloudagent/multitenant/admin/tests/test_routes.py" line="481" time="0.029" /><testcase classname="aries_cloudagent.multitenant.admin.tests.test_routes.TestMultitenantRoutes" name="test_wallets_list" file="aries_cloudagent/multitenant/admin/tests/test_routes.py" line="49" time="0.156" /><testcase classname="aries_cloudagent.multitenant.admin.tests.test_routes.TestMultitenantRoutes" name="test_wallets_list_query" file="aries_cloudagent/multitenant/admin/tests/test_routes.py" line="106" time="0.124" /><testcase classname="aries_cloudagent.multitenant.admin.tests.test_routes.TestMultitenantRoutes" name="test_wallets_list_x" file="aries_cloudagent/multitenant/admin/tests/test_routes.py" line="92" time="0.105" /><testcase classname="aries_cloudagent.multitenant.tests.__init__" name="ruff" file="aries_cloudagent/multitenant/tests/__init__.py" time="0.034" /><testcase classname="aries_cloudagent.multitenant.tests.test_askar_profile_manager" name="ruff" file="aries_cloudagent/multitenant/tests/test_askar_profile_manager.py" time="0.049" /><testcase classname="aries_cloudagent.multitenant.tests.test_askar_profile_manager.TestAskarProfileMultitenantManager" name="test_get_wallet_profile_should_create_profile" file="aries_cloudagent/multitenant/tests/test_askar_profile_manager.py" line="101" time="0.045" /><testcase classname="aries_cloudagent.multitenant.tests.test_askar_profile_manager.TestAskarProfileMultitenantManager" name="test_get_wallet_profile_should_open_store_and_return_profile_with_wallet_context" file="aries_cloudagent/multitenant/tests/test_askar_profile_manager.py" line="24" time="0.044" /><testcase classname="aries_cloudagent.multitenant.tests.test_askar_profile_manager.TestAskarProfileMultitenantManager" name="test_get_wallet_profile_should_use_custom_subwallet_name" file="aries_cloudagent/multitenant/tests/test_askar_profile_manager.py" line="122" time="0.037" /><testcase classname="aries_cloudagent.multitenant.tests.test_askar_profile_manager.TestAskarProfileMultitenantManager" name="test_open_profiles" file="aries_cloudagent/multitenant/tests/test_askar_profile_manager.py" line="160" time="0.022" /><testcase classname="aries_cloudagent.multitenant.tests.test_askar_profile_manager.TestAskarProfileMultitenantManager" name="test_remove_wallet_profile" file="aries_cloudagent/multitenant/tests/test_askar_profile_manager.py" line="153" time="0.030" /><testcase classname="aries_cloudagent.multitenant.tests.test_base" name="ruff" file="aries_cloudagent/multitenant/tests/test_base.py" time="0.050" /><testcase classname="aries_cloudagent.multitenant.tests.test_base.TestBaseMultitenantManager" name="test_create_auth_token_fails_no_wallet_key_but_required" file="aries_cloudagent/multitenant/tests/test_base.py" line="355" time="0.042" /><testcase classname="aries_cloudagent.multitenant.tests.test_base.TestBaseMultitenantManager" name="test_create_auth_token_managed" file="aries_cloudagent/multitenant/tests/test_base.py" line="366" time="0.028" /><testcase classname="aries_cloudagent.multitenant.tests.test_base.TestBaseMultitenantManager" name="test_create_auth_token_unmanaged" file="aries_cloudagent/multitenant/tests/test_base.py" line="390" time="0.034" /><testcase classname="aries_cloudagent.multitenant.tests.test_base.TestBaseMultitenantManager" name="test_create_wallet_adds_wallet_route" file="aries_cloudagent/multitenant/tests/test_base.py" line="239" time="0.047" /><testcase classname="aries_cloudagent.multitenant.tests.test_base.TestBaseMultitenantManager" name="test_create_wallet_fails_if_wallet_name_exists" file="aries_cloudagent/multitenant/tests/test_base.py" line="195" time="0.018" /><testcase classname="aries_cloudagent.multitenant.tests.test_base.TestBaseMultitenantManager" name="test_create_wallet_removes_key_only_unmanaged_mode" file="aries_cloudagent/multitenant/tests/test_base.py" line="179" time="0.023" /><testcase classname="aries_cloudagent.multitenant.tests.test_base.TestBaseMultitenantManager" name="test_create_wallet_saves_wallet_record_creates_profile" file="aries_cloudagent/multitenant/tests/test_base.py" line="209" time="0.037" /><testcase classname="aries_cloudagent.multitenant.tests.test_base.TestBaseMultitenantManager" name="test_get_default_mediator" file="aries_cloudagent/multitenant/tests/test_base.py" line="60" time="0.029" /><testcase classname="aries_cloudagent.multitenant.tests.test_base.TestBaseMultitenantManager" name="test_get_profile_for_key" file="aries_cloudagent/multitenant/tests/test_base.py" line="677" time="0.036" /><testcase classname="aries_cloudagent.multitenant.tests.test_base.TestBaseMultitenantManager" name="test_get_profile_for_token_invalid_token_raises" file="aries_cloudagent/multitenant/tests/test_base.py" line="477" time="0.022" /><testcase classname="aries_cloudagent.multitenant.tests.test_base.TestBaseMultitenantManager" name="test_get_profile_for_token_managed_wallet_iat" file="aries_cloudagent/multitenant/tests/test_base.py" line="532" time="0.029" /><testcase classname="aries_cloudagent.multitenant.tests.test_base.TestBaseMultitenantManager" name="test_get_profile_for_token_managed_wallet_no_iat" file="aries_cloudagent/multitenant/tests/test_base.py" line="500" time="0.030" /><testcase classname="aries_cloudagent.multitenant.tests.test_base.TestBaseMultitenantManager" name="test_get_profile_for_token_managed_wallet_x_iat_no_match" file="aries_cloudagent/multitenant/tests/test_base.py" line="569" time="0.027" /><testcase classname="aries_cloudagent.multitenant.tests.test_base.TestBaseMultitenantManager" name="test_get_profile_for_token_unmanaged_wallet" file="aries_cloudagent/multitenant/tests/test_base.py" line="609" time="0.023" /><testcase classname="aries_cloudagent.multitenant.tests.test_base.TestBaseMultitenantManager" name="test_get_profile_for_token_wallet_key_missing_raises" file="aries_cloudagent/multitenant/tests/test_base.py" line="485" time="0.024" /><testcase classname="aries_cloudagent.multitenant.tests.test_base.TestBaseMultitenantManager" name="test_get_wallet_and_profile" file="aries_cloudagent/multitenant/tests/test_base.py" line="454" time="0.027" /><testcase classname="aries_cloudagent.multitenant.tests.test_base.TestBaseMultitenantManager" name="test_get_wallet_by_key" file="aries_cloudagent/multitenant/tests/test_base.py" line="163" time="0.023" /><testcase classname="aries_cloudagent.multitenant.tests.test_base.TestBaseMultitenantManager" name="test_get_wallet_by_key_routing_record_does_not_exist" file="aries_cloudagent/multitenant/tests/test_base.py" line="141" time="2.082" /><testcase classname="aries_cloudagent.multitenant.tests.test_base.TestBaseMultitenantManager" name="test_get_wallet_by_key_wallet_record_does_not_exist" file="aries_cloudagent/multitenant/tests/test_base.py" line="152" time="0.025" /><testcase classname="aries_cloudagent.multitenant.tests.test_base.TestBaseMultitenantManager" name="test_get_wallet_details_from_token" file="aries_cloudagent/multitenant/tests/test_base.py" line="419" time="0.021" /><testcase classname="aries_cloudagent.multitenant.tests.test_base.TestBaseMultitenantManager" name="test_get_wallets_by_message" file="aries_cloudagent/multitenant/tests/test_base.py" line="650" time="0.019" /><testcase classname="aries_cloudagent.multitenant.tests.test_base.TestBaseMultitenantManager" name="test_get_wallets_by_message_missing_wire_format_raises" file="aries_cloudagent/multitenant/tests/test_base.py" line="644" time="0.021" /><testcase classname="aries_cloudagent.multitenant.tests.test_base.TestBaseMultitenantManager" name="test_get_webhook_urls_dispatch_type_base" file="aries_cloudagent/multitenant/tests/test_base.py" line="76" time="0.028" /><testcase classname="aries_cloudagent.multitenant.tests.test_base.TestBaseMultitenantManager" name="test_get_webhook_urls_dispatch_type_both" file="aries_cloudagent/multitenant/tests/test_base.py" line="98" time="0.025" /><testcase classname="aries_cloudagent.multitenant.tests.test_base.TestBaseMultitenantManager" name="test_get_webhook_urls_dispatch_type_default" file="aries_cloudagent/multitenant/tests/test_base.py" line="87" time="0.026" /><testcase classname="aries_cloudagent.multitenant.tests.test_base.TestBaseMultitenantManager" name="test_init_throws_no_profile" file="aries_cloudagent/multitenant/tests/test_base.py" line="56" time="0.016" /><testcase classname="aries_cloudagent.multitenant.tests.test_base.TestBaseMultitenantManager" name="test_remove_wallet_fails_no_wallet_key_but_required" file="aries_cloudagent/multitenant/tests/test_base.py" line="311" time="0.023" /><testcase classname="aries_cloudagent.multitenant.tests.test_base.TestBaseMultitenantManager" name="test_remove_wallet_removes_profile_wallet_storage_records" file="aries_cloudagent/multitenant/tests/test_base.py" line="322" time="0.051" /><testcase classname="aries_cloudagent.multitenant.tests.test_base.TestBaseMultitenantManager" name="test_update_wallet" file="aries_cloudagent/multitenant/tests/test_base.py" line="284" time="0.027" /><testcase classname="aries_cloudagent.multitenant.tests.test_base.TestBaseMultitenantManager" name="test_wallet_exists_false" file="aries_cloudagent/multitenant/tests/test_base.py" line="133" time="0.013" /><testcase classname="aries_cloudagent.multitenant.tests.test_base.TestBaseMultitenantManager" name="test_wallet_exists_in_wallet_record" file="aries_cloudagent/multitenant/tests/test_base.py" line="118" time="0.023" /><testcase classname="aries_cloudagent.multitenant.tests.test_base.TestBaseMultitenantManager" name="test_wallet_exists_name_is_root_profile_name" file="aries_cloudagent/multitenant/tests/test_base.py" line="110" time="0.039" /><testcase classname="aries_cloudagent.multitenant.tests.test_cache" name="ruff" file="aries_cloudagent/multitenant/tests/test_cache.py" time="0.066" /><testcase classname="aries_cloudagent.multitenant.tests.test_cache" name="test_get_not_in_cache" file="aries_cloudagent/multitenant/tests/test_cache.py" line="13" time="0.003" /><testcase classname="aries_cloudagent.multitenant.tests.test_cache" name="test_put_get_in_cache" file="aries_cloudagent/multitenant/tests/test_cache.py" line="19" time="0.004" /><testcase classname="aries_cloudagent.multitenant.tests.test_cache" name="test_remove" file="aries_cloudagent/multitenant/tests/test_cache.py" line="28" time="0.004" /><testcase classname="aries_cloudagent.multitenant.tests.test_cache" name="test_has_true" file="aries_cloudagent/multitenant/tests/test_cache.py" line="41" time="0.002" /><testcase classname="aries_cloudagent.multitenant.tests.test_cache" name="test_cleanup" file="aries_cloudagent/multitenant/tests/test_cache.py" line="51" time="0.003" /><testcase classname="aries_cloudagent.multitenant.tests.test_cache" name="test_cleanup_lru" file="aries_cloudagent/multitenant/tests/test_cache.py" line="64" time="0.003" /><testcase classname="aries_cloudagent.multitenant.tests.test_cache" name="test_rescue_open_profile" file="aries_cloudagent/multitenant/tests/test_cache.py" line="84" time="0.002" /><testcase classname="aries_cloudagent.multitenant.tests.test_manager" name="ruff" file="aries_cloudagent/multitenant/tests/test_manager.py" time="0.053" /><testcase classname="aries_cloudagent.multitenant.tests.test_manager.TestMultitenantManager" name="test_get_wallet_profile_not_in_cache" file="aries_cloudagent/multitenant/tests/test_manager.py" line="32" time="0.048" /><testcase classname="aries_cloudagent.multitenant.tests.test_manager.TestMultitenantManager" name="test_get_wallet_profile_returns_from_cache" file="aries_cloudagent/multitenant/tests/test_manager.py" line="19" time="0.043" /><testcase classname="aries_cloudagent.multitenant.tests.test_manager.TestMultitenantManager" name="test_get_wallet_profile_settings" file="aries_cloudagent/multitenant/tests/test_manager.py" line="48" time="0.036" /><testcase classname="aries_cloudagent.multitenant.tests.test_manager.TestMultitenantManager" name="test_get_wallet_profile_settings_reset" file="aries_cloudagent/multitenant/tests/test_manager.py" line="94" time="0.017" /><testcase classname="aries_cloudagent.multitenant.tests.test_manager.TestMultitenantManager" name="test_get_wallet_profile_settings_reset_overwrite" file="aries_cloudagent/multitenant/tests/test_manager.py" line="137" time="0.025" /><testcase classname="aries_cloudagent.multitenant.tests.test_manager.TestMultitenantManager" name="test_remove_wallet_profile" file="aries_cloudagent/multitenant/tests/test_manager.py" line="209" time="0.021" /><testcase classname="aries_cloudagent.multitenant.tests.test_manager.TestMultitenantManager" name="test_update_wallet_update_wallet_profile" file="aries_cloudagent/multitenant/tests/test_manager.py" line="176" time="0.032" /><testcase classname="aries_cloudagent.multitenant.tests.test_manager_provider" name="ruff" file="aries_cloudagent/multitenant/tests/test_manager_provider.py" time="0.048" /><testcase classname="aries_cloudagent.multitenant.tests.test_manager_provider.TestProfileManagerProvider" name="test_invalid_manager_type" file="aries_cloudagent/multitenant/tests/test_manager_provider.py" line="30" time="0.014" /><testcase classname="aries_cloudagent.multitenant.tests.test_manager_provider.TestProfileManagerProvider" name="test_provide_askar_profile_manager" file="aries_cloudagent/multitenant/tests/test_manager_provider.py" line="19" time="0.012" /><testcase classname="aries_cloudagent.multitenant.tests.test_manager_provider.TestProfileManagerProvider" name="test_provide_manager" file="aries_cloudagent/multitenant/tests/test_manager_provider.py" line="9" time="0.007" /><testcase classname="aries_cloudagent.multitenant.tests.test_route_manager" name="ruff" file="aries_cloudagent/multitenant/tests/test_route_manager.py" time="0.049" /><testcase classname="aries_cloudagent.multitenant.tests.test_route_manager" name="test_route_for_key_sub_mediator_no_base_mediator" file="aries_cloudagent/multitenant/tests/test_route_manager.py" line="65" time="0.032" /><testcase classname="aries_cloudagent.multitenant.tests.test_route_manager" name="test_route_for_key_sub_mediator_and_base_mediator" file="aries_cloudagent/multitenant/tests/test_route_manager.py" line="103" time="0.019" /><testcase classname="aries_cloudagent.multitenant.tests.test_route_manager" name="test_route_for_key_base_mediator_no_sub_mediator" file="aries_cloudagent/multitenant/tests/test_route_manager.py" line="147" time="0.021" /><testcase classname="aries_cloudagent.multitenant.tests.test_route_manager" name="test_route_for_key_skip_if_exists_and_exists" file="aries_cloudagent/multitenant/tests/test_route_manager.py" line="188" time="0.017" /><testcase classname="aries_cloudagent.multitenant.tests.test_route_manager" name="test_route_for_key_skip_if_exists_and_absent" file="aries_cloudagent/multitenant/tests/test_route_manager.py" line="211" time="0.023" /><testcase classname="aries_cloudagent.multitenant.tests.test_route_manager" name="test_route_for_key_replace_key" file="aries_cloudagent/multitenant/tests/test_route_manager.py" line="243" time="0.009" /><testcase classname="aries_cloudagent.multitenant.tests.test_route_manager" name="test_route_for_key_no_mediator" file="aries_cloudagent/multitenant/tests/test_route_manager.py" line="271" time="0.013" /><testcase classname="aries_cloudagent.multitenant.tests.test_route_manager" name="test_routing_info_with_mediator" file="aries_cloudagent/multitenant/tests/test_route_manager.py" line="288" time="0.008" /><testcase classname="aries_cloudagent.multitenant.tests.test_route_manager" name="test_routing_info_no_mediator" file="aries_cloudagent/multitenant/tests/test_route_manager.py" line="304" time="0.007" /><testcase classname="aries_cloudagent.multitenant.tests.test_route_manager" name="test_routing_info_with_base_mediator" file="aries_cloudagent/multitenant/tests/test_route_manager.py" line="314" time="0.007" /><testcase classname="aries_cloudagent.multitenant.tests.test_route_manager" name="test_routing_info_with_base_mediator_and_sub_mediator" file="aries_cloudagent/multitenant/tests/test_route_manager.py" line="336" time="0.010" /><testcase classname="aries_cloudagent.multitenant.tests.test_route_manager" name="test_connection_from_recipient_key" file="aries_cloudagent/multitenant/tests/test_route_manager.py" line="364" time="0.016" /><testcase classname="aries_cloudagent.protocols.__init__" name="ruff" file="aries_cloudagent/protocols/__init__.py" time="0.040" /><testcase classname="aries_cloudagent.protocols.didcomm_prefix" name="ruff" file="aries_cloudagent/protocols/didcomm_prefix.py" time="0.044" /><testcase classname="aries_cloudagent.protocols.actionmenu.__init__" name="ruff" file="aries_cloudagent/protocols/actionmenu/__init__.py" time="0.051" /><testcase classname="aries_cloudagent.protocols.actionmenu.definition" name="ruff" file="aries_cloudagent/protocols/actionmenu/definition.py" time="0.043" /><testcase classname="aries_cloudagent.protocols.actionmenu.v1_0.__init__" name="ruff" file="aries_cloudagent/protocols/actionmenu/v1_0/__init__.py" time="0.061" /><testcase classname="aries_cloudagent.protocols.actionmenu.v1_0.base_service" name="ruff" file="aries_cloudagent/protocols/actionmenu/v1_0/base_service.py" time="0.056" /><testcase classname="aries_cloudagent.protocols.actionmenu.v1_0.controller" name="ruff" file="aries_cloudagent/protocols/actionmenu/v1_0/controller.py" time="0.048" /><testcase classname="aries_cloudagent.protocols.actionmenu.v1_0.driver_service" name="ruff" file="aries_cloudagent/protocols/actionmenu/v1_0/driver_service.py" time="0.058" /><testcase classname="aries_cloudagent.protocols.actionmenu.v1_0.message_types" name="ruff" file="aries_cloudagent/protocols/actionmenu/v1_0/message_types.py" time="0.055" /><testcase classname="aries_cloudagent.protocols.actionmenu.v1_0.routes" name="ruff" file="aries_cloudagent/protocols/actionmenu/v1_0/routes.py" time="0.043" /><testcase classname="aries_cloudagent.protocols.actionmenu.v1_0.util" name="ruff" file="aries_cloudagent/protocols/actionmenu/v1_0/util.py" time="0.047" /><testcase classname="aries_cloudagent.protocols.actionmenu.v1_0.handlers.__init__" name="ruff" file="aries_cloudagent/protocols/actionmenu/v1_0/handlers/__init__.py" time="0.054" /><testcase classname="aries_cloudagent.protocols.actionmenu.v1_0.handlers.menu_handler" name="ruff" file="aries_cloudagent/protocols/actionmenu/v1_0/handlers/menu_handler.py" time="0.043" /><testcase classname="aries_cloudagent.protocols.actionmenu.v1_0.handlers.menu_request_handler" name="ruff" file="aries_cloudagent/protocols/actionmenu/v1_0/handlers/menu_request_handler.py" time="0.051" /><testcase classname="aries_cloudagent.protocols.actionmenu.v1_0.handlers.perform_handler" name="ruff" file="aries_cloudagent/protocols/actionmenu/v1_0/handlers/perform_handler.py" time="0.043" /><testcase classname="aries_cloudagent.protocols.actionmenu.v1_0.handlers.tests.__init__" name="ruff" file="aries_cloudagent/protocols/actionmenu/v1_0/handlers/tests/__init__.py" time="0.047" /><testcase classname="aries_cloudagent.protocols.actionmenu.v1_0.handlers.tests.test_menu_handler" name="ruff" file="aries_cloudagent/protocols/actionmenu/v1_0/handlers/tests/test_menu_handler.py" time="0.051" /><testcase classname="aries_cloudagent.protocols.actionmenu.v1_0.handlers.tests.test_menu_handler.TestMenuHandler" name="test_called" file="aries_cloudagent/protocols/actionmenu/v1_0/handlers/tests/test_menu_handler.py" line="10" time="0.031" /><testcase classname="aries_cloudagent.protocols.actionmenu.v1_0.handlers.tests.test_menu_request_handler" name="ruff" file="aries_cloudagent/protocols/actionmenu/v1_0/handlers/tests/test_menu_request_handler.py" time="0.046" /><testcase classname="aries_cloudagent.protocols.actionmenu.v1_0.handlers.tests.test_menu_request_handler.TestMenuRequestHandler" name="test_called" file="aries_cloudagent/protocols/actionmenu/v1_0/handlers/tests/test_menu_request_handler.py" line="13" time="0.033" /><testcase classname="aries_cloudagent.protocols.actionmenu.v1_0.handlers.tests.test_menu_request_handler.TestMenuRequestHandler" name="test_called_no_active_menu" file="aries_cloudagent/protocols/actionmenu/v1_0/handlers/tests/test_menu_request_handler.py" line="34" time="0.027" /><testcase classname="aries_cloudagent.protocols.actionmenu.v1_0.handlers.tests.test_perform_handler" name="ruff" file="aries_cloudagent/protocols/actionmenu/v1_0/handlers/tests/test_perform_handler.py" time="0.049" /><testcase classname="aries_cloudagent.protocols.actionmenu.v1_0.handlers.tests.test_perform_handler.TestPerformHandler" name="test_called" file="aries_cloudagent/protocols/actionmenu/v1_0/handlers/tests/test_perform_handler.py" line="13" time="0.032" /><testcase classname="aries_cloudagent.protocols.actionmenu.v1_0.handlers.tests.test_perform_handler.TestPerformHandler" name="test_called_no_active_menu" file="aries_cloudagent/protocols/actionmenu/v1_0/handlers/tests/test_perform_handler.py" line="36" time="0.022" /><testcase classname="aries_cloudagent.protocols.actionmenu.v1_0.messages.__init__" name="ruff" file="aries_cloudagent/protocols/actionmenu/v1_0/messages/__init__.py" time="0.039" /><testcase classname="aries_cloudagent.protocols.actionmenu.v1_0.messages.menu" name="ruff" file="aries_cloudagent/protocols/actionmenu/v1_0/messages/menu.py" time="0.059" /><testcase classname="aries_cloudagent.protocols.actionmenu.v1_0.messages.menu_request" name="ruff" file="aries_cloudagent/protocols/actionmenu/v1_0/messages/menu_request.py" time="0.046" /><testcase classname="aries_cloudagent.protocols.actionmenu.v1_0.messages.perform" name="ruff" file="aries_cloudagent/protocols/actionmenu/v1_0/messages/perform.py" time="0.048" /><testcase classname="aries_cloudagent.protocols.actionmenu.v1_0.messages.tests.__init__" name="ruff" file="aries_cloudagent/protocols/actionmenu/v1_0/messages/tests/__init__.py" time="0.046" /><testcase classname="aries_cloudagent.protocols.actionmenu.v1_0.messages.tests.test_menu" name="ruff" file="aries_cloudagent/protocols/actionmenu/v1_0/messages/tests/test_menu.py" time="0.043" /><testcase classname="aries_cloudagent.protocols.actionmenu.v1_0.messages.tests.test_menu.TestMenu" name="test_deserialize" file="aries_cloudagent/protocols/actionmenu/v1_0/messages/tests/test_menu.py" line="63" time="0.019" /><testcase classname="aries_cloudagent.protocols.actionmenu.v1_0.messages.tests.test_menu.TestMenu" name="test_init" file="aries_cloudagent/protocols/actionmenu/v1_0/messages/tests/test_menu.py" line="53" time="0.004" /><testcase classname="aries_cloudagent.protocols.actionmenu.v1_0.messages.tests.test_menu.TestMenu" name="test_make_model" file="aries_cloudagent/protocols/actionmenu/v1_0/messages/tests/test_menu.py" line="84" time="0.010" /><testcase classname="aries_cloudagent.protocols.actionmenu.v1_0.messages.tests.test_menu.TestMenu" name="test_serialize" file="aries_cloudagent/protocols/actionmenu/v1_0/messages/tests/test_menu.py" line="75" time="0.007" /><testcase classname="aries_cloudagent.protocols.actionmenu.v1_0.messages.tests.test_menu.TestMenu" name="test_type" file="aries_cloudagent/protocols/actionmenu/v1_0/messages/tests/test_menu.py" line="59" time="0.004" /><testcase classname="aries_cloudagent.protocols.actionmenu.v1_0.messages.tests.test_menu_request" name="ruff" file="aries_cloudagent/protocols/actionmenu/v1_0/messages/tests/test_menu_request.py" time="0.054" /><testcase classname="aries_cloudagent.protocols.actionmenu.v1_0.messages.tests.test_menu_request.TestMenuRequest" name="test_deserialize" file="aries_cloudagent/protocols/actionmenu/v1_0/messages/tests/test_menu_request.py" line="22" time="0.014" /><testcase classname="aries_cloudagent.protocols.actionmenu.v1_0.messages.tests.test_menu_request.TestMenuRequest" name="test_init" file="aries_cloudagent/protocols/actionmenu/v1_0/messages/tests/test_menu_request.py" line="14" time="0.003" /><testcase classname="aries_cloudagent.protocols.actionmenu.v1_0.messages.tests.test_menu_request.TestMenuRequest" name="test_make_model" file="aries_cloudagent/protocols/actionmenu/v1_0/messages/tests/test_menu_request.py" line="43" time="0.003" /><testcase classname="aries_cloudagent.protocols.actionmenu.v1_0.messages.tests.test_menu_request.TestMenuRequest" name="test_serialize" file="aries_cloudagent/protocols/actionmenu/v1_0/messages/tests/test_menu_request.py" line="34" time="0.004" /><testcase classname="aries_cloudagent.protocols.actionmenu.v1_0.messages.tests.test_menu_request.TestMenuRequest" name="test_type" file="aries_cloudagent/protocols/actionmenu/v1_0/messages/tests/test_menu_request.py" line="18" time="0.005" /><testcase classname="aries_cloudagent.protocols.actionmenu.v1_0.messages.tests.test_perform" name="ruff" file="aries_cloudagent/protocols/actionmenu/v1_0/messages/tests/test_perform.py" time="0.047" /><testcase classname="aries_cloudagent.protocols.actionmenu.v1_0.messages.tests.test_perform.TestPerform" name="test_deserialize" file="aries_cloudagent/protocols/actionmenu/v1_0/messages/tests/test_perform.py" line="26" time="0.009" /><testcase classname="aries_cloudagent.protocols.actionmenu.v1_0.messages.tests.test_perform.TestPerform" name="test_init" file="aries_cloudagent/protocols/actionmenu/v1_0/messages/tests/test_perform.py" line="17" time="0.003" /><testcase classname="aries_cloudagent.protocols.actionmenu.v1_0.messages.tests.test_perform.TestPerform" name="test_make_model" file="aries_cloudagent/protocols/actionmenu/v1_0/messages/tests/test_perform.py" line="47" time="0.005" /><testcase classname="aries_cloudagent.protocols.actionmenu.v1_0.messages.tests.test_perform.TestPerform" name="test_serialize" file="aries_cloudagent/protocols/actionmenu/v1_0/messages/tests/test_perform.py" line="38" time="0.009" /><testcase classname="aries_cloudagent.protocols.actionmenu.v1_0.messages.tests.test_perform.TestPerform" name="test_type" file="aries_cloudagent/protocols/actionmenu/v1_0/messages/tests/test_perform.py" line="22" time="0.005" /><testcase classname="aries_cloudagent.protocols.actionmenu.v1_0.models.__init__" name="ruff" file="aries_cloudagent/protocols/actionmenu/v1_0/models/__init__.py" time="0.045" /><testcase classname="aries_cloudagent.protocols.actionmenu.v1_0.models.menu_form" name="ruff" file="aries_cloudagent/protocols/actionmenu/v1_0/models/menu_form.py" time="0.053" /><testcase classname="aries_cloudagent.protocols.actionmenu.v1_0.models.menu_form_param" name="ruff" file="aries_cloudagent/protocols/actionmenu/v1_0/models/menu_form_param.py" time="0.049" /><testcase classname="aries_cloudagent.protocols.actionmenu.v1_0.models.menu_option" name="ruff" file="aries_cloudagent/protocols/actionmenu/v1_0/models/menu_option.py" time="0.053" /><testcase classname="aries_cloudagent.protocols.actionmenu.v1_0.tests.__init__" name="ruff" file="aries_cloudagent/protocols/actionmenu/v1_0/tests/__init__.py" time="0.047" /><testcase classname="aries_cloudagent.protocols.actionmenu.v1_0.tests.test_controller" name="ruff" file="aries_cloudagent/protocols/actionmenu/v1_0/tests/test_controller.py" time="0.051" /><testcase classname="aries_cloudagent.protocols.actionmenu.v1_0.tests.test_controller.TestActionMenuController" name="test_controller" file="aries_cloudagent/protocols/actionmenu/v1_0/tests/test_controller.py" line="13" time="0.028" /><testcase classname="aries_cloudagent.protocols.actionmenu.v1_0.tests.test_routes" name="ruff" file="aries_cloudagent/protocols/actionmenu/v1_0/tests/test_routes.py" time="0.065" /><testcase classname="aries_cloudagent.protocols.actionmenu.v1_0.tests.test_routes.TestActionMenuRoutes" name="test_actionmenu_close" file="aries_cloudagent/protocols/actionmenu/v1_0/tests/test_routes.py" line="24" time="0.049" /><testcase classname="aries_cloudagent.protocols.actionmenu.v1_0.tests.test_routes.TestActionMenuRoutes" name="test_actionmenu_close_not_found" file="aries_cloudagent/protocols/actionmenu/v1_0/tests/test_routes.py" line="47" time="0.021" /><testcase classname="aries_cloudagent.protocols.actionmenu.v1_0.tests.test_routes.TestActionMenuRoutes" name="test_actionmenu_close_x" file="aries_cloudagent/protocols/actionmenu/v1_0/tests/test_routes.py" line="35" time="0.031" /><testcase classname="aries_cloudagent.protocols.actionmenu.v1_0.tests.test_routes.TestActionMenuRoutes" name="test_actionmenu_fetch" file="aries_cloudagent/protocols/actionmenu/v1_0/tests/test_routes.py" line="55" time="0.017" /><testcase classname="aries_cloudagent.protocols.actionmenu.v1_0.tests.test_routes.TestActionMenuRoutes" name="test_actionmenu_perform" file="aries_cloudagent/protocols/actionmenu/v1_0/tests/test_routes.py" line="65" time="0.315" /><testcase classname="aries_cloudagent.protocols.actionmenu.v1_0.tests.test_routes.TestActionMenuRoutes" name="test_actionmenu_perform_conn_not_ready" file="aries_cloudagent/protocols/actionmenu/v1_0/tests/test_routes.py" line="102" time="0.225" /><testcase classname="aries_cloudagent.protocols.actionmenu.v1_0.tests.test_routes.TestActionMenuRoutes" name="test_actionmenu_perform_no_conn_record" file="aries_cloudagent/protocols/actionmenu/v1_0/tests/test_routes.py" line="85" time="0.231" /><testcase classname="aries_cloudagent.protocols.actionmenu.v1_0.tests.test_routes.TestActionMenuRoutes" name="test_actionmenu_request" file="aries_cloudagent/protocols/actionmenu/v1_0/tests/test_routes.py" line="118" time="0.212" /><testcase classname="aries_cloudagent.protocols.actionmenu.v1_0.tests.test_routes.TestActionMenuRoutes" name="test_actionmenu_request_conn_not_ready" file="aries_cloudagent/protocols/actionmenu/v1_0/tests/test_routes.py" line="155" time="0.416" /><testcase classname="aries_cloudagent.protocols.actionmenu.v1_0.tests.test_routes.TestActionMenuRoutes" name="test_actionmenu_request_no_conn_record" file="aries_cloudagent/protocols/actionmenu/v1_0/tests/test_routes.py" line="138" time="0.207" /><testcase classname="aries_cloudagent.protocols.actionmenu.v1_0.tests.test_routes.TestActionMenuRoutes" name="test_actionmenu_send" file="aries_cloudagent/protocols/actionmenu/v1_0/tests/test_routes.py" line="171" time="0.212" /><testcase classname="aries_cloudagent.protocols.actionmenu.v1_0.tests.test_routes.TestActionMenuRoutes" name="test_actionmenu_send_conn_not_ready" file="aries_cloudagent/protocols/actionmenu/v1_0/tests/test_routes.py" line="228" time="0.229" /><testcase classname="aries_cloudagent.protocols.actionmenu.v1_0.tests.test_routes.TestActionMenuRoutes" name="test_actionmenu_send_deserialize_x" file="aries_cloudagent/protocols/actionmenu/v1_0/tests/test_routes.py" line="192" time="0.218" /><testcase classname="aries_cloudagent.protocols.actionmenu.v1_0.tests.test_routes.TestActionMenuRoutes" name="test_actionmenu_send_no_conn_record" file="aries_cloudagent/protocols/actionmenu/v1_0/tests/test_routes.py" line="209" time="0.239" /><testcase classname="aries_cloudagent.protocols.actionmenu.v1_0.tests.test_routes.TestActionMenuRoutes" name="test_post_process_routes" file="aries_cloudagent/protocols/actionmenu/v1_0/tests/test_routes.py" line="253" time="0.014" /><testcase classname="aries_cloudagent.protocols.actionmenu.v1_0.tests.test_routes.TestActionMenuRoutes" name="test_register" file="aries_cloudagent/protocols/actionmenu/v1_0/tests/test_routes.py" line="246" time="0.017" /><testcase classname="aries_cloudagent.protocols.actionmenu.v1_0.tests.test_service" name="ruff" file="aries_cloudagent/protocols/actionmenu/v1_0/tests/test_service.py" time="0.047" /><testcase classname="aries_cloudagent.protocols.actionmenu.v1_0.tests.test_service.TestActionMenuService" name="test_get_active_menu" file="aries_cloudagent/protocols/actionmenu/v1_0/tests/test_service.py" line="15" time="0.036" /><testcase classname="aries_cloudagent.protocols.actionmenu.v1_0.tests.test_service.TestActionMenuService" name="test_perform_menu_action" file="aries_cloudagent/protocols/actionmenu/v1_0/tests/test_service.py" line="39" time="0.015" /><testcase classname="aries_cloudagent.protocols.actionmenu.v1_0.tests.test_util" name="ruff" file="aries_cloudagent/protocols/actionmenu/v1_0/tests/test_util.py" time="0.052" /><testcase classname="aries_cloudagent.protocols.actionmenu.v1_0.tests.test_util.TestActionMenuUtil" name="test_save_retrieve_delete_connection_menu" file="aries_cloudagent/protocols/actionmenu/v1_0/tests/test_util.py" line="12" time="0.052" /><testcase classname="aries_cloudagent.protocols.basicmessage.__init__" name="ruff" file="aries_cloudagent/protocols/basicmessage/__init__.py" time="0.056" /><testcase classname="aries_cloudagent.protocols.basicmessage.definition" name="ruff" file="aries_cloudagent/protocols/basicmessage/definition.py" time="0.051" /><testcase classname="aries_cloudagent.protocols.basicmessage.v1_0.__init__" name="ruff" file="aries_cloudagent/protocols/basicmessage/v1_0/__init__.py" time="0.049" /><testcase classname="aries_cloudagent.protocols.basicmessage.v1_0.message_types" name="ruff" file="aries_cloudagent/protocols/basicmessage/v1_0/message_types.py" time="0.047" /><testcase classname="aries_cloudagent.protocols.basicmessage.v1_0.routes" name="ruff" file="aries_cloudagent/protocols/basicmessage/v1_0/routes.py" time="0.039" /><testcase classname="aries_cloudagent.protocols.basicmessage.v1_0.handlers.__init__" name="ruff" file="aries_cloudagent/protocols/basicmessage/v1_0/handlers/__init__.py" time="0.054" /><testcase classname="aries_cloudagent.protocols.basicmessage.v1_0.handlers.basicmessage_handler" name="ruff" file="aries_cloudagent/protocols/basicmessage/v1_0/handlers/basicmessage_handler.py" time="0.056" /><testcase classname="aries_cloudagent.protocols.basicmessage.v1_0.handlers.tests.__init__" name="ruff" file="aries_cloudagent/protocols/basicmessage/v1_0/handlers/tests/__init__.py" time="0.050" /><testcase classname="aries_cloudagent.protocols.basicmessage.v1_0.handlers.tests.test_basicmessage_handler" name="ruff" file="aries_cloudagent/protocols/basicmessage/v1_0/handlers/tests/test_basicmessage_handler.py" time="0.053" /><testcase classname="aries_cloudagent.protocols.basicmessage.v1_0.handlers.tests.test_basicmessage_handler.TestBasicMessageHandler" name="test_basic_message" file="aries_cloudagent/protocols/basicmessage/v1_0/handlers/tests/test_basicmessage_handler.py" line="18" time="0.017" /><testcase classname="aries_cloudagent.protocols.basicmessage.v1_0.handlers.tests.test_basicmessage_handler.TestBasicMessageHandler" name="test_basic_message_response" file="aries_cloudagent/protocols/basicmessage/v1_0/handlers/tests/test_basicmessage_handler.py" line="46" time="0.010" /><testcase classname="aries_cloudagent.protocols.basicmessage.v1_0.handlers.tests.test_basicmessage_handler.TestBasicMessageHandler" name="test_basic_message_response_reply_with" file="aries_cloudagent/protocols/basicmessage/v1_0/handlers/tests/test_basicmessage_handler.py" line="64" time="0.006" /><testcase classname="aries_cloudagent.protocols.basicmessage.v1_0.messages.__init__" name="ruff" file="aries_cloudagent/protocols/basicmessage/v1_0/messages/__init__.py" time="0.055" /><testcase classname="aries_cloudagent.protocols.basicmessage.v1_0.messages.basicmessage" name="ruff" file="aries_cloudagent/protocols/basicmessage/v1_0/messages/basicmessage.py" time="0.059" /><testcase classname="aries_cloudagent.protocols.basicmessage.v1_0.messages.tests.__init__" name="ruff" file="aries_cloudagent/protocols/basicmessage/v1_0/messages/tests/__init__.py" time="0.044" /><testcase classname="aries_cloudagent.protocols.basicmessage.v1_0.messages.tests.test_basic_message" name="ruff" file="aries_cloudagent/protocols/basicmessage/v1_0/messages/tests/test_basic_message.py" time="0.048" /><testcase classname="aries_cloudagent.protocols.basicmessage.v1_0.messages.tests.test_basic_message.TestBasicMessage" name="test_deserialize" file="aries_cloudagent/protocols/basicmessage/v1_0/messages/tests/test_basic_message.py" line="26" time="0.015" /><testcase classname="aries_cloudagent.protocols.basicmessage.v1_0.messages.tests.test_basic_message.TestBasicMessage" name="test_init" file="aries_cloudagent/protocols/basicmessage/v1_0/messages/tests/test_basic_message.py" line="17" time="0.003" /><testcase classname="aries_cloudagent.protocols.basicmessage.v1_0.messages.tests.test_basic_message.TestBasicMessage" name="test_serialize" file="aries_cloudagent/protocols/basicmessage/v1_0/messages/tests/test_basic_message.py" line="38" time="0.010" /><testcase classname="aries_cloudagent.protocols.basicmessage.v1_0.messages.tests.test_basic_message.TestBasicMessage" name="test_type" file="aries_cloudagent/protocols/basicmessage/v1_0/messages/tests/test_basic_message.py" line="22" time="0.002" /><testcase classname="aries_cloudagent.protocols.basicmessage.v1_0.messages.tests.test_basic_message.TestBasicMessageSchema" name="test_make_model" file="aries_cloudagent/protocols/basicmessage/v1_0/messages/tests/test_basic_message.py" line="52" time="0.015" /><testcase classname="aries_cloudagent.protocols.basicmessage.v1_0.tests.__init__" name="ruff" file="aries_cloudagent/protocols/basicmessage/v1_0/tests/__init__.py" time="0.054" /><testcase classname="aries_cloudagent.protocols.basicmessage.v1_0.tests.test_routes" name="ruff" file="aries_cloudagent/protocols/basicmessage/v1_0/tests/test_routes.py" time="0.053" /><testcase classname="aries_cloudagent.protocols.basicmessage.v1_0.tests.test_routes.TestBasicMessageRoutes" name="test_connections_send_message" file="aries_cloudagent/protocols/basicmessage/v1_0/tests/test_routes.py" line="25" time="0.279" /><testcase classname="aries_cloudagent.protocols.basicmessage.v1_0.tests.test_routes.TestBasicMessageRoutes" name="test_connections_send_message_no_conn_record" file="aries_cloudagent/protocols/basicmessage/v1_0/tests/test_routes.py" line="42" time="0.242" /><testcase classname="aries_cloudagent.protocols.basicmessage.v1_0.tests.test_routes.TestBasicMessageRoutes" name="test_connections_send_message_not_ready" file="aries_cloudagent/protocols/basicmessage/v1_0/tests/test_routes.py" line="59" time="0.206" /><testcase classname="aries_cloudagent.protocols.basicmessage.v1_0.tests.test_routes.TestBasicMessageRoutes" name="test_post_process_routes" file="aries_cloudagent/protocols/basicmessage/v1_0/tests/test_routes.py" line="82" time="0.010" /><testcase classname="aries_cloudagent.protocols.basicmessage.v1_0.tests.test_routes.TestBasicMessageRoutes" name="test_register" file="aries_cloudagent/protocols/basicmessage/v1_0/tests/test_routes.py" line="75" time="0.017" /><testcase classname="aries_cloudagent.protocols.connections.__init__" name="ruff" file="aries_cloudagent/protocols/connections/__init__.py" time="0.039" /><testcase classname="aries_cloudagent.protocols.connections.definition" name="ruff" file="aries_cloudagent/protocols/connections/definition.py" time="0.049" /><testcase classname="aries_cloudagent.protocols.connections.v1_0.__init__" name="ruff" file="aries_cloudagent/protocols/connections/v1_0/__init__.py" time="0.044" /><testcase classname="aries_cloudagent.protocols.connections.v1_0.manager" name="ruff" file="aries_cloudagent/protocols/connections/v1_0/manager.py" time="0.057" /><testcase classname="aries_cloudagent.protocols.connections.v1_0.message_types" name="ruff" file="aries_cloudagent/protocols/connections/v1_0/message_types.py" time="0.057" /><testcase classname="aries_cloudagent.protocols.connections.v1_0.routes" name="ruff" file="aries_cloudagent/protocols/connections/v1_0/routes.py" time="0.063" /><testcase classname="aries_cloudagent.protocols.connections.v1_0.handlers.__init__" name="ruff" file="aries_cloudagent/protocols/connections/v1_0/handlers/__init__.py" time="0.042" /><testcase classname="aries_cloudagent.protocols.connections.v1_0.handlers.connection_invitation_handler" name="ruff" file="aries_cloudagent/protocols/connections/v1_0/handlers/connection_invitation_handler.py" time="0.054" /><testcase classname="aries_cloudagent.protocols.connections.v1_0.handlers.connection_request_handler" name="ruff" file="aries_cloudagent/protocols/connections/v1_0/handlers/connection_request_handler.py" time="0.048" /><testcase classname="aries_cloudagent.protocols.connections.v1_0.handlers.connection_response_handler" name="ruff" file="aries_cloudagent/protocols/connections/v1_0/handlers/connection_response_handler.py" time="0.046" /><testcase classname="aries_cloudagent.protocols.connections.v1_0.handlers.tests.__init__" name="ruff" file="aries_cloudagent/protocols/connections/v1_0/handlers/tests/__init__.py" time="0.051" /><testcase classname="aries_cloudagent.protocols.connections.v1_0.handlers.tests.test_invitation_handler" name="ruff" file="aries_cloudagent/protocols/connections/v1_0/handlers/tests/test_invitation_handler.py" time="0.051" /><testcase classname="aries_cloudagent.protocols.connections.v1_0.handlers.tests.test_invitation_handler.TestInvitationHandler" name="test_problem_report" file="aries_cloudagent/protocols/connections/v1_0/handlers/tests/test_invitation_handler.py" line="19" time="0.016" /><testcase classname="aries_cloudagent.protocols.connections.v1_0.handlers.tests.test_request_handler" name="ruff" file="aries_cloudagent/protocols/connections/v1_0/handlers/tests/test_request_handler.py" time="0.060" /><testcase classname="aries_cloudagent.protocols.connections.v1_0.handlers.tests.test_request_handler.TestRequestHandler" name="test_called" file="aries_cloudagent/protocols/connections/v1_0/handlers/tests/test_request_handler.py" line="76" time="0.030" /><testcase classname="aries_cloudagent.protocols.connections.v1_0.handlers.tests.test_request_handler.TestRequestHandler" name="test_called_with_auto_response" file="aries_cloudagent/protocols/connections/v1_0/handlers/tests/test_request_handler.py" line="89" time="0.022" /><testcase classname="aries_cloudagent.protocols.connections.v1_0.handlers.tests.test_request_handler.TestRequestHandler" name="test_connection_record_with_mediation_metadata_auto_response" file="aries_cloudagent/protocols/connections/v1_0/handlers/tests/test_request_handler.py" line="110" time="0.039" /><testcase classname="aries_cloudagent.protocols.connections.v1_0.handlers.tests.test_request_handler.TestRequestHandler" name="test_connection_record_without_mediation_metadata" file="aries_cloudagent/protocols/connections/v1_0/handlers/tests/test_request_handler.py" line="136" time="0.027" /><testcase classname="aries_cloudagent.protocols.connections.v1_0.handlers.tests.test_request_handler.TestRequestHandler" name="test_problem_report" file="aries_cloudagent/protocols/connections/v1_0/handlers/tests/test_request_handler.py" line="158" time="0.018" /><testcase classname="aries_cloudagent.protocols.connections.v1_0.handlers.tests.test_request_handler.TestRequestHandler" name="test_problem_report_did_doc" file="aries_cloudagent/protocols/connections/v1_0/handlers/tests/test_request_handler.py" line="178" time="0.015" /><testcase classname="aries_cloudagent.protocols.connections.v1_0.handlers.tests.test_request_handler.TestRequestHandler" name="test_problem_report_did_doc_no_conn_target" file="aries_cloudagent/protocols/connections/v1_0/handlers/tests/test_request_handler.py" line="208" time="0.015" /><testcase classname="aries_cloudagent.protocols.connections.v1_0.handlers.tests.test_response_handler" name="ruff" file="aries_cloudagent/protocols/connections/v1_0/handlers/tests/test_response_handler.py" time="0.054" /><testcase classname="aries_cloudagent.protocols.connections.v1_0.handlers.tests.test_response_handler.TestResponseHandler" name="test_called" file="aries_cloudagent/protocols/connections/v1_0/handlers/tests/test_response_handler.py" line="68" time="0.029" /><testcase classname="aries_cloudagent.protocols.connections.v1_0.handlers.tests.test_response_handler.TestResponseHandler" name="test_called_auto_ping" file="aries_cloudagent/protocols/connections/v1_0/handlers/tests/test_response_handler.py" line="81" time="0.012" /><testcase classname="aries_cloudagent.protocols.connections.v1_0.handlers.tests.test_response_handler.TestResponseHandler" name="test_problem_report" file="aries_cloudagent/protocols/connections/v1_0/handlers/tests/test_response_handler.py" line="98" time="0.013" /><testcase classname="aries_cloudagent.protocols.connections.v1_0.handlers.tests.test_response_handler.TestResponseHandler" name="test_problem_report_did_doc" file="aries_cloudagent/protocols/connections/v1_0/handlers/tests/test_response_handler.py" line="118" time="0.013" /><testcase classname="aries_cloudagent.protocols.connections.v1_0.handlers.tests.test_response_handler.TestResponseHandler" name="test_problem_report_did_doc_no_conn_target" file="aries_cloudagent/protocols/connections/v1_0/handlers/tests/test_response_handler.py" line="146" time="0.017" /><testcase classname="aries_cloudagent.protocols.connections.v1_0.messages.__init__" name="ruff" file="aries_cloudagent/protocols/connections/v1_0/messages/__init__.py" time="0.050" /><testcase classname="aries_cloudagent.protocols.connections.v1_0.messages.connection_invitation" name="ruff" file="aries_cloudagent/protocols/connections/v1_0/messages/connection_invitation.py" time="0.045" /><testcase classname="aries_cloudagent.protocols.connections.v1_0.messages.connection_request" name="ruff" file="aries_cloudagent/protocols/connections/v1_0/messages/connection_request.py" time="0.059" /><testcase classname="aries_cloudagent.protocols.connections.v1_0.messages.connection_response" name="ruff" file="aries_cloudagent/protocols/connections/v1_0/messages/connection_response.py" time="0.064" /><testcase classname="aries_cloudagent.protocols.connections.v1_0.messages.problem_report" name="ruff" file="aries_cloudagent/protocols/connections/v1_0/messages/problem_report.py" time="0.045" /><testcase classname="aries_cloudagent.protocols.connections.v1_0.messages.tests.__init__" name="ruff" file="aries_cloudagent/protocols/connections/v1_0/messages/tests/__init__.py" time="0.041" /><testcase classname="aries_cloudagent.protocols.connections.v1_0.messages.tests.test_connection_invitation" name="ruff" file="aries_cloudagent/protocols/connections/v1_0/messages/tests/test_connection_invitation.py" time="0.048" /><testcase classname="aries_cloudagent.protocols.connections.v1_0.messages.tests.test_connection_invitation.TestConnectionInvitation" name="test_deserialize" file="aries_cloudagent/protocols/connections/v1_0/messages/tests/test_connection_invitation.py" line="39" time="0.008" /><testcase classname="aries_cloudagent.protocols.connections.v1_0.messages.tests.test_connection_invitation.TestConnectionInvitation" name="test_from_no_url" file="aries_cloudagent/protocols/connections/v1_0/messages/tests/test_connection_invitation.py" line="81" time="0.006" /><testcase classname="aries_cloudagent.protocols.connections.v1_0.messages.tests.test_connection_invitation.TestConnectionInvitation" name="test_init" file="aries_cloudagent/protocols/connections/v1_0/messages/tests/test_connection_invitation.py" line="19" time="0.003" /><testcase classname="aries_cloudagent.protocols.connections.v1_0.messages.tests.test_connection_invitation.TestConnectionInvitation" name="test_serialize" file="aries_cloudagent/protocols/connections/v1_0/messages/tests/test_connection_invitation.py" line="53" time="0.007" /><testcase classname="aries_cloudagent.protocols.connections.v1_0.messages.tests.test_connection_invitation.TestConnectionInvitation" name="test_type" file="aries_cloudagent/protocols/connections/v1_0/messages/tests/test_connection_invitation.py" line="30" time="0.003" /><testcase classname="aries_cloudagent.protocols.connections.v1_0.messages.tests.test_connection_invitation.TestConnectionInvitation" name="test_url_round_trip" file="aries_cloudagent/protocols/connections/v1_0/messages/tests/test_connection_invitation.py" line="72" time="0.005" /><testcase classname="aries_cloudagent.protocols.connections.v1_0.messages.tests.test_connection_invitation.TestConnectionInvitationSchema" name="test_make_model" file="aries_cloudagent/protocols/connections/v1_0/messages/tests/test_connection_invitation.py" line="91" time="0.004" /><testcase classname="aries_cloudagent.protocols.connections.v1_0.messages.tests.test_connection_invitation.TestConnectionInvitationSchema" name="test_make_model_invalid" file="aries_cloudagent/protocols/connections/v1_0/messages/tests/test_connection_invitation.py" line="96" time="0.016" /><testcase classname="aries_cloudagent.protocols.connections.v1_0.messages.tests.test_connection_request" name="ruff" file="aries_cloudagent/protocols/connections/v1_0/messages/tests/test_connection_request.py" time="0.046" /><testcase classname="aries_cloudagent.protocols.connections.v1_0.messages.tests.test_connection_request.TestConnectionRequest" name="test_deserialize" file="aries_cloudagent/protocols/connections/v1_0/messages/tests/test_connection_request.py" line="74" time="0.011" /><testcase classname="aries_cloudagent.protocols.connections.v1_0.messages.tests.test_connection_request.TestConnectionRequest" name="test_init" file="aries_cloudagent/protocols/connections/v1_0/messages/tests/test_connection_request.py" line="62" time="0.003" /><testcase classname="aries_cloudagent.protocols.connections.v1_0.messages.tests.test_connection_request.TestConnectionRequest" name="test_serialize" file="aries_cloudagent/protocols/connections/v1_0/messages/tests/test_connection_request.py" line="89" time="0.008" /><testcase classname="aries_cloudagent.protocols.connections.v1_0.messages.tests.test_connection_request.TestConnectionRequest" name="test_type" file="aries_cloudagent/protocols/connections/v1_0/messages/tests/test_connection_request.py" line="68" time="0.002" /><testcase classname="aries_cloudagent.protocols.connections.v1_0.messages.tests.test_connection_request.TestConnectionRequestSchema" name="test_make_model" file="aries_cloudagent/protocols/connections/v1_0/messages/tests/test_connection_request.py" line="110" time="0.016" /><testcase classname="aries_cloudagent.protocols.connections.v1_0.messages.tests.test_connection_request.TestConnectionRequestSchema" name="test_make_model_conn_detail_interpolate_authn_service" file="aries_cloudagent/protocols/connections/v1_0/messages/tests/test_connection_request.py" line="119" time="0.012" /><testcase classname="aries_cloudagent.protocols.connections.v1_0.messages.tests.test_connection_response" name="ruff" file="aries_cloudagent/protocols/connections/v1_0/messages/tests/test_connection_response.py" time="0.047" /><testcase classname="aries_cloudagent.protocols.connections.v1_0.messages.tests.test_connection_response.TestConnectionResponse" name="test_deserialize" file="aries_cloudagent/protocols/connections/v1_0/messages/tests/test_connection_response.py" line="69" time="0.012" /><testcase classname="aries_cloudagent.protocols.connections.v1_0.messages.tests.test_connection_response.TestConnectionResponse" name="test_init" file="aries_cloudagent/protocols/connections/v1_0/messages/tests/test_connection_response.py" line="61" time="0.002" /><testcase classname="aries_cloudagent.protocols.connections.v1_0.messages.tests.test_connection_response.TestConnectionResponse" name="test_serialize" file="aries_cloudagent/protocols/connections/v1_0/messages/tests/test_connection_response.py" line="84" time="0.004" /><testcase classname="aries_cloudagent.protocols.connections.v1_0.messages.tests.test_connection_response.TestConnectionResponse" name="test_type" file="aries_cloudagent/protocols/connections/v1_0/messages/tests/test_connection_response.py" line="64" time="0.005" /><testcase classname="aries_cloudagent.protocols.connections.v1_0.messages.tests.test_connection_response.TestConnectionResponseSchema" name="test_make_model" file="aries_cloudagent/protocols/connections/v1_0/messages/tests/test_connection_response.py" line="104" time="0.028" /><testcase classname="aries_cloudagent.protocols.connections.v1_0.models.__init__" name="ruff" file="aries_cloudagent/protocols/connections/v1_0/models/__init__.py" time="0.046" /><testcase classname="aries_cloudagent.protocols.connections.v1_0.models.connection_detail" name="ruff" file="aries_cloudagent/protocols/connections/v1_0/models/connection_detail.py" time="0.042" /><testcase classname="aries_cloudagent.protocols.connections.v1_0.tests.__init__" name="ruff" file="aries_cloudagent/protocols/connections/v1_0/tests/__init__.py" time="0.048" /><testcase classname="aries_cloudagent.protocols.connections.v1_0.tests.test_manager" name="ruff" file="aries_cloudagent/protocols/connections/v1_0/tests/test_manager.py" time="0.054" /><testcase classname="aries_cloudagent.protocols.connections.v1_0.tests.test_manager.TestConnectionManager" name="test_accept_response_auto_send_mediation_request" file="aries_cloudagent/protocols/connections/v1_0/tests/test_manager.py" line="1196" time="0.107" /><testcase classname="aries_cloudagent.protocols.connections.v1_0.tests.test_manager.TestConnectionManager" name="test_accept_response_find_by_thread_id" file="aries_cloudagent/protocols/connections/v1_0/tests/test_manager.py" line="1004" time="0.052" /><testcase classname="aries_cloudagent.protocols.connections.v1_0.tests.test_manager.TestConnectionManager" name="test_accept_response_find_by_thread_id_bad_state" file="aries_cloudagent/protocols/connections/v1_0/tests/test_manager.py" line="1098" time="0.050" /><testcase classname="aries_cloudagent.protocols.connections.v1_0.tests.test_manager.TestConnectionManager" name="test_accept_response_find_by_thread_id_did_mismatch" file="aries_cloudagent/protocols/connections/v1_0/tests/test_manager.py" line="1143" time="0.039" /><testcase classname="aries_cloudagent.protocols.connections.v1_0.tests.test_manager.TestConnectionManager" name="test_accept_response_find_by_thread_id_no_connection_did_doc" file="aries_cloudagent/protocols/connections/v1_0/tests/test_manager.py" line="1120" time="0.058" /><testcase classname="aries_cloudagent.protocols.connections.v1_0.tests.test_manager.TestConnectionManager" name="test_accept_response_not_found_by_thread_id_nor_receipt_sender_did" file="aries_cloudagent/protocols/connections/v1_0/tests/test_manager.py" line="1075" time="0.046" /><testcase classname="aries_cloudagent.protocols.connections.v1_0.tests.test_manager.TestConnectionManager" name="test_accept_response_not_found_by_thread_id_receipt_has_sender_did" file="aries_cloudagent/protocols/connections/v1_0/tests/test_manager.py" line="1036" time="0.077" /><testcase classname="aries_cloudagent.protocols.connections.v1_0.tests.test_manager.TestConnectionManager" name="test_accept_response_verify_invitation_key_sign_failure" file="aries_cloudagent/protocols/connections/v1_0/tests/test_manager.py" line="1167" time="0.065" /><testcase classname="aries_cloudagent.protocols.connections.v1_0.tests.test_manager.TestConnectionManager" name="test_create_invitation_mediation_overwrites_routing_and_endpoint" file="aries_cloudagent/protocols/connections/v1_0/tests/test_manager.py" line="267" time="0.289" /><testcase classname="aries_cloudagent.protocols.connections.v1_0.tests.test_manager.TestConnectionManager" name="test_create_invitation_mediation_using_default" file="aries_cloudagent/protocols/connections/v1_0/tests/test_manager.py" line="293" time="0.036" /><testcase classname="aries_cloudagent.protocols.connections.v1_0.tests.test_manager.TestConnectionManager" name="test_create_invitation_metadata_assigned" file="aries_cloudagent/protocols/connections/v1_0/tests/test_manager.py" line="237" time="0.028" /><testcase classname="aries_cloudagent.protocols.connections.v1_0.tests.test_manager.TestConnectionManager" name="test_create_invitation_multi_use" file="aries_cloudagent/protocols/connections/v1_0/tests/test_manager.py" line="179" time="0.071" /><testcase classname="aries_cloudagent.protocols.connections.v1_0.tests.test_manager.TestConnectionManager" name="test_create_invitation_multi_use_metadata_transfers_to_connection" file="aries_cloudagent/protocols/connections/v1_0/tests/test_manager.py" line="245" time="0.058" /><testcase classname="aries_cloudagent.protocols.connections.v1_0.tests.test_manager.TestConnectionManager" name="test_create_invitation_non_multi_use_invitation_fails_on_reuse" file="aries_cloudagent/protocols/connections/v1_0/tests/test_manager.py" line="106" time="0.059" /><testcase classname="aries_cloudagent.protocols.connections.v1_0.tests.test_manager.TestConnectionManager" name="test_create_invitation_public" file="aries_cloudagent/protocols/connections/v1_0/tests/test_manager.py" line="135" time="0.048" /><testcase classname="aries_cloudagent.protocols.connections.v1_0.tests.test_manager.TestConnectionManager" name="test_create_invitation_public_no_public_did" file="aries_cloudagent/protocols/connections/v1_0/tests/test_manager.py" line="167" time="0.029" /><testcase classname="aries_cloudagent.protocols.connections.v1_0.tests.test_manager.TestConnectionManager" name="test_create_invitation_public_no_public_invites" file="aries_cloudagent/protocols/connections/v1_0/tests/test_manager.py" line="159" time="0.030" /><testcase classname="aries_cloudagent.protocols.connections.v1_0.tests.test_manager.TestConnectionManager" name="test_create_invitation_recipient_routing_endpoint" file="aries_cloudagent/protocols/connections/v1_0/tests/test_manager.py" line="208" time="0.062" /><testcase classname="aries_cloudagent.protocols.connections.v1_0.tests.test_manager.TestConnectionManager" name="test_create_request" file="aries_cloudagent/protocols/connections/v1_0/tests/test_manager.py" line="370" time="0.046" /><testcase classname="aries_cloudagent.protocols.connections.v1_0.tests.test_manager.TestConnectionManager" name="test_create_request_default_mediator" file="aries_cloudagent/protocols/connections/v1_0/tests/test_manager.py" line="507" time="0.055" /><testcase classname="aries_cloudagent.protocols.connections.v1_0.tests.test_manager.TestConnectionManager" name="test_create_request_mediation_id" file="aries_cloudagent/protocols/connections/v1_0/tests/test_manager.py" line="457" time="0.060" /><testcase classname="aries_cloudagent.protocols.connections.v1_0.tests.test_manager.TestConnectionManager" name="test_create_request_multitenant" file="aries_cloudagent/protocols/connections/v1_0/tests/test_manager.py" line="412" time="0.066" /><testcase classname="aries_cloudagent.protocols.connections.v1_0.tests.test_manager.TestConnectionManager" name="test_create_request_my_did" file="aries_cloudagent/protocols/connections/v1_0/tests/test_manager.py" line="393" time="0.052" /><testcase classname="aries_cloudagent.protocols.connections.v1_0.tests.test_manager.TestConnectionManager" name="test_create_request_my_endpoint" file="aries_cloudagent/protocols/connections/v1_0/tests/test_manager.py" line="381" time="0.048" /><testcase classname="aries_cloudagent.protocols.connections.v1_0.tests.test_manager.TestConnectionManager" name="test_create_response" file="aries_cloudagent/protocols/connections/v1_0/tests/test_manager.py" line="839" time="0.090" /><testcase classname="aries_cloudagent.protocols.connections.v1_0.tests.test_manager.TestConnectionManager" name="test_create_response_auto_send_mediation_request" file="aries_cloudagent/protocols/connections/v1_0/tests/test_manager.py" line="980" time="0.069" /><testcase classname="aries_cloudagent.protocols.connections.v1_0.tests.test_manager.TestConnectionManager" name="test_create_response_bad_state" file="aries_cloudagent/protocols/connections/v1_0/tests/test_manager.py" line="907" time="0.026" /><testcase classname="aries_cloudagent.protocols.connections.v1_0.tests.test_manager.TestConnectionManager" name="test_create_response_mediation" file="aries_cloudagent/protocols/connections/v1_0/tests/test_manager.py" line="919" time="0.099" /><testcase classname="aries_cloudagent.protocols.connections.v1_0.tests.test_manager.TestConnectionManager" name="test_create_response_multitenant" file="aries_cloudagent/protocols/connections/v1_0/tests/test_manager.py" line="855" time="0.084" /><testcase classname="aries_cloudagent.protocols.connections.v1_0.tests.test_manager.TestConnectionManager" name="test_receive_invitation" file="aries_cloudagent/protocols/connections/v1_0/tests/test_manager.py" line="321" time="0.076" /><testcase classname="aries_cloudagent.protocols.connections.v1_0.tests.test_manager.TestConnectionManager" name="test_receive_invitation_bad_invitation" file="aries_cloudagent/protocols/connections/v1_0/tests/test_manager.py" line="339" time="0.029" /><testcase classname="aries_cloudagent.protocols.connections.v1_0.tests.test_manager.TestConnectionManager" name="test_receive_invitation_mediation_passes_id_when_auto_accept" file="aries_cloudagent/protocols/connections/v1_0/tests/test_manager.py" line="357" time="0.047" /><testcase classname="aries_cloudagent.protocols.connections.v1_0.tests.test_manager.TestConnectionManager" name="test_receive_invitation_no_auto_accept" file="aries_cloudagent/protocols/connections/v1_0/tests/test_manager.py" line="329" time="0.060" /><testcase classname="aries_cloudagent.protocols.connections.v1_0.tests.test_manager.TestConnectionManager" name="test_receive_invitation_with_did" file="aries_cloudagent/protocols/connections/v1_0/tests/test_manager.py" line="351" time="0.060" /><testcase classname="aries_cloudagent.protocols.connections.v1_0.tests.test_manager.TestConnectionManager" name="test_receive_request_public_did_conn_invite" file="aries_cloudagent/protocols/connections/v1_0/tests/test_manager.py" line="632" time="0.083" /><testcase classname="aries_cloudagent.protocols.connections.v1_0.tests.test_manager.TestConnectionManager" name="test_receive_request_public_did_no_auto_accept" file="aries_cloudagent/protocols/connections/v1_0/tests/test_manager.py" line="800" time="0.073" /><testcase classname="aries_cloudagent.protocols.connections.v1_0.tests.test_manager.TestConnectionManager" name="test_receive_request_public_did_no_did_doc" file="aries_cloudagent/protocols/connections/v1_0/tests/test_manager.py" line="710" time="0.062" /><testcase classname="aries_cloudagent.protocols.connections.v1_0.tests.test_manager.TestConnectionManager" name="test_receive_request_public_did_no_public_invites" file="aries_cloudagent/protocols/connections/v1_0/tests/test_manager.py" line="771" time="0.063" /><testcase classname="aries_cloudagent.protocols.connections.v1_0.tests.test_manager.TestConnectionManager" name="test_receive_request_public_did_oob_invite" file="aries_cloudagent/protocols/connections/v1_0/tests/test_manager.py" line="557" time="0.061" /><testcase classname="aries_cloudagent.protocols.connections.v1_0.tests.test_manager.TestConnectionManager" name="test_receive_request_public_did_unsolicited" file="aries_cloudagent/protocols/connections/v1_0/tests/test_manager.py" line="673" time="0.067" /><testcase classname="aries_cloudagent.protocols.connections.v1_0.tests.test_manager.TestConnectionManager" name="test_receive_request_public_did_unsolicited_fails" file="aries_cloudagent/protocols/connections/v1_0/tests/test_manager.py" line="597" time="0.084" /><testcase classname="aries_cloudagent.protocols.connections.v1_0.tests.test_manager.TestConnectionManager" name="test_receive_request_public_did_wrong_did" file="aries_cloudagent/protocols/connections/v1_0/tests/test_manager.py" line="740" time="0.058" /><testcase classname="aries_cloudagent.protocols.connections.v1_0.tests.test_routes" name="ruff" file="aries_cloudagent/protocols/connections/v1_0/tests/test_routes.py" time="0.060" /><testcase classname="aries_cloudagent.protocols.connections.v1_0.tests.test_routes.TestConnectionRoutes" name="test_connections_accept_invitation" file="aries_cloudagent/protocols/connections/v1_0/tests/test_routes.py" line="523" time="0.199" /><testcase classname="aries_cloudagent.protocols.connections.v1_0.tests.test_routes.TestConnectionRoutes" name="test_connections_accept_invitation_not_found" file="aries_cloudagent/protocols/connections/v1_0/tests/test_routes.py" line="546" time="0.011" /><testcase classname="aries_cloudagent.protocols.connections.v1_0.tests.test_routes.TestConnectionRoutes" name="test_connections_accept_invitation_x" file="aries_cloudagent/protocols/connections/v1_0/tests/test_routes.py" line="557" time="0.175" /><testcase classname="aries_cloudagent.protocols.connections.v1_0.tests.test_routes.TestConnectionRoutes" name="test_connections_accept_invitation_x_bad_mediation_id" file="aries_cloudagent/protocols/connections/v1_0/tests/test_routes.py" line="572" time="0.162" /><testcase classname="aries_cloudagent.protocols.connections.v1_0.tests.test_routes.TestConnectionRoutes" name="test_connections_accept_request" file="aries_cloudagent/protocols/connections/v1_0/tests/test_routes.py" line="588" time="0.172" /><testcase classname="aries_cloudagent.protocols.connections.v1_0.tests.test_routes.TestConnectionRoutes" name="test_connections_accept_request_not_found" file="aries_cloudagent/protocols/connections/v1_0/tests/test_routes.py" line="610" time="0.015" /><testcase classname="aries_cloudagent.protocols.connections.v1_0.tests.test_routes.TestConnectionRoutes" name="test_connections_accept_request_x" file="aries_cloudagent/protocols/connections/v1_0/tests/test_routes.py" line="621" time="0.178" /><testcase classname="aries_cloudagent.protocols.connections.v1_0.tests.test_routes.TestConnectionRoutes" name="test_connections_create_invitation" file="aries_cloudagent/protocols/connections/v1_0/tests/test_routes.py" line="336" time="0.165" /><testcase classname="aries_cloudagent.protocols.connections.v1_0.tests.test_routes.TestConnectionRoutes" name="test_connections_create_invitation_public_forbidden" file="aries_cloudagent/protocols/connections/v1_0/tests/test_routes.py" line="437" time="0.016" /><testcase classname="aries_cloudagent.protocols.connections.v1_0.tests.test_routes.TestConnectionRoutes" name="test_connections_create_invitation_x" file="aries_cloudagent/protocols/connections/v1_0/tests/test_routes.py" line="392" time="0.186" /><testcase classname="aries_cloudagent.protocols.connections.v1_0.tests.test_routes.TestConnectionRoutes" name="test_connections_create_invitation_x_bad_mediation_id" file="aries_cloudagent/protocols/connections/v1_0/tests/test_routes.py" line="412" time="0.159" /><testcase classname="aries_cloudagent.protocols.connections.v1_0.tests.test_routes.TestConnectionRoutes" name="test_connections_create_static" file="aries_cloudagent/protocols/connections/v1_0/tests/test_routes.py" line="700" time="0.174" /><testcase classname="aries_cloudagent.protocols.connections.v1_0.tests.test_routes.TestConnectionRoutes" name="test_connections_create_static_x" file="aries_cloudagent/protocols/connections/v1_0/tests/test_routes.py" line="749" time="0.161" /><testcase classname="aries_cloudagent.protocols.connections.v1_0.tests.test_routes.TestConnectionRoutes" name="test_connections_endpoints" file="aries_cloudagent/protocols/connections/v1_0/tests/test_routes.py" line="156" time="0.157" /><testcase classname="aries_cloudagent.protocols.connections.v1_0.tests.test_routes.TestConnectionRoutes" name="test_connections_endpoints_x" file="aries_cloudagent/protocols/connections/v1_0/tests/test_routes.py" line="178" time="0.162" /><testcase classname="aries_cloudagent.protocols.connections.v1_0.tests.test_routes.TestConnectionRoutes" name="test_connections_list" file="aries_cloudagent/protocols/connections/v1_0/tests/test_routes.py" line="30" time="0.394" /><testcase classname="aries_cloudagent.protocols.connections.v1_0.tests.test_routes.TestConnectionRoutes" name="test_connections_list_x" file="aries_cloudagent/protocols/connections/v1_0/tests/test_routes.py" line="117" time="0.179" /><testcase classname="aries_cloudagent.protocols.connections.v1_0.tests.test_routes.TestConnectionRoutes" name="test_connections_metadata" file="aries_cloudagent/protocols/connections/v1_0/tests/test_routes.py" line="201" time="0.019" /><testcase classname="aries_cloudagent.protocols.connections.v1_0.tests.test_routes.TestConnectionRoutes" name="test_connections_metadata_get_single" file="aries_cloudagent/protocols/connections/v1_0/tests/test_routes.py" line="219" time="0.027" /><testcase classname="aries_cloudagent.protocols.connections.v1_0.tests.test_routes.TestConnectionRoutes" name="test_connections_metadata_set" file="aries_cloudagent/protocols/connections/v1_0/tests/test_routes.py" line="261" time="0.034" /><testcase classname="aries_cloudagent.protocols.connections.v1_0.tests.test_routes.TestConnectionRoutes" name="test_connections_metadata_set_x" file="aries_cloudagent/protocols/connections/v1_0/tests/test_routes.py" line="284" time="0.047" /><testcase classname="aries_cloudagent.protocols.connections.v1_0.tests.test_routes.TestConnectionRoutes" name="test_connections_metadata_x" file="aries_cloudagent/protocols/connections/v1_0/tests/test_routes.py" line="240" time="0.039" /><testcase classname="aries_cloudagent.protocols.connections.v1_0.tests.test_routes.TestConnectionRoutes" name="test_connections_receive_invitation" file="aries_cloudagent/protocols/connections/v1_0/tests/test_routes.py" line="450" time="0.228" /><testcase classname="aries_cloudagent.protocols.connections.v1_0.tests.test_routes.TestConnectionRoutes" name="test_connections_receive_invitation_bad" file="aries_cloudagent/protocols/connections/v1_0/tests/test_routes.py" line="474" time="0.176" /><testcase classname="aries_cloudagent.protocols.connections.v1_0.tests.test_routes.TestConnectionRoutes" name="test_connections_receive_invitation_forbidden" file="aries_cloudagent/protocols/connections/v1_0/tests/test_routes.py" line="494" time="0.015" /><testcase classname="aries_cloudagent.protocols.connections.v1_0.tests.test_routes.TestConnectionRoutes" name="test_connections_receive_invitation_x_bad_mediation_id" file="aries_cloudagent/protocols/connections/v1_0/tests/test_routes.py" line="500" time="0.230" /><testcase classname="aries_cloudagent.protocols.connections.v1_0.tests.test_routes.TestConnectionRoutes" name="test_connections_remove" file="aries_cloudagent/protocols/connections/v1_0/tests/test_routes.py" line="638" time="0.018" /><testcase classname="aries_cloudagent.protocols.connections.v1_0.tests.test_routes.TestConnectionRoutes" name="test_connections_remove_cache_key" file="aries_cloudagent/protocols/connections/v1_0/tests/test_routes.py" line="653" time="0.021" /><testcase classname="aries_cloudagent.protocols.connections.v1_0.tests.test_routes.TestConnectionRoutes" name="test_connections_remove_not_found" file="aries_cloudagent/protocols/connections/v1_0/tests/test_routes.py" line="673" time="0.016" /><testcase classname="aries_cloudagent.protocols.connections.v1_0.tests.test_routes.TestConnectionRoutes" name="test_connections_remove_x" file="aries_cloudagent/protocols/connections/v1_0/tests/test_routes.py" line="686" time="0.026" /><testcase classname="aries_cloudagent.protocols.connections.v1_0.tests.test_routes.TestConnectionRoutes" name="test_connections_retrieve" file="aries_cloudagent/protocols/connections/v1_0/tests/test_routes.py" line="141" time="0.026" /><testcase classname="aries_cloudagent.protocols.connections.v1_0.tests.test_routes.TestConnectionRoutes" name="test_connections_retrieve_not_found" file="aries_cloudagent/protocols/connections/v1_0/tests/test_routes.py" line="310" time="0.025" /><testcase classname="aries_cloudagent.protocols.connections.v1_0.tests.test_routes.TestConnectionRoutes" name="test_connections_retrieve_x" file="aries_cloudagent/protocols/connections/v1_0/tests/test_routes.py" line="321" time="0.024" /><testcase classname="aries_cloudagent.protocols.connections.v1_0.tests.test_routes.TestConnectionRoutes" name="test_post_process_routes" file="aries_cloudagent/protocols/connections/v1_0/tests/test_routes.py" line="794" time="0.022" /><testcase classname="aries_cloudagent.protocols.connections.v1_0.tests.test_routes.TestConnectionRoutes" name="test_register" file="aries_cloudagent/protocols/connections/v1_0/tests/test_routes.py" line="787" time="0.022" /><testcase classname="aries_cloudagent.protocols.coordinate_mediation.__init__" name="ruff" file="aries_cloudagent/protocols/coordinate_mediation/__init__.py" time="0.058" /><testcase classname="aries_cloudagent.protocols.coordinate_mediation.definition" name="ruff" file="aries_cloudagent/protocols/coordinate_mediation/definition.py" time="0.061" /><testcase classname="aries_cloudagent.protocols.coordinate_mediation.mediation_invite_store" name="ruff" file="aries_cloudagent/protocols/coordinate_mediation/mediation_invite_store.py" time="0.045" /><testcase classname="aries_cloudagent.protocols.coordinate_mediation.v1_0.__init__" name="ruff" file="aries_cloudagent/protocols/coordinate_mediation/v1_0/__init__.py" time="0.055" /><testcase classname="aries_cloudagent.protocols.coordinate_mediation.v1_0.controller" name="ruff" file="aries_cloudagent/protocols/coordinate_mediation/v1_0/controller.py" time="0.048" /><testcase classname="aries_cloudagent.protocols.coordinate_mediation.v1_0.manager" name="ruff" file="aries_cloudagent/protocols/coordinate_mediation/v1_0/manager.py" time="0.049" /><testcase classname="aries_cloudagent.protocols.coordinate_mediation.v1_0.message_types" name="ruff" file="aries_cloudagent/protocols/coordinate_mediation/v1_0/message_types.py" time="0.040" /><testcase classname="aries_cloudagent.protocols.coordinate_mediation.v1_0.normalization" name="ruff" file="aries_cloudagent/protocols/coordinate_mediation/v1_0/normalization.py" time="0.045" /><testcase classname="aries_cloudagent.protocols.coordinate_mediation.v1_0.route_manager" name="ruff" file="aries_cloudagent/protocols/coordinate_mediation/v1_0/route_manager.py" time="0.061" /><testcase classname="aries_cloudagent.protocols.coordinate_mediation.v1_0.route_manager_provider" name="ruff" file="aries_cloudagent/protocols/coordinate_mediation/v1_0/route_manager_provider.py" time="0.044" /><testcase classname="aries_cloudagent.protocols.coordinate_mediation.v1_0.routes" name="ruff" file="aries_cloudagent/protocols/coordinate_mediation/v1_0/routes.py" time="0.055" /><testcase classname="aries_cloudagent.protocols.coordinate_mediation.v1_0.handlers.__init__" name="ruff" file="aries_cloudagent/protocols/coordinate_mediation/v1_0/handlers/__init__.py" time="0.051" /><testcase classname="aries_cloudagent.protocols.coordinate_mediation.v1_0.handlers.keylist_handler" name="ruff" file="aries_cloudagent/protocols/coordinate_mediation/v1_0/handlers/keylist_handler.py" time="0.047" /><testcase classname="aries_cloudagent.protocols.coordinate_mediation.v1_0.handlers.keylist_query_handler" name="ruff" file="aries_cloudagent/protocols/coordinate_mediation/v1_0/handlers/keylist_query_handler.py" time="0.041" /><testcase classname="aries_cloudagent.protocols.coordinate_mediation.v1_0.handlers.keylist_update_handler" name="ruff" file="aries_cloudagent/protocols/coordinate_mediation/v1_0/handlers/keylist_update_handler.py" time="0.050" /><testcase classname="aries_cloudagent.protocols.coordinate_mediation.v1_0.handlers.keylist_update_response_handler" name="ruff" file="aries_cloudagent/protocols/coordinate_mediation/v1_0/handlers/keylist_update_response_handler.py" time="0.047" /><testcase classname="aries_cloudagent.protocols.coordinate_mediation.v1_0.handlers.mediation_deny_handler" name="ruff" file="aries_cloudagent/protocols/coordinate_mediation/v1_0/handlers/mediation_deny_handler.py" time="0.043" /><testcase classname="aries_cloudagent.protocols.coordinate_mediation.v1_0.handlers.mediation_grant_handler" name="ruff" file="aries_cloudagent/protocols/coordinate_mediation/v1_0/handlers/mediation_grant_handler.py" time="0.049" /><testcase classname="aries_cloudagent.protocols.coordinate_mediation.v1_0.handlers.mediation_request_handler" name="ruff" file="aries_cloudagent/protocols/coordinate_mediation/v1_0/handlers/mediation_request_handler.py" time="0.051" /><testcase classname="aries_cloudagent.protocols.coordinate_mediation.v1_0.handlers.problem_report_handler" name="ruff" file="aries_cloudagent/protocols/coordinate_mediation/v1_0/handlers/problem_report_handler.py" time="0.038" /><testcase classname="aries_cloudagent.protocols.coordinate_mediation.v1_0.handlers.tests.__init__" name="ruff" file="aries_cloudagent/protocols/coordinate_mediation/v1_0/handlers/tests/__init__.py" time="0.047" /><testcase classname="aries_cloudagent.protocols.coordinate_mediation.v1_0.handlers.tests.test_keylist_handler" name="ruff" file="aries_cloudagent/protocols/coordinate_mediation/v1_0/handlers/tests/test_keylist_handler.py" time="0.050" /><testcase classname="aries_cloudagent.protocols.coordinate_mediation.v1_0.handlers.tests.test_keylist_handler.TestKeylistHandler" name="test_handler_no_active_connection" file="aries_cloudagent/protocols/coordinate_mediation/v1_0/handlers/tests/test_keylist_handler.py" line="39" time="0.012" /><testcase classname="aries_cloudagent.protocols.coordinate_mediation.v1_0.handlers.tests.test_keylist_handler.TestKeylistHandler" name="test_handler_no_record" file="aries_cloudagent/protocols/coordinate_mediation/v1_0/handlers/tests/test_keylist_handler.py" line="46" time="0.015" /><testcase classname="aries_cloudagent.protocols.coordinate_mediation.v1_0.handlers.tests.test_keylist_handler.TestKeylistHandler" name="test_handler" file="aries_cloudagent/protocols/coordinate_mediation/v1_0/handlers/tests/test_keylist_handler.py" line="53" time="0.031" /><testcase classname="aries_cloudagent.protocols.coordinate_mediation.v1_0.handlers.tests.test_keylist_query_handler" name="ruff" file="aries_cloudagent/protocols/coordinate_mediation/v1_0/handlers/tests/test_keylist_query_handler.py" time="0.045" /><testcase classname="aries_cloudagent.protocols.coordinate_mediation.v1_0.handlers.tests.test_keylist_query_handler.TestKeylistQueryHandler" name="test_handler" file="aries_cloudagent/protocols/coordinate_mediation/v1_0/handlers/tests/test_keylist_query_handler.py" line="66" time="0.025" /><testcase classname="aries_cloudagent.protocols.coordinate_mediation.v1_0.handlers.tests.test_keylist_query_handler.TestKeylistQueryHandler" name="test_handler_no_active_connection" file="aries_cloudagent/protocols/coordinate_mediation/v1_0/handlers/tests/test_keylist_query_handler.py" line="34" time="0.017" /><testcase classname="aries_cloudagent.protocols.coordinate_mediation.v1_0.handlers.tests.test_keylist_query_handler.TestKeylistQueryHandler" name="test_handler_no_record" file="aries_cloudagent/protocols/coordinate_mediation/v1_0/handlers/tests/test_keylist_query_handler.py" line="41" time="0.010" /><testcase classname="aries_cloudagent.protocols.coordinate_mediation.v1_0.handlers.tests.test_keylist_query_handler.TestKeylistQueryHandler" name="test_handler_record_not_granted" file="aries_cloudagent/protocols/coordinate_mediation/v1_0/handlers/tests/test_keylist_query_handler.py" line="52" time="0.025" /><testcase classname="aries_cloudagent.protocols.coordinate_mediation.v1_0.handlers.tests.test_keylist_update_handler" name="ruff" file="aries_cloudagent/protocols/coordinate_mediation/v1_0/handlers/tests/test_keylist_update_handler.py" time="0.052" /><testcase classname="aries_cloudagent.protocols.coordinate_mediation.v1_0.handlers.tests.test_keylist_update_handler.TestKeylistUpdateHandler" name="test_handler" file="aries_cloudagent/protocols/coordinate_mediation/v1_0/handlers/tests/test_keylist_update_handler.py" line="60" time="0.033" /><testcase classname="aries_cloudagent.protocols.coordinate_mediation.v1_0.handlers.tests.test_keylist_update_handler.TestKeylistUpdateHandler" name="test_handler_mediation_not_granted" file="aries_cloudagent/protocols/coordinate_mediation/v1_0/handlers/tests/test_keylist_update_handler.py" line="52" time="0.017" /><testcase classname="aries_cloudagent.protocols.coordinate_mediation.v1_0.handlers.tests.test_keylist_update_handler.TestKeylistUpdateHandler" name="test_handler_no_active_connection" file="aries_cloudagent/protocols/coordinate_mediation/v1_0/handlers/tests/test_keylist_update_handler.py" line="38" time="0.016" /><testcase classname="aries_cloudagent.protocols.coordinate_mediation.v1_0.handlers.tests.test_keylist_update_handler.TestKeylistUpdateHandler" name="test_handler_no_record" file="aries_cloudagent/protocols/coordinate_mediation/v1_0/handlers/tests/test_keylist_update_handler.py" line="45" time="0.018" /><testcase classname="aries_cloudagent.protocols.coordinate_mediation.v1_0.handlers.tests.test_keylist_update_response_handler" name="ruff" file="aries_cloudagent/protocols/coordinate_mediation/v1_0/handlers/tests/test_keylist_update_response_handler.py" time="0.047" /><testcase classname="aries_cloudagent.protocols.coordinate_mediation.v1_0.handlers.tests.test_keylist_update_response_handler.TestKeylistUpdateResponseHandler" name="test_handler" file="aries_cloudagent/protocols/coordinate_mediation/v1_0/handlers/tests/test_keylist_update_response_handler.py" line="60" time="0.037" /><testcase classname="aries_cloudagent.protocols.coordinate_mediation.v1_0.handlers.tests.test_keylist_update_response_handler.TestKeylistUpdateResponseHandler" name="test_handler_no_active_connection" file="aries_cloudagent/protocols/coordinate_mediation/v1_0/handlers/tests/test_keylist_update_response_handler.py" line="53" time="0.012" /><testcase classname="aries_cloudagent.protocols.coordinate_mediation.v1_0.handlers.tests.test_keylist_update_response_handler.TestKeylistUpdateResponseHandler" name="test_notify_keylist_updated" file="aries_cloudagent/protocols/coordinate_mediation/v1_0/handlers/tests/test_keylist_update_response_handler.py" line="73" time="0.017" /><testcase classname="aries_cloudagent.protocols.coordinate_mediation.v1_0.handlers.tests.test_keylist_update_response_handler.TestKeylistUpdateResponseHandler" name="test_notify_keylist_updated_x_unknown_recip_key" file="aries_cloudagent/protocols/coordinate_mediation/v1_0/handlers/tests/test_keylist_update_response_handler.py" line="125" time="0.009" /><testcase classname="aries_cloudagent.protocols.coordinate_mediation.v1_0.handlers.tests.test_mediation_deny_handler" name="ruff" file="aries_cloudagent/protocols/coordinate_mediation/v1_0/handlers/tests/test_mediation_deny_handler.py" time="0.048" /><testcase classname="aries_cloudagent.protocols.coordinate_mediation.v1_0.handlers.tests.test_mediation_deny_handler.TestMediationDenyHandler" name="test_handler" file="aries_cloudagent/protocols/coordinate_mediation/v1_0/handlers/tests/test_mediation_deny_handler.py" line="39" time="0.026" /><testcase classname="aries_cloudagent.protocols.coordinate_mediation.v1_0.handlers.tests.test_mediation_deny_handler.TestMediationDenyHandler" name="test_handler_no_active_connection" file="aries_cloudagent/protocols/coordinate_mediation/v1_0/handlers/tests/test_mediation_deny_handler.py" line="26" time="0.018" /><testcase classname="aries_cloudagent.protocols.coordinate_mediation.v1_0.handlers.tests.test_mediation_deny_handler.TestMediationDenyHandler" name="test_handler_no_mediation_record" file="aries_cloudagent/protocols/coordinate_mediation/v1_0/handlers/tests/test_mediation_deny_handler.py" line="33" time="0.016" /><testcase classname="aries_cloudagent.protocols.coordinate_mediation.v1_0.handlers.tests.test_mediation_grant_handler" name="ruff" file="aries_cloudagent/protocols/coordinate_mediation/v1_0/handlers/tests/test_mediation_grant_handler.py" time="0.048" /><testcase classname="aries_cloudagent.protocols.coordinate_mediation.v1_0.handlers.tests.test_mediation_grant_handler.TestMediationGrantHandler" name="test_handler_no_active_connection" file="aries_cloudagent/protocols/coordinate_mediation/v1_0/handlers/tests/test_mediation_grant_handler.py" line="44" time="0.015" /><testcase classname="aries_cloudagent.protocols.coordinate_mediation.v1_0.handlers.tests.test_mediation_grant_handler.TestMediationGrantHandler" name="test_handler_no_mediation_record" file="aries_cloudagent/protocols/coordinate_mediation/v1_0/handlers/tests/test_mediation_grant_handler.py" line="51" time="0.011" /><testcase classname="aries_cloudagent.protocols.coordinate_mediation.v1_0.handlers.tests.test_mediation_grant_handler.TestMediationGrantHandler" name="test_handler[grant0]" file="aries_cloudagent/protocols/coordinate_mediation/v1_0/handlers/tests/test_mediation_grant_handler.py" line="57" time="0.019" /><testcase classname="aries_cloudagent.protocols.coordinate_mediation.v1_0.handlers.tests.test_mediation_grant_handler.TestMediationGrantHandler" name="test_handler[grant1]" file="aries_cloudagent/protocols/coordinate_mediation/v1_0/handlers/tests/test_mediation_grant_handler.py" line="57" time="0.018" /><testcase classname="aries_cloudagent.protocols.coordinate_mediation.v1_0.handlers.tests.test_mediation_grant_handler.TestMediationGrantHandler" name="test_handler_connection_has_set_to_default_meta" file="aries_cloudagent/protocols/coordinate_mediation/v1_0/handlers/tests/test_mediation_grant_handler.py" line="77" time="0.227" /><testcase classname="aries_cloudagent.protocols.coordinate_mediation.v1_0.handlers.tests.test_mediation_grant_handler.TestMediationGrantHandler" name="test_handler_multitenant_base_mediation" file="aries_cloudagent/protocols/coordinate_mediation/v1_0/handlers/tests/test_mediation_grant_handler.py" line="95" time="0.024" /><testcase classname="aries_cloudagent.protocols.coordinate_mediation.v1_0.handlers.tests.test_mediation_grant_handler.TestMediationGrantHandler" name="test_handler_connection_no_set_to_default" file="aries_cloudagent/protocols/coordinate_mediation/v1_0/handlers/tests/test_mediation_grant_handler.py" line="126" time="0.177" /><testcase classname="aries_cloudagent.protocols.coordinate_mediation.v1_0.handlers.tests.test_mediation_request_handler" name="ruff" file="aries_cloudagent/protocols/coordinate_mediation/v1_0/handlers/tests/test_mediation_request_handler.py" time="0.046" /><testcase classname="aries_cloudagent.protocols.coordinate_mediation.v1_0.handlers.tests.test_mediation_request_handler.TestMediationRequestHandler" name="test_handler" file="aries_cloudagent/protocols/coordinate_mediation/v1_0/handlers/tests/test_mediation_request_handler.py" line="50" time="0.037" /><testcase classname="aries_cloudagent.protocols.coordinate_mediation.v1_0.handlers.tests.test_mediation_request_handler.TestMediationRequestHandler" name="test_handler_mediation_record_already_exists" file="aries_cloudagent/protocols/coordinate_mediation/v1_0/handlers/tests/test_mediation_request_handler.py" line="41" time="0.020" /><testcase classname="aries_cloudagent.protocols.coordinate_mediation.v1_0.handlers.tests.test_mediation_request_handler.TestMediationRequestHandler" name="test_handler_no_active_connection" file="aries_cloudagent/protocols/coordinate_mediation/v1_0/handlers/tests/test_mediation_request_handler.py" line="33" time="0.011" /><testcase classname="aries_cloudagent.protocols.coordinate_mediation.v1_0.handlers.tests.test_mediation_request_handler.TestMediationRequestHandler" name="test_handler_open_mediation" file="aries_cloudagent/protocols/coordinate_mediation/v1_0/handlers/tests/test_mediation_request_handler.py" line="59" time="0.025" /><testcase classname="aries_cloudagent.protocols.coordinate_mediation.v1_0.handlers.tests.test_problem_report_handler" name="ruff" file="aries_cloudagent/protocols/coordinate_mediation/v1_0/handlers/tests/test_problem_report_handler.py" time="0.044" /><testcase classname="aries_cloudagent.protocols.coordinate_mediation.v1_0.handlers.tests.test_problem_report_handler.TestCMProblemReportHandler" name="test_cover" file="aries_cloudagent/protocols/coordinate_mediation/v1_0/handlers/tests/test_problem_report_handler.py" line="35" time="0.032" /><testcase classname="aries_cloudagent.protocols.coordinate_mediation.v1_0.messages.__init__" name="ruff" file="aries_cloudagent/protocols/coordinate_mediation/v1_0/messages/__init__.py" time="0.050" /><testcase classname="aries_cloudagent.protocols.coordinate_mediation.v1_0.messages.keylist" name="ruff" file="aries_cloudagent/protocols/coordinate_mediation/v1_0/messages/keylist.py" time="0.041" /><testcase classname="aries_cloudagent.protocols.coordinate_mediation.v1_0.messages.keylist_query" name="ruff" file="aries_cloudagent/protocols/coordinate_mediation/v1_0/messages/keylist_query.py" time="0.046" /><testcase classname="aries_cloudagent.protocols.coordinate_mediation.v1_0.messages.keylist_update" name="ruff" file="aries_cloudagent/protocols/coordinate_mediation/v1_0/messages/keylist_update.py" time="0.055" /><testcase classname="aries_cloudagent.protocols.coordinate_mediation.v1_0.messages.keylist_update_response" name="ruff" file="aries_cloudagent/protocols/coordinate_mediation/v1_0/messages/keylist_update_response.py" time="0.052" /><testcase classname="aries_cloudagent.protocols.coordinate_mediation.v1_0.messages.mediate_deny" name="ruff" file="aries_cloudagent/protocols/coordinate_mediation/v1_0/messages/mediate_deny.py" time="0.052" /><testcase classname="aries_cloudagent.protocols.coordinate_mediation.v1_0.messages.mediate_grant" name="ruff" file="aries_cloudagent/protocols/coordinate_mediation/v1_0/messages/mediate_grant.py" time="0.040" /><testcase classname="aries_cloudagent.protocols.coordinate_mediation.v1_0.messages.mediate_request" name="ruff" file="aries_cloudagent/protocols/coordinate_mediation/v1_0/messages/mediate_request.py" time="0.037" /><testcase classname="aries_cloudagent.protocols.coordinate_mediation.v1_0.messages.problem_report" name="ruff" file="aries_cloudagent/protocols/coordinate_mediation/v1_0/messages/problem_report.py" time="0.055" /><testcase classname="aries_cloudagent.protocols.coordinate_mediation.v1_0.messages.inner.__init__" name="ruff" file="aries_cloudagent/protocols/coordinate_mediation/v1_0/messages/inner/__init__.py" time="0.039" /><testcase classname="aries_cloudagent.protocols.coordinate_mediation.v1_0.messages.inner.keylist_key" name="ruff" file="aries_cloudagent/protocols/coordinate_mediation/v1_0/messages/inner/keylist_key.py" time="0.044" /><testcase classname="aries_cloudagent.protocols.coordinate_mediation.v1_0.messages.inner.keylist_query_paginate" name="ruff" file="aries_cloudagent/protocols/coordinate_mediation/v1_0/messages/inner/keylist_query_paginate.py" time="0.043" /><testcase classname="aries_cloudagent.protocols.coordinate_mediation.v1_0.messages.inner.keylist_update_rule" name="ruff" file="aries_cloudagent/protocols/coordinate_mediation/v1_0/messages/inner/keylist_update_rule.py" time="0.041" /><testcase classname="aries_cloudagent.protocols.coordinate_mediation.v1_0.messages.inner.keylist_updated" name="ruff" file="aries_cloudagent/protocols/coordinate_mediation/v1_0/messages/inner/keylist_updated.py" time="0.046" /><testcase classname="aries_cloudagent.protocols.coordinate_mediation.v1_0.messages.tests.__init__" name="ruff" file="aries_cloudagent/protocols/coordinate_mediation/v1_0/messages/tests/__init__.py" time="0.054" /><testcase classname="aries_cloudagent.protocols.coordinate_mediation.v1_0.messages.tests.test_keylist" name="ruff" file="aries_cloudagent/protocols/coordinate_mediation/v1_0/messages/tests/test_keylist.py" time="0.045" /><testcase classname="aries_cloudagent.protocols.coordinate_mediation.v1_0.messages.tests.test_keylist.TestKeylist" name="test_deserialize" file="aries_cloudagent/protocols/coordinate_mediation/v1_0/messages/tests/__init__.py" line="28" time="0.009" /><testcase classname="aries_cloudagent.protocols.coordinate_mediation.v1_0.messages.tests.test_keylist.TestKeylist" name="test_init" file="aries_cloudagent/protocols/coordinate_mediation/v1_0/messages/tests/__init__.py" line="19" time="0.002" /><testcase classname="aries_cloudagent.protocols.coordinate_mediation.v1_0.messages.tests.test_keylist.TestKeylist" name="test_make_model" file="aries_cloudagent/protocols/coordinate_mediation/v1_0/messages/tests/__init__.py" line="46" time="0.010" /><testcase classname="aries_cloudagent.protocols.coordinate_mediation.v1_0.messages.tests.test_keylist.TestKeylist" name="test_serialize" file="aries_cloudagent/protocols/coordinate_mediation/v1_0/messages/tests/__init__.py" line="38" time="0.009" /><testcase classname="aries_cloudagent.protocols.coordinate_mediation.v1_0.messages.tests.test_keylist.TestKeylist" name="test_type" file="aries_cloudagent/protocols/coordinate_mediation/v1_0/messages/tests/__init__.py" line="24" time="0.004" /><testcase classname="aries_cloudagent.protocols.coordinate_mediation.v1_0.messages.tests.test_keylist_query" name="ruff" file="aries_cloudagent/protocols/coordinate_mediation/v1_0/messages/tests/test_keylist_query.py" time="0.059" /><testcase classname="aries_cloudagent.protocols.coordinate_mediation.v1_0.messages.tests.test_keylist_query.TestKeylistQuery" name="test_deserialize" file="aries_cloudagent/protocols/coordinate_mediation/v1_0/messages/tests/__init__.py" line="28" time="0.007" /><testcase classname="aries_cloudagent.protocols.coordinate_mediation.v1_0.messages.tests.test_keylist_query.TestKeylistQuery" name="test_init" file="aries_cloudagent/protocols/coordinate_mediation/v1_0/messages/tests/__init__.py" line="19" time="0.002" /><testcase classname="aries_cloudagent.protocols.coordinate_mediation.v1_0.messages.tests.test_keylist_query.TestKeylistQuery" name="test_make_model" file="aries_cloudagent/protocols/coordinate_mediation/v1_0/messages/tests/__init__.py" line="46" time="0.006" /><testcase classname="aries_cloudagent.protocols.coordinate_mediation.v1_0.messages.tests.test_keylist_query.TestKeylistQuery" name="test_serialize" file="aries_cloudagent/protocols/coordinate_mediation/v1_0/messages/tests/__init__.py" line="38" time="0.006" /><testcase classname="aries_cloudagent.protocols.coordinate_mediation.v1_0.messages.tests.test_keylist_query.TestKeylistQuery" name="test_type" file="aries_cloudagent/protocols/coordinate_mediation/v1_0/messages/tests/__init__.py" line="24" time="0.004" /><testcase classname="aries_cloudagent.protocols.coordinate_mediation.v1_0.messages.tests.test_keylist_update" name="ruff" file="aries_cloudagent/protocols/coordinate_mediation/v1_0/messages/tests/test_keylist_update.py" time="0.045" /><testcase classname="aries_cloudagent.protocols.coordinate_mediation.v1_0.messages.tests.test_keylist_update.TestKeylistUpdate" name="test_deserialize" file="aries_cloudagent/protocols/coordinate_mediation/v1_0/messages/tests/__init__.py" line="28" time="0.013" /><testcase classname="aries_cloudagent.protocols.coordinate_mediation.v1_0.messages.tests.test_keylist_update.TestKeylistUpdate" name="test_init" file="aries_cloudagent/protocols/coordinate_mediation/v1_0/messages/tests/__init__.py" line="19" time="0.002" /><testcase classname="aries_cloudagent.protocols.coordinate_mediation.v1_0.messages.tests.test_keylist_update.TestKeylistUpdate" name="test_make_model" file="aries_cloudagent/protocols/coordinate_mediation/v1_0/messages/tests/__init__.py" line="46" time="0.005" /><testcase classname="aries_cloudagent.protocols.coordinate_mediation.v1_0.messages.tests.test_keylist_update.TestKeylistUpdate" name="test_serialize" file="aries_cloudagent/protocols/coordinate_mediation/v1_0/messages/tests/__init__.py" line="38" time="0.007" /><testcase classname="aries_cloudagent.protocols.coordinate_mediation.v1_0.messages.tests.test_keylist_update.TestKeylistUpdate" name="test_type" file="aries_cloudagent/protocols/coordinate_mediation/v1_0/messages/tests/__init__.py" line="24" time="0.003" /><testcase classname="aries_cloudagent.protocols.coordinate_mediation.v1_0.messages.tests.test_keylist_update_response" name="ruff" file="aries_cloudagent/protocols/coordinate_mediation/v1_0/messages/tests/test_keylist_update_response.py" time="0.048" /><testcase classname="aries_cloudagent.protocols.coordinate_mediation.v1_0.messages.tests.test_keylist_update_response.TestKeylistUpdateResponse" name="test_deserialize" file="aries_cloudagent/protocols/coordinate_mediation/v1_0/messages/tests/__init__.py" line="28" time="0.013" /><testcase classname="aries_cloudagent.protocols.coordinate_mediation.v1_0.messages.tests.test_keylist_update_response.TestKeylistUpdateResponse" name="test_init" file="aries_cloudagent/protocols/coordinate_mediation/v1_0/messages/tests/__init__.py" line="19" time="0.002" /><testcase classname="aries_cloudagent.protocols.coordinate_mediation.v1_0.messages.tests.test_keylist_update_response.TestKeylistUpdateResponse" name="test_make_model" file="aries_cloudagent/protocols/coordinate_mediation/v1_0/messages/tests/__init__.py" line="46" time="0.008" /><testcase classname="aries_cloudagent.protocols.coordinate_mediation.v1_0.messages.tests.test_keylist_update_response.TestKeylistUpdateResponse" name="test_serialize" file="aries_cloudagent/protocols/coordinate_mediation/v1_0/messages/tests/__init__.py" line="38" time="0.006" /><testcase classname="aries_cloudagent.protocols.coordinate_mediation.v1_0.messages.tests.test_keylist_update_response.TestKeylistUpdateResponse" name="test_type" file="aries_cloudagent/protocols/coordinate_mediation/v1_0/messages/tests/__init__.py" line="24" time="0.002" /><testcase classname="aries_cloudagent.protocols.coordinate_mediation.v1_0.messages.tests.test_mediate_deny" name="ruff" file="aries_cloudagent/protocols/coordinate_mediation/v1_0/messages/tests/test_mediate_deny.py" time="0.059" /><testcase classname="aries_cloudagent.protocols.coordinate_mediation.v1_0.messages.tests.test_mediate_deny.TestMediateDeny" name="test_deserialize" file="aries_cloudagent/protocols/coordinate_mediation/v1_0/messages/tests/__init__.py" line="28" time="0.008" /><testcase classname="aries_cloudagent.protocols.coordinate_mediation.v1_0.messages.tests.test_mediate_deny.TestMediateDeny" name="test_init" file="aries_cloudagent/protocols/coordinate_mediation/v1_0/messages/tests/__init__.py" line="19" time="0.004" /><testcase classname="aries_cloudagent.protocols.coordinate_mediation.v1_0.messages.tests.test_mediate_deny.TestMediateDeny" name="test_make_model" file="aries_cloudagent/protocols/coordinate_mediation/v1_0/messages/tests/__init__.py" line="46" time="0.005" /><testcase classname="aries_cloudagent.protocols.coordinate_mediation.v1_0.messages.tests.test_mediate_deny.TestMediateDeny" name="test_serialize" file="aries_cloudagent/protocols/coordinate_mediation/v1_0/messages/tests/__init__.py" line="38" time="0.007" /><testcase classname="aries_cloudagent.protocols.coordinate_mediation.v1_0.messages.tests.test_mediate_deny.TestMediateDeny" name="test_type" file="aries_cloudagent/protocols/coordinate_mediation/v1_0/messages/tests/__init__.py" line="24" time="0.003" /><testcase classname="aries_cloudagent.protocols.coordinate_mediation.v1_0.messages.tests.test_mediate_grant" name="ruff" file="aries_cloudagent/protocols/coordinate_mediation/v1_0/messages/tests/test_mediate_grant.py" time="0.053" /><testcase classname="aries_cloudagent.protocols.coordinate_mediation.v1_0.messages.tests.test_mediate_grant.TestMediateGrant" name="test_deserialize" file="aries_cloudagent/protocols/coordinate_mediation/v1_0/messages/tests/__init__.py" line="28" time="0.012" /><testcase classname="aries_cloudagent.protocols.coordinate_mediation.v1_0.messages.tests.test_mediate_grant.TestMediateGrant" name="test_init" file="aries_cloudagent/protocols/coordinate_mediation/v1_0/messages/tests/__init__.py" line="19" time="0.003" /><testcase classname="aries_cloudagent.protocols.coordinate_mediation.v1_0.messages.tests.test_mediate_grant.TestMediateGrant" name="test_make_model" file="aries_cloudagent/protocols/coordinate_mediation/v1_0/messages/tests/__init__.py" line="46" time="0.004" /><testcase classname="aries_cloudagent.protocols.coordinate_mediation.v1_0.messages.tests.test_mediate_grant.TestMediateGrant" name="test_serialize" file="aries_cloudagent/protocols/coordinate_mediation/v1_0/messages/tests/__init__.py" line="38" time="0.003" /><testcase classname="aries_cloudagent.protocols.coordinate_mediation.v1_0.messages.tests.test_mediate_grant.TestMediateGrant" name="test_type" file="aries_cloudagent/protocols/coordinate_mediation/v1_0/messages/tests/__init__.py" line="24" time="0.007" /><testcase classname="aries_cloudagent.protocols.coordinate_mediation.v1_0.messages.tests.test_mediate_request" name="ruff" file="aries_cloudagent/protocols/coordinate_mediation/v1_0/messages/tests/test_mediate_request.py" time="0.052" /><testcase classname="aries_cloudagent.protocols.coordinate_mediation.v1_0.messages.tests.test_mediate_request.TestMediateRequest" name="test_deserialize" file="aries_cloudagent/protocols/coordinate_mediation/v1_0/messages/tests/__init__.py" line="28" time="0.009" /><testcase classname="aries_cloudagent.protocols.coordinate_mediation.v1_0.messages.tests.test_mediate_request.TestMediateRequest" name="test_init" file="aries_cloudagent/protocols/coordinate_mediation/v1_0/messages/tests/__init__.py" line="19" time="0.004" /><testcase classname="aries_cloudagent.protocols.coordinate_mediation.v1_0.messages.tests.test_mediate_request.TestMediateRequest" name="test_make_model" file="aries_cloudagent/protocols/coordinate_mediation/v1_0/messages/tests/__init__.py" line="46" time="0.004" /><testcase classname="aries_cloudagent.protocols.coordinate_mediation.v1_0.messages.tests.test_mediate_request.TestMediateRequest" name="test_serialize" file="aries_cloudagent/protocols/coordinate_mediation/v1_0/messages/tests/__init__.py" line="38" time="0.007" /><testcase classname="aries_cloudagent.protocols.coordinate_mediation.v1_0.messages.tests.test_mediate_request.TestMediateRequest" name="test_type" file="aries_cloudagent/protocols/coordinate_mediation/v1_0/messages/tests/__init__.py" line="24" time="0.004" /><testcase classname="aries_cloudagent.protocols.coordinate_mediation.v1_0.messages.tests.test_problem_report" name="ruff" file="aries_cloudagent/protocols/coordinate_mediation/v1_0/messages/tests/test_problem_report.py" time="0.052" /><testcase classname="aries_cloudagent.protocols.coordinate_mediation.v1_0.messages.tests.test_problem_report.TestCMProblemReportMessage" name="test_make_model" file="aries_cloudagent/protocols/coordinate_mediation/v1_0/messages/tests/test_problem_report.py" line="31" time="0.022" /><testcase classname="aries_cloudagent.protocols.coordinate_mediation.v1_0.messages.tests.test_problem_report.TestCMProblemReportMessage" name="test_validate_and_logger" file="aries_cloudagent/protocols/coordinate_mediation/v1_0/messages/tests/test_problem_report.py" line="47" time="0.013" /><testcase classname="aries_cloudagent.protocols.coordinate_mediation.v1_0.messages.tests.test_problem_report.TestCMProblemReportMessage" name="test_validate_x" file="aries_cloudagent/protocols/coordinate_mediation/v1_0/messages/tests/test_problem_report.py" line="41" time="0.007" /><testcase classname="aries_cloudagent.protocols.coordinate_mediation.v1_0.models.__init__" name="ruff" file="aries_cloudagent/protocols/coordinate_mediation/v1_0/models/__init__.py" time="0.053" /><testcase classname="aries_cloudagent.protocols.coordinate_mediation.v1_0.models.mediation_record" name="ruff" file="aries_cloudagent/protocols/coordinate_mediation/v1_0/models/mediation_record.py" time="0.051" /><testcase classname="aries_cloudagent.protocols.coordinate_mediation.v1_0.models.tests.__init__" name="ruff" file="aries_cloudagent/protocols/coordinate_mediation/v1_0/models/tests/__init__.py" time="0.047" /><testcase classname="aries_cloudagent.protocols.coordinate_mediation.v1_0.models.tests.test_mediation_record" name="ruff" file="aries_cloudagent/protocols/coordinate_mediation/v1_0/models/tests/test_mediation_record.py" time="0.049" /><testcase classname="aries_cloudagent.protocols.coordinate_mediation.v1_0.models.tests.test_mediation_record" name="test_backwards_compat_terms" file="aries_cloudagent/protocols/coordinate_mediation/v1_0/models/tests/test_mediation_record.py" line="19" time="0.010" /><testcase classname="aries_cloudagent.protocols.coordinate_mediation.v1_0.models.tests.test_mediation_record" name="test_mediation_record_eq" file="aries_cloudagent/protocols/coordinate_mediation/v1_0/models/tests/test_mediation_record.py" line="43" time="0.007" /><testcase classname="aries_cloudagent.protocols.coordinate_mediation.v1_0.models.tests.test_mediation_record" name="test_mediation_record_duplicate_means_exists" file="aries_cloudagent/protocols/coordinate_mediation/v1_0/models/tests/test_mediation_record.py" line="53" time="0.015" /><testcase classname="aries_cloudagent.protocols.coordinate_mediation.v1_0.tests.__init__" name="ruff" file="aries_cloudagent/protocols/coordinate_mediation/v1_0/tests/__init__.py" time="0.052" /><testcase classname="aries_cloudagent.protocols.coordinate_mediation.v1_0.tests.test_mediation_invite_store" name="ruff" file="aries_cloudagent/protocols/coordinate_mediation/v1_0/tests/test_mediation_invite_store.py" time="0.058" /><testcase classname="aries_cloudagent.protocols.coordinate_mediation.v1_0.tests.test_mediation_invite_store.TestMediationInviteRecord" name="test_from_json_should_create_record_from_json" file="aries_cloudagent/protocols/coordinate_mediation/v1_0/tests/test_mediation_invite_store.py" line="34" time="0.003" /><testcase classname="aries_cloudagent.protocols.coordinate_mediation.v1_0.tests.test_mediation_invite_store.TestMediationInviteRecord" name="test_to_json_should_dump_record" file="aries_cloudagent/protocols/coordinate_mediation/v1_0/tests/test_mediation_invite_store.py" line="24" time="0.004" /><testcase classname="aries_cloudagent.protocols.coordinate_mediation.v1_0.tests.test_mediation_invite_store.TestMediationInviteRecord" name="test_unused_should_create_unused_record" file="aries_cloudagent/protocols/coordinate_mediation/v1_0/tests/test_mediation_invite_store.py" line="44" time="0.004" /><testcase classname="aries_cloudagent.protocols.coordinate_mediation.v1_0.tests.test_mediation_invite_store.TestMediationInviteStore" name="test_get_mediation_invite_record_returns_none_when_no_invite_available" file="aries_cloudagent/protocols/coordinate_mediation/v1_0/tests/test_mediation_invite_store.py" line="117" time="0.032" /><testcase classname="aries_cloudagent.protocols.coordinate_mediation.v1_0.tests.test_mediation_invite_store.TestMediationInviteStore" name="test_get_mediation_invite_returns_stored_record_when_no_invite_provided" file="aries_cloudagent/protocols/coordinate_mediation/v1_0/tests/test_mediation_invite_store.py" line="129" time="0.025" /><testcase classname="aries_cloudagent.protocols.coordinate_mediation.v1_0.tests.test_mediation_invite_store.TestMediationInviteStore" name="test_get_mediation_invite_stores_and_returns_provided_invite_if_none_stored" file="aries_cloudagent/protocols/coordinate_mediation/v1_0/tests/test_mediation_invite_store.py" line="145" time="0.022" /><testcase classname="aries_cloudagent.protocols.coordinate_mediation.v1_0.tests.test_mediation_invite_store.TestMediationInviteStore" name="test_mark_default_invite_as_used_should_mark_stored_invite" file="aries_cloudagent/protocols/coordinate_mediation/v1_0/tests/test_mediation_invite_store.py" line="96" time="0.023" /><testcase classname="aries_cloudagent.protocols.coordinate_mediation.v1_0.tests.test_mediation_invite_store.TestMediationInviteStore" name="test_mark_default_invite_as_used_should_raise_when_no_invite" file="aries_cloudagent/protocols/coordinate_mediation/v1_0/tests/test_mediation_invite_store.py" line="109" time="0.023" /><testcase classname="aries_cloudagent.protocols.coordinate_mediation.v1_0.tests.test_mediation_invite_store.TestMediationInviteStore" name="test_store_create_record_to_store_mediation_invite_when_no_record_exists" file="aries_cloudagent/protocols/coordinate_mediation/v1_0/tests/test_mediation_invite_store.py" line="54" time="0.029" /><testcase classname="aries_cloudagent.protocols.coordinate_mediation.v1_0.tests.test_mediation_invite_store.TestMediationInviteStore" name="test_store_should_update_record_when_a_mediation_invite_record_exists" file="aries_cloudagent/protocols/coordinate_mediation/v1_0/tests/test_mediation_invite_store.py" line="74" time="0.025" /><testcase classname="aries_cloudagent.protocols.coordinate_mediation.v1_0.tests.test_mediation_manager" name="ruff" file="aries_cloudagent/protocols/coordinate_mediation/v1_0/tests/test_mediation_manager.py" time="0.059" /><testcase classname="aries_cloudagent.protocols.coordinate_mediation.v1_0.tests.test_mediation_manager.TestMediationManager" name="test_create_manager_no_profile" file="aries_cloudagent/protocols/coordinate_mediation/v1_0/tests/test_mediation_manager.py" line="77" time="0.010" /><testcase classname="aries_cloudagent.protocols.coordinate_mediation.v1_0.tests.test_mediation_manager.TestMediationManager" name="test_create_did" file="aries_cloudagent/protocols/coordinate_mediation/v1_0/tests/test_mediation_manager.py" line="82" time="0.014" /><testcase classname="aries_cloudagent.protocols.coordinate_mediation.v1_0.tests.test_mediation_manager.TestMediationManager" name="test_retrieve_did_when_absent" file="aries_cloudagent/protocols/coordinate_mediation/v1_0/tests/test_mediation_manager.py" line="88" time="0.013" /><testcase classname="aries_cloudagent.protocols.coordinate_mediation.v1_0.tests.test_mediation_manager.TestMediationManager" name="test_receive_request_no_terms" file="aries_cloudagent/protocols/coordinate_mediation/v1_0/tests/test_mediation_manager.py" line="93" time="0.019" /><testcase classname="aries_cloudagent.protocols.coordinate_mediation.v1_0.tests.test_mediation_manager.TestMediationManager" name="test_receive_request_record_exists" file="aries_cloudagent/protocols/coordinate_mediation/v1_0/tests/test_mediation_manager.py" line="99" time="0.019" /><testcase classname="aries_cloudagent.protocols.coordinate_mediation.v1_0.tests.test_mediation_manager.TestMediationManager" name="test_receive_request_unacceptable_terms" file="aries_cloudagent/protocols/coordinate_mediation/v1_0/tests/test_mediation_manager.py" line="106" time="0.001"><skipped type="pytest.skip" message="mediator and recipient terms are only loosely defined in RFC 0211">/usr/src/app/aries_cloudagent/protocols/coordinate_mediation/v1_0/tests/test_mediation_manager.py:107: mediator and recipient terms are only loosely defined in RFC 0211</skipped></testcase><testcase classname="aries_cloudagent.protocols.coordinate_mediation.v1_0.tests.test_mediation_manager.TestMediationManager" name="test_grant_request" file="aries_cloudagent/protocols/coordinate_mediation/v1_0/tests/test_mediation_manager.py" line="112" time="0.015" /><testcase classname="aries_cloudagent.protocols.coordinate_mediation.v1_0.tests.test_mediation_manager.TestMediationManager" name="test_deny_request" file="aries_cloudagent/protocols/coordinate_mediation/v1_0/tests/test_mediation_manager.py" line="126" time="0.018" /><testcase classname="aries_cloudagent.protocols.coordinate_mediation.v1_0.tests.test_mediation_manager.TestMediationManager" name="test_update_keylist_delete" file="aries_cloudagent/protocols/coordinate_mediation/v1_0/tests/test_mediation_manager.py" line="133" time="0.014" /><testcase classname="aries_cloudagent.protocols.coordinate_mediation.v1_0.tests.test_mediation_manager.TestMediationManager" name="test_update_keylist_create" file="aries_cloudagent/protocols/coordinate_mediation/v1_0/tests/test_mediation_manager.py" line="152" time="0.012" /><testcase classname="aries_cloudagent.protocols.coordinate_mediation.v1_0.tests.test_mediation_manager.TestMediationManager" name="test_update_keylist_create_existing" file="aries_cloudagent/protocols/coordinate_mediation/v1_0/tests/test_mediation_manager.py" line="168" time="0.012" /><testcase classname="aries_cloudagent.protocols.coordinate_mediation.v1_0.tests.test_mediation_manager.TestMediationManager" name="test_update_keylist_x_not_granted" file="aries_cloudagent/protocols/coordinate_mediation/v1_0/tests/test_mediation_manager.py" line="187" time="0.005" /><testcase classname="aries_cloudagent.protocols.coordinate_mediation.v1_0.tests.test_mediation_manager.TestMediationManager" name="test_get_keylist" file="aries_cloudagent/protocols/coordinate_mediation/v1_0/tests/test_mediation_manager.py" line="194" time="0.016" /><testcase classname="aries_cloudagent.protocols.coordinate_mediation.v1_0.tests.test_mediation_manager.TestMediationManager" name="test_get_keylist_no_granted_record" file="aries_cloudagent/protocols/coordinate_mediation/v1_0/tests/test_mediation_manager.py" line="210" time="0.008" /><testcase classname="aries_cloudagent.protocols.coordinate_mediation.v1_0.tests.test_mediation_manager.TestMediationManager" name="test_create_keylist_query_response" file="aries_cloudagent/protocols/coordinate_mediation/v1_0/tests/test_mediation_manager.py" line="216" time="0.008" /><testcase classname="aries_cloudagent.protocols.coordinate_mediation.v1_0.tests.test_mediation_manager.TestMediationManager" name="test_get_set_get_default_mediator" file="aries_cloudagent/protocols/coordinate_mediation/v1_0/tests/test_mediation_manager.py" line="228" time="0.018" /><testcase classname="aries_cloudagent.protocols.coordinate_mediation.v1_0.tests.test_mediation_manager.TestMediationManager" name="test_set_get_default_mediator_by_id" file="aries_cloudagent/protocols/coordinate_mediation/v1_0/tests/test_mediation_manager.py" line="239" time="0.005" /><testcase classname="aries_cloudagent.protocols.coordinate_mediation.v1_0.tests.test_mediation_manager.TestMediationManager" name="test_set_set_get_default_mediator_id" file="aries_cloudagent/protocols/coordinate_mediation/v1_0/tests/test_mediation_manager.py" line="245" time="0.006" /><testcase classname="aries_cloudagent.protocols.coordinate_mediation.v1_0.tests.test_mediation_manager.TestMediationManager" name="test_set_default_mediator_by_id" file="aries_cloudagent/protocols/coordinate_mediation/v1_0/tests/test_mediation_manager.py" line="252" time="0.012" /><testcase classname="aries_cloudagent.protocols.coordinate_mediation.v1_0.tests.test_mediation_manager.TestMediationManager" name="test_clear_default_mediator" file="aries_cloudagent/protocols/coordinate_mediation/v1_0/tests/test_mediation_manager.py" line="258" time="0.013" /><testcase classname="aries_cloudagent.protocols.coordinate_mediation.v1_0.tests.test_mediation_manager.TestMediationManager" name="test_clear_default_mediator_no_default_set" file="aries_cloudagent/protocols/coordinate_mediation/v1_0/tests/test_mediation_manager.py" line="264" time="0.006" /><testcase classname="aries_cloudagent.protocols.coordinate_mediation.v1_0.tests.test_mediation_manager.TestMediationManager" name="test_prepare_request" file="aries_cloudagent/protocols/coordinate_mediation/v1_0/tests/test_mediation_manager.py" line="269" time="0.011" /><testcase classname="aries_cloudagent.protocols.coordinate_mediation.v1_0.tests.test_mediation_manager.TestMediationManager" name="test_request_granted_base58" file="aries_cloudagent/protocols/coordinate_mediation/v1_0/tests/test_mediation_manager.py" line="275" time="0.018" /><testcase classname="aries_cloudagent.protocols.coordinate_mediation.v1_0.tests.test_mediation_manager.TestMediationManager" name="test_request_granted_did_key" file="aries_cloudagent/protocols/coordinate_mediation/v1_0/tests/test_mediation_manager.py" line="286" time="0.014" /><testcase classname="aries_cloudagent.protocols.coordinate_mediation.v1_0.tests.test_mediation_manager.TestMediationManager" name="test_request_denied" file="aries_cloudagent/protocols/coordinate_mediation/v1_0/tests/test_mediation_manager.py" line="295" time="0.007" /><testcase classname="aries_cloudagent.protocols.coordinate_mediation.v1_0.tests.test_mediation_manager.TestMediationManager" name="test_request_denied_counter_terms" file="aries_cloudagent/protocols/coordinate_mediation/v1_0/tests/test_mediation_manager.py" line="302" time="0.002"><skipped type="pytest.skip" message="Mediation terms are not well defined in RFC 0211">/usr/src/app/aries_cloudagent/protocols/coordinate_mediation/v1_0/tests/test_mediation_manager.py:303: Mediation terms are not well defined in RFC 0211</skipped></testcase><testcase classname="aries_cloudagent.protocols.coordinate_mediation.v1_0.tests.test_mediation_manager.TestMediationManager" name="test_prepare_keylist_query" file="aries_cloudagent/protocols/coordinate_mediation/v1_0/tests/test_mediation_manager.py" line="306" time="0.011" /><testcase classname="aries_cloudagent.protocols.coordinate_mediation.v1_0.tests.test_mediation_manager.TestMediationManager" name="test_prepare_keylist_query_pagination" file="aries_cloudagent/protocols/coordinate_mediation/v1_0/tests/test_mediation_manager.py" line="312" time="0.010" /><testcase classname="aries_cloudagent.protocols.coordinate_mediation.v1_0.tests.test_mediation_manager.TestMediationManager" name="test_prepare_keylist_query_filter" file="aries_cloudagent/protocols/coordinate_mediation/v1_0/tests/test_mediation_manager.py" line="320" time="0.002"><skipped type="pytest.skip" message="Filtering is not well defined in RFC 0211">/usr/src/app/aries_cloudagent/protocols/coordinate_mediation/v1_0/tests/test_mediation_manager.py:321: Filtering is not well defined in RFC 0211</skipped></testcase><testcase classname="aries_cloudagent.protocols.coordinate_mediation.v1_0.tests.test_mediation_manager.TestMediationManager" name="test_add_key_no_message" file="aries_cloudagent/protocols/coordinate_mediation/v1_0/tests/test_mediation_manager.py" line="324" time="0.006" /><testcase classname="aries_cloudagent.protocols.coordinate_mediation.v1_0.tests.test_mediation_manager.TestMediationManager" name="test_add_key_accumulate_in_message" file="aries_cloudagent/protocols/coordinate_mediation/v1_0/tests/test_mediation_manager.py" line="330" time="0.005" /><testcase classname="aries_cloudagent.protocols.coordinate_mediation.v1_0.tests.test_mediation_manager.TestMediationManager" name="test_remove_key_no_message" file="aries_cloudagent/protocols/coordinate_mediation/v1_0/tests/test_mediation_manager.py" line="341" time="0.006" /><testcase classname="aries_cloudagent.protocols.coordinate_mediation.v1_0.tests.test_mediation_manager.TestMediationManager" name="test_remove_key_accumulate_in_message" file="aries_cloudagent/protocols/coordinate_mediation/v1_0/tests/test_mediation_manager.py" line="347" time="0.009" /><testcase classname="aries_cloudagent.protocols.coordinate_mediation.v1_0.tests.test_mediation_manager.TestMediationManager" name="test_add_remove_key_mix" file="aries_cloudagent/protocols/coordinate_mediation/v1_0/tests/test_mediation_manager.py" line="358" time="0.006" /><testcase classname="aries_cloudagent.protocols.coordinate_mediation.v1_0.tests.test_mediation_manager.TestMediationManager" name="test_store_update_results" file="aries_cloudagent/protocols/coordinate_mediation/v1_0/tests/test_mediation_manager.py" line="369" time="0.037" /><testcase classname="aries_cloudagent.protocols.coordinate_mediation.v1_0.tests.test_mediation_manager.TestMediationManager" name="test_store_update_results_exists_relay" file="aries_cloudagent/protocols/coordinate_mediation/v1_0/tests/test_mediation_manager.py" line="428" time="0.019" /><testcase classname="aries_cloudagent.protocols.coordinate_mediation.v1_0.tests.test_mediation_manager.TestMediationManager" name="test_store_update_results_errors" file="aries_cloudagent/protocols/coordinate_mediation/v1_0/tests/test_mediation_manager.py" line="451" time="0.016" /><testcase classname="aries_cloudagent.protocols.coordinate_mediation.v1_0.tests.test_mediation_manager.TestMediationManager" name="test_get_my_keylist" file="aries_cloudagent/protocols/coordinate_mediation/v1_0/tests/test_mediation_manager.py" line="477" time="0.022" /><testcase classname="aries_cloudagent.protocols.coordinate_mediation.v1_0.tests.test_route_manager" name="ruff" file="aries_cloudagent/protocols/coordinate_mediation/v1_0/tests/test_route_manager.py" time="0.056" /><testcase classname="aries_cloudagent.protocols.coordinate_mediation.v1_0.tests.test_route_manager" name="test_get_or_create_my_did_no_did" file="aries_cloudagent/protocols/coordinate_mediation/v1_0/tests/test_route_manager.py" line="73" time="0.032" /><testcase classname="aries_cloudagent.protocols.coordinate_mediation.v1_0.tests.test_route_manager" name="test_get_or_create_my_did_existing_did" file="aries_cloudagent/protocols/coordinate_mediation/v1_0/tests/test_route_manager.py" line="92" time="0.029" /><testcase classname="aries_cloudagent.protocols.coordinate_mediation.v1_0.tests.test_route_manager" name="test_mediation_record_for_connection_mediation_id" file="aries_cloudagent/protocols/coordinate_mediation/v1_0/tests/test_route_manager.py" line="106" time="0.034" /><testcase classname="aries_cloudagent.protocols.coordinate_mediation.v1_0.tests.test_route_manager" name="test_mediation_record_for_connection_mediation_metadata" file="aries_cloudagent/protocols/coordinate_mediation/v1_0/tests/test_route_manager.py" line="126" time="0.029" /><testcase classname="aries_cloudagent.protocols.coordinate_mediation.v1_0.tests.test_route_manager" name="test_mediation_record_for_connection_default" file="aries_cloudagent/protocols/coordinate_mediation/v1_0/tests/test_route_manager.py" line="149" time="0.022" /><testcase classname="aries_cloudagent.protocols.coordinate_mediation.v1_0.tests.test_route_manager" name="test_mediation_record_if_id_with_id" file="aries_cloudagent/protocols/coordinate_mediation/v1_0/tests/test_route_manager.py" line="167" time="0.019" /><testcase classname="aries_cloudagent.protocols.coordinate_mediation.v1_0.tests.test_route_manager" name="test_mediation_record_if_id_with_id_bad_state" file="aries_cloudagent/protocols/coordinate_mediation/v1_0/tests/test_route_manager.py" line="186" time="0.019" /><testcase classname="aries_cloudagent.protocols.coordinate_mediation.v1_0.tests.test_route_manager" name="test_mediation_record_if_id_with_id_and_default" file="aries_cloudagent/protocols/coordinate_mediation/v1_0/tests/test_route_manager.py" line="204" time="0.031" /><testcase classname="aries_cloudagent.protocols.coordinate_mediation.v1_0.tests.test_route_manager" name="test_mediation_record_if_id_without_id_and_default" file="aries_cloudagent/protocols/coordinate_mediation/v1_0/tests/test_route_manager.py" line="226" time="0.021" /><testcase classname="aries_cloudagent.protocols.coordinate_mediation.v1_0.tests.test_route_manager" name="test_mediation_record_if_id_without_id_and_no_default" file="aries_cloudagent/protocols/coordinate_mediation/v1_0/tests/test_route_manager.py" line="249" time="0.026" /><testcase classname="aries_cloudagent.protocols.coordinate_mediation.v1_0.tests.test_route_manager" name="test_route_connection_as_invitee" file="aries_cloudagent/protocols/coordinate_mediation/v1_0/tests/test_route_manager.py" line="269" time="0.029" /><testcase classname="aries_cloudagent.protocols.coordinate_mediation.v1_0.tests.test_route_manager" name="test_route_connection_as_inviter" file="aries_cloudagent/protocols/coordinate_mediation/v1_0/tests/test_route_manager.py" line="288" time="0.022" /><testcase classname="aries_cloudagent.protocols.coordinate_mediation.v1_0.tests.test_route_manager" name="test_route_connection_state_inviter_replace_key_none" file="aries_cloudagent/protocols/coordinate_mediation/v1_0/tests/test_route_manager.py" line="312" time="0.030" /><testcase classname="aries_cloudagent.protocols.coordinate_mediation.v1_0.tests.test_route_manager" name="test_route_connection_state_invitee" file="aries_cloudagent/protocols/coordinate_mediation/v1_0/tests/test_route_manager.py" line="349" time="0.036" /><testcase classname="aries_cloudagent.protocols.coordinate_mediation.v1_0.tests.test_route_manager" name="test_route_connection_state_inviter" file="aries_cloudagent/protocols/coordinate_mediation/v1_0/tests/test_route_manager.py" line="366" time="0.031" /><testcase classname="aries_cloudagent.protocols.coordinate_mediation.v1_0.tests.test_route_manager" name="test_route_connection_state_other" file="aries_cloudagent/protocols/coordinate_mediation/v1_0/tests/test_route_manager.py" line="383" time="0.027" /><testcase classname="aries_cloudagent.protocols.coordinate_mediation.v1_0.tests.test_route_manager" name="test_route_invitation_with_key" file="aries_cloudagent/protocols/coordinate_mediation/v1_0/tests/test_route_manager.py" line="396" time="0.026" /><testcase classname="aries_cloudagent.protocols.coordinate_mediation.v1_0.tests.test_route_manager" name="test_route_invitation_without_key" file="aries_cloudagent/protocols/coordinate_mediation/v1_0/tests/test_route_manager.py" line="409" time="0.023" /><testcase classname="aries_cloudagent.protocols.coordinate_mediation.v1_0.tests.test_route_manager" name="test_route_public_did" file="aries_cloudagent/protocols/coordinate_mediation/v1_0/tests/test_route_manager.py" line="422" time="0.013" /><testcase classname="aries_cloudagent.protocols.coordinate_mediation.v1_0.tests.test_route_manager" name="test_route_verkey" file="aries_cloudagent/protocols/coordinate_mediation/v1_0/tests/test_route_manager.py" line="430" time="0.011" /><testcase classname="aries_cloudagent.protocols.coordinate_mediation.v1_0.tests.test_route_manager" name="test_route_static" file="aries_cloudagent/protocols/coordinate_mediation/v1_0/tests/test_route_manager.py" line="438" time="0.025" /><testcase classname="aries_cloudagent.protocols.coordinate_mediation.v1_0.tests.test_route_manager" name="test_save_mediator_for_connection_record" file="aries_cloudagent/protocols/coordinate_mediation/v1_0/tests/test_route_manager.py" line="459" time="0.034" /><testcase classname="aries_cloudagent.protocols.coordinate_mediation.v1_0.tests.test_route_manager" name="test_save_mediator_for_connection_id" file="aries_cloudagent/protocols/coordinate_mediation/v1_0/tests/test_route_manager.py" line="484" time="0.035" /><testcase classname="aries_cloudagent.protocols.coordinate_mediation.v1_0.tests.test_route_manager" name="test_save_mediator_for_connection_no_mediator" file="aries_cloudagent/protocols/coordinate_mediation/v1_0/tests/test_route_manager.py" line="511" time="0.028" /><testcase classname="aries_cloudagent.protocols.coordinate_mediation.v1_0.tests.test_route_manager" name="test_connection_from_recipient_key_invite" file="aries_cloudagent/protocols/coordinate_mediation/v1_0/tests/test_route_manager.py" line="525" time="0.024" /><testcase classname="aries_cloudagent.protocols.coordinate_mediation.v1_0.tests.test_route_manager" name="test_connection_from_recipient_key_local_did" file="aries_cloudagent/protocols/coordinate_mediation/v1_0/tests/test_route_manager.py" line="538" time="0.033" /><testcase classname="aries_cloudagent.protocols.coordinate_mediation.v1_0.tests.test_route_manager" name="test_mediation_route_for_key" file="aries_cloudagent/protocols/coordinate_mediation/v1_0/tests/test_route_manager.py" line="557" time="0.007" /><testcase classname="aries_cloudagent.protocols.coordinate_mediation.v1_0.tests.test_route_manager" name="test_mediation_route_for_key_skip_if_exists_and_exists" file="aries_cloudagent/protocols/coordinate_mediation/v1_0/tests/test_route_manager.py" line="584" time="0.012" /><testcase classname="aries_cloudagent.protocols.coordinate_mediation.v1_0.tests.test_route_manager" name="test_mediation_route_for_key_skip_if_exists_and_absent" file="aries_cloudagent/protocols/coordinate_mediation/v1_0/tests/test_route_manager.py" line="607" time="0.012" /><testcase classname="aries_cloudagent.protocols.coordinate_mediation.v1_0.tests.test_route_manager" name="test_mediation_route_for_key_replace_key" file="aries_cloudagent/protocols/coordinate_mediation/v1_0/tests/test_route_manager.py" line="639" time="0.013" /><testcase classname="aries_cloudagent.protocols.coordinate_mediation.v1_0.tests.test_route_manager" name="test_mediation_route_for_key_no_mediator" file="aries_cloudagent/protocols/coordinate_mediation/v1_0/tests/test_route_manager.py" line="667" time="0.009" /><testcase classname="aries_cloudagent.protocols.coordinate_mediation.v1_0.tests.test_route_manager" name="test_mediation_routing_info_with_mediator" file="aries_cloudagent/protocols/coordinate_mediation/v1_0/tests/test_route_manager.py" line="684" time="0.009" /><testcase classname="aries_cloudagent.protocols.coordinate_mediation.v1_0.tests.test_route_manager" name="test_mediation_routing_info_no_mediator" file="aries_cloudagent/protocols/coordinate_mediation/v1_0/tests/test_route_manager.py" line="702" time="0.005" /><testcase classname="aries_cloudagent.protocols.coordinate_mediation.v1_0.tests.test_routes" name="ruff" file="aries_cloudagent/protocols/coordinate_mediation/v1_0/tests/test_routes.py" time="0.075" /><testcase classname="aries_cloudagent.protocols.coordinate_mediation.v1_0.tests.test_routes.TestCoordinateMediationRoutes" name="test_clear_default_mediator" file="aries_cloudagent/protocols/coordinate_mediation/v1_0/tests/test_routes.py" line="675" time="0.050" /><testcase classname="aries_cloudagent.protocols.coordinate_mediation.v1_0.tests.test_routes.TestCoordinateMediationRoutes" name="test_clear_default_mediator_storage_error" file="aries_cloudagent/protocols/coordinate_mediation/v1_0/tests/test_routes.py" line="694" time="0.038" /><testcase classname="aries_cloudagent.protocols.coordinate_mediation.v1_0.tests.test_routes.TestCoordinateMediationRoutes" name="test_delete_mediation_request" file="aries_cloudagent/protocols/coordinate_mediation/v1_0/tests/test_routes.py" line="172" time="0.033" /><testcase classname="aries_cloudagent.protocols.coordinate_mediation.v1_0.tests.test_routes.TestCoordinateMediationRoutes" name="test_delete_mediation_request_x_not_found" file="aries_cloudagent/protocols/coordinate_mediation/v1_0/tests/test_routes.py" line="188" time="0.039" /><testcase classname="aries_cloudagent.protocols.coordinate_mediation.v1_0.tests.test_routes.TestCoordinateMediationRoutes" name="test_delete_mediation_request_x_storage_error" file="aries_cloudagent/protocols/coordinate_mediation/v1_0/tests/test_routes.py" line="200" time="0.034" /><testcase classname="aries_cloudagent.protocols.coordinate_mediation.v1_0.tests.test_routes.TestCoordinateMediationRoutes" name="test_get_default_mediator" file="aries_cloudagent/protocols/coordinate_mediation/v1_0/tests/test_routes.py" line="592" time="0.038" /><testcase classname="aries_cloudagent.protocols.coordinate_mediation.v1_0.tests.test_routes.TestCoordinateMediationRoutes" name="test_get_default_mediator_storage_error" file="aries_cloudagent/protocols/coordinate_mediation/v1_0/tests/test_routes.py" line="622" time="0.039" /><testcase classname="aries_cloudagent.protocols.coordinate_mediation.v1_0.tests.test_routes.TestCoordinateMediationRoutes" name="test_get_empty_default_mediator" file="aries_cloudagent/protocols/coordinate_mediation/v1_0/tests/test_routes.py" line="607" time="0.030" /><testcase classname="aries_cloudagent.protocols.coordinate_mediation.v1_0.tests.test_routes.TestCoordinateMediationRoutes" name="test_get_keylist" file="aries_cloudagent/protocols/coordinate_mediation/v1_0/tests/test_routes.py" line="376" time="0.029" /><testcase classname="aries_cloudagent.protocols.coordinate_mediation.v1_0.tests.test_routes.TestCoordinateMediationRoutes" name="test_get_keylist_no_matching_records" file="aries_cloudagent/protocols/coordinate_mediation/v1_0/tests/test_routes.py" line="407" time="0.034" /><testcase classname="aries_cloudagent.protocols.coordinate_mediation.v1_0.tests.test_routes.TestCoordinateMediationRoutes" name="test_get_keylist_storage_error" file="aries_cloudagent/protocols/coordinate_mediation/v1_0/tests/test_routes.py" line="424" time="0.025" /><testcase classname="aries_cloudagent.protocols.coordinate_mediation.v1_0.tests.test_routes.TestCoordinateMediationRoutes" name="test_list_mediation_requests" file="aries_cloudagent/protocols/coordinate_mediation/v1_0/tests/test_routes.py" line="66" time="0.041" /><testcase classname="aries_cloudagent.protocols.coordinate_mediation.v1_0.tests.test_routes.TestCoordinateMediationRoutes" name="test_list_mediation_requests_filters" file="aries_cloudagent/protocols/coordinate_mediation/v1_0/tests/test_routes.py" line="85" time="0.030" /><testcase classname="aries_cloudagent.protocols.coordinate_mediation.v1_0.tests.test_routes.TestCoordinateMediationRoutes" name="test_list_mediation_requests_no_records" file="aries_cloudagent/protocols/coordinate_mediation/v1_0/tests/test_routes.py" line="124" time="0.029" /><testcase classname="aries_cloudagent.protocols.coordinate_mediation.v1_0.tests.test_routes.TestCoordinateMediationRoutes" name="test_list_mediation_requests_x" file="aries_cloudagent/protocols/coordinate_mediation/v1_0/tests/test_routes.py" line="113" time="0.046" /><testcase classname="aries_cloudagent.protocols.coordinate_mediation.v1_0.tests.test_routes.TestCoordinateMediationRoutes" name="test_mediation_request_deny_role_client_x" file="aries_cloudagent/protocols/coordinate_mediation/v1_0/tests/test_routes.py" line="347" time="0.048" /><testcase classname="aries_cloudagent.protocols.coordinate_mediation.v1_0.tests.test_routes.TestCoordinateMediationRoutes" name="test_mediation_request_deny_role_server" file="aries_cloudagent/protocols/coordinate_mediation/v1_0/tests/test_routes.py" line="332" time="0.042" /><testcase classname="aries_cloudagent.protocols.coordinate_mediation.v1_0.tests.test_routes.TestCoordinateMediationRoutes" name="test_mediation_request_deny_x_rec_not_found" file="aries_cloudagent/protocols/coordinate_mediation/v1_0/tests/test_routes.py" line="360" time="0.035" /><testcase classname="aries_cloudagent.protocols.coordinate_mediation.v1_0.tests.test_routes.TestCoordinateMediationRoutes" name="test_mediation_request_deny_x_storage_error" file="aries_cloudagent/protocols/coordinate_mediation/v1_0/tests/test_routes.py" line="368" time="0.041" /><testcase classname="aries_cloudagent.protocols.coordinate_mediation.v1_0.tests.test_routes.TestCoordinateMediationRoutes" name="test_mediation_request_grant_role_client_x" file="aries_cloudagent/protocols/coordinate_mediation/v1_0/tests/test_routes.py" line="307" time="0.027" /><testcase classname="aries_cloudagent.protocols.coordinate_mediation.v1_0.tests.test_routes.TestCoordinateMediationRoutes" name="test_mediation_request_grant_role_server" file="aries_cloudagent/protocols/coordinate_mediation/v1_0/tests/test_routes.py" line="292" time="0.039" /><testcase classname="aries_cloudagent.protocols.coordinate_mediation.v1_0.tests.test_routes.TestCoordinateMediationRoutes" name="test_mediation_request_grant_x_rec_not_found" file="aries_cloudagent/protocols/coordinate_mediation/v1_0/tests/test_routes.py" line="316" time="0.044" /><testcase classname="aries_cloudagent.protocols.coordinate_mediation.v1_0.tests.test_routes.TestCoordinateMediationRoutes" name="test_mediation_request_grant_x_storage_error" file="aries_cloudagent/protocols/coordinate_mediation/v1_0/tests/test_routes.py" line="324" time="0.034" /><testcase classname="aries_cloudagent.protocols.coordinate_mediation.v1_0.tests.test_routes.TestCoordinateMediationRoutes" name="test_mediation_sort_key" file="aries_cloudagent/protocols/coordinate_mediation/v1_0/tests/test_routes.py" line="46" time="0.039" /><testcase classname="aries_cloudagent.protocols.coordinate_mediation.v1_0.tests.test_routes.TestCoordinateMediationRoutes" name="test_post_process_routes" file="aries_cloudagent/protocols/coordinate_mediation/v1_0/tests/test_routes.py" line="783" time="0.021" /><testcase classname="aries_cloudagent.protocols.coordinate_mediation.v1_0.tests.test_routes.TestCoordinateMediationRoutes" name="test_register" file="aries_cloudagent/protocols/coordinate_mediation/v1_0/tests/test_routes.py" line="776" time="0.028" /><testcase classname="aries_cloudagent.protocols.coordinate_mediation.v1_0.tests.test_routes.TestCoordinateMediationRoutes" name="test_request_mediation" file="aries_cloudagent/protocols/coordinate_mediation/v1_0/tests/test_routes.py" line="212" time="0.227" /><testcase classname="aries_cloudagent.protocols.coordinate_mediation.v1_0.tests.test_routes.TestCoordinateMediationRoutes" name="test_request_mediation_x_already_exists" file="aries_cloudagent/protocols/coordinate_mediation/v1_0/tests/test_routes.py" line="253" time="0.031" /><testcase classname="aries_cloudagent.protocols.coordinate_mediation.v1_0.tests.test_routes.TestCoordinateMediationRoutes" name="test_request_mediation_x_conn_not_found" file="aries_cloudagent/protocols/coordinate_mediation/v1_0/tests/test_routes.py" line="268" time="0.025" /><testcase classname="aries_cloudagent.protocols.coordinate_mediation.v1_0.tests.test_routes.TestCoordinateMediationRoutes" name="test_request_mediation_x_conn_not_ready" file="aries_cloudagent/protocols/coordinate_mediation/v1_0/tests/test_routes.py" line="240" time="0.025" /><testcase classname="aries_cloudagent.protocols.coordinate_mediation.v1_0.tests.test_routes.TestCoordinateMediationRoutes" name="test_request_mediation_x_storage_error" file="aries_cloudagent/protocols/coordinate_mediation/v1_0/tests/test_routes.py" line="280" time="0.027" /><testcase classname="aries_cloudagent.protocols.coordinate_mediation.v1_0.tests.test_routes.TestCoordinateMediationRoutes" name="test_retrieve_mediation_request" file="aries_cloudagent/protocols/coordinate_mediation/v1_0/tests/test_routes.py" line="135" time="0.036" /><testcase classname="aries_cloudagent.protocols.coordinate_mediation.v1_0.tests.test_routes.TestCoordinateMediationRoutes" name="test_retrieve_mediation_request_x_not_found" file="aries_cloudagent/protocols/coordinate_mediation/v1_0/tests/test_routes.py" line="148" time="0.027" /><testcase classname="aries_cloudagent.protocols.coordinate_mediation.v1_0.tests.test_routes.TestCoordinateMediationRoutes" name="test_retrieve_mediation_request_x_storage_error" file="aries_cloudagent/protocols/coordinate_mediation/v1_0/tests/test_routes.py" line="160" time="0.035" /><testcase classname="aries_cloudagent.protocols.coordinate_mediation.v1_0.tests.test_routes.TestCoordinateMediationRoutes" name="test_send_keylist_query" file="aries_cloudagent/protocols/coordinate_mediation/v1_0/tests/test_routes.py" line="551" time="0.236" /><testcase classname="aries_cloudagent.protocols.coordinate_mediation.v1_0.tests.test_routes.TestCoordinateMediationRoutes" name="test_send_keylist_query_x_no_mediation_record" file="aries_cloudagent/protocols/coordinate_mediation/v1_0/tests/test_routes.py" line="576" time="0.019" /><testcase classname="aries_cloudagent.protocols.coordinate_mediation.v1_0.tests.test_routes.TestCoordinateMediationRoutes" name="test_send_keylist_query_x_storage_error" file="aries_cloudagent/protocols/coordinate_mediation/v1_0/tests/test_routes.py" line="584" time="0.030" /><testcase classname="aries_cloudagent.protocols.coordinate_mediation.v1_0.tests.test_routes.TestCoordinateMediationRoutes" name="test_send_keylist_update" file="aries_cloudagent/protocols/coordinate_mediation/v1_0/tests/test_routes.py" line="432" time="0.027" /><testcase classname="aries_cloudagent.protocols.coordinate_mediation.v1_0.tests.test_routes.TestCoordinateMediationRoutes" name="test_send_keylist_update_bad_action" file="aries_cloudagent/protocols/coordinate_mediation/v1_0/tests/test_routes.py" line="479" time="0.030" /><testcase classname="aries_cloudagent.protocols.coordinate_mediation.v1_0.tests.test_routes.TestCoordinateMediationRoutes" name="test_send_keylist_update_bad_mediation_state" file="aries_cloudagent/protocols/coordinate_mediation/v1_0/tests/test_routes.py" line="492" time="0.032" /><testcase classname="aries_cloudagent.protocols.coordinate_mediation.v1_0.tests.test_routes.TestCoordinateMediationRoutes" name="test_send_keylist_update_bad_updates" file="aries_cloudagent/protocols/coordinate_mediation/v1_0/tests/test_routes.py" line="513" time="0.028" /><testcase classname="aries_cloudagent.protocols.coordinate_mediation.v1_0.tests.test_routes.TestCoordinateMediationRoutes" name="test_send_keylist_update_x_no_mediation_rec" file="aries_cloudagent/protocols/coordinate_mediation/v1_0/tests/test_routes.py" line="518" time="0.028" /><testcase classname="aries_cloudagent.protocols.coordinate_mediation.v1_0.tests.test_routes.TestCoordinateMediationRoutes" name="test_send_keylist_update_x_storage_error" file="aries_cloudagent/protocols/coordinate_mediation/v1_0/tests/test_routes.py" line="534" time="0.037" /><testcase classname="aries_cloudagent.protocols.coordinate_mediation.v1_0.tests.test_routes.TestCoordinateMediationRoutes" name="test_set_default_mediator" file="aries_cloudagent/protocols/coordinate_mediation/v1_0/tests/test_routes.py" line="634" time="0.038" /><testcase classname="aries_cloudagent.protocols.coordinate_mediation.v1_0.tests.test_routes.TestCoordinateMediationRoutes" name="test_set_default_mediator_storage_error" file="aries_cloudagent/protocols/coordinate_mediation/v1_0/tests/test_routes.py" line="656" time="0.030" /><testcase classname="aries_cloudagent.protocols.coordinate_mediation.v1_0.tests.test_routes.TestCoordinateMediationRoutes" name="test_update_keylist_for_connection" file="aries_cloudagent/protocols/coordinate_mediation/v1_0/tests/test_routes.py" line="710" time="0.060" /><testcase classname="aries_cloudagent.protocols.coordinate_mediation.v1_0.tests.test_routes.TestCoordinateMediationRoutes" name="test_update_keylist_for_connection_not_found" file="aries_cloudagent/protocols/coordinate_mediation/v1_0/tests/test_routes.py" line="732" time="0.041" /><testcase classname="aries_cloudagent.protocols.coordinate_mediation.v1_0.tests.test_routes.TestCoordinateMediationRoutes" name="test_update_keylist_for_connection_storage_error" file="aries_cloudagent/protocols/coordinate_mediation/v1_0/tests/test_routes.py" line="754" time="0.051" /><testcase classname="aries_cloudagent.protocols.didexchange.__init__" name="ruff" file="aries_cloudagent/protocols/didexchange/__init__.py" time="0.054" /><testcase classname="aries_cloudagent.protocols.didexchange.definition" name="ruff" file="aries_cloudagent/protocols/didexchange/definition.py" time="0.043" /><testcase classname="aries_cloudagent.protocols.didexchange.v1_0.__init__" name="ruff" file="aries_cloudagent/protocols/didexchange/v1_0/__init__.py" time="0.052" /><testcase classname="aries_cloudagent.protocols.didexchange.v1_0.manager" name="ruff" file="aries_cloudagent/protocols/didexchange/v1_0/manager.py" time="0.055" /><testcase classname="aries_cloudagent.protocols.didexchange.v1_0.message_types" name="ruff" file="aries_cloudagent/protocols/didexchange/v1_0/message_types.py" time="0.048" /><testcase classname="aries_cloudagent.protocols.didexchange.v1_0.routes" name="ruff" file="aries_cloudagent/protocols/didexchange/v1_0/routes.py" time="0.054" /><testcase classname="aries_cloudagent.protocols.didexchange.v1_0.handlers.__init__" name="ruff" file="aries_cloudagent/protocols/didexchange/v1_0/handlers/__init__.py" time="0.041" /><testcase classname="aries_cloudagent.protocols.didexchange.v1_0.handlers.complete_handler" name="ruff" file="aries_cloudagent/protocols/didexchange/v1_0/handlers/complete_handler.py" time="0.056" /><testcase classname="aries_cloudagent.protocols.didexchange.v1_0.handlers.invitation_handler" name="ruff" file="aries_cloudagent/protocols/didexchange/v1_0/handlers/invitation_handler.py" time="0.068" /><testcase classname="aries_cloudagent.protocols.didexchange.v1_0.handlers.problem_report_handler" name="ruff" file="aries_cloudagent/protocols/didexchange/v1_0/handlers/problem_report_handler.py" time="0.069" /><testcase classname="aries_cloudagent.protocols.didexchange.v1_0.handlers.request_handler" name="ruff" file="aries_cloudagent/protocols/didexchange/v1_0/handlers/request_handler.py" time="0.046" /><testcase classname="aries_cloudagent.protocols.didexchange.v1_0.handlers.response_handler" name="ruff" file="aries_cloudagent/protocols/didexchange/v1_0/handlers/response_handler.py" time="0.045" /><testcase classname="aries_cloudagent.protocols.didexchange.v1_0.handlers.tests.__init__" name="ruff" file="aries_cloudagent/protocols/didexchange/v1_0/handlers/tests/__init__.py" time="0.055" /><testcase classname="aries_cloudagent.protocols.didexchange.v1_0.handlers.tests.test_complete_handler" name="ruff" file="aries_cloudagent/protocols/didexchange/v1_0/handlers/tests/test_complete_handler.py" time="0.053" /><testcase classname="aries_cloudagent.protocols.didexchange.v1_0.handlers.tests.test_complete_handler.TestDIDXCompleteHandler" name="test_called" file="aries_cloudagent/protocols/didexchange/v1_0/handlers/tests/test_complete_handler.py" line="26" time="0.021" /><testcase classname="aries_cloudagent.protocols.didexchange.v1_0.handlers.tests.test_complete_handler.TestDIDXCompleteHandler" name="test_x" file="aries_cloudagent/protocols/didexchange/v1_0/handlers/tests/test_complete_handler.py" line="39" time="0.021" /><testcase classname="aries_cloudagent.protocols.didexchange.v1_0.handlers.tests.test_invitation_handler" name="ruff" file="aries_cloudagent/protocols/didexchange/v1_0/handlers/tests/test_invitation_handler.py" time="0.046" /><testcase classname="aries_cloudagent.protocols.didexchange.v1_0.handlers.tests.test_invitation_handler.TestDIDXInvitationHandler" name="test_problem_report" file="aries_cloudagent/protocols/didexchange/v1_0/handlers/tests/test_invitation_handler.py" line="22" time="0.013" /><testcase classname="aries_cloudagent.protocols.didexchange.v1_0.handlers.tests.test_problem_report_handler" name="ruff" file="aries_cloudagent/protocols/didexchange/v1_0/handlers/tests/test_problem_report_handler.py" time="0.043" /><testcase classname="aries_cloudagent.protocols.didexchange.v1_0.handlers.tests.test_problem_report_handler.TestDIDXProblemReportHandler" name="test_called" file="aries_cloudagent/protocols/didexchange/v1_0/handlers/tests/test_problem_report_handler.py" line="20" time="0.033" /><testcase classname="aries_cloudagent.protocols.didexchange.v1_0.handlers.tests.test_problem_report_handler.TestDIDXProblemReportHandler" name="test_called_no_conn" file="aries_cloudagent/protocols/didexchange/v1_0/handlers/tests/test_problem_report_handler.py" line="32" time="0.020" /><testcase classname="aries_cloudagent.protocols.didexchange.v1_0.handlers.tests.test_problem_report_handler.TestDIDXProblemReportHandler" name="test_called_unrecognized_report_exception" file="aries_cloudagent/protocols/didexchange/v1_0/handlers/tests/test_problem_report_handler.py" line="42" time="0.014" /><testcase classname="aries_cloudagent.protocols.didexchange.v1_0.handlers.tests.test_request_handler" name="ruff" file="aries_cloudagent/protocols/didexchange/v1_0/handlers/tests/test_request_handler.py" time="0.068" /><testcase classname="aries_cloudagent.protocols.didexchange.v1_0.handlers.tests.test_request_handler.TestDIDXRequestHandler" name="test_called" file="aries_cloudagent/protocols/didexchange/v1_0/handlers/tests/test_request_handler.py" line="93" time="0.057" /><testcase classname="aries_cloudagent.protocols.didexchange.v1_0.handlers.tests.test_request_handler.TestDIDXRequestHandler" name="test_called_with_auto_response" file="aries_cloudagent/protocols/didexchange/v1_0/handlers/tests/test_request_handler.py" line="108" time="0.036" /><testcase classname="aries_cloudagent.protocols.didexchange.v1_0.handlers.tests.test_request_handler.TestDIDXRequestHandler" name="test_connection_record_with_mediation_metadata_auto_response" file="aries_cloudagent/protocols/didexchange/v1_0/handlers/tests/test_request_handler.py" line="132" time="0.041" /><testcase classname="aries_cloudagent.protocols.didexchange.v1_0.handlers.tests.test_request_handler.TestDIDXRequestHandler" name="test_problem_report" file="aries_cloudagent/protocols/didexchange/v1_0/handlers/tests/test_request_handler.py" line="164" time="0.026" /><testcase classname="aries_cloudagent.protocols.didexchange.v1_0.handlers.tests.test_request_handler.TestDIDXRequestHandler" name="test_problem_report_did_doc" file="aries_cloudagent/protocols/didexchange/v1_0/handlers/tests/test_request_handler.py" line="188" time="0.044" /><testcase classname="aries_cloudagent.protocols.didexchange.v1_0.handlers.tests.test_request_handler.TestDIDXRequestHandler" name="test_problem_report_did_doc_no_conn_target" file="aries_cloudagent/protocols/didexchange/v1_0/handlers/tests/test_request_handler.py" line="220" time="0.043" /><testcase classname="aries_cloudagent.protocols.didexchange.v1_0.handlers.tests.test_response_handler" name="ruff" file="aries_cloudagent/protocols/didexchange/v1_0/handlers/tests/test_response_handler.py" time="0.058" /><testcase classname="aries_cloudagent.protocols.didexchange.v1_0.handlers.tests.test_response_handler.TestDIDXResponseHandler" name="test_called" file="aries_cloudagent/protocols/didexchange/v1_0/handlers/tests/test_response_handler.py" line="79" time="0.044" /><testcase classname="aries_cloudagent.protocols.didexchange.v1_0.handlers.tests.test_response_handler.TestDIDXResponseHandler" name="test_called_auto_ping" file="aries_cloudagent/protocols/didexchange/v1_0/handlers/tests/test_response_handler.py" line="93" time="0.023" /><testcase classname="aries_cloudagent.protocols.didexchange.v1_0.handlers.tests.test_response_handler.TestDIDXResponseHandler" name="test_problem_report" file="aries_cloudagent/protocols/didexchange/v1_0/handlers/tests/test_response_handler.py" line="111" time="0.027" /><testcase classname="aries_cloudagent.protocols.didexchange.v1_0.handlers.tests.test_response_handler.TestDIDXResponseHandler" name="test_problem_report_did_doc" file="aries_cloudagent/protocols/didexchange/v1_0/handlers/tests/test_response_handler.py" line="136" time="0.025" /><testcase classname="aries_cloudagent.protocols.didexchange.v1_0.handlers.tests.test_response_handler.TestDIDXResponseHandler" name="test_problem_report_did_doc_no_conn_target" file="aries_cloudagent/protocols/didexchange/v1_0/handlers/tests/test_response_handler.py" line="172" time="0.035" /><testcase classname="aries_cloudagent.protocols.didexchange.v1_0.messages.__init__" name="ruff" file="aries_cloudagent/protocols/didexchange/v1_0/messages/__init__.py" time="0.045" /><testcase classname="aries_cloudagent.protocols.didexchange.v1_0.messages.complete" name="ruff" file="aries_cloudagent/protocols/didexchange/v1_0/messages/complete.py" time="0.061" /><testcase classname="aries_cloudagent.protocols.didexchange.v1_0.messages.problem_report" name="ruff" file="aries_cloudagent/protocols/didexchange/v1_0/messages/problem_report.py" time="0.050" /><testcase classname="aries_cloudagent.protocols.didexchange.v1_0.messages.request" name="ruff" file="aries_cloudagent/protocols/didexchange/v1_0/messages/request.py" time="0.046" /><testcase classname="aries_cloudagent.protocols.didexchange.v1_0.messages.response" name="ruff" file="aries_cloudagent/protocols/didexchange/v1_0/messages/response.py" time="0.060" /><testcase classname="aries_cloudagent.protocols.didexchange.v1_0.messages.tests.__init__" name="ruff" file="aries_cloudagent/protocols/didexchange/v1_0/messages/tests/__init__.py" time="0.043" /><testcase classname="aries_cloudagent.protocols.didexchange.v1_0.messages.tests.test_complete" name="ruff" file="aries_cloudagent/protocols/didexchange/v1_0/messages/tests/test_complete.py" time="0.047" /><testcase classname="aries_cloudagent.protocols.didexchange.v1_0.messages.tests.test_complete.TestDIDXComplete" name="test_init_type" file="aries_cloudagent/protocols/didexchange/v1_0/messages/tests/test_complete.py" line="14" time="0.004" /><testcase classname="aries_cloudagent.protocols.didexchange.v1_0.messages.tests.test_complete.TestDIDXComplete" name="test_serde" file="aries_cloudagent/protocols/didexchange/v1_0/messages/tests/test_complete.py" line="18" time="0.007" /><testcase classname="aries_cloudagent.protocols.didexchange.v1_0.messages.tests.test_complete.TestDIDXCompleteSchema" name="test_make_model" file="aries_cloudagent/protocols/didexchange/v1_0/messages/tests/test_complete.py" line="28" time="0.009" /><testcase classname="aries_cloudagent.protocols.didexchange.v1_0.messages.tests.test_complete.TestDIDXCompleteSchema" name="test_serde_x" file="aries_cloudagent/protocols/didexchange/v1_0/messages/tests/test_complete.py" line="35" time="0.008" /><testcase classname="aries_cloudagent.protocols.didexchange.v1_0.messages.tests.test_problem_report" name="ruff" file="aries_cloudagent/protocols/didexchange/v1_0/messages/tests/test_problem_report.py" time="0.042" /><testcase classname="aries_cloudagent.protocols.didexchange.v1_0.messages.tests.test_problem_report" name="test_init_type" file="aries_cloudagent/protocols/didexchange/v1_0/messages/tests/test_problem_report.py" line="12" time="0.005" /><testcase classname="aries_cloudagent.protocols.didexchange.v1_0.messages.tests.test_problem_report" name="test_serde" file="aries_cloudagent/protocols/didexchange/v1_0/messages/tests/test_problem_report.py" line="17" time="0.013" /><testcase classname="aries_cloudagent.protocols.didexchange.v1_0.messages.tests.test_problem_report" name="test_missing_code" file="aries_cloudagent/protocols/didexchange/v1_0/messages/tests/test_problem_report.py" line="28" time="0.008" /><testcase classname="aries_cloudagent.protocols.didexchange.v1_0.messages.tests.test_problem_report" name="test_unrecognized_code" file="aries_cloudagent/protocols/didexchange/v1_0/messages/tests/test_problem_report.py" line="33" time="0.007" /><testcase classname="aries_cloudagent.protocols.didexchange.v1_0.messages.tests.test_request" name="ruff" file="aries_cloudagent/protocols/didexchange/v1_0/messages/tests/test_request.py" time="0.052" /><testcase classname="aries_cloudagent.protocols.didexchange.v1_0.messages.tests.test_request.TestDIDXRequest" name="test_deserialize" file="aries_cloudagent/protocols/didexchange/v1_0/messages/tests/test_request.py" line="83" time="0.028" /><testcase classname="aries_cloudagent.protocols.didexchange.v1_0.messages.tests.test_request.TestDIDXRequest" name="test_init" file="aries_cloudagent/protocols/didexchange/v1_0/messages/tests/test_request.py" line="72" time="0.312" /><testcase classname="aries_cloudagent.protocols.didexchange.v1_0.messages.tests.test_request.TestDIDXRequest" name="test_method_other_than_indy" file="aries_cloudagent/protocols/didexchange/v1_0/messages/tests/test_request.py" line="111" time="0.017" /><testcase classname="aries_cloudagent.protocols.didexchange.v1_0.messages.tests.test_request.TestDIDXRequest" name="test_serialize" file="aries_cloudagent/protocols/didexchange/v1_0/messages/tests/test_request.py" line="98" time="0.019" /><testcase classname="aries_cloudagent.protocols.didexchange.v1_0.messages.tests.test_request.TestDIDXRequest" name="test_type" file="aries_cloudagent/protocols/didexchange/v1_0/messages/tests/test_request.py" line="79" time="0.014" /><testcase classname="aries_cloudagent.protocols.didexchange.v1_0.messages.tests.test_request.TestDIDXRequestSchema" name="test_make_model" file="aries_cloudagent/protocols/didexchange/v1_0/messages/tests/test_request.py" line="148" time="0.026" /><testcase classname="aries_cloudagent.protocols.didexchange.v1_0.messages.tests.test_response" name="ruff" file="aries_cloudagent/protocols/didexchange/v1_0/messages/tests/test_response.py" time="0.056" /><testcase classname="aries_cloudagent.protocols.didexchange.v1_0.messages.tests.test_response.TestDIDXResponse" name="test_deserialize" file="aries_cloudagent/protocols/didexchange/v1_0/messages/tests/test_response.py" line="74" time="0.021" /><testcase classname="aries_cloudagent.protocols.didexchange.v1_0.messages.tests.test_response.TestDIDXResponse" name="test_init" file="aries_cloudagent/protocols/didexchange/v1_0/messages/tests/test_response.py" line="67" time="0.020" /><testcase classname="aries_cloudagent.protocols.didexchange.v1_0.messages.tests.test_response.TestDIDXResponse" name="test_serialize" file="aries_cloudagent/protocols/didexchange/v1_0/messages/tests/test_response.py" line="89" time="0.022" /><testcase classname="aries_cloudagent.protocols.didexchange.v1_0.messages.tests.test_response.TestDIDXResponse" name="test_type" file="aries_cloudagent/protocols/didexchange/v1_0/messages/tests/test_response.py" line="71" time="0.013" /><testcase classname="aries_cloudagent.protocols.didexchange.v1_0.messages.tests.test_response.TestDIDXResponseSchema" name="test_make_model" file="aries_cloudagent/protocols/didexchange/v1_0/messages/tests/test_response.py" line="124" time="0.028" /><testcase classname="aries_cloudagent.protocols.didexchange.v1_0.tests.__init__" name="ruff" file="aries_cloudagent/protocols/didexchange/v1_0/tests/__init__.py" time="0.048" /><testcase classname="aries_cloudagent.protocols.didexchange.v1_0.tests.test_manager" name="ruff" file="aries_cloudagent/protocols/didexchange/v1_0/tests/test_manager.py" time="0.066" /><testcase classname="aries_cloudagent.protocols.didexchange.v1_0.tests.test_manager.TestDidExchangeManager" name="test_accept_complete" file="aries_cloudagent/protocols/didexchange/v1_0/tests/test_manager.py" line="2047" time="0.276" /><testcase classname="aries_cloudagent.protocols.didexchange.v1_0.tests.test_manager.TestDidExchangeManager" name="test_accept_complete_with_disclose" file="aries_cloudagent/protocols/didexchange/v1_0/tests/test_manager.py" line="2058" time="0.229" /><testcase classname="aries_cloudagent.protocols.didexchange.v1_0.tests.test_manager.TestDidExchangeManager" name="test_accept_complete_x_not_found" file="aries_cloudagent/protocols/didexchange/v1_0/tests/test_manager.py" line="2072" time="0.206" /><testcase classname="aries_cloudagent.protocols.didexchange.v1_0.tests.test_manager.TestDidExchangeManager" name="test_accept_response_find_by_thread_id" file="aries_cloudagent/protocols/didexchange/v1_0/tests/test_manager.py" line="1696" time="0.248" /><testcase classname="aries_cloudagent.protocols.didexchange.v1_0.tests.test_manager.TestDidExchangeManager" name="test_accept_response_find_by_thread_id_auto_disclose_features" file="aries_cloudagent/protocols/didexchange/v1_0/tests/test_manager.py" line="1752" time="0.255" /><testcase classname="aries_cloudagent.protocols.didexchange.v1_0.tests.test_manager.TestDidExchangeManager" name="test_accept_response_find_by_thread_id_bad_state" file="aries_cloudagent/protocols/didexchange/v1_0/tests/test_manager.py" line="1890" time="0.276" /><testcase classname="aries_cloudagent.protocols.didexchange.v1_0.tests.test_manager.TestDidExchangeManager" name="test_accept_response_find_by_thread_id_did_mismatch" file="aries_cloudagent/protocols/didexchange/v1_0/tests/test_manager.py" line="1999" time="0.255" /><testcase classname="aries_cloudagent.protocols.didexchange.v1_0.tests.test_manager.TestDidExchangeManager" name="test_accept_response_find_by_thread_id_no_did_doc_attached" file="aries_cloudagent/protocols/didexchange/v1_0/tests/test_manager.py" line="1917" time="0.207" /><testcase classname="aries_cloudagent.protocols.didexchange.v1_0.tests.test_manager.TestDidExchangeManager" name="test_accept_response_find_by_thread_id_no_did_doc_attached_no_did" file="aries_cloudagent/protocols/didexchange/v1_0/tests/test_manager.py" line="1958" time="0.225" /><testcase classname="aries_cloudagent.protocols.didexchange.v1_0.tests.test_manager.TestDidExchangeManager" name="test_accept_response_not_found_by_thread_id_nor_receipt_sender_did" file="aries_cloudagent/protocols/didexchange/v1_0/tests/test_manager.py" line="1862" time="0.431" /><testcase classname="aries_cloudagent.protocols.didexchange.v1_0.tests.test_manager.TestDidExchangeManager" name="test_accept_response_not_found_by_thread_id_receipt_has_sender_did" file="aries_cloudagent/protocols/didexchange/v1_0/tests/test_manager.py" line="1812" time="0.238" /><testcase classname="aries_cloudagent.protocols.didexchange.v1_0.tests.test_manager.TestDidExchangeManager" name="test_create_did_document" file="aries_cloudagent/protocols/didexchange/v1_0/tests/test_manager.py" line="2165" time="0.204" /><testcase classname="aries_cloudagent.protocols.didexchange.v1_0.tests.test_manager.TestDidExchangeManager" name="test_create_request" file="aries_cloudagent/protocols/didexchange/v1_0/tests/test_manager.py" line="372" time="0.230" /><testcase classname="aries_cloudagent.protocols.didexchange.v1_0.tests.test_manager.TestDidExchangeManager" name="test_create_request_implicit" file="aries_cloudagent/protocols/didexchange/v1_0/tests/test_manager.py" line="270" time="0.208" /><testcase classname="aries_cloudagent.protocols.didexchange.v1_0.tests.test_manager.TestDidExchangeManager" name="test_create_request_implicit_no_public_did" file="aries_cloudagent/protocols/didexchange/v1_0/tests/test_manager.py" line="321" time="0.193" /><testcase classname="aries_cloudagent.protocols.didexchange.v1_0.tests.test_manager.TestDidExchangeManager" name="test_create_request_implicit_use_public_did" file="aries_cloudagent/protocols/didexchange/v1_0/tests/test_manager.py" line="300" time="0.204" /><testcase classname="aries_cloudagent.protocols.didexchange.v1_0.tests.test_manager.TestDidExchangeManager" name="test_create_request_implicit_x_public_already_connected" file="aries_cloudagent/protocols/didexchange/v1_0/tests/test_manager.py" line="352" time="0.206" /><testcase classname="aries_cloudagent.protocols.didexchange.v1_0.tests.test_manager.TestDidExchangeManager" name="test_create_request_implicit_x_public_self" file="aries_cloudagent/protocols/didexchange/v1_0/tests/test_manager.py" line="334" time="0.207" /><testcase classname="aries_cloudagent.protocols.didexchange.v1_0.tests.test_manager.TestDidExchangeManager" name="test_create_request_mediation_id" file="aries_cloudagent/protocols/didexchange/v1_0/tests/test_manager.py" line="443" time="0.226" /><testcase classname="aries_cloudagent.protocols.didexchange.v1_0.tests.test_manager.TestDidExchangeManager" name="test_create_request_multitenant" file="aries_cloudagent/protocols/didexchange/v1_0/tests/test_manager.py" line="397" time="0.259" /><testcase classname="aries_cloudagent.protocols.didexchange.v1_0.tests.test_manager.TestDidExchangeManager" name="test_create_request_my_endpoint" file="aries_cloudagent/protocols/didexchange/v1_0/tests/test_manager.py" line="489" time="0.420" /><testcase classname="aries_cloudagent.protocols.didexchange.v1_0.tests.test_manager.TestDidExchangeManager" name="test_create_request_public_did" file="aries_cloudagent/protocols/didexchange/v1_0/tests/test_manager.py" line="520" time="0.196" /><testcase classname="aries_cloudagent.protocols.didexchange.v1_0.tests.test_manager.TestDidExchangeManager" name="test_create_response" file="aries_cloudagent/protocols/didexchange/v1_0/tests/test_manager.py" line="1413" time="0.285" /><testcase classname="aries_cloudagent.protocols.didexchange.v1_0.tests.test_manager.TestDidExchangeManager" name="test_create_response_bad_state" file="aries_cloudagent/protocols/didexchange/v1_0/tests/test_manager.py" line="1614" time="0.189" /><testcase classname="aries_cloudagent.protocols.didexchange.v1_0.tests.test_manager.TestDidExchangeManager" name="test_create_response_conn_rec_my_did" file="aries_cloudagent/protocols/didexchange/v1_0/tests/test_manager.py" line="1580" time="0.291" /><testcase classname="aries_cloudagent.protocols.didexchange.v1_0.tests.test_manager.TestDidExchangeManager" name="test_create_response_mediation_id" file="aries_cloudagent/protocols/didexchange/v1_0/tests/test_manager.py" line="1442" time="0.256" /><testcase classname="aries_cloudagent.protocols.didexchange.v1_0.tests.test_manager.TestDidExchangeManager" name="test_create_response_mediation_id_invalid_conn_state" file="aries_cloudagent/protocols/didexchange/v1_0/tests/test_manager.py" line="1495" time="0.224" /><testcase classname="aries_cloudagent.protocols.didexchange.v1_0.tests.test_manager.TestDidExchangeManager" name="test_create_response_multitenant" file="aries_cloudagent/protocols/didexchange/v1_0/tests/test_manager.py" line="1540" time="0.243" /><testcase classname="aries_cloudagent.protocols.didexchange.v1_0.tests.test_manager.TestDidExchangeManager" name="test_create_response_use_public_did" file="aries_cloudagent/protocols/didexchange/v1_0/tests/test_manager.py" line="1626" time="0.482" /><testcase classname="aries_cloudagent.protocols.didexchange.v1_0.tests.test_manager.TestDidExchangeManager" name="test_create_response_use_public_did_x_no_public_did" file="aries_cloudagent/protocols/didexchange/v1_0/tests/test_manager.py" line="1663" time="0.289" /><testcase classname="aries_cloudagent.protocols.didexchange.v1_0.tests.test_manager.TestDidExchangeManager" name="test_did_key_storage" file="aries_cloudagent/protocols/didexchange/v1_0/tests/test_manager.py" line="2179" time="0.199" /><testcase classname="aries_cloudagent.protocols.didexchange.v1_0.tests.test_manager.TestDidExchangeManager" name="test_diddoc_connection_targets_diddoc" file="aries_cloudagent/protocols/didexchange/v1_0/tests/test_manager.py" line="2200" time="0.195" /><testcase classname="aries_cloudagent.protocols.didexchange.v1_0.tests.test_manager.TestDidExchangeManager" name="test_diddoc_connection_targets_diddoc_underspecified" file="aries_cloudagent/protocols/didexchange/v1_0/tests/test_manager.py" line="2211" time="0.208" /><testcase classname="aries_cloudagent.protocols.didexchange.v1_0.tests.test_manager.TestDidExchangeManager" name="test_receive_invitation" file="aries_cloudagent/protocols/didexchange/v1_0/tests/test_manager.py" line="166" time="0.253" /><testcase classname="aries_cloudagent.protocols.didexchange.v1_0.tests.test_manager.TestDidExchangeManager" name="test_receive_invitation_bad_invitation" file="aries_cloudagent/protocols/didexchange/v1_0/tests/test_manager.py" line="253" time="0.187" /><testcase classname="aries_cloudagent.protocols.didexchange.v1_0.tests.test_manager.TestDidExchangeManager" name="test_receive_invitation_no_auto_accept" file="aries_cloudagent/protocols/didexchange/v1_0/tests/test_manager.py" line="228" time="0.223" /><testcase classname="aries_cloudagent.protocols.didexchange.v1_0.tests.test_manager.TestDidExchangeManager" name="test_receive_invitation_oob_public_did" file="aries_cloudagent/protocols/didexchange/v1_0/tests/test_manager.py" line="197" time="0.274" /><testcase classname="aries_cloudagent.protocols.didexchange.v1_0.tests.test_manager.TestDidExchangeManager" name="test_receive_problem_report" file="aries_cloudagent/protocols/didexchange/v1_0/tests/test_manager.py" line="2122" time="0.201" /><testcase classname="aries_cloudagent.protocols.didexchange.v1_0.tests.test_manager.TestDidExchangeManager" name="test_receive_problem_report_x_missing_description" file="aries_cloudagent/protocols/didexchange/v1_0/tests/test_manager.py" line="2139" time="0.211" /><testcase classname="aries_cloudagent.protocols.didexchange.v1_0.tests.test_manager.TestDidExchangeManager" name="test_receive_problem_report_x_unrecognized_code" file="aries_cloudagent/protocols/didexchange/v1_0/tests/test_manager.py" line="2152" time="0.183" /><testcase classname="aries_cloudagent.protocols.didexchange.v1_0.tests.test_manager.TestDidExchangeManager" name="test_receive_request_explicit_public_did" file="aries_cloudagent/protocols/didexchange/v1_0/tests/test_manager.py" line="538" time="0.330" /><testcase classname="aries_cloudagent.protocols.didexchange.v1_0.tests.test_manager.TestDidExchangeManager" name="test_receive_request_implicit_public_did" file="aries_cloudagent/protocols/didexchange/v1_0/tests/test_manager.py" line="1205" time="0.429" /><testcase classname="aries_cloudagent.protocols.didexchange.v1_0.tests.test_manager.TestDidExchangeManager" name="test_receive_request_implicit_public_did_not_enabled" file="aries_cloudagent/protocols/didexchange/v1_0/tests/test_manager.py" line="1142" time="0.241" /><testcase classname="aries_cloudagent.protocols.didexchange.v1_0.tests.test_manager.TestDidExchangeManager" name="test_receive_request_invi_not_found" file="aries_cloudagent/protocols/didexchange/v1_0/tests/test_manager.py" line="650" time="0.202" /><testcase classname="aries_cloudagent.protocols.didexchange.v1_0.tests.test_manager.TestDidExchangeManager" name="test_receive_request_peer_did" file="aries_cloudagent/protocols/didexchange/v1_0/tests/test_manager.py" line="1287" time="0.315" /><testcase classname="aries_cloudagent.protocols.didexchange.v1_0.tests.test_manager.TestDidExchangeManager" name="test_receive_request_peer_did_not_found_x" file="aries_cloudagent/protocols/didexchange/v1_0/tests/test_manager.py" line="1375" time="0.225" /><testcase classname="aries_cloudagent.protocols.didexchange.v1_0.tests.test_manager.TestDidExchangeManager" name="test_receive_request_public_did_no_auto_accept" file="aries_cloudagent/protocols/didexchange/v1_0/tests/test_manager.py" line="1066" time="0.314" /><testcase classname="aries_cloudagent.protocols.didexchange.v1_0.tests.test_manager.TestDidExchangeManager" name="test_receive_request_public_did_no_did_doc_attachment" file="aries_cloudagent/protocols/didexchange/v1_0/tests/test_manager.py" line="682" time="0.522" /><testcase classname="aries_cloudagent.protocols.didexchange.v1_0.tests.test_manager.TestDidExchangeManager" name="test_receive_request_public_did_no_did_doc_attachment_no_did" file="aries_cloudagent/protocols/didexchange/v1_0/tests/test_manager.py" line="790" time="0.236" /><testcase classname="aries_cloudagent.protocols.didexchange.v1_0.tests.test_manager.TestDidExchangeManager" name="test_receive_request_public_did_no_public_invites" file="aries_cloudagent/protocols/didexchange/v1_0/tests/test_manager.py" line="1018" time="0.256" /><testcase classname="aries_cloudagent.protocols.didexchange.v1_0.tests.test_manager.TestDidExchangeManager" name="test_receive_request_public_did_x_did_doc_attach_bad_sig" file="aries_cloudagent/protocols/didexchange/v1_0/tests/test_manager.py" line="958" time="0.231" /><testcase classname="aries_cloudagent.protocols.didexchange.v1_0.tests.test_manager.TestDidExchangeManager" name="test_receive_request_public_did_x_not_public" file="aries_cloudagent/protocols/didexchange/v1_0/tests/test_manager.py" line="850" time="0.207" /><testcase classname="aries_cloudagent.protocols.didexchange.v1_0.tests.test_manager.TestDidExchangeManager" name="test_receive_request_public_did_x_wrong_did" file="aries_cloudagent/protocols/didexchange/v1_0/tests/test_manager.py" line="893" time="0.237" /><testcase classname="aries_cloudagent.protocols.didexchange.v1_0.tests.test_manager.TestDidExchangeManager" name="test_reject_invalid" file="aries_cloudagent/protocols/didexchange/v1_0/tests/test_manager.py" line="2109" time="0.205" /><testcase classname="aries_cloudagent.protocols.didexchange.v1_0.tests.test_manager.TestDidExchangeManager" name="test_reject_invited" file="aries_cloudagent/protocols/didexchange/v1_0/tests/test_manager.py" line="2083" time="0.195" /><testcase classname="aries_cloudagent.protocols.didexchange.v1_0.tests.test_manager.TestDidExchangeManager" name="test_reject_requested" file="aries_cloudagent/protocols/didexchange/v1_0/tests/test_manager.py" line="2096" time="0.188" /><testcase classname="aries_cloudagent.protocols.didexchange.v1_0.tests.test_manager.TestDidExchangeManager" name="test_resolve_did_document_error" file="aries_cloudagent/protocols/didexchange/v1_0/tests/test_manager.py" line="2226" time="0.186" /><testcase classname="aries_cloudagent.protocols.didexchange.v1_0.tests.test_manager.TestDidExchangeManager" name="test_verify_diddoc" file="aries_cloudagent/protocols/didexchange/v1_0/tests/test_manager.py" line="148" time="0.227" /><testcase classname="aries_cloudagent.protocols.didexchange.v1_0.tests.test_routes" name="ruff" file="aries_cloudagent/protocols/didexchange/v1_0/tests/test_routes.py" time="0.039" /><testcase classname="aries_cloudagent.protocols.didexchange.v1_0.tests.test_routes.TestDIDExchangeConnRoutes" name="test_didx_accept_invitation" file="aries_cloudagent/protocols/didexchange/v1_0/tests/test_routes.py" line="26" time="0.348" /><testcase classname="aries_cloudagent.protocols.didexchange.v1_0.tests.test_routes.TestDIDExchangeConnRoutes" name="test_didx_accept_invitation_not_found" file="aries_cloudagent/protocols/didexchange/v1_0/tests/test_routes.py" line="49" time="0.016" /><testcase classname="aries_cloudagent.protocols.didexchange.v1_0.tests.test_routes.TestDIDExchangeConnRoutes" name="test_didx_accept_invitation_x" file="aries_cloudagent/protocols/didexchange/v1_0/tests/test_routes.py" line="60" time="0.440" /><testcase classname="aries_cloudagent.protocols.didexchange.v1_0.tests.test_routes.TestDIDExchangeConnRoutes" name="test_didx_accept_request" file="aries_cloudagent/protocols/didexchange/v1_0/tests/test_routes.py" line="206" time="0.194" /><testcase classname="aries_cloudagent.protocols.didexchange.v1_0.tests.test_routes.TestDIDExchangeConnRoutes" name="test_didx_accept_request_not_found" file="aries_cloudagent/protocols/didexchange/v1_0/tests/test_routes.py" line="228" time="0.016" /><testcase classname="aries_cloudagent.protocols.didexchange.v1_0.tests.test_routes.TestDIDExchangeConnRoutes" name="test_didx_accept_request_x" file="aries_cloudagent/protocols/didexchange/v1_0/tests/test_routes.py" line="239" time="0.199" /><testcase classname="aries_cloudagent.protocols.didexchange.v1_0.tests.test_routes.TestDIDExchangeConnRoutes" name="test_didx_create_request_implicit" file="aries_cloudagent/protocols/didexchange/v1_0/tests/test_routes.py" line="75" time="0.178" /><testcase classname="aries_cloudagent.protocols.didexchange.v1_0.tests.test_routes.TestDIDExchangeConnRoutes" name="test_didx_create_request_implicit_not_found_x" file="aries_cloudagent/protocols/didexchange/v1_0/tests/test_routes.py" line="97" time="0.195" /><testcase classname="aries_cloudagent.protocols.didexchange.v1_0.tests.test_routes.TestDIDExchangeConnRoutes" name="test_didx_create_request_implicit_wallet_x" file="aries_cloudagent/protocols/didexchange/v1_0/tests/test_routes.py" line="118" time="0.186" /><testcase classname="aries_cloudagent.protocols.didexchange.v1_0.tests.test_routes.TestDIDExchangeConnRoutes" name="test_didx_receive_request_implicit" file="aries_cloudagent/protocols/didexchange/v1_0/tests/test_routes.py" line="138" time="0.206" /><testcase classname="aries_cloudagent.protocols.didexchange.v1_0.tests.test_routes.TestDIDExchangeConnRoutes" name="test_didx_receive_request_implicit_bad_request_x" file="aries_cloudagent/protocols/didexchange/v1_0/tests/test_routes.py" line="186" time="0.187" /><testcase classname="aries_cloudagent.protocols.didexchange.v1_0.tests.test_routes.TestDIDExchangeConnRoutes" name="test_didx_receive_request_implicit_not_found_x" file="aries_cloudagent/protocols/didexchange/v1_0/tests/test_routes.py" line="163" time="0.201" /><testcase classname="aries_cloudagent.protocols.didexchange.v1_0.tests.test_routes.TestDIDExchangeConnRoutes" name="test_didx_reject" file="aries_cloudagent/protocols/didexchange/v1_0/tests/test_routes.py" line="256" time="0.196" /><testcase classname="aries_cloudagent.protocols.didexchange.v1_0.tests.test_routes.TestDIDExchangeConnRoutes" name="test_didx_reject_x_bad_conn_state" file="aries_cloudagent/protocols/didexchange/v1_0/tests/test_routes.py" line="283" time="0.194" /><testcase classname="aries_cloudagent.protocols.didexchange.v1_0.tests.test_routes.TestDIDExchangeConnRoutes" name="test_didx_reject_x_not_found" file="aries_cloudagent/protocols/didexchange/v1_0/tests/test_routes.py" line="271" time="0.020" /><testcase classname="aries_cloudagent.protocols.didexchange.v1_0.tests.test_routes.TestDIDExchangeConnRoutes" name="test_post_process_routes" file="aries_cloudagent/protocols/didexchange/v1_0/tests/test_routes.py" line="308" time="0.016" /><testcase classname="aries_cloudagent.protocols.didexchange.v1_0.tests.test_routes.TestDIDExchangeConnRoutes" name="test_register" file="aries_cloudagent/protocols/didexchange/v1_0/tests/test_routes.py" line="301" time="0.017" /><testcase classname="aries_cloudagent.protocols.discovery.__init__" name="ruff" file="aries_cloudagent/protocols/discovery/__init__.py" time="0.052" /><testcase classname="aries_cloudagent.protocols.discovery.definition" name="ruff" file="aries_cloudagent/protocols/discovery/definition.py" time="0.054" /><testcase classname="aries_cloudagent.protocols.discovery.v1_0.__init__" name="ruff" file="aries_cloudagent/protocols/discovery/v1_0/__init__.py" time="0.043" /><testcase classname="aries_cloudagent.protocols.discovery.v1_0.manager" name="ruff" file="aries_cloudagent/protocols/discovery/v1_0/manager.py" time="0.061" /><testcase classname="aries_cloudagent.protocols.discovery.v1_0.message_types" name="ruff" file="aries_cloudagent/protocols/discovery/v1_0/message_types.py" time="0.046" /><testcase classname="aries_cloudagent.protocols.discovery.v1_0.routes" name="ruff" file="aries_cloudagent/protocols/discovery/v1_0/routes.py" time="0.046" /><testcase classname="aries_cloudagent.protocols.discovery.v1_0.handlers.__init__" name="ruff" file="aries_cloudagent/protocols/discovery/v1_0/handlers/__init__.py" time="0.044" /><testcase classname="aries_cloudagent.protocols.discovery.v1_0.handlers.disclose_handler" name="ruff" file="aries_cloudagent/protocols/discovery/v1_0/handlers/disclose_handler.py" time="0.036" /><testcase classname="aries_cloudagent.protocols.discovery.v1_0.handlers.query_handler" name="ruff" file="aries_cloudagent/protocols/discovery/v1_0/handlers/query_handler.py" time="0.043" /><testcase classname="aries_cloudagent.protocols.discovery.v1_0.handlers.tests.__init__" name="ruff" file="aries_cloudagent/protocols/discovery/v1_0/handlers/tests/__init__.py" time="0.045" /><testcase classname="aries_cloudagent.protocols.discovery.v1_0.handlers.tests.test_disclose_handler" name="ruff" file="aries_cloudagent/protocols/discovery/v1_0/handlers/tests/test_disclose_handler.py" time="0.053" /><testcase classname="aries_cloudagent.protocols.discovery.v1_0.handlers.tests.test_disclose_handler.TestDiscloseHandler" name="test_disclose" file="aries_cloudagent/protocols/discovery/v1_0/handlers/tests/test_disclose_handler.py" line="29" time="0.043" /><testcase classname="aries_cloudagent.protocols.discovery.v1_0.handlers.tests.test_disclose_handler.TestDiscloseHandler" name="test_disclose_connection_not_ready" file="aries_cloudagent/protocols/discovery/v1_0/handlers/tests/test_disclose_handler.py" line="63" time="0.009" /><testcase classname="aries_cloudagent.protocols.discovery.v1_0.handlers.tests.test_query_handler" name="ruff" file="aries_cloudagent/protocols/discovery/v1_0/handlers/tests/test_query_handler.py" time="0.042" /><testcase classname="aries_cloudagent.protocols.discovery.v1_0.handlers.tests.test_query_handler.TestQueryHandler" name="test_query_all" file="aries_cloudagent/protocols/discovery/v1_0/handlers/tests/test_query_handler.py" line="27" time="0.012" /><testcase classname="aries_cloudagent.protocols.discovery.v1_0.handlers.tests.test_query_handler.TestQueryHandler" name="test_query_all_disclose_list_settings" file="aries_cloudagent/protocols/discovery/v1_0/handlers/tests/test_query_handler.py" line="42" time="0.003" /><testcase classname="aries_cloudagent.protocols.discovery.v1_0.handlers.tests.test_query_handler.TestQueryHandler" name="test_receive_query_process_disclosed" file="aries_cloudagent/protocols/discovery/v1_0/handlers/tests/test_query_handler.py" line="62" time="0.017" /><testcase classname="aries_cloudagent.protocols.discovery.v1_0.messages.__init__" name="ruff" file="aries_cloudagent/protocols/discovery/v1_0/messages/__init__.py" time="0.043" /><testcase classname="aries_cloudagent.protocols.discovery.v1_0.messages.disclose" name="ruff" file="aries_cloudagent/protocols/discovery/v1_0/messages/disclose.py" time="0.041" /><testcase classname="aries_cloudagent.protocols.discovery.v1_0.messages.query" name="ruff" file="aries_cloudagent/protocols/discovery/v1_0/messages/query.py" time="0.072" /><testcase classname="aries_cloudagent.protocols.discovery.v1_0.messages.tests.__init__" name="ruff" file="aries_cloudagent/protocols/discovery/v1_0/messages/tests/__init__.py" time="0.051" /><testcase classname="aries_cloudagent.protocols.discovery.v1_0.messages.tests.test_disclose" name="ruff" file="aries_cloudagent/protocols/discovery/v1_0/messages/tests/test_disclose.py" time="0.056" /><testcase classname="aries_cloudagent.protocols.discovery.v1_0.messages.tests.test_disclose.TestDisclose" name="test_deserialize" file="aries_cloudagent/protocols/discovery/v1_0/messages/tests/test_disclose.py" line="25" time="0.018" /><testcase classname="aries_cloudagent.protocols.discovery.v1_0.messages.tests.test_disclose.TestDisclose" name="test_init" file="aries_cloudagent/protocols/discovery/v1_0/messages/tests/test_disclose.py" line="17" time="0.003" /><testcase classname="aries_cloudagent.protocols.discovery.v1_0.messages.tests.test_disclose.TestDisclose" name="test_serialize" file="aries_cloudagent/protocols/discovery/v1_0/messages/tests/test_disclose.py" line="34" time="0.013" /><testcase classname="aries_cloudagent.protocols.discovery.v1_0.messages.tests.test_disclose.TestDisclose" name="test_type" file="aries_cloudagent/protocols/discovery/v1_0/messages/tests/test_disclose.py" line="21" time="0.007" /><testcase classname="aries_cloudagent.protocols.discovery.v1_0.messages.tests.test_disclose.TestDiscloseSchema" name="test_make_model" file="aries_cloudagent/protocols/discovery/v1_0/messages/tests/test_disclose.py" line="47" time="0.005" /><testcase classname="aries_cloudagent.protocols.discovery.v1_0.messages.tests.test_query" name="ruff" file="aries_cloudagent/protocols/discovery/v1_0/messages/tests/test_query.py" time="0.051" /><testcase classname="aries_cloudagent.protocols.discovery.v1_0.messages.tests.test_query.TestQuery" name="test_deserialize" file="aries_cloudagent/protocols/discovery/v1_0/messages/tests/test_query.py" line="22" time="0.011" /><testcase classname="aries_cloudagent.protocols.discovery.v1_0.messages.tests.test_query.TestQuery" name="test_init" file="aries_cloudagent/protocols/discovery/v1_0/messages/tests/test_query.py" line="13" time="0.003" /><testcase classname="aries_cloudagent.protocols.discovery.v1_0.messages.tests.test_query.TestQuery" name="test_serialize" file="aries_cloudagent/protocols/discovery/v1_0/messages/tests/test_query.py" line="31" time="0.007" /><testcase classname="aries_cloudagent.protocols.discovery.v1_0.messages.tests.test_query.TestQuery" name="test_type" file="aries_cloudagent/protocols/discovery/v1_0/messages/tests/test_query.py" line="18" time="0.004" /><testcase classname="aries_cloudagent.protocols.discovery.v1_0.messages.tests.test_query.TestQuerySchema" name="test_make_model" file="aries_cloudagent/protocols/discovery/v1_0/messages/tests/test_query.py" line="44" time="0.005" /><testcase classname="aries_cloudagent.protocols.discovery.v1_0.models.__init__" name="ruff" file="aries_cloudagent/protocols/discovery/v1_0/models/__init__.py" time="0.042" /><testcase classname="aries_cloudagent.protocols.discovery.v1_0.models.discovery_record" name="ruff" file="aries_cloudagent/protocols/discovery/v1_0/models/discovery_record.py" time="0.058" /><testcase classname="aries_cloudagent.protocols.discovery.v1_0.models.tests.__init__" name="ruff" file="aries_cloudagent/protocols/discovery/v1_0/models/tests/__init__.py" time="0.045" /><testcase classname="aries_cloudagent.protocols.discovery.v1_0.models.tests.test_record" name="ruff" file="aries_cloudagent/protocols/discovery/v1_0/models/tests/test_record.py" time="0.059" /><testcase classname="aries_cloudagent.protocols.discovery.v1_0.models.tests.test_record.TestV10DiscoveryExchangeRecord" name="test_exists_for_connection_id" file="aries_cloudagent/protocols/discovery/v1_0/models/tests/test_record.py" line="79" time="0.027" /><testcase classname="aries_cloudagent.protocols.discovery.v1_0.models.tests.test_record.TestV10DiscoveryExchangeRecord" name="test_exists_for_connection_id_duplicate" file="aries_cloudagent/protocols/discovery/v1_0/models/tests/test_record.py" line="103" time="0.028" /><testcase classname="aries_cloudagent.protocols.discovery.v1_0.models.tests.test_record.TestV10DiscoveryExchangeRecord" name="test_exists_for_connection_id_not_found" file="aries_cloudagent/protocols/discovery/v1_0/models/tests/test_record.py" line="90" time="0.016" /><testcase classname="aries_cloudagent.protocols.discovery.v1_0.models.tests.test_record.TestV10DiscoveryExchangeRecord" name="test_record" file="aries_cloudagent/protocols/discovery/v1_0/models/tests/test_record.py" line="17" time="0.014" /><testcase classname="aries_cloudagent.protocols.discovery.v1_0.models.tests.test_record.TestV10DiscoveryExchangeRecord" name="test_retrieve_by_conn_id" file="aries_cloudagent/protocols/discovery/v1_0/models/tests/test_record.py" line="67" time="0.021" /><testcase classname="aries_cloudagent.protocols.discovery.v1_0.models.tests.test_record.TestV10DiscoveryExchangeRecord" name="test_serde" file="aries_cloudagent/protocols/discovery/v1_0/models/tests/test_record.py" line="43" time="0.031" /><testcase classname="aries_cloudagent.protocols.discovery.v1_0.tests.__init__" name="ruff" file="aries_cloudagent/protocols/discovery/v1_0/tests/__init__.py" time="0.048" /><testcase classname="aries_cloudagent.protocols.discovery.v1_0.tests.test_manager" name="ruff" file="aries_cloudagent/protocols/discovery/v1_0/tests/test_manager.py" time="0.046" /><testcase classname="aries_cloudagent.protocols.discovery.v1_0.tests.test_manager.TestV10DiscoveryManager" name="test_check_if_disclosure_received" file="aries_cloudagent/protocols/discovery/v1_0/tests/test_manager.py" line="144" time="0.541" /><testcase classname="aries_cloudagent.protocols.discovery.v1_0.tests.test_manager.TestV10DiscoveryManager" name="test_create_and_send_query_with_connection" file="aries_cloudagent/protocols/discovery/v1_0/tests/test_manager.py" line="156" time="0.042" /><testcase classname="aries_cloudagent.protocols.discovery.v1_0.tests.test_manager.TestV10DiscoveryManager" name="test_create_and_send_query_with_connection_no_responder" file="aries_cloudagent/protocols/discovery/v1_0/tests/test_manager.py" line="184" time="0.026" /><testcase classname="aries_cloudagent.protocols.discovery.v1_0.tests.test_manager.TestV10DiscoveryManager" name="test_create_and_send_query_with_no_connection" file="aries_cloudagent/protocols/discovery/v1_0/tests/test_manager.py" line="206" time="0.020" /><testcase classname="aries_cloudagent.protocols.discovery.v1_0.tests.test_manager.TestV10DiscoveryManager" name="test_receive_disclosure" file="aries_cloudagent/protocols/discovery/v1_0/tests/test_manager.py" line="50" time="0.034" /><testcase classname="aries_cloudagent.protocols.discovery.v1_0.tests.test_manager.TestV10DiscoveryManager" name="test_receive_disclosure_retreive_by_conn" file="aries_cloudagent/protocols/discovery/v1_0/tests/test_manager.py" line="69" time="0.043" /><testcase classname="aries_cloudagent.protocols.discovery.v1_0.tests.test_manager.TestV10DiscoveryManager" name="test_receive_disclosure_retreive_by_conn_not_found" file="aries_cloudagent/protocols/discovery/v1_0/tests/test_manager.py" line="98" time="0.038" /><testcase classname="aries_cloudagent.protocols.discovery.v1_0.tests.test_manager.TestV10DiscoveryManager" name="test_receive_disclosure_retreive_new_ex_rec" file="aries_cloudagent/protocols/discovery/v1_0/tests/test_manager.py" line="122" time="0.033" /><testcase classname="aries_cloudagent.protocols.discovery.v1_0.tests.test_routes" name="ruff" file="aries_cloudagent/protocols/discovery/v1_0/tests/test_routes.py" time="0.063" /><testcase classname="aries_cloudagent.protocols.discovery.v1_0.tests.test_routes.TestDiscoveryRoutes" name="test_post_process_routes" file="aries_cloudagent/protocols/discovery/v1_0/tests/test_routes.py" line="143" time="0.023" /><testcase classname="aries_cloudagent.protocols.discovery.v1_0.tests.test_routes.TestDiscoveryRoutes" name="test_query_features" file="aries_cloudagent/protocols/discovery/v1_0/tests/test_routes.py" line="29" time="0.045" /><testcase classname="aries_cloudagent.protocols.discovery.v1_0.tests.test_routes.TestDiscoveryRoutes" name="test_query_features_with_connection" file="aries_cloudagent/protocols/discovery/v1_0/tests/test_routes.py" line="47" time="0.037" /><testcase classname="aries_cloudagent.protocols.discovery.v1_0.tests.test_routes.TestDiscoveryRoutes" name="test_query_records" file="aries_cloudagent/protocols/discovery/v1_0/tests/test_routes.py" line="66" time="0.150" /><testcase classname="aries_cloudagent.protocols.discovery.v1_0.tests.test_routes.TestDiscoveryRoutes" name="test_query_records_all" file="aries_cloudagent/protocols/discovery/v1_0/tests/test_routes.py" line="99" time="0.139" /><testcase classname="aries_cloudagent.protocols.discovery.v1_0.tests.test_routes.TestDiscoveryRoutes" name="test_query_records_connection_x" file="aries_cloudagent/protocols/discovery/v1_0/tests/test_routes.py" line="124" time="0.121" /><testcase classname="aries_cloudagent.protocols.discovery.v1_0.tests.test_routes.TestDiscoveryRoutes" name="test_query_records_x" file="aries_cloudagent/protocols/discovery/v1_0/tests/test_routes.py" line="85" time="0.114" /><testcase classname="aries_cloudagent.protocols.discovery.v1_0.tests.test_routes.TestDiscoveryRoutes" name="test_register" file="aries_cloudagent/protocols/discovery/v1_0/tests/test_routes.py" line="136" time="0.015" /><testcase classname="aries_cloudagent.protocols.discovery.v2_0.__init__" name="ruff" file="aries_cloudagent/protocols/discovery/v2_0/__init__.py" time="0.040" /><testcase classname="aries_cloudagent.protocols.discovery.v2_0.manager" name="ruff" file="aries_cloudagent/protocols/discovery/v2_0/manager.py" time="0.041" /><testcase classname="aries_cloudagent.protocols.discovery.v2_0.message_types" name="ruff" file="aries_cloudagent/protocols/discovery/v2_0/message_types.py" time="0.055" /><testcase classname="aries_cloudagent.protocols.discovery.v2_0.routes" name="ruff" file="aries_cloudagent/protocols/discovery/v2_0/routes.py" time="0.049" /><testcase classname="aries_cloudagent.protocols.discovery.v2_0.handlers.__init__" name="ruff" file="aries_cloudagent/protocols/discovery/v2_0/handlers/__init__.py" time="0.043" /><testcase classname="aries_cloudagent.protocols.discovery.v2_0.handlers.disclosures_handler" name="ruff" file="aries_cloudagent/protocols/discovery/v2_0/handlers/disclosures_handler.py" time="0.053" /><testcase classname="aries_cloudagent.protocols.discovery.v2_0.handlers.queries_handler" name="ruff" file="aries_cloudagent/protocols/discovery/v2_0/handlers/queries_handler.py" time="0.056" /><testcase classname="aries_cloudagent.protocols.discovery.v2_0.handlers.tests.__init__" name="ruff" file="aries_cloudagent/protocols/discovery/v2_0/handlers/tests/__init__.py" time="0.047" /><testcase classname="aries_cloudagent.protocols.discovery.v2_0.handlers.tests.test_disclosures_handler" name="ruff" file="aries_cloudagent/protocols/discovery/v2_0/handlers/tests/test_disclosures_handler.py" time="0.050" /><testcase classname="aries_cloudagent.protocols.discovery.v2_0.handlers.tests.test_disclosures_handler.TestDisclosuresHandler" name="test_disclosures" file="aries_cloudagent/protocols/discovery/v2_0/handlers/tests/test_disclosures_handler.py" line="31" time="0.040" /><testcase classname="aries_cloudagent.protocols.discovery.v2_0.handlers.tests.test_disclosures_handler.TestDisclosuresHandler" name="test_disclosures_connection_id_no_thid" file="aries_cloudagent/protocols/discovery/v2_0/handlers/tests/test_disclosures_handler.py" line="71" time="0.018" /><testcase classname="aries_cloudagent.protocols.discovery.v2_0.handlers.tests.test_disclosures_handler.TestDisclosuresHandler" name="test_disclosures_no_conn_id_no_thid" file="aries_cloudagent/protocols/discovery/v2_0/handlers/tests/test_disclosures_handler.py" line="115" time="0.024" /><testcase classname="aries_cloudagent.protocols.discovery.v2_0.handlers.tests.test_disclosures_handler.TestDisclosuresHandler" name="test_disclose_connection_not_ready" file="aries_cloudagent/protocols/discovery/v2_0/handlers/tests/test_disclosures_handler.py" line="153" time="0.009" /><testcase classname="aries_cloudagent.protocols.discovery.v2_0.handlers.tests.test_queries_handler" name="ruff" file="aries_cloudagent/protocols/discovery/v2_0/handlers/tests/test_queries_handler.py" time="0.054" /><testcase classname="aries_cloudagent.protocols.discovery.v2_0.handlers.tests.test_queries_handler.TestQueriesHandler" name="test_queries_all" file="aries_cloudagent/protocols/discovery/v2_0/handlers/tests/test_queries_handler.py" line="42" time="0.010" /><testcase classname="aries_cloudagent.protocols.discovery.v2_0.handlers.tests.test_queries_handler.TestQueriesHandler" name="test_queries_protocol_goal_code_all" file="aries_cloudagent/protocols/discovery/v2_0/handlers/tests/test_queries_handler.py" line="60" time="0.007" /><testcase classname="aries_cloudagent.protocols.discovery.v2_0.handlers.tests.test_queries_handler.TestQueriesHandler" name="test_queries_protocol_goal_code_all_disclose_list_settings" file="aries_cloudagent/protocols/discovery/v2_0/handlers/tests/test_queries_handler.py" line="84" time="0.024" /><testcase classname="aries_cloudagent.protocols.discovery.v2_0.handlers.tests.test_queries_handler.TestQueriesHandler" name="test_receive_query_process_disclosed" file="aries_cloudagent/protocols/discovery/v2_0/handlers/tests/test_queries_handler.py" line="122" time="0.016" /><testcase classname="aries_cloudagent.protocols.discovery.v2_0.messages.__init__" name="ruff" file="aries_cloudagent/protocols/discovery/v2_0/messages/__init__.py" time="0.049" /><testcase classname="aries_cloudagent.protocols.discovery.v2_0.messages.disclosures" name="ruff" file="aries_cloudagent/protocols/discovery/v2_0/messages/disclosures.py" time="0.036" /><testcase classname="aries_cloudagent.protocols.discovery.v2_0.messages.queries" name="ruff" file="aries_cloudagent/protocols/discovery/v2_0/messages/queries.py" time="0.031" /><testcase classname="aries_cloudagent.protocols.discovery.v2_0.messages.tests.__init__" name="ruff" file="aries_cloudagent/protocols/discovery/v2_0/messages/tests/__init__.py" time="0.043" /><testcase classname="aries_cloudagent.protocols.discovery.v2_0.messages.tests.test_disclosures" name="ruff" file="aries_cloudagent/protocols/discovery/v2_0/messages/tests/test_disclosures.py" time="0.043" /><testcase classname="aries_cloudagent.protocols.discovery.v2_0.messages.tests.test_disclosures.TestDisclosures" name="test_deserialize" file="aries_cloudagent/protocols/discovery/v2_0/messages/tests/test_disclosures.py" line="44" time="0.009" /><testcase classname="aries_cloudagent.protocols.discovery.v2_0.messages.tests.test_disclosures.TestDisclosures" name="test_init" file="aries_cloudagent/protocols/discovery/v2_0/messages/tests/test_disclosures.py" line="30" time="0.010" /><testcase classname="aries_cloudagent.protocols.discovery.v2_0.messages.tests.test_disclosures.TestDisclosures" name="test_serialize" file="aries_cloudagent/protocols/discovery/v2_0/messages/tests/test_disclosures.py" line="53" time="0.005" /><testcase classname="aries_cloudagent.protocols.discovery.v2_0.messages.tests.test_disclosures.TestDisclosures" name="test_type" file="aries_cloudagent/protocols/discovery/v2_0/messages/tests/test_disclosures.py" line="37" time="0.005" /><testcase classname="aries_cloudagent.protocols.discovery.v2_0.messages.tests.test_disclosures.TestDiscloseSchema" name="test_make_model" file="aries_cloudagent/protocols/discovery/v2_0/messages/tests/test_disclosures.py" line="83" time="0.008" /><testcase classname="aries_cloudagent.protocols.discovery.v2_0.messages.tests.test_queries" name="ruff" file="aries_cloudagent/protocols/discovery/v2_0/messages/tests/test_queries.py" time="0.044" /><testcase classname="aries_cloudagent.protocols.discovery.v2_0.messages.tests.test_queries.TestQueries" name="test_deserialize" file="aries_cloudagent/protocols/discovery/v2_0/messages/tests/test_queries.py" line="38" time="0.010" /><testcase classname="aries_cloudagent.protocols.discovery.v2_0.messages.tests.test_queries.TestQueries" name="test_init" file="aries_cloudagent/protocols/discovery/v2_0/messages/tests/test_queries.py" line="13" time="0.004" /><testcase classname="aries_cloudagent.protocols.discovery.v2_0.messages.tests.test_queries.TestQueries" name="test_serialize" file="aries_cloudagent/protocols/discovery/v2_0/messages/tests/test_queries.py" line="47" time="0.019" /><testcase classname="aries_cloudagent.protocols.discovery.v2_0.messages.tests.test_queries.TestQueries" name="test_type" file="aries_cloudagent/protocols/discovery/v2_0/messages/tests/test_queries.py" line="30" time="0.003" /><testcase classname="aries_cloudagent.protocols.discovery.v2_0.messages.tests.test_queries.TestQuerySchema" name="test_make_model" file="aries_cloudagent/protocols/discovery/v2_0/messages/tests/test_queries.py" line="68" time="0.010" /><testcase classname="aries_cloudagent.protocols.discovery.v2_0.models.__init__" name="ruff" file="aries_cloudagent/protocols/discovery/v2_0/models/__init__.py" time="0.049" /><testcase classname="aries_cloudagent.protocols.discovery.v2_0.models.discovery_record" name="ruff" file="aries_cloudagent/protocols/discovery/v2_0/models/discovery_record.py" time="0.050" /><testcase classname="aries_cloudagent.protocols.discovery.v2_0.models.tests.__init__" name="ruff" file="aries_cloudagent/protocols/discovery/v2_0/models/tests/__init__.py" time="0.052" /><testcase classname="aries_cloudagent.protocols.discovery.v2_0.models.tests.test_record" name="ruff" file="aries_cloudagent/protocols/discovery/v2_0/models/tests/test_record.py" time="0.054" /><testcase classname="aries_cloudagent.protocols.discovery.v2_0.models.tests.test_record.TestV20DiscoveryExchangeRecord" name="test_exists_for_connection_id" file="aries_cloudagent/protocols/discovery/v2_0/models/tests/test_record.py" line="130" time="0.028" /><testcase classname="aries_cloudagent.protocols.discovery.v2_0.models.tests.test_record.TestV20DiscoveryExchangeRecord" name="test_exists_for_connection_id_duplicate" file="aries_cloudagent/protocols/discovery/v2_0/models/tests/test_record.py" line="160" time="0.024" /><testcase classname="aries_cloudagent.protocols.discovery.v2_0.models.tests.test_record.TestV20DiscoveryExchangeRecord" name="test_exists_for_connection_id_not_found" file="aries_cloudagent/protocols/discovery/v2_0/models/tests/test_record.py" line="147" time="0.018" /><testcase classname="aries_cloudagent.protocols.discovery.v2_0.models.tests.test_record.TestV20DiscoveryExchangeRecord" name="test_record" file="aries_cloudagent/protocols/discovery/v2_0/models/tests/test_record.py" line="17" time="0.021" /><testcase classname="aries_cloudagent.protocols.discovery.v2_0.models.tests.test_record.TestV20DiscoveryExchangeRecord" name="test_retrieve_by_conn_id" file="aries_cloudagent/protocols/discovery/v2_0/models/tests/test_record.py" line="112" time="0.016" /><testcase classname="aries_cloudagent.protocols.discovery.v2_0.models.tests.test_record.TestV20DiscoveryExchangeRecord" name="test_serde" file="aries_cloudagent/protocols/discovery/v2_0/models/tests/test_record.py" line="80" time="0.035" /><testcase classname="aries_cloudagent.protocols.discovery.v2_0.tests.__init__" name="ruff" file="aries_cloudagent/protocols/discovery/v2_0/tests/__init__.py" time="0.050" /><testcase classname="aries_cloudagent.protocols.discovery.v2_0.tests.test_manager" name="ruff" file="aries_cloudagent/protocols/discovery/v2_0/tests/test_manager.py" time="0.053" /><testcase classname="aries_cloudagent.protocols.discovery.v2_0.tests.test_manager.TestV20DiscoveryManager" name="test_check_if_disclosure_received" file="aries_cloudagent/protocols/discovery/v2_0/tests/test_manager.py" line="178" time="0.540" /><testcase classname="aries_cloudagent.protocols.discovery.v2_0.tests.test_manager.TestV20DiscoveryManager" name="test_create_and_send_query_with_connection" file="aries_cloudagent/protocols/discovery/v2_0/tests/test_manager.py" line="195" time="0.052" /><testcase classname="aries_cloudagent.protocols.discovery.v2_0.tests.test_manager.TestV20DiscoveryManager" name="test_create_and_send_query_with_connection_no_responder" file="aries_cloudagent/protocols/discovery/v2_0/tests/test_manager.py" line="230" time="0.027" /><testcase classname="aries_cloudagent.protocols.discovery.v2_0.tests.test_manager.TestV20DiscoveryManager" name="test_create_and_send_query_with_no_connection" file="aries_cloudagent/protocols/discovery/v2_0/tests/test_manager.py" line="263" time="0.020" /><testcase classname="aries_cloudagent.protocols.discovery.v2_0.tests.test_manager.TestV20DiscoveryManager" name="test_create_and_send_query_x" file="aries_cloudagent/protocols/discovery/v2_0/tests/test_manager.py" line="190" time="0.019" /><testcase classname="aries_cloudagent.protocols.discovery.v2_0.tests.test_manager.TestV20DiscoveryManager" name="test_proactive_disclosure" file="aries_cloudagent/protocols/discovery/v2_0/tests/test_manager.py" line="150" time="0.019" /><testcase classname="aries_cloudagent.protocols.discovery.v2_0.tests.test_manager.TestV20DiscoveryManager" name="test_proactive_disclosure_no_responder" file="aries_cloudagent/protocols/discovery/v2_0/tests/test_manager.py" line="162" time="0.028" /><testcase classname="aries_cloudagent.protocols.discovery.v2_0.tests.test_manager.TestV20DiscoveryManager" name="test_receive_disclosure" file="aries_cloudagent/protocols/discovery/v2_0/tests/test_manager.py" line="56" time="0.028" /><testcase classname="aries_cloudagent.protocols.discovery.v2_0.tests.test_manager.TestV20DiscoveryManager" name="test_receive_disclosure_retreive_by_conn" file="aries_cloudagent/protocols/discovery/v2_0/tests/test_manager.py" line="75" time="0.037" /><testcase classname="aries_cloudagent.protocols.discovery.v2_0.tests.test_manager.TestV20DiscoveryManager" name="test_receive_disclosure_retreive_by_conn_not_found" file="aries_cloudagent/protocols/discovery/v2_0/tests/test_manager.py" line="104" time="0.322" /><testcase classname="aries_cloudagent.protocols.discovery.v2_0.tests.test_manager.TestV20DiscoveryManager" name="test_receive_disclosure_retreive_new_ex_rec" file="aries_cloudagent/protocols/discovery/v2_0/tests/test_manager.py" line="128" time="0.022" /><testcase classname="aries_cloudagent.protocols.discovery.v2_0.tests.test_routes" name="ruff" file="aries_cloudagent/protocols/discovery/v2_0/tests/test_routes.py" time="0.037" /><testcase classname="aries_cloudagent.protocols.discovery.v2_0.tests.test_routes.TestDiscoveryRoutes" name="test_post_process_routes" file="aries_cloudagent/protocols/discovery/v2_0/tests/test_routes.py" line="173" time="0.028" /><testcase classname="aries_cloudagent.protocols.discovery.v2_0.tests.test_routes.TestDiscoveryRoutes" name="test_query_features" file="aries_cloudagent/protocols/discovery/v2_0/tests/test_routes.py" line="29" time="0.035" /><testcase classname="aries_cloudagent.protocols.discovery.v2_0.tests.test_routes.TestDiscoveryRoutes" name="test_query_features_with_connection" file="aries_cloudagent/protocols/discovery/v2_0/tests/test_routes.py" line="53" time="0.033" /><testcase classname="aries_cloudagent.protocols.discovery.v2_0.tests.test_routes.TestDiscoveryRoutes" name="test_query_records" file="aries_cloudagent/protocols/discovery/v2_0/tests/test_routes.py" line="81" time="0.169" /><testcase classname="aries_cloudagent.protocols.discovery.v2_0.tests.test_routes.TestDiscoveryRoutes" name="test_query_records_all" file="aries_cloudagent/protocols/discovery/v2_0/tests/test_routes.py" line="119" time="0.125" /><testcase classname="aries_cloudagent.protocols.discovery.v2_0.tests.test_routes.TestDiscoveryRoutes" name="test_query_records_connection_x" file="aries_cloudagent/protocols/discovery/v2_0/tests/test_routes.py" line="154" time="0.122" /><testcase classname="aries_cloudagent.protocols.discovery.v2_0.tests.test_routes.TestDiscoveryRoutes" name="test_query_records_x" file="aries_cloudagent/protocols/discovery/v2_0/tests/test_routes.py" line="105" time="0.135" /><testcase classname="aries_cloudagent.protocols.discovery.v2_0.tests.test_routes.TestDiscoveryRoutes" name="test_register" file="aries_cloudagent/protocols/discovery/v2_0/tests/test_routes.py" line="166" time="0.018" /><testcase classname="aries_cloudagent.protocols.endorse_transaction.__init__" name="ruff" file="aries_cloudagent/protocols/endorse_transaction/__init__.py" time="0.040" /><testcase classname="aries_cloudagent.protocols.endorse_transaction.definition" name="ruff" file="aries_cloudagent/protocols/endorse_transaction/definition.py" time="0.044" /><testcase classname="aries_cloudagent.protocols.endorse_transaction.v1_0.__init__" name="ruff" file="aries_cloudagent/protocols/endorse_transaction/v1_0/__init__.py" time="0.048" /><testcase classname="aries_cloudagent.protocols.endorse_transaction.v1_0.controller" name="ruff" file="aries_cloudagent/protocols/endorse_transaction/v1_0/controller.py" time="0.054" /><testcase classname="aries_cloudagent.protocols.endorse_transaction.v1_0.manager" name="ruff" file="aries_cloudagent/protocols/endorse_transaction/v1_0/manager.py" time="0.053" /><testcase classname="aries_cloudagent.protocols.endorse_transaction.v1_0.message_types" name="ruff" file="aries_cloudagent/protocols/endorse_transaction/v1_0/message_types.py" time="0.043" /><testcase classname="aries_cloudagent.protocols.endorse_transaction.v1_0.routes" name="ruff" file="aries_cloudagent/protocols/endorse_transaction/v1_0/routes.py" time="0.048" /><testcase classname="aries_cloudagent.protocols.endorse_transaction.v1_0.transaction_jobs" name="ruff" file="aries_cloudagent/protocols/endorse_transaction/v1_0/transaction_jobs.py" time="0.049" /><testcase classname="aries_cloudagent.protocols.endorse_transaction.v1_0.util" name="ruff" file="aries_cloudagent/protocols/endorse_transaction/v1_0/util.py" time="0.046" /><testcase classname="aries_cloudagent.protocols.endorse_transaction.v1_0.handlers.__init__" name="ruff" file="aries_cloudagent/protocols/endorse_transaction/v1_0/handlers/__init__.py" time="0.048" /><testcase classname="aries_cloudagent.protocols.endorse_transaction.v1_0.handlers.endorsed_transaction_response_handler" name="ruff" file="aries_cloudagent/protocols/endorse_transaction/v1_0/handlers/endorsed_transaction_response_handler.py" time="0.046" /><testcase classname="aries_cloudagent.protocols.endorse_transaction.v1_0.handlers.refused_transaction_response_handler" name="ruff" file="aries_cloudagent/protocols/endorse_transaction/v1_0/handlers/refused_transaction_response_handler.py" time="0.045" /><testcase classname="aries_cloudagent.protocols.endorse_transaction.v1_0.handlers.transaction_acknowledgement_handler" name="ruff" file="aries_cloudagent/protocols/endorse_transaction/v1_0/handlers/transaction_acknowledgement_handler.py" time="0.042" /><testcase classname="aries_cloudagent.protocols.endorse_transaction.v1_0.handlers.transaction_cancel_handler" name="ruff" file="aries_cloudagent/protocols/endorse_transaction/v1_0/handlers/transaction_cancel_handler.py" time="0.045" /><testcase classname="aries_cloudagent.protocols.endorse_transaction.v1_0.handlers.transaction_job_to_send_handler" name="ruff" file="aries_cloudagent/protocols/endorse_transaction/v1_0/handlers/transaction_job_to_send_handler.py" time="0.044" /><testcase classname="aries_cloudagent.protocols.endorse_transaction.v1_0.handlers.transaction_request_handler" name="ruff" file="aries_cloudagent/protocols/endorse_transaction/v1_0/handlers/transaction_request_handler.py" time="0.042" /><testcase classname="aries_cloudagent.protocols.endorse_transaction.v1_0.handlers.transaction_resend_handler" name="ruff" file="aries_cloudagent/protocols/endorse_transaction/v1_0/handlers/transaction_resend_handler.py" time="0.050" /><testcase classname="aries_cloudagent.protocols.endorse_transaction.v1_0.handlers.tests.__init__" name="ruff" file="aries_cloudagent/protocols/endorse_transaction/v1_0/handlers/tests/__init__.py" time="0.049" /><testcase classname="aries_cloudagent.protocols.endorse_transaction.v1_0.handlers.tests.test_endorsed_transaction_response_handler" name="ruff" file="aries_cloudagent/protocols/endorse_transaction/v1_0/handlers/tests/test_endorsed_transaction_response_handler.py" time="0.055" /><testcase classname="aries_cloudagent.protocols.endorse_transaction.v1_0.handlers.tests.test_endorsed_transaction_response_handler.TestEndorsedTransactionResponseHandler" name="test_called" file="aries_cloudagent/protocols/endorse_transaction/v1_0/handlers/tests/test_endorsed_transaction_response_handler.py" line="12" time="0.162" /><testcase classname="aries_cloudagent.protocols.endorse_transaction.v1_0.handlers.tests.test_endorsed_transaction_response_handler.TestEndorsedTransactionResponseHandler" name="test_called_not_ready" file="aries_cloudagent/protocols/endorse_transaction/v1_0/handlers/tests/test_endorsed_transaction_response_handler.py" line="32" time="0.133" /><testcase classname="aries_cloudagent.protocols.endorse_transaction.v1_0.handlers.tests.test_endorsed_transaction_response_handler.TestEndorsedTransactionResponseHandler" name="test_called_x" file="aries_cloudagent/protocols/endorse_transaction/v1_0/handlers/tests/test_endorsed_transaction_response_handler.py" line="50" time="0.105" /><testcase classname="aries_cloudagent.protocols.endorse_transaction.v1_0.handlers.tests.test_refused_transaction_response_handler" name="ruff" file="aries_cloudagent/protocols/endorse_transaction/v1_0/handlers/tests/test_refused_transaction_response_handler.py" time="0.041" /><testcase classname="aries_cloudagent.protocols.endorse_transaction.v1_0.handlers.tests.test_refused_transaction_response_handler.TestRefusedTransactionResponseHandler" name="test_called" file="aries_cloudagent/protocols/endorse_transaction/v1_0/handlers/tests/test_refused_transaction_response_handler.py" line="12" time="0.139" /><testcase classname="aries_cloudagent.protocols.endorse_transaction.v1_0.handlers.tests.test_refused_transaction_response_handler.TestRefusedTransactionResponseHandler" name="test_called_not_ready" file="aries_cloudagent/protocols/endorse_transaction/v1_0/handlers/tests/test_refused_transaction_response_handler.py" line="32" time="0.111" /><testcase classname="aries_cloudagent.protocols.endorse_transaction.v1_0.handlers.tests.test_refused_transaction_response_handler.TestRefusedTransactionResponseHandler" name="test_called_x" file="aries_cloudagent/protocols/endorse_transaction/v1_0/handlers/tests/test_refused_transaction_response_handler.py" line="50" time="0.115" /><testcase classname="aries_cloudagent.protocols.endorse_transaction.v1_0.handlers.tests.test_transaction_acknowledgement_handler" name="ruff" file="aries_cloudagent/protocols/endorse_transaction/v1_0/handlers/tests/test_transaction_acknowledgement_handler.py" time="0.046" /><testcase classname="aries_cloudagent.protocols.endorse_transaction.v1_0.handlers.tests.test_transaction_acknowledgement_handler.TestTransactionAcknowledgementHandler" name="test_called" file="aries_cloudagent/protocols/endorse_transaction/v1_0/handlers/tests/test_transaction_acknowledgement_handler.py" line="13" time="0.138" /><testcase classname="aries_cloudagent.protocols.endorse_transaction.v1_0.handlers.tests.test_transaction_acknowledgement_handler.TestTransactionAcknowledgementHandler" name="test_called_not_ready" file="aries_cloudagent/protocols/endorse_transaction/v1_0/handlers/tests/test_transaction_acknowledgement_handler.py" line="37" time="0.139" /><testcase classname="aries_cloudagent.protocols.endorse_transaction.v1_0.handlers.tests.test_transaction_acknowledgement_handler.TestTransactionAcknowledgementHandler" name="test_called_x" file="aries_cloudagent/protocols/endorse_transaction/v1_0/handlers/tests/test_transaction_acknowledgement_handler.py" line="57" time="0.151" /><testcase classname="aries_cloudagent.protocols.endorse_transaction.v1_0.handlers.tests.test_transaction_cancel_handler" name="ruff" file="aries_cloudagent/protocols/endorse_transaction/v1_0/handlers/tests/test_transaction_cancel_handler.py" time="0.054" /><testcase classname="aries_cloudagent.protocols.endorse_transaction.v1_0.handlers.tests.test_transaction_cancel_handler.TestTransactionCancelHandler" name="test_called" file="aries_cloudagent/protocols/endorse_transaction/v1_0/handlers/tests/test_transaction_cancel_handler.py" line="13" time="0.182" /><testcase classname="aries_cloudagent.protocols.endorse_transaction.v1_0.handlers.tests.test_transaction_cancel_handler.TestTransactionCancelHandler" name="test_called_not_ready" file="aries_cloudagent/protocols/endorse_transaction/v1_0/handlers/tests/test_transaction_cancel_handler.py" line="35" time="0.152" /><testcase classname="aries_cloudagent.protocols.endorse_transaction.v1_0.handlers.tests.test_transaction_cancel_handler.TestTransactionCancelHandler" name="test_called_x" file="aries_cloudagent/protocols/endorse_transaction/v1_0/handlers/tests/test_transaction_cancel_handler.py" line="53" time="0.141" /><testcase classname="aries_cloudagent.protocols.endorse_transaction.v1_0.handlers.tests.test_transaction_job_to_send_handler" name="ruff" file="aries_cloudagent/protocols/endorse_transaction/v1_0/handlers/tests/test_transaction_job_to_send_handler.py" time="0.058" /><testcase classname="aries_cloudagent.protocols.endorse_transaction.v1_0.handlers.tests.test_transaction_job_to_send_handler.TestTransactionJobToSendHandler" name="test_called" file="aries_cloudagent/protocols/endorse_transaction/v1_0/handlers/tests/test_transaction_job_to_send_handler.py" line="12" time="0.190" /><testcase classname="aries_cloudagent.protocols.endorse_transaction.v1_0.handlers.tests.test_transaction_job_to_send_handler.TestTransactionJobToSendHandler" name="test_called_x" file="aries_cloudagent/protocols/endorse_transaction/v1_0/handlers/tests/test_transaction_job_to_send_handler.py" line="32" time="0.172" /><testcase classname="aries_cloudagent.protocols.endorse_transaction.v1_0.handlers.tests.test_transaction_request_handler" name="ruff" file="aries_cloudagent/protocols/endorse_transaction/v1_0/handlers/tests/test_transaction_request_handler.py" time="0.066" /><testcase classname="aries_cloudagent.protocols.endorse_transaction.v1_0.handlers.tests.test_transaction_request_handler.TestTransactionRequestHandler" name="test_called" file="aries_cloudagent/protocols/endorse_transaction/v1_0/handlers/tests/test_transaction_request_handler.py" line="13" time="0.152" /><testcase classname="aries_cloudagent.protocols.endorse_transaction.v1_0.handlers.tests.test_transaction_request_handler.TestTransactionRequestHandler" name="test_called_not_ready" file="aries_cloudagent/protocols/endorse_transaction/v1_0/handlers/tests/test_transaction_request_handler.py" line="35" time="0.162" /><testcase classname="aries_cloudagent.protocols.endorse_transaction.v1_0.handlers.tests.test_transaction_request_handler.TestTransactionRequestHandler" name="test_called_x" file="aries_cloudagent/protocols/endorse_transaction/v1_0/handlers/tests/test_transaction_request_handler.py" line="53" time="0.132" /><testcase classname="aries_cloudagent.protocols.endorse_transaction.v1_0.handlers.tests.test_transaction_resend_handler" name="ruff" file="aries_cloudagent/protocols/endorse_transaction/v1_0/handlers/tests/test_transaction_resend_handler.py" time="0.053" /><testcase classname="aries_cloudagent.protocols.endorse_transaction.v1_0.handlers.tests.test_transaction_resend_handler.TestTransactionResendHandler" name="test_called" file="aries_cloudagent/protocols/endorse_transaction/v1_0/handlers/tests/test_transaction_resend_handler.py" line="13" time="0.178" /><testcase classname="aries_cloudagent.protocols.endorse_transaction.v1_0.handlers.tests.test_transaction_resend_handler.TestTransactionResendHandler" name="test_called_not_ready" file="aries_cloudagent/protocols/endorse_transaction/v1_0/handlers/tests/test_transaction_resend_handler.py" line="35" time="0.150" /><testcase classname="aries_cloudagent.protocols.endorse_transaction.v1_0.handlers.tests.test_transaction_resend_handler.TestTransactionResendHandler" name="test_called_x" file="aries_cloudagent/protocols/endorse_transaction/v1_0/handlers/tests/test_transaction_resend_handler.py" line="53" time="0.136" /><testcase classname="aries_cloudagent.protocols.endorse_transaction.v1_0.messages.__init__" name="ruff" file="aries_cloudagent/protocols/endorse_transaction/v1_0/messages/__init__.py" time="0.044" /><testcase classname="aries_cloudagent.protocols.endorse_transaction.v1_0.messages.cancel_transaction" name="ruff" file="aries_cloudagent/protocols/endorse_transaction/v1_0/messages/cancel_transaction.py" time="0.051" /><testcase classname="aries_cloudagent.protocols.endorse_transaction.v1_0.messages.endorsed_transaction_response" name="ruff" file="aries_cloudagent/protocols/endorse_transaction/v1_0/messages/endorsed_transaction_response.py" time="0.048" /><testcase classname="aries_cloudagent.protocols.endorse_transaction.v1_0.messages.messages_attach" name="ruff" file="aries_cloudagent/protocols/endorse_transaction/v1_0/messages/messages_attach.py" time="0.057" /><testcase classname="aries_cloudagent.protocols.endorse_transaction.v1_0.messages.refused_transaction_response" name="ruff" file="aries_cloudagent/protocols/endorse_transaction/v1_0/messages/refused_transaction_response.py" time="0.035" /><testcase classname="aries_cloudagent.protocols.endorse_transaction.v1_0.messages.transaction_acknowledgement" name="ruff" file="aries_cloudagent/protocols/endorse_transaction/v1_0/messages/transaction_acknowledgement.py" time="0.048" /><testcase classname="aries_cloudagent.protocols.endorse_transaction.v1_0.messages.transaction_job_to_send" name="ruff" file="aries_cloudagent/protocols/endorse_transaction/v1_0/messages/transaction_job_to_send.py" time="0.055" /><testcase classname="aries_cloudagent.protocols.endorse_transaction.v1_0.messages.transaction_request" name="ruff" file="aries_cloudagent/protocols/endorse_transaction/v1_0/messages/transaction_request.py" time="0.061" /><testcase classname="aries_cloudagent.protocols.endorse_transaction.v1_0.messages.transaction_resend" name="ruff" file="aries_cloudagent/protocols/endorse_transaction/v1_0/messages/transaction_resend.py" time="0.043" /><testcase classname="aries_cloudagent.protocols.endorse_transaction.v1_0.messages.tests.__init__" name="ruff" file="aries_cloudagent/protocols/endorse_transaction/v1_0/messages/tests/__init__.py" time="0.044" /><testcase classname="aries_cloudagent.protocols.endorse_transaction.v1_0.messages.tests.test_cancel_transaction" name="ruff" file="aries_cloudagent/protocols/endorse_transaction/v1_0/messages/tests/test_cancel_transaction.py" time="0.056" /><testcase classname="aries_cloudagent.protocols.endorse_transaction.v1_0.messages.tests.test_cancel_transaction.TestCancelTransaction" name="test_deserialize" file="aries_cloudagent/protocols/endorse_transaction/v1_0/messages/tests/test_cancel_transaction.py" line="34" time="0.018" /><testcase classname="aries_cloudagent.protocols.endorse_transaction.v1_0.messages.tests.test_cancel_transaction.TestCancelTransaction" name="test_init" file="aries_cloudagent/protocols/endorse_transaction/v1_0/messages/tests/test_cancel_transaction.py" line="23" time="0.002" /><testcase classname="aries_cloudagent.protocols.endorse_transaction.v1_0.messages.tests.test_cancel_transaction.TestCancelTransaction" name="test_serialize" file="aries_cloudagent/protocols/endorse_transaction/v1_0/messages/tests/test_cancel_transaction.py" line="49" time="0.009" /><testcase classname="aries_cloudagent.protocols.endorse_transaction.v1_0.messages.tests.test_cancel_transaction.TestCancelTransaction" name="test_type" file="aries_cloudagent/protocols/endorse_transaction/v1_0/messages/tests/test_cancel_transaction.py" line="28" time="0.004" /><testcase classname="aries_cloudagent.protocols.endorse_transaction.v1_0.messages.tests.test_cancel_transaction.TestCancelTransactionSchema" name="test_make_model" file="aries_cloudagent/protocols/endorse_transaction/v1_0/messages/tests/test_cancel_transaction.py" line="70" time="0.017" /><testcase classname="aries_cloudagent.protocols.endorse_transaction.v1_0.messages.tests.test_endorsed_transaction_response" name="ruff" file="aries_cloudagent/protocols/endorse_transaction/v1_0/messages/tests/test_endorsed_transaction_response.py" time="0.042" /><testcase classname="aries_cloudagent.protocols.endorse_transaction.v1_0.messages.tests.test_endorsed_transaction_response.TestEndorsedTransactionResponse" name="test_deserialize" file="aries_cloudagent/protocols/endorse_transaction/v1_0/messages/tests/test_endorsed_transaction_response.py" line="60" time="0.018" /><testcase classname="aries_cloudagent.protocols.endorse_transaction.v1_0.messages.tests.test_endorsed_transaction_response.TestEndorsedTransactionResponse" name="test_init" file="aries_cloudagent/protocols/endorse_transaction/v1_0/messages/tests/test_endorsed_transaction_response.py" line="39" time="0.004" /><testcase classname="aries_cloudagent.protocols.endorse_transaction.v1_0.messages.tests.test_endorsed_transaction_response.TestEndorsedTransactionResponse" name="test_serialize" file="aries_cloudagent/protocols/endorse_transaction/v1_0/messages/tests/test_endorsed_transaction_response.py" line="78" time="0.007" /><testcase classname="aries_cloudagent.protocols.endorse_transaction.v1_0.messages.tests.test_endorsed_transaction_response.TestEndorsedTransactionResponse" name="test_type" file="aries_cloudagent/protocols/endorse_transaction/v1_0/messages/tests/test_endorsed_transaction_response.py" line="53" time="0.007" /><testcase classname="aries_cloudagent.protocols.endorse_transaction.v1_0.messages.tests.test_endorsed_transaction_response.TestEndorsedTransactionResponseSchema" name="test_make_model" file="aries_cloudagent/protocols/endorse_transaction/v1_0/messages/tests/test_endorsed_transaction_response.py" line="102" time="0.016" /><testcase classname="aries_cloudagent.protocols.endorse_transaction.v1_0.messages.tests.test_messages_attach" name="ruff" file="aries_cloudagent/protocols/endorse_transaction/v1_0/messages/tests/test_messages_attach.py" time="0.055" /><testcase classname="aries_cloudagent.protocols.endorse_transaction.v1_0.messages.tests.test_messages_attach.TestMessagesAttach" name="test_deserialize" file="aries_cloudagent/protocols/endorse_transaction/v1_0/messages/tests/test_messages_attach.py" line="66" time="0.011" /><testcase classname="aries_cloudagent.protocols.endorse_transaction.v1_0.messages.tests.test_messages_attach.TestMessagesAttach" name="test_init" file="aries_cloudagent/protocols/endorse_transaction/v1_0/messages/tests/test_messages_attach.py" line="37" time="0.003" /><testcase classname="aries_cloudagent.protocols.endorse_transaction.v1_0.messages.tests.test_messages_attach.TestMessagesAttach" name="test_serialize" file="aries_cloudagent/protocols/endorse_transaction/v1_0/messages/tests/test_messages_attach.py" line="81" time="0.007" /><testcase classname="aries_cloudagent.protocols.endorse_transaction.v1_0.messages.tests.test_messages_attach.TestMessagesAttach" name="test_type" file="aries_cloudagent/protocols/endorse_transaction/v1_0/messages/tests/test_messages_attach.py" line="60" time="0.003" /><testcase classname="aries_cloudagent.protocols.endorse_transaction.v1_0.messages.tests.test_refused_transaction_response" name="ruff" file="aries_cloudagent/protocols/endorse_transaction/v1_0/messages/tests/test_refused_transaction_response.py" time="0.060" /><testcase classname="aries_cloudagent.protocols.endorse_transaction.v1_0.messages.tests.test_refused_transaction_response.TestRefusedTransactionResponse" name="test_deserialize" file="aries_cloudagent/protocols/endorse_transaction/v1_0/messages/tests/test_refused_transaction_response.py" line="54" time="0.010" /><testcase classname="aries_cloudagent.protocols.endorse_transaction.v1_0.messages.tests.test_refused_transaction_response.TestRefusedTransactionResponse" name="test_init" file="aries_cloudagent/protocols/endorse_transaction/v1_0/messages/tests/test_refused_transaction_response.py" line="35" time="0.003" /><testcase classname="aries_cloudagent.protocols.endorse_transaction.v1_0.messages.tests.test_refused_transaction_response.TestRefusedTransactionResponse" name="test_serialize" file="aries_cloudagent/protocols/endorse_transaction/v1_0/messages/tests/test_refused_transaction_response.py" line="72" time="0.006" /><testcase classname="aries_cloudagent.protocols.endorse_transaction.v1_0.messages.tests.test_refused_transaction_response.TestRefusedTransactionResponse" name="test_type" file="aries_cloudagent/protocols/endorse_transaction/v1_0/messages/tests/test_refused_transaction_response.py" line="48" time="0.002" /><testcase classname="aries_cloudagent.protocols.endorse_transaction.v1_0.messages.tests.test_refused_transaction_response.TestRefusedTransactionResponseSchema" name="test_make_model" file="aries_cloudagent/protocols/endorse_transaction/v1_0/messages/tests/test_refused_transaction_response.py" line="96" time="0.025" /><testcase classname="aries_cloudagent.protocols.endorse_transaction.v1_0.messages.tests.test_transaction_acknowledgement" name="ruff" file="aries_cloudagent/protocols/endorse_transaction/v1_0/messages/tests/test_transaction_acknowledgement.py" time="0.050" /><testcase classname="aries_cloudagent.protocols.endorse_transaction.v1_0.messages.tests.test_transaction_acknowledgement.TestTransactionAcknowledgement" name="test_deserialize" file="aries_cloudagent/protocols/endorse_transaction/v1_0/messages/tests/test_transaction_acknowledgement.py" line="31" time="0.014" /><testcase classname="aries_cloudagent.protocols.endorse_transaction.v1_0.messages.tests.test_transaction_acknowledgement.TestTransactionAcknowledgement" name="test_init" file="aries_cloudagent/protocols/endorse_transaction/v1_0/messages/tests/test_transaction_acknowledgement.py" line="21" time="0.004" /><testcase classname="aries_cloudagent.protocols.endorse_transaction.v1_0.messages.tests.test_transaction_acknowledgement.TestTransactionAcknowledgement" name="test_serialize" file="aries_cloudagent/protocols/endorse_transaction/v1_0/messages/tests/test_transaction_acknowledgement.py" line="49" time="0.005" /><testcase classname="aries_cloudagent.protocols.endorse_transaction.v1_0.messages.tests.test_transaction_acknowledgement.TestTransactionAcknowledgement" name="test_type" file="aries_cloudagent/protocols/endorse_transaction/v1_0/messages/tests/test_transaction_acknowledgement.py" line="25" time="0.005" /><testcase classname="aries_cloudagent.protocols.endorse_transaction.v1_0.messages.tests.test_transaction_acknowledgement.TestTransactionAcknowledgementSchema" name="test_make_model" file="aries_cloudagent/protocols/endorse_transaction/v1_0/messages/tests/test_transaction_acknowledgement.py" line="71" time="0.011" /><testcase classname="aries_cloudagent.protocols.endorse_transaction.v1_0.messages.tests.test_transaction_job_to_send" name="ruff" file="aries_cloudagent/protocols/endorse_transaction/v1_0/messages/tests/test_transaction_job_to_send.py" time="0.056" /><testcase classname="aries_cloudagent.protocols.endorse_transaction.v1_0.messages.tests.test_transaction_job_to_send.TestTransactionJobToSend" name="test_deserialize" file="aries_cloudagent/protocols/endorse_transaction/v1_0/messages/tests/test_transaction_job_to_send.py" line="30" time="0.012" /><testcase classname="aries_cloudagent.protocols.endorse_transaction.v1_0.messages.tests.test_transaction_job_to_send.TestTransactionJobToSend" name="test_init" file="aries_cloudagent/protocols/endorse_transaction/v1_0/messages/tests/test_transaction_job_to_send.py" line="20" time="0.002" /><testcase classname="aries_cloudagent.protocols.endorse_transaction.v1_0.messages.tests.test_transaction_job_to_send.TestTransactionJobToSend" name="test_serialize" file="aries_cloudagent/protocols/endorse_transaction/v1_0/messages/tests/test_transaction_job_to_send.py" line="48" time="0.010" /><testcase classname="aries_cloudagent.protocols.endorse_transaction.v1_0.messages.tests.test_transaction_job_to_send.TestTransactionJobToSend" name="test_type" file="aries_cloudagent/protocols/endorse_transaction/v1_0/messages/tests/test_transaction_job_to_send.py" line="24" time="0.007" /><testcase classname="aries_cloudagent.protocols.endorse_transaction.v1_0.messages.tests.test_transaction_job_to_send.TestTransactionJobToSendSchema" name="test_make_model" file="aries_cloudagent/protocols/endorse_transaction/v1_0/messages/tests/test_transaction_job_to_send.py" line="70" time="0.015" /><testcase classname="aries_cloudagent.protocols.endorse_transaction.v1_0.messages.tests.test_transaction_request" name="ruff" file="aries_cloudagent/protocols/endorse_transaction/v1_0/messages/tests/test_transaction_request.py" time="0.065" /><testcase classname="aries_cloudagent.protocols.endorse_transaction.v1_0.messages.tests.test_transaction_request.TestTransactionRequest" name="test_deserialize" file="aries_cloudagent/protocols/endorse_transaction/v1_0/messages/tests/test_transaction_request.py" line="77" time="0.013" /><testcase classname="aries_cloudagent.protocols.endorse_transaction.v1_0.messages.tests.test_transaction_request.TestTransactionRequest" name="test_init" file="aries_cloudagent/protocols/endorse_transaction/v1_0/messages/tests/test_transaction_request.py" line="63" time="0.005" /><testcase classname="aries_cloudagent.protocols.endorse_transaction.v1_0.messages.tests.test_transaction_request.TestTransactionRequest" name="test_serialize" file="aries_cloudagent/protocols/endorse_transaction/v1_0/messages/tests/test_transaction_request.py" line="92" time="0.008" /><testcase classname="aries_cloudagent.protocols.endorse_transaction.v1_0.messages.tests.test_transaction_request.TestTransactionRequest" name="test_type" file="aries_cloudagent/protocols/endorse_transaction/v1_0/messages/tests/test_transaction_request.py" line="71" time="0.006" /><testcase classname="aries_cloudagent.protocols.endorse_transaction.v1_0.messages.tests.test_transaction_request.TestTransactionRequestSchema" name="test_make_model" file="aries_cloudagent/protocols/endorse_transaction/v1_0/messages/tests/test_transaction_request.py" line="114" time="0.018" /><testcase classname="aries_cloudagent.protocols.endorse_transaction.v1_0.messages.tests.test_transaction_resend" name="ruff" file="aries_cloudagent/protocols/endorse_transaction/v1_0/messages/tests/test_transaction_resend.py" time="0.047" /><testcase classname="aries_cloudagent.protocols.endorse_transaction.v1_0.messages.tests.test_transaction_resend.TestCancelTransaction" name="test_deserialize" file="aries_cloudagent/protocols/endorse_transaction/v1_0/messages/tests/test_transaction_resend.py" line="34" time="0.006" /><testcase classname="aries_cloudagent.protocols.endorse_transaction.v1_0.messages.tests.test_transaction_resend.TestCancelTransaction" name="test_init" file="aries_cloudagent/protocols/endorse_transaction/v1_0/messages/tests/test_transaction_resend.py" line="23" time="0.002" /><testcase classname="aries_cloudagent.protocols.endorse_transaction.v1_0.messages.tests.test_transaction_resend.TestCancelTransaction" name="test_serialize" file="aries_cloudagent/protocols/endorse_transaction/v1_0/messages/tests/test_transaction_resend.py" line="49" time="0.011" /><testcase classname="aries_cloudagent.protocols.endorse_transaction.v1_0.messages.tests.test_transaction_resend.TestCancelTransaction" name="test_type" file="aries_cloudagent/protocols/endorse_transaction/v1_0/messages/tests/test_transaction_resend.py" line="28" time="0.005" /><testcase classname="aries_cloudagent.protocols.endorse_transaction.v1_0.messages.tests.test_transaction_resend.TestTransactionResendSchema" name="test_make_model" file="aries_cloudagent/protocols/endorse_transaction/v1_0/messages/tests/test_transaction_resend.py" line="70" time="0.025" /><testcase classname="aries_cloudagent.protocols.endorse_transaction.v1_0.models.__init__" name="ruff" file="aries_cloudagent/protocols/endorse_transaction/v1_0/models/__init__.py" time="0.051" /><testcase classname="aries_cloudagent.protocols.endorse_transaction.v1_0.models.transaction_record" name="ruff" file="aries_cloudagent/protocols/endorse_transaction/v1_0/models/transaction_record.py" time="0.048" /><testcase classname="aries_cloudagent.protocols.endorse_transaction.v1_0.tests.__init__" name="ruff" file="aries_cloudagent/protocols/endorse_transaction/v1_0/tests/__init__.py" time="0.061" /><testcase classname="aries_cloudagent.protocols.endorse_transaction.v1_0.tests.test_manager" name="ruff" file="aries_cloudagent/protocols/endorse_transaction/v1_0/tests/test_manager.py" time="0.065" /><testcase classname="aries_cloudagent.protocols.endorse_transaction.v1_0.tests.test_manager.TestTransactionManager" name="test_cancel_transaction" file="aries_cloudagent/protocols/endorse_transaction/v1_0/tests/test_manager.py" line="607" time="0.293" /><testcase classname="aries_cloudagent.protocols.endorse_transaction.v1_0.tests.test_manager.TestTransactionManager" name="test_cancel_transaction_bad_state" file="aries_cloudagent/protocols/endorse_transaction/v1_0/tests/test_manager.py" line="594" time="0.306" /><testcase classname="aries_cloudagent.protocols.endorse_transaction.v1_0.tests.test_manager.TestTransactionManager" name="test_complete_transaction" file="aries_cloudagent/protocols/endorse_transaction/v1_0/tests/test_manager.py" line="454" time="0.262" /><testcase classname="aries_cloudagent.protocols.endorse_transaction.v1_0.tests.test_manager.TestTransactionManager" name="test_create_endorse_response" file="aries_cloudagent/protocols/endorse_transaction/v1_0/tests/test_manager.py" line="314" time="0.273" /><testcase classname="aries_cloudagent.protocols.endorse_transaction.v1_0.tests.test_manager.TestTransactionManager" name="test_create_endorse_response_author_did" file="aries_cloudagent/protocols/endorse_transaction/v1_0/tests/test_manager.py" line="367" time="0.243" /><testcase classname="aries_cloudagent.protocols.endorse_transaction.v1_0.tests.test_manager.TestTransactionManager" name="test_create_endorse_response_bad_state" file="aries_cloudagent/protocols/endorse_transaction/v1_0/tests/test_manager.py" line="301" time="0.210" /><testcase classname="aries_cloudagent.protocols.endorse_transaction.v1_0.tests.test_manager.TestTransactionManager" name="test_create_record" file="aries_cloudagent/protocols/endorse_transaction/v1_0/tests/test_manager.py" line="135" time="0.228" /><testcase classname="aries_cloudagent.protocols.endorse_transaction.v1_0.tests.test_manager.TestTransactionManager" name="test_create_refuse_response" file="aries_cloudagent/protocols/endorse_transaction/v1_0/tests/test_manager.py" line="513" time="0.250" /><testcase classname="aries_cloudagent.protocols.endorse_transaction.v1_0.tests.test_manager.TestTransactionManager" name="test_create_refuse_response_bad_state" file="aries_cloudagent/protocols/endorse_transaction/v1_0/tests/test_manager.py" line="499" time="0.202" /><testcase classname="aries_cloudagent.protocols.endorse_transaction.v1_0.tests.test_manager.TestTransactionManager" name="test_create_request" file="aries_cloudagent/protocols/endorse_transaction/v1_0/tests/test_manager.py" line="188" time="0.228" /><testcase classname="aries_cloudagent.protocols.endorse_transaction.v1_0.tests.test_manager.TestTransactionManager" name="test_create_request_author_did" file="aries_cloudagent/protocols/endorse_transaction/v1_0/tests/test_manager.py" line="226" time="0.237" /><testcase classname="aries_cloudagent.protocols.endorse_transaction.v1_0.tests.test_manager.TestTransactionManager" name="test_create_request_bad_state" file="aries_cloudagent/protocols/endorse_transaction/v1_0/tests/test_manager.py" line="178" time="0.219" /><testcase classname="aries_cloudagent.protocols.endorse_transaction.v1_0.tests.test_manager.TestTransactionManager" name="test_receive_cancel_transaction" file="aries_cloudagent/protocols/endorse_transaction/v1_0/tests/test_manager.py" line="635" time="0.247" /><testcase classname="aries_cloudagent.protocols.endorse_transaction.v1_0.tests.test_manager.TestTransactionManager" name="test_receive_endorse_response" file="aries_cloudagent/protocols/endorse_transaction/v1_0/tests/test_manager.py" line="412" time="0.465" /><testcase classname="aries_cloudagent.protocols.endorse_transaction.v1_0.tests.test_manager.TestTransactionManager" name="test_receive_refuse_response" file="aries_cloudagent/protocols/endorse_transaction/v1_0/tests/test_manager.py" line="559" time="0.211" /><testcase classname="aries_cloudagent.protocols.endorse_transaction.v1_0.tests.test_manager.TestTransactionManager" name="test_receive_transaction_resend" file="aries_cloudagent/protocols/endorse_transaction/v1_0/tests/test_manager.py" line="703" time="0.230" /><testcase classname="aries_cloudagent.protocols.endorse_transaction.v1_0.tests.test_manager.TestTransactionManager" name="test_recieve_request" file="aries_cloudagent/protocols/endorse_transaction/v1_0/tests/test_manager.py" line="266" time="0.201" /><testcase classname="aries_cloudagent.protocols.endorse_transaction.v1_0.tests.test_manager.TestTransactionManager" name="test_set_transaction_my_job" file="aries_cloudagent/protocols/endorse_transaction/v1_0/tests/test_manager.py" line="732" time="0.223" /><testcase classname="aries_cloudagent.protocols.endorse_transaction.v1_0.tests.test_manager.TestTransactionManager" name="test_set_transaction_their_job" file="aries_cloudagent/protocols/endorse_transaction/v1_0/tests/test_manager.py" line="746" time="0.196" /><testcase classname="aries_cloudagent.protocols.endorse_transaction.v1_0.tests.test_manager.TestTransactionManager" name="test_set_transaction_their_job_conn_not_found" file="aries_cloudagent/protocols/endorse_transaction/v1_0/tests/test_manager.py" line="766" time="0.189" /><testcase classname="aries_cloudagent.protocols.endorse_transaction.v1_0.tests.test_manager.TestTransactionManager" name="test_transaction_jobs" file="aries_cloudagent/protocols/endorse_transaction/v1_0/tests/test_manager.py" line="130" time="0.185" /><testcase classname="aries_cloudagent.protocols.endorse_transaction.v1_0.tests.test_manager.TestTransactionManager" name="test_transaction_resend" file="aries_cloudagent/protocols/endorse_transaction/v1_0/tests/test_manager.py" line="677" time="0.189" /><testcase classname="aries_cloudagent.protocols.endorse_transaction.v1_0.tests.test_manager.TestTransactionManager" name="test_transaction_resend_bad_state" file="aries_cloudagent/protocols/endorse_transaction/v1_0/tests/test_manager.py" line="664" time="0.187" /><testcase classname="aries_cloudagent.protocols.endorse_transaction.v1_0.tests.test_manager.TestTransactionManager" name="test_txn_rec_retrieve_by_connection_and_thread_caching" file="aries_cloudagent/protocols/endorse_transaction/v1_0/tests/test_manager.py" line="159" time="0.176" /><testcase classname="aries_cloudagent.protocols.endorse_transaction.v1_0.tests.test_routes" name="ruff" file="aries_cloudagent/protocols/endorse_transaction/v1_0/tests/test_routes.py" time="0.045" /><testcase classname="aries_cloudagent.protocols.endorse_transaction.v1_0.tests.test_routes.TestEndorseTransactionRoutes" name="test_cancel_transaction" file="aries_cloudagent/protocols/endorse_transaction/v1_0/tests/test_routes.py" line="1060" time="0.319" /><testcase classname="aries_cloudagent.protocols.endorse_transaction.v1_0.tests.test_routes.TestEndorseTransactionRoutes" name="test_cancel_transaction_conn_rec_base_model_x" file="aries_cloudagent/protocols/endorse_transaction/v1_0/tests/test_routes.py" line="1110" time="0.284" /><testcase classname="aries_cloudagent.protocols.endorse_transaction.v1_0.tests.test_routes.TestEndorseTransactionRoutes" name="test_cancel_transaction_no_jobs_x" file="aries_cloudagent/protocols/endorse_transaction/v1_0/tests/test_routes.py" line="1126" time="0.256" /><testcase classname="aries_cloudagent.protocols.endorse_transaction.v1_0.tests.test_routes.TestEndorseTransactionRoutes" name="test_cancel_transaction_not_found_x" file="aries_cloudagent/protocols/endorse_transaction/v1_0/tests/test_routes.py" line="1099" time="0.220" /><testcase classname="aries_cloudagent.protocols.endorse_transaction.v1_0.tests.test_routes.TestEndorseTransactionRoutes" name="test_cancel_transaction_txn_mgr_x" file="aries_cloudagent/protocols/endorse_transaction/v1_0/tests/test_routes.py" line="1168" time="0.201" /><testcase classname="aries_cloudagent.protocols.endorse_transaction.v1_0.tests.test_routes.TestEndorseTransactionRoutes" name="test_cancel_transaction_wrong_my_job_x" file="aries_cloudagent/protocols/endorse_transaction/v1_0/tests/test_routes.py" line="1144" time="0.172" /><testcase classname="aries_cloudagent.protocols.endorse_transaction.v1_0.tests.test_routes.TestEndorseTransactionRoutes" name="test_endorse_transaction_response" file="aries_cloudagent/protocols/endorse_transaction/v1_0/tests/test_routes.py" line="420" time="0.182" /><testcase classname="aries_cloudagent.protocols.endorse_transaction.v1_0.tests.test_routes.TestEndorseTransactionRoutes" name="test_endorse_transaction_response_base_model_x" file="aries_cloudagent/protocols/endorse_transaction/v1_0/tests/test_routes.py" line="526" time="0.434" /><testcase classname="aries_cloudagent.protocols.endorse_transaction.v1_0.tests.test_routes.TestEndorseTransactionRoutes" name="test_endorse_transaction_response_no_jobs_x" file="aries_cloudagent/protocols/endorse_transaction/v1_0/tests/test_routes.py" line="560" time="0.182" /><testcase classname="aries_cloudagent.protocols.endorse_transaction.v1_0.tests.test_routes.TestEndorseTransactionRoutes" name="test_endorse_transaction_response_not_found_x" file="aries_cloudagent/protocols/endorse_transaction/v1_0/tests/test_routes.py" line="496" time="0.177" /><testcase classname="aries_cloudagent.protocols.endorse_transaction.v1_0.tests.test_routes.TestEndorseTransactionRoutes" name="test_endorse_transaction_response_txn_mgr_x" file="aries_cloudagent/protocols/endorse_transaction/v1_0/tests/test_routes.py" line="753" time="0.185" /><testcase classname="aries_cloudagent.protocols.endorse_transaction.v1_0.tests.test_routes.TestEndorseTransactionRoutes" name="test_endorse_transaction_response_wrong_my_job_x" file="aries_cloudagent/protocols/endorse_transaction/v1_0/tests/test_routes.py" line="652" time="0.193" /><testcase classname="aries_cloudagent.protocols.endorse_transaction.v1_0.tests.test_routes.TestEndorseTransactionRoutes" name="test_post_process_routes" file="aries_cloudagent/protocols/endorse_transaction/v1_0/tests/test_routes.py" line="1635" time="0.167" /><testcase classname="aries_cloudagent.protocols.endorse_transaction.v1_0.tests.test_routes.TestEndorseTransactionRoutes" name="test_refuse_transaction_response" file="aries_cloudagent/protocols/endorse_transaction/v1_0/tests/test_routes.py" line="805" time="0.164" /><testcase classname="aries_cloudagent.protocols.endorse_transaction.v1_0.tests.test_routes.TestEndorseTransactionRoutes" name="test_refuse_transaction_response_conn_base_model_x" file="aries_cloudagent/protocols/endorse_transaction/v1_0/tests/test_routes.py" line="893" time="0.182" /><testcase classname="aries_cloudagent.protocols.endorse_transaction.v1_0.tests.test_routes.TestEndorseTransactionRoutes" name="test_refuse_transaction_response_no_jobs_x" file="aries_cloudagent/protocols/endorse_transaction/v1_0/tests/test_routes.py" line="928" time="0.176" /><testcase classname="aries_cloudagent.protocols.endorse_transaction.v1_0.tests.test_routes.TestEndorseTransactionRoutes" name="test_refuse_transaction_response_not_found_x" file="aries_cloudagent/protocols/endorse_transaction/v1_0/tests/test_routes.py" line="863" time="0.185" /><testcase classname="aries_cloudagent.protocols.endorse_transaction.v1_0.tests.test_routes.TestEndorseTransactionRoutes" name="test_refuse_transaction_response_txn_mgr_x" file="aries_cloudagent/protocols/endorse_transaction/v1_0/tests/test_routes.py" line="1008" time="0.172" /><testcase classname="aries_cloudagent.protocols.endorse_transaction.v1_0.tests.test_routes.TestEndorseTransactionRoutes" name="test_refuse_transaction_response_wrong_my_job_x" file="aries_cloudagent/protocols/endorse_transaction/v1_0/tests/test_routes.py" line="965" time="0.183" /><testcase classname="aries_cloudagent.protocols.endorse_transaction.v1_0.tests.test_routes.TestEndorseTransactionRoutes" name="test_register" file="aries_cloudagent/protocols/endorse_transaction/v1_0/tests/test_routes.py" line="1628" time="0.181" /><testcase classname="aries_cloudagent.protocols.endorse_transaction.v1_0.tests.test_routes.TestEndorseTransactionRoutes" name="test_set_endorser_info" file="aries_cloudagent/protocols/endorse_transaction/v1_0/tests/test_routes.py" line="1393" time="0.378" /><testcase classname="aries_cloudagent.protocols.endorse_transaction.v1_0.tests.test_routes.TestEndorseTransactionRoutes" name="test_set_endorser_info_base_model_x" file="aries_cloudagent/protocols/endorse_transaction/v1_0/tests/test_routes.py" line="1474" time="0.177" /><testcase classname="aries_cloudagent.protocols.endorse_transaction.v1_0.tests.test_routes.TestEndorseTransactionRoutes" name="test_set_endorser_info_my_wrong_job_x" file="aries_cloudagent/protocols/endorse_transaction/v1_0/tests/test_routes.py" line="1518" time="0.187" /><testcase classname="aries_cloudagent.protocols.endorse_transaction.v1_0.tests.test_routes.TestEndorseTransactionRoutes" name="test_set_endorser_info_no_prior_value" file="aries_cloudagent/protocols/endorse_transaction/v1_0/tests/test_routes.py" line="1425" time="0.209" /><testcase classname="aries_cloudagent.protocols.endorse_transaction.v1_0.tests.test_routes.TestEndorseTransactionRoutes" name="test_set_endorser_info_no_transaction_jobs_x" file="aries_cloudagent/protocols/endorse_transaction/v1_0/tests/test_routes.py" line="1486" time="0.174" /><testcase classname="aries_cloudagent.protocols.endorse_transaction.v1_0.tests.test_routes.TestEndorseTransactionRoutes" name="test_set_endorser_info_no_transaction_my_job_x" file="aries_cloudagent/protocols/endorse_transaction/v1_0/tests/test_routes.py" line="1499" time="0.173" /><testcase classname="aries_cloudagent.protocols.endorse_transaction.v1_0.tests.test_routes.TestEndorseTransactionRoutes" name="test_set_endorser_info_not_found_x" file="aries_cloudagent/protocols/endorse_transaction/v1_0/tests/test_routes.py" line="1462" time="0.173" /><testcase classname="aries_cloudagent.protocols.endorse_transaction.v1_0.tests.test_routes.TestEndorseTransactionRoutes" name="test_set_endorser_role" file="aries_cloudagent/protocols/endorse_transaction/v1_0/tests/test_routes.py" line="1343" time="0.184" /><testcase classname="aries_cloudagent.protocols.endorse_transaction.v1_0.tests.test_routes.TestEndorseTransactionRoutes" name="test_set_endorser_role_base_model_x" file="aries_cloudagent/protocols/endorse_transaction/v1_0/tests/test_routes.py" line="1382" time="0.162" /><testcase classname="aries_cloudagent.protocols.endorse_transaction.v1_0.tests.test_routes.TestEndorseTransactionRoutes" name="test_set_endorser_role_not_found_x" file="aries_cloudagent/protocols/endorse_transaction/v1_0/tests/test_routes.py" line="1371" time="0.238" /><testcase classname="aries_cloudagent.protocols.endorse_transaction.v1_0.tests.test_routes.TestEndorseTransactionRoutes" name="test_transaction_create_request" file="aries_cloudagent/protocols/endorse_transaction/v1_0/tests/test_routes.py" line="134" time="0.173" /><testcase classname="aries_cloudagent.protocols.endorse_transaction.v1_0.tests.test_routes.TestEndorseTransactionRoutes" name="test_transaction_create_request_base_model_x" file="aries_cloudagent/protocols/endorse_transaction/v1_0/tests/test_routes.py" line="198" time="0.172" /><testcase classname="aries_cloudagent.protocols.endorse_transaction.v1_0.tests.test_routes.TestEndorseTransactionRoutes" name="test_transaction_create_request_mgr_create_request_x" file="aries_cloudagent/protocols/endorse_transaction/v1_0/tests/test_routes.py" line="380" time="0.194" /><testcase classname="aries_cloudagent.protocols.endorse_transaction.v1_0.tests.test_routes.TestEndorseTransactionRoutes" name="test_transaction_create_request_my_wrong_job_x" file="aries_cloudagent/protocols/endorse_transaction/v1_0/tests/test_routes.py" line="349" time="0.200" /><testcase classname="aries_cloudagent.protocols.endorse_transaction.v1_0.tests.test_routes.TestEndorseTransactionRoutes" name="test_transaction_create_request_no_jobs_x" file="aries_cloudagent/protocols/endorse_transaction/v1_0/tests/test_routes.py" line="229" time="0.374" /><testcase classname="aries_cloudagent.protocols.endorse_transaction.v1_0.tests.test_routes.TestEndorseTransactionRoutes" name="test_transaction_create_request_no_my_job_x" file="aries_cloudagent/protocols/endorse_transaction/v1_0/tests/test_routes.py" line="265" time="0.182" /><testcase classname="aries_cloudagent.protocols.endorse_transaction.v1_0.tests.test_routes.TestEndorseTransactionRoutes" name="test_transaction_create_request_no_their_job_x" file="aries_cloudagent/protocols/endorse_transaction/v1_0/tests/test_routes.py" line="307" time="0.190" /><testcase classname="aries_cloudagent.protocols.endorse_transaction.v1_0.tests.test_routes.TestEndorseTransactionRoutes" name="test_transaction_create_request_not_found_x" file="aries_cloudagent/protocols/endorse_transaction/v1_0/tests/test_routes.py" line="181" time="0.190" /><testcase classname="aries_cloudagent.protocols.endorse_transaction.v1_0.tests.test_routes.TestEndorseTransactionRoutes" name="test_transaction_resend" file="aries_cloudagent/protocols/endorse_transaction/v1_0/tests/test_routes.py" line="1201" time="0.198" /><testcase classname="aries_cloudagent.protocols.endorse_transaction.v1_0.tests.test_routes.TestEndorseTransactionRoutes" name="test_transaction_resend_conn_rec_base_model_x" file="aries_cloudagent/protocols/endorse_transaction/v1_0/tests/test_routes.py" line="1251" time="0.174" /><testcase classname="aries_cloudagent.protocols.endorse_transaction.v1_0.tests.test_routes.TestEndorseTransactionRoutes" name="test_transaction_resend_my_wrong_job_x" file="aries_cloudagent/protocols/endorse_transaction/v1_0/tests/test_routes.py" line="1285" time="0.165" /><testcase classname="aries_cloudagent.protocols.endorse_transaction.v1_0.tests.test_routes.TestEndorseTransactionRoutes" name="test_transaction_resend_no_jobs_x" file="aries_cloudagent/protocols/endorse_transaction/v1_0/tests/test_routes.py" line="1267" time="0.191" /><testcase classname="aries_cloudagent.protocols.endorse_transaction.v1_0.tests.test_routes.TestEndorseTransactionRoutes" name="test_transaction_resend_not_found_x" file="aries_cloudagent/protocols/endorse_transaction/v1_0/tests/test_routes.py" line="1240" time="0.165" /><testcase classname="aries_cloudagent.protocols.endorse_transaction.v1_0.tests.test_routes.TestEndorseTransactionRoutes" name="test_transaction_resend_txn_mgr_x" file="aries_cloudagent/protocols/endorse_transaction/v1_0/tests/test_routes.py" line="1310" time="0.166" /><testcase classname="aries_cloudagent.protocols.endorse_transaction.v1_0.tests.test_routes.TestEndorseTransactionRoutes" name="test_transaction_write_base_model_x" file="aries_cloudagent/protocols/endorse_transaction/v1_0/tests/test_routes.py" line="1577" time="0.184" /><testcase classname="aries_cloudagent.protocols.endorse_transaction.v1_0.tests.test_routes.TestEndorseTransactionRoutes" name="test_transaction_write_not_found_x" file="aries_cloudagent/protocols/endorse_transaction/v1_0/tests/test_routes.py" line="1566" time="0.179" /><testcase classname="aries_cloudagent.protocols.endorse_transaction.v1_0.tests.test_routes.TestEndorseTransactionRoutes" name="test_transaction_write_schema_txn" file="aries_cloudagent/protocols/endorse_transaction/v1_0/tests/test_routes.py" line="1538" time="0.176" /><testcase classname="aries_cloudagent.protocols.endorse_transaction.v1_0.tests.test_routes.TestEndorseTransactionRoutes" name="test_transaction_write_schema_txn_complete_x" file="aries_cloudagent/protocols/endorse_transaction/v1_0/tests/test_routes.py" line="1604" time="0.389" /><testcase classname="aries_cloudagent.protocols.endorse_transaction.v1_0.tests.test_routes.TestEndorseTransactionRoutes" name="test_transaction_write_wrong_state_x" file="aries_cloudagent/protocols/endorse_transaction/v1_0/tests/test_routes.py" line="1588" time="0.179" /><testcase classname="aries_cloudagent.protocols.endorse_transaction.v1_0.tests.test_routes.TestEndorseTransactionRoutes" name="test_transactions_list" file="aries_cloudagent/protocols/endorse_transaction/v1_0/tests/test_routes.py" line="73" time="0.194" /><testcase classname="aries_cloudagent.protocols.endorse_transaction.v1_0.tests.test_routes.TestEndorseTransactionRoutes" name="test_transactions_list_x" file="aries_cloudagent/protocols/endorse_transaction/v1_0/tests/test_routes.py" line="86" time="0.184" /><testcase classname="aries_cloudagent.protocols.endorse_transaction.v1_0.tests.test_routes.TestEndorseTransactionRoutes" name="test_transactions_retrieve" file="aries_cloudagent/protocols/endorse_transaction/v1_0/tests/test_routes.py" line="97" time="0.181" /><testcase classname="aries_cloudagent.protocols.endorse_transaction.v1_0.tests.test_routes.TestEndorseTransactionRoutes" name="test_transactions_retrieve_base_model_x" file="aries_cloudagent/protocols/endorse_transaction/v1_0/tests/test_routes.py" line="123" time="0.171" /><testcase classname="aries_cloudagent.protocols.endorse_transaction.v1_0.tests.test_routes.TestEndorseTransactionRoutes" name="test_transactions_retrieve_not_found_x" file="aries_cloudagent/protocols/endorse_transaction/v1_0/tests/test_routes.py" line="112" time="0.188" /><testcase classname="aries_cloudagent.protocols.introduction.__init__" name="ruff" file="aries_cloudagent/protocols/introduction/__init__.py" time="0.044" /><testcase classname="aries_cloudagent.protocols.introduction.definition" name="ruff" file="aries_cloudagent/protocols/introduction/definition.py" time="0.046" /><testcase classname="aries_cloudagent.protocols.introduction.v0_1.__init__" name="ruff" file="aries_cloudagent/protocols/introduction/v0_1/__init__.py" time="0.046" /><testcase classname="aries_cloudagent.protocols.introduction.v0_1.base_service" name="ruff" file="aries_cloudagent/protocols/introduction/v0_1/base_service.py" time="0.043" /><testcase classname="aries_cloudagent.protocols.introduction.v0_1.demo_service" name="ruff" file="aries_cloudagent/protocols/introduction/v0_1/demo_service.py" time="0.038" /><testcase classname="aries_cloudagent.protocols.introduction.v0_1.message_types" name="ruff" file="aries_cloudagent/protocols/introduction/v0_1/message_types.py" time="0.040" /><testcase classname="aries_cloudagent.protocols.introduction.v0_1.routes" name="ruff" file="aries_cloudagent/protocols/introduction/v0_1/routes.py" time="0.042" /><testcase classname="aries_cloudagent.protocols.introduction.v0_1.handlers.__init__" name="ruff" file="aries_cloudagent/protocols/introduction/v0_1/handlers/__init__.py" time="0.038" /><testcase classname="aries_cloudagent.protocols.introduction.v0_1.handlers.forward_invitation_handler" name="ruff" file="aries_cloudagent/protocols/introduction/v0_1/handlers/forward_invitation_handler.py" time="0.040" /><testcase classname="aries_cloudagent.protocols.introduction.v0_1.handlers.invitation_handler" name="ruff" file="aries_cloudagent/protocols/introduction/v0_1/handlers/invitation_handler.py" time="0.035" /><testcase classname="aries_cloudagent.protocols.introduction.v0_1.handlers.invitation_request_handler" name="ruff" file="aries_cloudagent/protocols/introduction/v0_1/handlers/invitation_request_handler.py" time="0.039" /><testcase classname="aries_cloudagent.protocols.introduction.v0_1.handlers.tests.__init__" name="ruff" file="aries_cloudagent/protocols/introduction/v0_1/handlers/tests/__init__.py" time="0.041" /><testcase classname="aries_cloudagent.protocols.introduction.v0_1.handlers.tests.test_forward_invitation_handler" name="ruff" file="aries_cloudagent/protocols/introduction/v0_1/handlers/tests/test_forward_invitation_handler.py" time="0.044" /><testcase classname="aries_cloudagent.protocols.introduction.v0_1.handlers.tests.test_forward_invitation_handler.TestForwardInvitationHandler" name="test_handle" file="aries_cloudagent/protocols/introduction/v0_1/handlers/tests/test_forward_invitation_handler.py" line="40" time="0.202" /><testcase classname="aries_cloudagent.protocols.introduction.v0_1.handlers.tests.test_forward_invitation_handler.TestForwardInvitationHandler" name="test_handle_not_ready" file="aries_cloudagent/protocols/introduction/v0_1/handlers/tests/test_forward_invitation_handler.py" line="71" time="0.008" /><testcase classname="aries_cloudagent.protocols.introduction.v0_1.handlers.tests.test_forward_invitation_handler.TestForwardInvitationHandler" name="test_handle_x" file="aries_cloudagent/protocols/introduction/v0_1/handlers/tests/test_forward_invitation_handler.py" line="54" time="0.164" /><testcase classname="aries_cloudagent.protocols.introduction.v0_1.handlers.tests.test_invitation_handler" name="ruff" file="aries_cloudagent/protocols/introduction/v0_1/handlers/tests/test_invitation_handler.py" time="0.041" /><testcase classname="aries_cloudagent.protocols.introduction.v0_1.handlers.tests.test_invitation_handler.TestInvitationHandler" name="test_handle" file="aries_cloudagent/protocols/introduction/v0_1/handlers/tests/test_invitation_handler.py" line="39" time="0.032" /><testcase classname="aries_cloudagent.protocols.introduction.v0_1.handlers.tests.test_invitation_handler.TestInvitationHandler" name="test_handle_no_service" file="aries_cloudagent/protocols/introduction/v0_1/handlers/tests/test_invitation_handler.py" line="61" time="0.009" /><testcase classname="aries_cloudagent.protocols.introduction.v0_1.handlers.tests.test_invitation_handler.TestInvitationHandler" name="test_handle_not_ready" file="aries_cloudagent/protocols/introduction/v0_1/handlers/tests/test_invitation_handler.py" line="67" time="0.013" /><testcase classname="aries_cloudagent.protocols.introduction.v0_1.handlers.tests.test_invitation_request_handler" name="ruff" file="aries_cloudagent/protocols/introduction/v0_1/handlers/tests/test_invitation_request_handler.py" time="0.047" /><testcase classname="aries_cloudagent.protocols.introduction.v0_1.handlers.tests.test_invitation_request_handler.TestInvitationRequestHandler" name="test_handle" file="aries_cloudagent/protocols/introduction/v0_1/handlers/tests/test_invitation_request_handler.py" line="33" time="0.188" /><testcase classname="aries_cloudagent.protocols.introduction.v0_1.handlers.tests.test_invitation_request_handler.TestInvitationRequestHandler" name="test_handle_auto_accept" file="aries_cloudagent/protocols/introduction/v0_1/handlers/tests/test_invitation_request_handler.py" line="44" time="0.135" /><testcase classname="aries_cloudagent.protocols.introduction.v0_1.handlers.tests.test_invitation_request_handler.TestInvitationRequestHandler" name="test_handle_not_ready" file="aries_cloudagent/protocols/introduction/v0_1/handlers/tests/test_invitation_request_handler.py" line="75" time="0.007" /><testcase classname="aries_cloudagent.protocols.introduction.v0_1.messages.__init__" name="ruff" file="aries_cloudagent/protocols/introduction/v0_1/messages/__init__.py" time="0.034" /><testcase classname="aries_cloudagent.protocols.introduction.v0_1.messages.forward_invitation" name="ruff" file="aries_cloudagent/protocols/introduction/v0_1/messages/forward_invitation.py" time="0.044" /><testcase classname="aries_cloudagent.protocols.introduction.v0_1.messages.invitation" name="ruff" file="aries_cloudagent/protocols/introduction/v0_1/messages/invitation.py" time="0.055" /><testcase classname="aries_cloudagent.protocols.introduction.v0_1.messages.invitation_request" name="ruff" file="aries_cloudagent/protocols/introduction/v0_1/messages/invitation_request.py" time="0.051" /><testcase classname="aries_cloudagent.protocols.introduction.v0_1.messages.tests.__init__" name="ruff" file="aries_cloudagent/protocols/introduction/v0_1/messages/tests/__init__.py" time="0.039" /><testcase classname="aries_cloudagent.protocols.introduction.v0_1.messages.tests.test_forward_invitation" name="ruff" file="aries_cloudagent/protocols/introduction/v0_1/messages/tests/test_forward_invitation.py" time="0.038" /><testcase classname="aries_cloudagent.protocols.introduction.v0_1.messages.tests.test_forward_invitation.TestForwardInvitation" name="test_deserialize" file="aries_cloudagent/protocols/introduction/v0_1/messages/tests/test_forward_invitation.py" line="42" time="0.015" /><testcase classname="aries_cloudagent.protocols.introduction.v0_1.messages.tests.test_forward_invitation.TestForwardInvitation" name="test_init" file="aries_cloudagent/protocols/introduction/v0_1/messages/tests/test_forward_invitation.py" line="31" time="0.002" /><testcase classname="aries_cloudagent.protocols.introduction.v0_1.messages.tests.test_forward_invitation.TestForwardInvitation" name="test_serialize" file="aries_cloudagent/protocols/introduction/v0_1/messages/tests/test_forward_invitation.py" line="57" time="0.004" /><testcase classname="aries_cloudagent.protocols.introduction.v0_1.messages.tests.test_forward_invitation.TestForwardInvitation" name="test_type" file="aries_cloudagent/protocols/introduction/v0_1/messages/tests/test_forward_invitation.py" line="36" time="0.004" /><testcase classname="aries_cloudagent.protocols.introduction.v0_1.messages.tests.test_forward_invitation.TestForwardInvitationSchema" name="test_make_model" file="aries_cloudagent/protocols/introduction/v0_1/messages/tests/test_forward_invitation.py" line="74" time="0.013" /><testcase classname="aries_cloudagent.protocols.introduction.v0_1.messages.tests.test_invitation" name="ruff" file="aries_cloudagent/protocols/introduction/v0_1/messages/tests/test_invitation.py" time="0.042" /><testcase classname="aries_cloudagent.protocols.introduction.v0_1.messages.tests.test_invitation.TestInvitation" name="test_deserialize" file="aries_cloudagent/protocols/introduction/v0_1/messages/tests/test_invitation.py" line="34" time="0.023" /><testcase classname="aries_cloudagent.protocols.introduction.v0_1.messages.tests.test_invitation.TestInvitation" name="test_init" file="aries_cloudagent/protocols/introduction/v0_1/messages/tests/test_invitation.py" line="29" time="0.009" /><testcase classname="aries_cloudagent.protocols.introduction.v0_1.messages.tests.test_invitation.TestInvitation" name="test_make_model" file="aries_cloudagent/protocols/introduction/v0_1/messages/tests/test_invitation.py" line="56" time="0.015" /><testcase classname="aries_cloudagent.protocols.introduction.v0_1.messages.tests.test_invitation.TestInvitation" name="test_serialize" file="aries_cloudagent/protocols/introduction/v0_1/messages/tests/test_invitation.py" line="46" time="0.013" /><testcase classname="aries_cloudagent.protocols.introduction.v0_1.messages.tests.test_invitation_request" name="ruff" file="aries_cloudagent/protocols/introduction/v0_1/messages/tests/test_invitation_request.py" time="0.035" /><testcase classname="aries_cloudagent.protocols.introduction.v0_1.messages.tests.test_invitation_request.TestInvitationRequest" name="test_deserialize" file="aries_cloudagent/protocols/introduction/v0_1/messages/tests/test_invitation_request.py" line="31" time="0.010" /><testcase classname="aries_cloudagent.protocols.introduction.v0_1.messages.tests.test_invitation_request.TestInvitationRequest" name="test_init" file="aries_cloudagent/protocols/introduction/v0_1/messages/tests/test_invitation_request.py" line="22" time="0.002" /><testcase classname="aries_cloudagent.protocols.introduction.v0_1.messages.tests.test_invitation_request.TestInvitationRequest" name="test_serialize" file="aries_cloudagent/protocols/introduction/v0_1/messages/tests/test_invitation_request.py" line="46" time="0.007" /><testcase classname="aries_cloudagent.protocols.introduction.v0_1.messages.tests.test_invitation_request.TestInvitationRequest" name="test_type" file="aries_cloudagent/protocols/introduction/v0_1/messages/tests/test_invitation_request.py" line="27" time="0.003" /><testcase classname="aries_cloudagent.protocols.introduction.v0_1.messages.tests.test_invitation_request.TestInvitationRequestSchema" name="test_make_model" file="aries_cloudagent/protocols/introduction/v0_1/messages/tests/test_invitation_request.py" line="63" time="0.018" /><testcase classname="aries_cloudagent.protocols.introduction.v0_1.tests.__init__" name="ruff" file="aries_cloudagent/protocols/introduction/v0_1/tests/__init__.py" time="0.047" /><testcase classname="aries_cloudagent.protocols.introduction.v0_1.tests.test_routes" name="ruff" file="aries_cloudagent/protocols/introduction/v0_1/tests/test_routes.py" time="0.053" /><testcase classname="aries_cloudagent.protocols.introduction.v0_1.tests.test_routes.TestIntroductionRoutes" name="test_introduction_start" file="aries_cloudagent/protocols/introduction/v0_1/tests/test_routes.py" line="45" time="0.042" /><testcase classname="aries_cloudagent.protocols.introduction.v0_1.tests.test_routes.TestIntroductionRoutes" name="test_introduction_start_no_service" file="aries_cloudagent/protocols/introduction/v0_1/tests/test_routes.py" line="23" time="0.015" /><testcase classname="aries_cloudagent.protocols.introduction.v0_1.tests.test_routes.TestIntroductionRoutes" name="test_introduction_start_x" file="aries_cloudagent/protocols/introduction/v0_1/tests/test_routes.py" line="85" time="0.029" /><testcase classname="aries_cloudagent.protocols.introduction.v0_1.tests.test_routes.TestIntroductionRoutes" name="test_post_process_routes" file="aries_cloudagent/protocols/introduction/v0_1/tests/test_routes.py" line="125" time="0.014" /><testcase classname="aries_cloudagent.protocols.introduction.v0_1.tests.test_routes.TestIntroductionRoutes" name="test_register" file="aries_cloudagent/protocols/introduction/v0_1/tests/test_routes.py" line="118" time="0.017" /><testcase classname="aries_cloudagent.protocols.introduction.v0_1.tests.test_service" name="ruff" file="aries_cloudagent/protocols/introduction/v0_1/tests/test_service.py" time="0.042" /><testcase classname="aries_cloudagent.protocols.introduction.v0_1.tests.test_service.TestIntroductionService" name="test_service_return_invitation_not_found" file="aries_cloudagent/protocols/introduction/v0_1/tests/test_service.py" line="181" time="0.021" /><testcase classname="aries_cloudagent.protocols.introduction.v0_1.tests.test_service.TestIntroductionService" name="test_service_start_and_return_introduction" file="aries_cloudagent/protocols/introduction/v0_1/tests/test_service.py" line="128" time="0.020" /><testcase classname="aries_cloudagent.protocols.introduction.v0_1.tests.test_service.TestIntroductionService" name="test_service_start_introduction_init_conn_rec_not_completed" file="aries_cloudagent/protocols/introduction/v0_1/tests/test_service.py" line="61" time="0.016" /><testcase classname="aries_cloudagent.protocols.introduction.v0_1.tests.test_service.TestIntroductionService" name="test_service_start_introduction_no_init_conn_rec" file="aries_cloudagent/protocols/introduction/v0_1/tests/test_service.py" line="48" time="0.013" /><testcase classname="aries_cloudagent.protocols.introduction.v0_1.tests.test_service.TestIntroductionService" name="test_service_start_introduction_no_target_conn_rec" file="aries_cloudagent/protocols/introduction/v0_1/tests/test_service.py" line="81" time="0.017" /><testcase classname="aries_cloudagent.protocols.introduction.v0_1.tests.test_service.TestIntroductionService" name="test_service_start_introduction_target_conn_rec_not_completed" file="aries_cloudagent/protocols/introduction/v0_1/tests/test_service.py" line="101" time="0.016" /><testcase classname="aries_cloudagent.protocols.issue_credential.__init__" name="ruff" file="aries_cloudagent/protocols/issue_credential/__init__.py" time="0.040" /><testcase classname="aries_cloudagent.protocols.issue_credential.definition" name="ruff" file="aries_cloudagent/protocols/issue_credential/definition.py" time="0.048" /><testcase classname="aries_cloudagent.protocols.issue_credential.v1_0.__init__" name="ruff" file="aries_cloudagent/protocols/issue_credential/v1_0/__init__.py" time="0.045" /><testcase classname="aries_cloudagent.protocols.issue_credential.v1_0.controller" name="ruff" file="aries_cloudagent/protocols/issue_credential/v1_0/controller.py" time="0.047" /><testcase classname="aries_cloudagent.protocols.issue_credential.v1_0.manager" name="ruff" file="aries_cloudagent/protocols/issue_credential/v1_0/manager.py" time="0.049" /><testcase classname="aries_cloudagent.protocols.issue_credential.v1_0.message_types" name="ruff" file="aries_cloudagent/protocols/issue_credential/v1_0/message_types.py" time="0.037" /><testcase classname="aries_cloudagent.protocols.issue_credential.v1_0.routes" name="ruff" file="aries_cloudagent/protocols/issue_credential/v1_0/routes.py" time="0.049" /><testcase classname="aries_cloudagent.protocols.issue_credential.v1_0.handlers.__init__" name="ruff" file="aries_cloudagent/protocols/issue_credential/v1_0/handlers/__init__.py" time="0.036" /><testcase classname="aries_cloudagent.protocols.issue_credential.v1_0.handlers.credential_ack_handler" name="ruff" file="aries_cloudagent/protocols/issue_credential/v1_0/handlers/credential_ack_handler.py" time="0.040" /><testcase classname="aries_cloudagent.protocols.issue_credential.v1_0.handlers.credential_issue_handler" name="ruff" file="aries_cloudagent/protocols/issue_credential/v1_0/handlers/credential_issue_handler.py" time="0.043" /><testcase classname="aries_cloudagent.protocols.issue_credential.v1_0.handlers.credential_offer_handler" name="ruff" file="aries_cloudagent/protocols/issue_credential/v1_0/handlers/credential_offer_handler.py" time="0.037" /><testcase classname="aries_cloudagent.protocols.issue_credential.v1_0.handlers.credential_problem_report_handler" name="ruff" file="aries_cloudagent/protocols/issue_credential/v1_0/handlers/credential_problem_report_handler.py" time="0.040" /><testcase classname="aries_cloudagent.protocols.issue_credential.v1_0.handlers.credential_proposal_handler" name="ruff" file="aries_cloudagent/protocols/issue_credential/v1_0/handlers/credential_proposal_handler.py" time="0.036" /><testcase classname="aries_cloudagent.protocols.issue_credential.v1_0.handlers.credential_request_handler" name="ruff" file="aries_cloudagent/protocols/issue_credential/v1_0/handlers/credential_request_handler.py" time="0.043" /><testcase classname="aries_cloudagent.protocols.issue_credential.v1_0.handlers.tests.__init__" name="ruff" file="aries_cloudagent/protocols/issue_credential/v1_0/handlers/tests/__init__.py" time="0.045" /><testcase classname="aries_cloudagent.protocols.issue_credential.v1_0.handlers.tests.test_credential_ack_handler" name="ruff" file="aries_cloudagent/protocols/issue_credential/v1_0/handlers/tests/test_credential_ack_handler.py" time="0.045" /><testcase classname="aries_cloudagent.protocols.issue_credential.v1_0.handlers.tests.test_credential_ack_handler.TestCredentialAckHandler" name="test_called" file="aries_cloudagent/protocols/issue_credential/v1_0/handlers/tests/test_credential_ack_handler.py" line="15" time="0.125" /><testcase classname="aries_cloudagent.protocols.issue_credential.v1_0.handlers.tests.test_credential_ack_handler.TestCredentialAckHandler" name="test_called_no_connection_no_oob" file="aries_cloudagent/protocols/issue_credential/v1_0/handlers/tests/test_credential_ack_handler.py" line="66" time="0.089" /><testcase classname="aries_cloudagent.protocols.issue_credential.v1_0.handlers.tests.test_credential_ack_handler.TestCredentialAckHandler" name="test_called_not_ready" file="aries_cloudagent/protocols/issue_credential/v1_0/handlers/tests/test_credential_ack_handler.py" line="47" time="0.092" /><testcase classname="aries_cloudagent.protocols.issue_credential.v1_0.handlers.tests.test_credential_issue_handler" name="ruff" file="aries_cloudagent/protocols/issue_credential/v1_0/handlers/tests/test_credential_issue_handler.py" time="0.038" /><testcase classname="aries_cloudagent.protocols.issue_credential.v1_0.handlers.tests.test_credential_issue_handler.TestCredentialIssueHandler" name="test_called" file="aries_cloudagent/protocols/issue_credential/v1_0/handlers/tests/test_credential_issue_handler.py" line="14" time="0.147" /><testcase classname="aries_cloudagent.protocols.issue_credential.v1_0.handlers.tests.test_credential_issue_handler.TestCredentialIssueHandler" name="test_called_auto_store" file="aries_cloudagent/protocols/issue_credential/v1_0/handlers/tests/test_credential_issue_handler.py" line="46" time="0.103" /><testcase classname="aries_cloudagent.protocols.issue_credential.v1_0.handlers.tests.test_credential_issue_handler.TestCredentialIssueHandler" name="test_called_auto_store_x" file="aries_cloudagent/protocols/issue_credential/v1_0/handlers/tests/test_credential_issue_handler.py" line="87" time="0.117" /><testcase classname="aries_cloudagent.protocols.issue_credential.v1_0.handlers.tests.test_credential_issue_handler.TestCredentialIssueHandler" name="test_called_no_connection_no_oob" file="aries_cloudagent/protocols/issue_credential/v1_0/handlers/tests/test_credential_issue_handler.py" line="150" time="0.102" /><testcase classname="aries_cloudagent.protocols.issue_credential.v1_0.handlers.tests.test_credential_issue_handler.TestCredentialIssueHandler" name="test_called_not_ready" file="aries_cloudagent/protocols/issue_credential/v1_0/handlers/tests/test_credential_issue_handler.py" line="131" time="0.102" /><testcase classname="aries_cloudagent.protocols.issue_credential.v1_0.handlers.tests.test_credential_offer_handler" name="ruff" file="aries_cloudagent/protocols/issue_credential/v1_0/handlers/tests/test_credential_offer_handler.py" time="0.035" /><testcase classname="aries_cloudagent.protocols.issue_credential.v1_0.handlers.tests.test_credential_offer_handler.TestCredentialOfferHandler" name="test_called" file="aries_cloudagent/protocols/issue_credential/v1_0/handlers/tests/test_credential_offer_handler.py" line="14" time="0.111" /><testcase classname="aries_cloudagent.protocols.issue_credential.v1_0.handlers.tests.test_credential_offer_handler.TestCredentialOfferHandler" name="test_called_auto_request" file="aries_cloudagent/protocols/issue_credential/v1_0/handlers/tests/test_credential_offer_handler.py" line="46" time="0.105" /><testcase classname="aries_cloudagent.protocols.issue_credential.v1_0.handlers.tests.test_credential_offer_handler.TestCredentialOfferHandler" name="test_called_auto_request_x" file="aries_cloudagent/protocols/issue_credential/v1_0/handlers/tests/test_credential_offer_handler.py" line="86" time="0.102" /><testcase classname="aries_cloudagent.protocols.issue_credential.v1_0.handlers.tests.test_credential_offer_handler.TestCredentialOfferHandler" name="test_called_not_ready" file="aries_cloudagent/protocols/issue_credential/v1_0/handlers/tests/test_credential_offer_handler.py" line="123" time="0.095" /><testcase classname="aries_cloudagent.protocols.issue_credential.v1_0.handlers.tests.test_credential_offer_handler.TestCredentialOfferHandler" name="test_no_conn_no_oob" file="aries_cloudagent/protocols/issue_credential/v1_0/handlers/tests/test_credential_offer_handler.py" line="145" time="0.073" /><testcase classname="aries_cloudagent.protocols.issue_credential.v1_0.handlers.tests.test_credential_problem_report_handler" name="ruff" file="aries_cloudagent/protocols/issue_credential/v1_0/handlers/tests/test_credential_problem_report_handler.py" time="0.038" /><testcase classname="aries_cloudagent.protocols.issue_credential.v1_0.handlers.tests.test_credential_problem_report_handler.TestCredentialProblemReportHandler" name="test_called" file="aries_cloudagent/protocols/issue_credential/v1_0/handlers/tests/test_credential_problem_report_handler.py" line="16" time="0.113" /><testcase classname="aries_cloudagent.protocols.issue_credential.v1_0.handlers.tests.test_credential_problem_report_handler.TestCredentialProblemReportHandler" name="test_called_no_connection" file="aries_cloudagent/protocols/issue_credential/v1_0/handlers/tests/test_credential_problem_report_handler.py" line="92" time="0.009" /><testcase classname="aries_cloudagent.protocols.issue_credential.v1_0.handlers.tests.test_credential_problem_report_handler.TestCredentialProblemReportHandler" name="test_called_not_ready" file="aries_cloudagent/protocols/issue_credential/v1_0/handlers/tests/test_credential_problem_report_handler.py" line="70" time="0.013" /><testcase classname="aries_cloudagent.protocols.issue_credential.v1_0.handlers.tests.test_credential_problem_report_handler.TestCredentialProblemReportHandler" name="test_called_x" file="aries_cloudagent/protocols/issue_credential/v1_0/handlers/tests/test_credential_problem_report_handler.py" line="42" time="0.362" /><testcase classname="aries_cloudagent.protocols.issue_credential.v1_0.handlers.tests.test_credential_proposal_handler" name="ruff" file="aries_cloudagent/protocols/issue_credential/v1_0/handlers/tests/test_credential_proposal_handler.py" time="0.038" /><testcase classname="aries_cloudagent.protocols.issue_credential.v1_0.handlers.tests.test_credential_proposal_handler.TestCredentialProposalHandler" name="test_called" file="aries_cloudagent/protocols/issue_credential/v1_0/handlers/tests/test_credential_proposal_handler.py" line="13" time="0.114" /><testcase classname="aries_cloudagent.protocols.issue_credential.v1_0.handlers.tests.test_credential_proposal_handler.TestCredentialProposalHandler" name="test_called_auto_offer" file="aries_cloudagent/protocols/issue_credential/v1_0/handlers/tests/test_credential_proposal_handler.py" line="37" time="0.091" /><testcase classname="aries_cloudagent.protocols.issue_credential.v1_0.handlers.tests.test_credential_proposal_handler.TestCredentialProposalHandler" name="test_called_auto_offer_x" file="aries_cloudagent/protocols/issue_credential/v1_0/handlers/tests/test_credential_proposal_handler.py" line="68" time="0.119" /><testcase classname="aries_cloudagent.protocols.issue_credential.v1_0.handlers.tests.test_credential_proposal_handler.TestCredentialProposalHandler" name="test_called_no_connection" file="aries_cloudagent/protocols/issue_credential/v1_0/handlers/tests/test_credential_proposal_handler.py" line="119" time="0.007" /><testcase classname="aries_cloudagent.protocols.issue_credential.v1_0.handlers.tests.test_credential_proposal_handler.TestCredentialProposalHandler" name="test_called_not_ready" file="aries_cloudagent/protocols/issue_credential/v1_0/handlers/tests/test_credential_proposal_handler.py" line="97" time="0.097" /><testcase classname="aries_cloudagent.protocols.issue_credential.v1_0.handlers.tests.test_credential_request_handler" name="ruff" file="aries_cloudagent/protocols/issue_credential/v1_0/handlers/tests/test_credential_request_handler.py" time="0.037" /><testcase classname="aries_cloudagent.protocols.issue_credential.v1_0.handlers.tests.test_credential_request_handler.TestCredentialRequestHandler" name="test_called" file="aries_cloudagent/protocols/issue_credential/v1_0/handlers/tests/test_credential_request_handler.py" line="18" time="0.130" /><testcase classname="aries_cloudagent.protocols.issue_credential.v1_0.handlers.tests.test_credential_request_handler.TestCredentialRequestHandler" name="test_called_auto_issue" file="aries_cloudagent/protocols/issue_credential/v1_0/handlers/tests/test_credential_request_handler.py" line="53" time="0.107" /><testcase classname="aries_cloudagent.protocols.issue_credential.v1_0.handlers.tests.test_credential_request_handler.TestCredentialRequestHandler" name="test_called_auto_issue_no_preview" file="aries_cloudagent/protocols/issue_credential/v1_0/handlers/tests/test_credential_request_handler.py" line="157" time="0.106" /><testcase classname="aries_cloudagent.protocols.issue_credential.v1_0.handlers.tests.test_credential_request_handler.TestCredentialRequestHandler" name="test_called_auto_issue_x" file="aries_cloudagent/protocols/issue_credential/v1_0/handlers/tests/test_credential_request_handler.py" line="108" time="0.104" /><testcase classname="aries_cloudagent.protocols.issue_credential.v1_0.handlers.tests.test_credential_request_handler.TestCredentialRequestHandler" name="test_called_no_connection_no_oob" file="aries_cloudagent/protocols/issue_credential/v1_0/handlers/tests/test_credential_request_handler.py" line="223" time="0.094" /><testcase classname="aries_cloudagent.protocols.issue_credential.v1_0.handlers.tests.test_credential_request_handler.TestCredentialRequestHandler" name="test_called_not_ready" file="aries_cloudagent/protocols/issue_credential/v1_0/handlers/tests/test_credential_request_handler.py" line="201" time="0.091" /><testcase classname="aries_cloudagent.protocols.issue_credential.v1_0.messages.__init__" name="ruff" file="aries_cloudagent/protocols/issue_credential/v1_0/messages/__init__.py" time="0.034" /><testcase classname="aries_cloudagent.protocols.issue_credential.v1_0.messages.credential_ack" name="ruff" file="aries_cloudagent/protocols/issue_credential/v1_0/messages/credential_ack.py" time="0.047" /><testcase classname="aries_cloudagent.protocols.issue_credential.v1_0.messages.credential_exchange_webhook" name="ruff" file="aries_cloudagent/protocols/issue_credential/v1_0/messages/credential_exchange_webhook.py" time="0.062" /><testcase classname="aries_cloudagent.protocols.issue_credential.v1_0.messages.credential_issue" name="ruff" file="aries_cloudagent/protocols/issue_credential/v1_0/messages/credential_issue.py" time="0.044" /><testcase classname="aries_cloudagent.protocols.issue_credential.v1_0.messages.credential_offer" name="ruff" file="aries_cloudagent/protocols/issue_credential/v1_0/messages/credential_offer.py" time="0.049" /><testcase classname="aries_cloudagent.protocols.issue_credential.v1_0.messages.credential_problem_report" name="ruff" file="aries_cloudagent/protocols/issue_credential/v1_0/messages/credential_problem_report.py" time="0.035" /><testcase classname="aries_cloudagent.protocols.issue_credential.v1_0.messages.credential_proposal" name="ruff" file="aries_cloudagent/protocols/issue_credential/v1_0/messages/credential_proposal.py" time="0.043" /><testcase classname="aries_cloudagent.protocols.issue_credential.v1_0.messages.credential_request" name="ruff" file="aries_cloudagent/protocols/issue_credential/v1_0/messages/credential_request.py" time="0.039" /><testcase classname="aries_cloudagent.protocols.issue_credential.v1_0.messages.inner.__init__" name="ruff" file="aries_cloudagent/protocols/issue_credential/v1_0/messages/inner/__init__.py" time="0.041" /><testcase classname="aries_cloudagent.protocols.issue_credential.v1_0.messages.inner.credential_preview" name="ruff" file="aries_cloudagent/protocols/issue_credential/v1_0/messages/inner/credential_preview.py" time="0.043" /><testcase classname="aries_cloudagent.protocols.issue_credential.v1_0.messages.inner.tests.__init__" name="ruff" file="aries_cloudagent/protocols/issue_credential/v1_0/messages/inner/tests/__init__.py" time="0.041" /><testcase classname="aries_cloudagent.protocols.issue_credential.v1_0.messages.inner.tests.test_credential_preview" name="ruff" file="aries_cloudagent/protocols/issue_credential/v1_0/messages/inner/tests/test_credential_preview.py" time="0.043" /><testcase classname="aries_cloudagent.protocols.issue_credential.v1_0.messages.inner.tests.test_credential_preview.TestCredAttrSpec" name="test_eq" file="aries_cloudagent/protocols/issue_credential/v1_0/messages/inner/tests/test_credential_preview.py" line="22" time="0.003" /><testcase classname="aries_cloudagent.protocols.issue_credential.v1_0.messages.inner.tests.test_credential_preview.TestCredentialPreview" name="test_deserialize" file="aries_cloudagent/protocols/issue_credential/v1_0/messages/inner/tests/test_credential_preview.py" line="73" time="0.004" /><testcase classname="aries_cloudagent.protocols.issue_credential.v1_0.messages.inner.tests.test_credential_preview.TestCredentialPreview" name="test_init" file="aries_cloudagent/protocols/issue_credential/v1_0/messages/inner/tests/test_credential_preview.py" line="49" time="0.002" /><testcase classname="aries_cloudagent.protocols.issue_credential.v1_0.messages.inner.tests.test_credential_preview.TestCredentialPreview" name="test_preview" file="aries_cloudagent/protocols/issue_credential/v1_0/messages/inner/tests/test_credential_preview.py" line="57" time="0.002" /><testcase classname="aries_cloudagent.protocols.issue_credential.v1_0.messages.inner.tests.test_credential_preview.TestCredentialPreview" name="test_serialize" file="aries_cloudagent/protocols/issue_credential/v1_0/messages/inner/tests/test_credential_preview.py" line="86" time="0.004" /><testcase classname="aries_cloudagent.protocols.issue_credential.v1_0.messages.inner.tests.test_credential_preview.TestCredentialPreview" name="test_type" file="aries_cloudagent/protocols/issue_credential/v1_0/messages/inner/tests/test_credential_preview.py" line="53" time="0.004" /><testcase classname="aries_cloudagent.protocols.issue_credential.v1_0.messages.inner.tests.test_credential_preview.TestCredentialPreviewSchema" name="test_make_model" file="aries_cloudagent/protocols/issue_credential/v1_0/messages/inner/tests/test_credential_preview.py" line="103" time="0.007" /><testcase classname="aries_cloudagent.protocols.issue_credential.v1_0.messages.tests.__init__" name="ruff" file="aries_cloudagent/protocols/issue_credential/v1_0/messages/tests/__init__.py" time="0.040" /><testcase classname="aries_cloudagent.protocols.issue_credential.v1_0.messages.tests.test_credential_ack" name="ruff" file="aries_cloudagent/protocols/issue_credential/v1_0/messages/tests/test_credential_ack.py" time="0.047" /><testcase classname="aries_cloudagent.protocols.issue_credential.v1_0.messages.tests.test_credential_ack.TestCredentialAck" name="test_deserialize" file="aries_cloudagent/protocols/issue_credential/v1_0/messages/tests/test_credential_ack.py" line="23" time="0.012" /><testcase classname="aries_cloudagent.protocols.issue_credential.v1_0.messages.tests.test_credential_ack.TestCredentialAck" name="test_init" file="aries_cloudagent/protocols/issue_credential/v1_0/messages/tests/test_credential_ack.py" line="13" time="0.003" /><testcase classname="aries_cloudagent.protocols.issue_credential.v1_0.messages.tests.test_credential_ack.TestCredentialAck" name="test_make_model" file="aries_cloudagent/protocols/issue_credential/v1_0/messages/tests/test_credential_ack.py" line="47" time="0.004" /><testcase classname="aries_cloudagent.protocols.issue_credential.v1_0.messages.tests.test_credential_ack.TestCredentialAck" name="test_serialize" file="aries_cloudagent/protocols/issue_credential/v1_0/messages/tests/test_credential_ack.py" line="35" time="0.014" /><testcase classname="aries_cloudagent.protocols.issue_credential.v1_0.messages.tests.test_credential_ack.TestCredentialAck" name="test_type" file="aries_cloudagent/protocols/issue_credential/v1_0/messages/tests/test_credential_ack.py" line="17" time="0.003" /><testcase classname="aries_cloudagent.protocols.issue_credential.v1_0.messages.tests.test_credential_issue" name="ruff" file="aries_cloudagent/protocols/issue_credential/v1_0/messages/tests/test_credential_issue.py" time="0.059" /><testcase classname="aries_cloudagent.protocols.issue_credential.v1_0.messages.tests.test_credential_issue.TestCredentialIssue" name="test_deserialize" file="aries_cloudagent/protocols/issue_credential/v1_0/messages/tests/test_credential_issue.py" line="109" time="0.006" /><testcase classname="aries_cloudagent.protocols.issue_credential.v1_0.messages.tests.test_credential_issue.TestCredentialIssue" name="test_init" file="aries_cloudagent/protocols/issue_credential/v1_0/messages/tests/test_credential_issue.py" line="80" time="0.005" /><testcase classname="aries_cloudagent.protocols.issue_credential.v1_0.messages.tests.test_credential_issue.TestCredentialIssue" name="test_serialize" file="aries_cloudagent/protocols/issue_credential/v1_0/messages/tests/test_credential_issue.py" line="123" time="0.004" /><testcase classname="aries_cloudagent.protocols.issue_credential.v1_0.messages.tests.test_credential_issue.TestCredentialIssue" name="test_type" file="aries_cloudagent/protocols/issue_credential/v1_0/messages/tests/test_credential_issue.py" line="95" time="0.003" /><testcase classname="aries_cloudagent.protocols.issue_credential.v1_0.messages.tests.test_credential_issue.TestCredentialIssueSchema" name="test_make_model" file="aries_cloudagent/protocols/issue_credential/v1_0/messages/tests/test_credential_issue.py" line="146" time="0.012" /><testcase classname="aries_cloudagent.protocols.issue_credential.v1_0.messages.tests.test_credential_offer" name="ruff" file="aries_cloudagent/protocols/issue_credential/v1_0/messages/tests/test_credential_offer.py" time="0.047" /><testcase classname="aries_cloudagent.protocols.issue_credential.v1_0.messages.tests.test_credential_offer.TestCredentialOffer" name="test_deserialize" file="aries_cloudagent/protocols/issue_credential/v1_0/messages/tests/test_credential_offer.py" line="85" time="0.008" /><testcase classname="aries_cloudagent.protocols.issue_credential.v1_0.messages.tests.test_credential_offer.TestCredentialOffer" name="test_init" file="aries_cloudagent/protocols/issue_credential/v1_0/messages/tests/test_credential_offer.py" line="54" time="0.003" /><testcase classname="aries_cloudagent.protocols.issue_credential.v1_0.messages.tests.test_credential_offer.TestCredentialOffer" name="test_serialize" file="aries_cloudagent/protocols/issue_credential/v1_0/messages/tests/test_credential_offer.py" line="99" time="0.004" /><testcase classname="aries_cloudagent.protocols.issue_credential.v1_0.messages.tests.test_credential_offer.TestCredentialOffer" name="test_type" file="aries_cloudagent/protocols/issue_credential/v1_0/messages/tests/test_credential_offer.py" line="70" time="0.005" /><testcase classname="aries_cloudagent.protocols.issue_credential.v1_0.messages.tests.test_credential_offer.TestCredentialOfferSchema" name="test_make_model" file="aries_cloudagent/protocols/issue_credential/v1_0/messages/tests/test_credential_offer.py" line="132" time="0.013" /><testcase classname="aries_cloudagent.protocols.issue_credential.v1_0.messages.tests.test_credential_problem_report" name="ruff" file="aries_cloudagent/protocols/issue_credential/v1_0/messages/tests/test_credential_problem_report.py" time="0.049" /><testcase classname="aries_cloudagent.protocols.issue_credential.v1_0.messages.tests.test_credential_problem_report.TestCredentialProblemReport" name="test_deserialize" file="aries_cloudagent/protocols/issue_credential/v1_0/messages/tests/test_credential_problem_report.py" line="38" time="0.011" /><testcase classname="aries_cloudagent.protocols.issue_credential.v1_0.messages.tests.test_credential_problem_report.TestCredentialProblemReport" name="test_init_type" file="aries_cloudagent/protocols/issue_credential/v1_0/messages/tests/test_credential_problem_report.py" line="23" time="0.002" /><testcase classname="aries_cloudagent.protocols.issue_credential.v1_0.messages.tests.test_credential_problem_report.TestCredentialProblemReport" name="test_make_model" file="aries_cloudagent/protocols/issue_credential/v1_0/messages/tests/test_credential_problem_report.py" line="76" time="0.011" /><testcase classname="aries_cloudagent.protocols.issue_credential.v1_0.messages.tests.test_credential_problem_report.TestCredentialProblemReport" name="test_serialize" file="aries_cloudagent/protocols/issue_credential/v1_0/messages/tests/test_credential_problem_report.py" line="57" time="0.007" /><testcase classname="aries_cloudagent.protocols.issue_credential.v1_0.messages.tests.test_credential_problem_report.TestCredentialProblemReport" name="test_validate_and_logger" file="aries_cloudagent/protocols/issue_credential/v1_0/messages/tests/test_credential_problem_report.py" line="100" time="0.008" /><testcase classname="aries_cloudagent.protocols.issue_credential.v1_0.messages.tests.test_credential_problem_report.TestCredentialProblemReport" name="test_validate_x" file="aries_cloudagent/protocols/issue_credential/v1_0/messages/tests/test_credential_problem_report.py" line="94" time="0.005" /><testcase classname="aries_cloudagent.protocols.issue_credential.v1_0.messages.tests.test_credential_proposal" name="ruff" file="aries_cloudagent/protocols/issue_credential/v1_0/messages/tests/test_credential_proposal.py" time="0.052" /><testcase classname="aries_cloudagent.protocols.issue_credential.v1_0.messages.tests.test_credential_proposal.TestCredentialProposal" name="test_deserialize" file="aries_cloudagent/protocols/issue_credential/v1_0/messages/tests/test_credential_proposal.py" line="44" time="0.010" /><testcase classname="aries_cloudagent.protocols.issue_credential.v1_0.messages.tests.test_credential_proposal.TestCredentialProposal" name="test_init" file="aries_cloudagent/protocols/issue_credential/v1_0/messages/tests/test_credential_proposal.py" line="21" time="0.007" /><testcase classname="aries_cloudagent.protocols.issue_credential.v1_0.messages.tests.test_credential_proposal.TestCredentialProposal" name="test_serialize" file="aries_cloudagent/protocols/issue_credential/v1_0/messages/tests/test_credential_proposal.py" line="62" time="0.004" /><testcase classname="aries_cloudagent.protocols.issue_credential.v1_0.messages.tests.test_credential_proposal.TestCredentialProposal" name="test_serialize_no_proposal" file="aries_cloudagent/protocols/issue_credential/v1_0/messages/tests/test_credential_proposal.py" line="90" time="0.003" /><testcase classname="aries_cloudagent.protocols.issue_credential.v1_0.messages.tests.test_credential_proposal.TestCredentialProposal" name="test_type" file="aries_cloudagent/protocols/issue_credential/v1_0/messages/tests/test_credential_proposal.py" line="31" time="0.004" /><testcase classname="aries_cloudagent.protocols.issue_credential.v1_0.messages.tests.test_credential_proposal.TestCredentialProposalSchema" name="test_make_model" file="aries_cloudagent/protocols/issue_credential/v1_0/messages/tests/test_credential_proposal.py" line="142" time="0.023" /><testcase classname="aries_cloudagent.protocols.issue_credential.v1_0.messages.tests.test_credential_request" name="ruff" file="aries_cloudagent/protocols/issue_credential/v1_0/messages/tests/test_credential_request.py" time="0.047" /><testcase classname="aries_cloudagent.protocols.issue_credential.v1_0.messages.tests.test_credential_request.TestCredentialRequest" name="test_deserialize" file="aries_cloudagent/protocols/issue_credential/v1_0/messages/tests/test_credential_request.py" line="75" time="0.010" /><testcase classname="aries_cloudagent.protocols.issue_credential.v1_0.messages.tests.test_credential_request.TestCredentialRequest" name="test_init" file="aries_cloudagent/protocols/issue_credential/v1_0/messages/tests/test_credential_request.py" line="45" time="0.005" /><testcase classname="aries_cloudagent.protocols.issue_credential.v1_0.messages.tests.test_credential_request.TestCredentialRequest" name="test_serialize" file="aries_cloudagent/protocols/issue_credential/v1_0/messages/tests/test_credential_request.py" line="90" time="0.005" /><testcase classname="aries_cloudagent.protocols.issue_credential.v1_0.messages.tests.test_credential_request.TestCredentialRequest" name="test_type" file="aries_cloudagent/protocols/issue_credential/v1_0/messages/tests/test_credential_request.py" line="59" time="0.005" /><testcase classname="aries_cloudagent.protocols.issue_credential.v1_0.messages.tests.test_credential_request.TestCredentialRequestSchema" name="test_make_model" file="aries_cloudagent/protocols/issue_credential/v1_0/messages/tests/test_credential_request.py" line="126" time="0.008" /><testcase classname="aries_cloudagent.protocols.issue_credential.v1_0.models.__init__" name="ruff" file="aries_cloudagent/protocols/issue_credential/v1_0/models/__init__.py" time="0.042" /><testcase classname="aries_cloudagent.protocols.issue_credential.v1_0.models.credential_exchange" name="ruff" file="aries_cloudagent/protocols/issue_credential/v1_0/models/credential_exchange.py" time="0.046" /><testcase classname="aries_cloudagent.protocols.issue_credential.v1_0.models.tests.__init__" name="ruff" file="aries_cloudagent/protocols/issue_credential/v1_0/models/tests/__init__.py" time="0.040" /><testcase classname="aries_cloudagent.protocols.issue_credential.v1_0.models.tests.test_credential_exchange" name="ruff" file="aries_cloudagent/protocols/issue_credential/v1_0/models/tests/test_credential_exchange.py" time="0.051" /><testcase classname="aries_cloudagent.protocols.issue_credential.v1_0.models.tests.test_credential_exchange.TestV10CredentialExchange" name="test_save_error_state" file="aries_cloudagent/protocols/issue_credential/v1_0/models/tests/test_credential_exchange.py" line="71" time="0.032" /><testcase classname="aries_cloudagent.protocols.issue_credential.v1_0.models.tests.test_credential_exchange.TestV10CredentialExchange" name="test_serde" file="aries_cloudagent/protocols/issue_credential/v1_0/models/tests/test_credential_exchange.py" line="35" time="0.041" /><testcase classname="aries_cloudagent.protocols.issue_credential.v1_0.tests.__init__" name="ruff" file="aries_cloudagent/protocols/issue_credential/v1_0/tests/__init__.py" time="0.047" /><testcase classname="aries_cloudagent.protocols.issue_credential.v1_0.tests.test_manager" name="ruff" file="aries_cloudagent/protocols/issue_credential/v1_0/tests/test_manager.py" time="0.053" /><testcase classname="aries_cloudagent.protocols.issue_credential.v1_0.tests.test_manager.TestCredentialManager" name="test_create_bound_offer" file="aries_cloudagent/protocols/issue_credential/v1_0/tests/test_manager.py" line="395" time="0.074" /><testcase classname="aries_cloudagent.protocols.issue_credential.v1_0.tests.test_manager.TestCredentialManager" name="test_create_bound_offer_no_cred_def" file="aries_cloudagent/protocols/issue_credential/v1_0/tests/test_manager.py" line="466" time="0.045" /><testcase classname="aries_cloudagent.protocols.issue_credential.v1_0.tests.test_manager.TestCredentialManager" name="test_create_free_offer" file="aries_cloudagent/protocols/issue_credential/v1_0/tests/test_manager.py" line="258" time="0.071" /><testcase classname="aries_cloudagent.protocols.issue_credential.v1_0.tests.test_manager.TestCredentialManager" name="test_create_free_offer_attr_mismatch" file="aries_cloudagent/protocols/issue_credential/v1_0/tests/test_manager.py" line="334" time="0.050" /><testcase classname="aries_cloudagent.protocols.issue_credential.v1_0.tests.test_manager.TestCredentialManager" name="test_create_proposal" file="aries_cloudagent/protocols/issue_credential/v1_0/tests/test_manager.py" line="149" time="0.037" /><testcase classname="aries_cloudagent.protocols.issue_credential.v1_0.tests.test_manager.TestCredentialManager" name="test_create_proposal_no_preview" file="aries_cloudagent/protocols/issue_credential/v1_0/tests/test_manager.py" line="192" time="0.027" /><testcase classname="aries_cloudagent.protocols.issue_credential.v1_0.tests.test_manager.TestCredentialManager" name="test_create_request" file="aries_cloudagent/protocols/issue_credential/v1_0/tests/test_manager.py" line="598" time="0.061" /><testcase classname="aries_cloudagent.protocols.issue_credential.v1_0.tests.test_manager.TestCredentialManager" name="test_create_request_bad_state" file="aries_cloudagent/protocols/issue_credential/v1_0/tests/test_manager.py" line="722" time="0.036" /><testcase classname="aries_cloudagent.protocols.issue_credential.v1_0.tests.test_manager.TestCredentialManager" name="test_create_request_no_cache" file="aries_cloudagent/protocols/issue_credential/v1_0/tests/test_manager.py" line="666" time="0.054" /><testcase classname="aries_cloudagent.protocols.issue_credential.v1_0.tests.test_manager.TestCredentialManager" name="test_issue_credential_fills_rr" file="aries_cloudagent/protocols/issue_credential/v1_0/tests/test_manager.py" line="1018" time="0.177" /><testcase classname="aries_cloudagent.protocols.issue_credential.v1_0.tests.test_manager.TestCredentialManager" name="test_issue_credential_no_active_rr_no_retries" file="aries_cloudagent/protocols/issue_credential/v1_0/tests/test_manager.py" line="1120" time="0.160" /><testcase classname="aries_cloudagent.protocols.issue_credential.v1_0.tests.test_manager.TestCredentialManager" name="test_issue_credential_no_active_rr_retry" file="aries_cloudagent/protocols/issue_credential/v1_0/tests/test_manager.py" line="1184" time="0.109" /><testcase classname="aries_cloudagent.protocols.issue_credential.v1_0.tests.test_manager.TestCredentialManager" name="test_issue_credential_non_revocable" file="aries_cloudagent/protocols/issue_credential/v1_0/tests/test_manager.py" line="943" time="0.051" /><testcase classname="aries_cloudagent.protocols.issue_credential.v1_0.tests.test_manager.TestCredentialManager" name="test_issue_credential_request_bad_state" file="aries_cloudagent/protocols/issue_credential/v1_0/tests/test_manager.py" line="1099" time="0.037" /><testcase classname="aries_cloudagent.protocols.issue_credential.v1_0.tests.test_manager.TestCredentialManager" name="test_issue_credential_revocable" file="aries_cloudagent/protocols/issue_credential/v1_0/tests/test_manager.py" line="860" time="0.155" /><testcase classname="aries_cloudagent.protocols.issue_credential.v1_0.tests.test_manager.TestCredentialManager" name="test_prepare_send" file="aries_cloudagent/protocols/issue_credential/v1_0/tests/test_manager.py" line="120" time="0.039" /><testcase classname="aries_cloudagent.protocols.issue_credential.v1_0.tests.test_manager.TestCredentialManager" name="test_receive_credential" file="aries_cloudagent/protocols/issue_credential/v1_0/tests/test_manager.py" line="1236" time="0.048" /><testcase classname="aries_cloudagent.protocols.issue_credential.v1_0.tests.test_manager.TestCredentialManager" name="test_receive_credential_ack" file="aries_cloudagent/protocols/issue_credential/v1_0/tests/test_manager.py" line="1544" time="0.054" /><testcase classname="aries_cloudagent.protocols.issue_credential.v1_0.tests.test_manager.TestCredentialManager" name="test_receive_free_offer" file="aries_cloudagent/protocols/issue_credential/v1_0/tests/test_manager.py" line="561" time="0.040" /><testcase classname="aries_cloudagent.protocols.issue_credential.v1_0.tests.test_manager.TestCredentialManager" name="test_receive_offer_proposed" file="aries_cloudagent/protocols/issue_credential/v1_0/tests/test_manager.py" line="507" time="0.057" /><testcase classname="aries_cloudagent.protocols.issue_credential.v1_0.tests.test_manager.TestCredentialManager" name="test_receive_problem_report" file="aries_cloudagent/protocols/issue_credential/v1_0/tests/test_manager.py" line="1581" time="0.042" /><testcase classname="aries_cloudagent.protocols.issue_credential.v1_0.tests.test_manager.TestCredentialManager" name="test_receive_problem_report_x" file="aries_cloudagent/protocols/issue_credential/v1_0/tests/test_manager.py" line="1617" time="0.027" /><testcase classname="aries_cloudagent.protocols.issue_credential.v1_0.tests.test_manager.TestCredentialManager" name="test_receive_proposal" file="aries_cloudagent/protocols/issue_credential/v1_0/tests/test_manager.py" line="220" time="0.047" /><testcase classname="aries_cloudagent.protocols.issue_credential.v1_0.tests.test_manager.TestCredentialManager" name="test_receive_request" file="aries_cloudagent/protocols/issue_credential/v1_0/tests/test_manager.py" line="744" time="0.051" /><testcase classname="aries_cloudagent.protocols.issue_credential.v1_0.tests.test_manager.TestCredentialManager" name="test_receive_request_no_connection_cred_request" file="aries_cloudagent/protocols/issue_credential/v1_0/tests/test_manager.py" line="782" time="0.054" /><testcase classname="aries_cloudagent.protocols.issue_credential.v1_0.tests.test_manager.TestCredentialManager" name="test_receive_request_no_cred_ex_with_offer_found" file="aries_cloudagent/protocols/issue_credential/v1_0/tests/test_manager.py" line="823" time="0.061" /><testcase classname="aries_cloudagent.protocols.issue_credential.v1_0.tests.test_manager.TestCredentialManager" name="test_record_eq" file="aries_cloudagent/protocols/issue_credential/v1_0/tests/test_manager.py" line="83" time="0.028" /><testcase classname="aries_cloudagent.protocols.issue_credential.v1_0.tests.test_manager.TestCredentialManager" name="test_retrieve_records" file="aries_cloudagent/protocols/issue_credential/v1_0/tests/test_manager.py" line="1636" time="0.045" /><testcase classname="aries_cloudagent.protocols.issue_credential.v1_0.tests.test_manager.TestCredentialManager" name="test_send_credential_ack" file="aries_cloudagent/protocols/issue_credential/v1_0/tests/test_manager.py" line="1506" time="0.050" /><testcase classname="aries_cloudagent.protocols.issue_credential.v1_0.tests.test_manager.TestCredentialManager" name="test_store_credential" file="aries_cloudagent/protocols/issue_credential/v1_0/tests/test_manager.py" line="1274" time="0.113" /><testcase classname="aries_cloudagent.protocols.issue_credential.v1_0.tests.test_manager.TestCredentialManager" name="test_store_credential_bad_state" file="aries_cloudagent/protocols/issue_credential/v1_0/tests/test_manager.py" line="1358" time="0.035" /><testcase classname="aries_cloudagent.protocols.issue_credential.v1_0.tests.test_manager.TestCredentialManager" name="test_store_credential_holder_store_indy_error" file="aries_cloudagent/protocols/issue_credential/v1_0/tests/test_manager.py" line="1458" time="0.054" /><testcase classname="aries_cloudagent.protocols.issue_credential.v1_0.tests.test_manager.TestCredentialManager" name="test_store_credential_no_preview" file="aries_cloudagent/protocols/issue_credential/v1_0/tests/test_manager.py" line="1382" time="0.070" /><testcase classname="aries_cloudagent.protocols.issue_credential.v1_0.tests.test_routes" name="ruff" file="aries_cloudagent/protocols/issue_credential/v1_0/tests/test_routes.py" time="0.042" /><testcase classname="aries_cloudagent.protocols.issue_credential.v1_0.tests.test_routes.TestCredentialRoutes" name="test_credential_exchange_create" file="aries_cloudagent/protocols/issue_credential/v1_0/tests/test_routes.py" line="116" time="0.266" /><testcase classname="aries_cloudagent.protocols.issue_credential.v1_0.tests.test_routes.TestCredentialRoutes" name="test_credential_exchange_create_free_offer" file="aries_cloudagent/protocols/issue_credential/v1_0/tests/test_routes.py" line="423" time="0.235" /><testcase classname="aries_cloudagent.protocols.issue_credential.v1_0.tests.test_routes.TestCredentialRoutes" name="test_credential_exchange_create_free_offer_deser_x" file="aries_cloudagent/protocols/issue_credential/v1_0/tests/test_routes.py" line="495" time="0.451" /><testcase classname="aries_cloudagent.protocols.issue_credential.v1_0.tests.test_routes.TestCredentialRoutes" name="test_credential_exchange_create_free_offer_no_conn_id_no_public_did" file="aries_cloudagent/protocols/issue_credential/v1_0/tests/test_routes.py" line="476" time="0.022" /><testcase classname="aries_cloudagent.protocols.issue_credential.v1_0.tests.test_routes.TestCredentialRoutes" name="test_credential_exchange_create_free_offer_no_cred_def_id" file="aries_cloudagent/protocols/issue_credential/v1_0/tests/test_routes.py" line="456" time="0.016" /><testcase classname="aries_cloudagent.protocols.issue_credential.v1_0.tests.test_routes.TestCredentialRoutes" name="test_credential_exchange_create_free_offer_no_preview" file="aries_cloudagent/protocols/issue_credential/v1_0/tests/test_routes.py" line="469" time="0.016" /><testcase classname="aries_cloudagent.protocols.issue_credential.v1_0.tests.test_routes.TestCredentialRoutes" name="test_credential_exchange_create_free_offer_x" file="aries_cloudagent/protocols/issue_credential/v1_0/tests/test_routes.py" line="520" time="0.250" /><testcase classname="aries_cloudagent.protocols.issue_credential.v1_0.tests.test_routes.TestCredentialRoutes" name="test_credential_exchange_create_no_proposal" file="aries_cloudagent/protocols/issue_credential/v1_0/tests/test_routes.py" line="178" time="0.013" /><testcase classname="aries_cloudagent.protocols.issue_credential.v1_0.tests.test_routes.TestCredentialRoutes" name="test_credential_exchange_create_x" file="aries_cloudagent/protocols/issue_credential/v1_0/tests/test_routes.py" line="149" time="0.244" /><testcase classname="aries_cloudagent.protocols.issue_credential.v1_0.tests.test_routes.TestCredentialRoutes" name="test_credential_exchange_issue" file="aries_cloudagent/protocols/issue_credential/v1_0/tests/test_routes.py" line="976" time="0.316" /><testcase classname="aries_cloudagent.protocols.issue_credential.v1_0.tests.test_routes.TestCredentialRoutes" name="test_credential_exchange_issue_bad_cred_ex_id" file="aries_cloudagent/protocols/issue_credential/v1_0/tests/test_routes.py" line="1007" time="0.114" /><testcase classname="aries_cloudagent.protocols.issue_credential.v1_0.tests.test_routes.TestCredentialRoutes" name="test_credential_exchange_issue_deser_x" file="aries_cloudagent/protocols/issue_credential/v1_0/tests/test_routes.py" line="1118" time="0.307" /><testcase classname="aries_cloudagent.protocols.issue_credential.v1_0.tests.test_routes.TestCredentialRoutes" name="test_credential_exchange_issue_no_conn_record" file="aries_cloudagent/protocols/issue_credential/v1_0/tests/test_routes.py" line="1022" time="0.332" /><testcase classname="aries_cloudagent.protocols.issue_credential.v1_0.tests.test_routes.TestCredentialRoutes" name="test_credential_exchange_issue_not_ready" file="aries_cloudagent/protocols/issue_credential/v1_0/tests/test_routes.py" line="1057" time="0.342" /><testcase classname="aries_cloudagent.protocols.issue_credential.v1_0.tests.test_routes.TestCredentialRoutes" name="test_credential_exchange_issue_rev_reg_full" file="aries_cloudagent/protocols/issue_credential/v1_0/tests/test_routes.py" line="1086" time="0.378" /><testcase classname="aries_cloudagent.protocols.issue_credential.v1_0.tests.test_routes.TestCredentialRoutes" name="test_credential_exchange_list" file="aries_cloudagent/protocols/issue_credential/v1_0/tests/test_routes.py" line="26" time="0.126" /><testcase classname="aries_cloudagent.protocols.issue_credential.v1_0.tests.test_routes.TestCredentialRoutes" name="test_credential_exchange_list_x" file="aries_cloudagent/protocols/issue_credential/v1_0/tests/test_routes.py" line="48" time="0.143" /><testcase classname="aries_cloudagent.protocols.issue_credential.v1_0.tests.test_routes.TestCredentialRoutes" name="test_credential_exchange_problem_report" file="aries_cloudagent/protocols/issue_credential/v1_0/tests/test_routes.py" line="1372" time="0.380" /><testcase classname="aries_cloudagent.protocols.issue_credential.v1_0.tests.test_routes.TestCredentialRoutes" name="test_credential_exchange_problem_report_bad_cred_ex_id" file="aries_cloudagent/protocols/issue_credential/v1_0/tests/test_routes.py" line="1403" time="0.347" /><testcase classname="aries_cloudagent.protocols.issue_credential.v1_0.tests.test_routes.TestCredentialRoutes" name="test_credential_exchange_problem_report_x" file="aries_cloudagent/protocols/issue_credential/v1_0/tests/test_routes.py" line="1419" time="0.160" /><testcase classname="aries_cloudagent.protocols.issue_credential.v1_0.tests.test_routes.TestCredentialRoutes" name="test_credential_exchange_remove" file="aries_cloudagent/protocols/issue_credential/v1_0/tests/test_routes.py" line="1326" time="0.125" /><testcase classname="aries_cloudagent.protocols.issue_credential.v1_0.tests.test_routes.TestCredentialRoutes" name="test_credential_exchange_remove_bad_cred_ex_id" file="aries_cloudagent/protocols/issue_credential/v1_0/tests/test_routes.py" line="1343" time="0.125" /><testcase classname="aries_cloudagent.protocols.issue_credential.v1_0.tests.test_routes.TestCredentialRoutes" name="test_credential_exchange_remove_x" file="aries_cloudagent/protocols/issue_credential/v1_0/tests/test_routes.py" line="1357" time="0.123" /><testcase classname="aries_cloudagent.protocols.issue_credential.v1_0.tests.test_routes.TestCredentialRoutes" name="test_credential_exchange_retrieve" file="aries_cloudagent/protocols/issue_credential/v1_0/tests/test_routes.py" line="67" time="0.102" /><testcase classname="aries_cloudagent.protocols.issue_credential.v1_0.tests.test_routes.TestCredentialRoutes" name="test_credential_exchange_retrieve_not_found" file="aries_cloudagent/protocols/issue_credential/v1_0/tests/test_routes.py" line="86" time="0.129" /><testcase classname="aries_cloudagent.protocols.issue_credential.v1_0.tests.test_routes.TestCredentialRoutes" name="test_credential_exchange_retrieve_x" file="aries_cloudagent/protocols/issue_credential/v1_0/tests/test_routes.py" line="100" time="0.118" /><testcase classname="aries_cloudagent.protocols.issue_credential.v1_0.tests.test_routes.TestCredentialRoutes" name="test_credential_exchange_send" file="aries_cloudagent/protocols/issue_credential/v1_0/tests/test_routes.py" line="187" time="0.292" /><testcase classname="aries_cloudagent.protocols.issue_credential.v1_0.tests.test_routes.TestCredentialRoutes" name="test_credential_exchange_send_bound_offer" file="aries_cloudagent/protocols/issue_credential/v1_0/tests/test_routes.py" line="691" time="0.343" /><testcase classname="aries_cloudagent.protocols.issue_credential.v1_0.tests.test_routes.TestCredentialRoutes" name="test_credential_exchange_send_bound_offer_bad_cred_ex_id" file="aries_cloudagent/protocols/issue_credential/v1_0/tests/test_routes.py" line="724" time="0.117" /><testcase classname="aries_cloudagent.protocols.issue_credential.v1_0.tests.test_routes.TestCredentialRoutes" name="test_credential_exchange_send_bound_offer_bad_state" file="aries_cloudagent/protocols/issue_credential/v1_0/tests/test_routes.py" line="773" time="0.130" /><testcase classname="aries_cloudagent.protocols.issue_credential.v1_0.tests.test_routes.TestCredentialRoutes" name="test_credential_exchange_send_bound_offer_no_conn_record" file="aries_cloudagent/protocols/issue_credential/v1_0/tests/test_routes.py" line="739" time="0.391" /><testcase classname="aries_cloudagent.protocols.issue_credential.v1_0.tests.test_routes.TestCredentialRoutes" name="test_credential_exchange_send_bound_offer_not_ready" file="aries_cloudagent/protocols/issue_credential/v1_0/tests/test_routes.py" line="792" time="0.377" /><testcase classname="aries_cloudagent.protocols.issue_credential.v1_0.tests.test_routes.TestCredentialRoutes" name="test_credential_exchange_send_free_offer" file="aries_cloudagent/protocols/issue_credential/v1_0/tests/test_routes.py" line="553" time="0.231" /><testcase classname="aries_cloudagent.protocols.issue_credential.v1_0.tests.test_routes.TestCredentialRoutes" name="test_credential_exchange_send_free_offer_no_conn_record" file="aries_cloudagent/protocols/issue_credential/v1_0/tests/test_routes.py" line="606" time="0.253" /><testcase classname="aries_cloudagent.protocols.issue_credential.v1_0.tests.test_routes.TestCredentialRoutes" name="test_credential_exchange_send_free_offer_no_cred_def_id" file="aries_cloudagent/protocols/issue_credential/v1_0/tests/test_routes.py" line="586" time="0.011" /><testcase classname="aries_cloudagent.protocols.issue_credential.v1_0.tests.test_routes.TestCredentialRoutes" name="test_credential_exchange_send_free_offer_no_preview" file="aries_cloudagent/protocols/issue_credential/v1_0/tests/test_routes.py" line="596" time="0.012" /><testcase classname="aries_cloudagent.protocols.issue_credential.v1_0.tests.test_routes.TestCredentialRoutes" name="test_credential_exchange_send_free_offer_not_ready" file="aries_cloudagent/protocols/issue_credential/v1_0/tests/test_routes.py" line="634" time="0.477" /><testcase classname="aries_cloudagent.protocols.issue_credential.v1_0.tests.test_routes.TestCredentialRoutes" name="test_credential_exchange_send_free_offer_x" file="aries_cloudagent/protocols/issue_credential/v1_0/tests/test_routes.py" line="656" time="0.228" /><testcase classname="aries_cloudagent.protocols.issue_credential.v1_0.tests.test_routes.TestCredentialRoutes" name="test_credential_exchange_send_no_conn_record" file="aries_cloudagent/protocols/issue_credential/v1_0/tests/test_routes.py" line="229" time="0.236" /><testcase classname="aries_cloudagent.protocols.issue_credential.v1_0.tests.test_routes.TestCredentialRoutes" name="test_credential_exchange_send_no_proposal" file="aries_cloudagent/protocols/issue_credential/v1_0/tests/test_routes.py" line="220" time="0.013" /><testcase classname="aries_cloudagent.protocols.issue_credential.v1_0.tests.test_routes.TestCredentialRoutes" name="test_credential_exchange_send_not_ready" file="aries_cloudagent/protocols/issue_credential/v1_0/tests/test_routes.py" line="255" time="0.260" /><testcase classname="aries_cloudagent.protocols.issue_credential.v1_0.tests.test_routes.TestCredentialRoutes" name="test_credential_exchange_send_proposal" file="aries_cloudagent/protocols/issue_credential/v1_0/tests/test_routes.py" line="313" time="0.221" /><testcase classname="aries_cloudagent.protocols.issue_credential.v1_0.tests.test_routes.TestCredentialRoutes" name="test_credential_exchange_send_proposal_deser_x" file="aries_cloudagent/protocols/issue_credential/v1_0/tests/test_routes.py" line="363" time="0.019" /><testcase classname="aries_cloudagent.protocols.issue_credential.v1_0.tests.test_routes.TestCredentialRoutes" name="test_credential_exchange_send_proposal_no_conn_record" file="aries_cloudagent/protocols/issue_credential/v1_0/tests/test_routes.py" line="341" time="0.246" /><testcase classname="aries_cloudagent.protocols.issue_credential.v1_0.tests.test_routes.TestCredentialRoutes" name="test_credential_exchange_send_proposal_not_ready" file="aries_cloudagent/protocols/issue_credential/v1_0/tests/test_routes.py" line="378" time="0.222" /><testcase classname="aries_cloudagent.protocols.issue_credential.v1_0.tests.test_routes.TestCredentialRoutes" name="test_credential_exchange_send_proposal_x" file="aries_cloudagent/protocols/issue_credential/v1_0/tests/test_routes.py" line="399" time="0.197" /><testcase classname="aries_cloudagent.protocols.issue_credential.v1_0.tests.test_routes.TestCredentialRoutes" name="test_credential_exchange_send_request" file="aries_cloudagent/protocols/issue_credential/v1_0/tests/test_routes.py" line="823" time="0.308" /><testcase classname="aries_cloudagent.protocols.issue_credential.v1_0.tests.test_routes.TestCredentialRoutes" name="test_credential_exchange_send_request_bad_cred_ex_id" file="aries_cloudagent/protocols/issue_credential/v1_0/tests/test_routes.py" line="897" time="0.114" /><testcase classname="aries_cloudagent.protocols.issue_credential.v1_0.tests.test_routes.TestCredentialRoutes" name="test_credential_exchange_send_request_no_conn" file="aries_cloudagent/protocols/issue_credential/v1_0/tests/test_routes.py" line="854" time="0.256" /><testcase classname="aries_cloudagent.protocols.issue_credential.v1_0.tests.test_routes.TestCredentialRoutes" name="test_credential_exchange_send_request_no_conn_record" file="aries_cloudagent/protocols/issue_credential/v1_0/tests/test_routes.py" line="912" time="0.533" /><testcase classname="aries_cloudagent.protocols.issue_credential.v1_0.tests.test_routes.TestCredentialRoutes" name="test_credential_exchange_send_request_not_ready" file="aries_cloudagent/protocols/issue_credential/v1_0/tests/test_routes.py" line="945" time="0.292" /><testcase classname="aries_cloudagent.protocols.issue_credential.v1_0.tests.test_routes.TestCredentialRoutes" name="test_credential_exchange_send_x" file="aries_cloudagent/protocols/issue_credential/v1_0/tests/test_routes.py" line="279" time="0.247" /><testcase classname="aries_cloudagent.protocols.issue_credential.v1_0.tests.test_routes.TestCredentialRoutes" name="test_credential_exchange_store" file="aries_cloudagent/protocols/issue_credential/v1_0/tests/test_routes.py" line="1148" time="0.298" /><testcase classname="aries_cloudagent.protocols.issue_credential.v1_0.tests.test_routes.TestCredentialRoutes" name="test_credential_exchange_store_bad_cred_ex_id" file="aries_cloudagent/protocols/issue_credential/v1_0/tests/test_routes.py" line="1218" time="0.118" /><testcase classname="aries_cloudagent.protocols.issue_credential.v1_0.tests.test_routes.TestCredentialRoutes" name="test_credential_exchange_store_bad_cred_id_json" file="aries_cloudagent/protocols/issue_credential/v1_0/tests/test_routes.py" line="1182" time="0.273" /><testcase classname="aries_cloudagent.protocols.issue_credential.v1_0.tests.test_routes.TestCredentialRoutes" name="test_credential_exchange_store_no_conn_record" file="aries_cloudagent/protocols/issue_credential/v1_0/tests/test_routes.py" line="1233" time="0.314" /><testcase classname="aries_cloudagent.protocols.issue_credential.v1_0.tests.test_routes.TestCredentialRoutes" name="test_credential_exchange_store_not_ready" file="aries_cloudagent/protocols/issue_credential/v1_0/tests/test_routes.py" line="1269" time="0.320" /><testcase classname="aries_cloudagent.protocols.issue_credential.v1_0.tests.test_routes.TestCredentialRoutes" name="test_credential_exchange_store_x" file="aries_cloudagent/protocols/issue_credential/v1_0/tests/test_routes.py" line="1294" time="0.528" /><testcase classname="aries_cloudagent.protocols.issue_credential.v1_0.tests.test_routes.TestCredentialRoutes" name="test_post_process_routes" file="aries_cloudagent/protocols/issue_credential/v1_0/tests/test_routes.py" line="1450" time="0.013" /><testcase classname="aries_cloudagent.protocols.issue_credential.v1_0.tests.test_routes.TestCredentialRoutes" name="test_register" file="aries_cloudagent/protocols/issue_credential/v1_0/tests/test_routes.py" line="1443" time="0.018" /><testcase classname="aries_cloudagent.protocols.issue_credential.v2_0.__init__" name="ruff" file="aries_cloudagent/protocols/issue_credential/v2_0/__init__.py" time="0.043" /><testcase classname="aries_cloudagent.protocols.issue_credential.v2_0.controller" name="ruff" file="aries_cloudagent/protocols/issue_credential/v2_0/controller.py" time="0.040" /><testcase classname="aries_cloudagent.protocols.issue_credential.v2_0.manager" name="ruff" file="aries_cloudagent/protocols/issue_credential/v2_0/manager.py" time="0.045" /><testcase classname="aries_cloudagent.protocols.issue_credential.v2_0.message_types" name="ruff" file="aries_cloudagent/protocols/issue_credential/v2_0/message_types.py" time="0.041" /><testcase classname="aries_cloudagent.protocols.issue_credential.v2_0.routes" name="ruff" file="aries_cloudagent/protocols/issue_credential/v2_0/routes.py" time="0.053" /><testcase classname="aries_cloudagent.protocols.issue_credential.v2_0.formats.__init__" name="ruff" file="aries_cloudagent/protocols/issue_credential/v2_0/formats/__init__.py" time="0.037" /><testcase classname="aries_cloudagent.protocols.issue_credential.v2_0.formats.handler" name="ruff" file="aries_cloudagent/protocols/issue_credential/v2_0/formats/handler.py" time="0.047" /><testcase classname="aries_cloudagent.protocols.issue_credential.v2_0.formats.indy.__init__" name="ruff" file="aries_cloudagent/protocols/issue_credential/v2_0/formats/indy/__init__.py" time="0.048" /><testcase classname="aries_cloudagent.protocols.issue_credential.v2_0.formats.indy.handler" name="ruff" file="aries_cloudagent/protocols/issue_credential/v2_0/formats/indy/handler.py" time="0.044" /><testcase classname="aries_cloudagent.protocols.issue_credential.v2_0.formats.indy.tests.__init__" name="ruff" file="aries_cloudagent/protocols/issue_credential/v2_0/formats/indy/tests/__init__.py" time="0.040" /><testcase classname="aries_cloudagent.protocols.issue_credential.v2_0.formats.indy.tests.test_handler" name="ruff" file="aries_cloudagent/protocols/issue_credential/v2_0/formats/indy/tests/test_handler.py" time="0.048" /><testcase classname="aries_cloudagent.protocols.issue_credential.v2_0.formats.indy.tests.test_handler.TestV20IndyCredFormatHandler" name="test_check_uniqueness" file="aries_cloudagent/protocols/issue_credential/v2_0/formats/indy/tests/test_handler.py" line="292" time="0.053" /><testcase classname="aries_cloudagent.protocols.issue_credential.v2_0.formats.indy.tests.test_handler.TestV20IndyCredFormatHandler" name="test_create_offer" file="aries_cloudagent/protocols/issue_credential/v2_0/formats/indy/tests/test_handler.py" line="346" time="0.042" /><testcase classname="aries_cloudagent.protocols.issue_credential.v2_0.formats.indy.tests.test_handler.TestV20IndyCredFormatHandler" name="test_create_offer_attr_mismatch" file="aries_cloudagent/protocols/issue_credential/v2_0/formats/indy/tests/test_handler.py" line="470" time="0.049" /><testcase classname="aries_cloudagent.protocols.issue_credential.v2_0.formats.indy.tests.test_handler.TestV20IndyCredFormatHandler" name="test_create_offer_no_cache" file="aries_cloudagent/protocols/issue_credential/v2_0/formats/indy/tests/test_handler.py" line="408" time="0.038" /><testcase classname="aries_cloudagent.protocols.issue_credential.v2_0.formats.indy.tests.test_handler.TestV20IndyCredFormatHandler" name="test_create_offer_no_matching_sent_cred_def" file="aries_cloudagent/protocols/issue_credential/v2_0/formats/indy/tests/test_handler.py" line="526" time="0.029" /><testcase classname="aries_cloudagent.protocols.issue_credential.v2_0.formats.indy.tests.test_handler.TestV20IndyCredFormatHandler" name="test_create_proposal" file="aries_cloudagent/protocols/issue_credential/v2_0/formats/indy/tests/test_handler.py" line="311" time="0.036" /><testcase classname="aries_cloudagent.protocols.issue_credential.v2_0.formats.indy.tests.test_handler.TestV20IndyCredFormatHandler" name="test_create_proposal_none" file="aries_cloudagent/protocols/issue_credential/v2_0/formats/indy/tests/test_handler.py" line="328" time="0.034" /><testcase classname="aries_cloudagent.protocols.issue_credential.v2_0.formats.indy.tests.test_handler.TestV20IndyCredFormatHandler" name="test_create_request" file="aries_cloudagent/protocols/issue_credential/v2_0/formats/indy/tests/test_handler.py" line="554" time="0.071" /><testcase classname="aries_cloudagent.protocols.issue_credential.v2_0.formats.indy.tests.test_handler.TestV20IndyCredFormatHandler" name="test_create_request_bad_state" file="aries_cloudagent/protocols/issue_credential/v2_0/formats/indy/tests/test_handler.py" line="621" time="0.024" /><testcase classname="aries_cloudagent.protocols.issue_credential.v2_0.formats.indy.tests.test_handler.TestV20IndyCredFormatHandler" name="test_create_request_not_unique_x" file="aries_cloudagent/protocols/issue_credential/v2_0/formats/indy/tests/test_handler.py" line="640" time="0.036" /><testcase classname="aries_cloudagent.protocols.issue_credential.v2_0.formats.indy.tests.test_handler.TestV20IndyCredFormatHandler" name="test_get_indy_detail_record" file="aries_cloudagent/protocols/issue_credential/v2_0/formats/indy/tests/test_handler.py" line="269" time="0.054" /><testcase classname="aries_cloudagent.protocols.issue_credential.v2_0.formats.indy.tests.test_handler.TestV20IndyCredFormatHandler" name="test_issue_credential_no_active_rr_no_retries" file="aries_cloudagent/protocols/issue_credential/v2_0/formats/indy/tests/test_handler.py" line="857" time="0.140" /><testcase classname="aries_cloudagent.protocols.issue_credential.v2_0.formats.indy.tests.test_handler.TestV20IndyCredFormatHandler" name="test_issue_credential_no_active_rr_retry" file="aries_cloudagent/protocols/issue_credential/v2_0/formats/indy/tests/test_handler.py" line="915" time="0.118" /><testcase classname="aries_cloudagent.protocols.issue_credential.v2_0.formats.indy.tests.test_handler.TestV20IndyCredFormatHandler" name="test_issue_credential_non_revocable" file="aries_cloudagent/protocols/issue_credential/v2_0/formats/indy/tests/test_handler.py" line="759" time="0.061" /><testcase classname="aries_cloudagent.protocols.issue_credential.v2_0.formats.indy.tests.test_handler.TestV20IndyCredFormatHandler" name="test_issue_credential_not_unique_x" file="aries_cloudagent/protocols/issue_credential/v2_0/formats/indy/tests/test_handler.py" line="842" time="0.033" /><testcase classname="aries_cloudagent.protocols.issue_credential.v2_0.formats.indy.tests.test_handler.TestV20IndyCredFormatHandler" name="test_issue_credential_revocable" file="aries_cloudagent/protocols/issue_credential/v2_0/formats/indy/tests/test_handler.py" line="674" time="0.124" /><testcase classname="aries_cloudagent.protocols.issue_credential.v2_0.formats.indy.tests.test_handler.TestV20IndyCredFormatHandler" name="test_issue_credential_rr_full" file="aries_cloudagent/protocols/issue_credential/v2_0/formats/indy/tests/test_handler.py" line="986" time="0.100" /><testcase classname="aries_cloudagent.protocols.issue_credential.v2_0.formats.indy.tests.test_handler.TestV20IndyCredFormatHandler" name="test_receive_credential" file="aries_cloudagent/protocols/issue_credential/v2_0/formats/indy/tests/test_handler.py" line="1053" time="0.030" /><testcase classname="aries_cloudagent.protocols.issue_credential.v2_0.formats.indy.tests.test_handler.TestV20IndyCredFormatHandler" name="test_receive_offer" file="aries_cloudagent/protocols/issue_credential/v2_0/formats/indy/tests/test_handler.py" line="547" time="0.035" /><testcase classname="aries_cloudagent.protocols.issue_credential.v2_0.formats.indy.tests.test_handler.TestV20IndyCredFormatHandler" name="test_receive_proposal" file="aries_cloudagent/protocols/issue_credential/v2_0/formats/indy/tests/test_handler.py" line="339" time="0.029" /><testcase classname="aries_cloudagent.protocols.issue_credential.v2_0.formats.indy.tests.test_handler.TestV20IndyCredFormatHandler" name="test_receive_request" file="aries_cloudagent/protocols/issue_credential/v2_0/formats/indy/tests/test_handler.py" line="655" time="0.034" /><testcase classname="aries_cloudagent.protocols.issue_credential.v2_0.formats.indy.tests.test_handler.TestV20IndyCredFormatHandler" name="test_receive_request_no_offer" file="aries_cloudagent/protocols/issue_credential/v2_0/formats/indy/tests/test_handler.py" line="662" time="0.036" /><testcase classname="aries_cloudagent.protocols.issue_credential.v2_0.formats.indy.tests.test_handler.TestV20IndyCredFormatHandler" name="test_store_credential" file="aries_cloudagent/protocols/issue_credential/v2_0/formats/indy/tests/test_handler.py" line="1060" time="0.145" /><testcase classname="aries_cloudagent.protocols.issue_credential.v2_0.formats.indy.tests.test_handler.TestV20IndyCredFormatHandler" name="test_store_credential_holder_store_indy_error" file="aries_cloudagent/protocols/issue_credential/v2_0/formats/indy/tests/test_handler.py" line="1182" time="0.061" /><testcase classname="aries_cloudagent.protocols.issue_credential.v2_0.formats.indy.tests.test_handler.TestV20IndyCredFormatHandler" name="test_validate_fields" file="aries_cloudagent/protocols/issue_credential/v2_0/formats/indy/tests/test_handler.py" line="238" time="0.042" /><testcase classname="aries_cloudagent.protocols.issue_credential.v2_0.formats.ld_proof.__init__" name="ruff" file="aries_cloudagent/protocols/issue_credential/v2_0/formats/ld_proof/__init__.py" time="0.038" /><testcase classname="aries_cloudagent.protocols.issue_credential.v2_0.formats.ld_proof.handler" name="ruff" file="aries_cloudagent/protocols/issue_credential/v2_0/formats/ld_proof/handler.py" time="0.047" /><testcase classname="aries_cloudagent.protocols.issue_credential.v2_0.formats.ld_proof.models.__init__" name="ruff" file="aries_cloudagent/protocols/issue_credential/v2_0/formats/ld_proof/models/__init__.py" time="0.036" /><testcase classname="aries_cloudagent.protocols.issue_credential.v2_0.formats.ld_proof.models.cred_detail" name="ruff" file="aries_cloudagent/protocols/issue_credential/v2_0/formats/ld_proof/models/cred_detail.py" time="0.037" /><testcase classname="aries_cloudagent.protocols.issue_credential.v2_0.formats.ld_proof.models.cred_detail_options" name="ruff" file="aries_cloudagent/protocols/issue_credential/v2_0/formats/ld_proof/models/cred_detail_options.py" time="0.034" /><testcase classname="aries_cloudagent.protocols.issue_credential.v2_0.formats.ld_proof.models.tests.__init__" name="ruff" file="aries_cloudagent/protocols/issue_credential/v2_0/formats/ld_proof/models/tests/__init__.py" time="0.042" /><testcase classname="aries_cloudagent.protocols.issue_credential.v2_0.formats.ld_proof.models.tests.test_cred_detail" name="ruff" file="aries_cloudagent/protocols/issue_credential/v2_0/formats/ld_proof/models/tests/test_cred_detail.py" time="0.047" /><testcase classname="aries_cloudagent.protocols.issue_credential.v2_0.formats.ld_proof.models.tests.test_cred_detail.TestLDProofVCDetail" name="test_serde" file="aries_cloudagent/protocols/issue_credential/v2_0/formats/ld_proof/models/tests/test_cred_detail.py" line="50" time="0.010" /><testcase classname="aries_cloudagent.protocols.issue_credential.v2_0.formats.ld_proof.models.tests.test_cred_detail.TestLDProofVCDetailOptions" name="test_serde" file="aries_cloudagent/protocols/issue_credential/v2_0/formats/ld_proof/models/tests/test_cred_detail.py" line="62" time="0.006" /><testcase classname="aries_cloudagent.protocols.issue_credential.v2_0.formats.ld_proof.tests.__init__" name="ruff" file="aries_cloudagent/protocols/issue_credential/v2_0/formats/ld_proof/tests/__init__.py" time="0.038" /><testcase classname="aries_cloudagent.protocols.issue_credential.v2_0.formats.ld_proof.tests.test_handler" name="ruff" file="aries_cloudagent/protocols/issue_credential/v2_0/formats/ld_proof/tests/test_handler.py" time="0.050" /><testcase classname="aries_cloudagent.protocols.issue_credential.v2_0.formats.ld_proof.tests.test_handler.TestV20LDProofCredFormatHandler" name="test_assert_can_issue_with_id_and_proof_type" file="aries_cloudagent/protocols/issue_credential/v2_0/formats/ld_proof/tests/test_handler.py" line="219" time="0.032" /><testcase classname="aries_cloudagent.protocols.issue_credential.v2_0.formats.ld_proof.tests.test_handler.TestV20LDProofCredFormatHandler" name="test_create_bound_request" file="aries_cloudagent/protocols/issue_credential/v2_0/formats/ld_proof/tests/test_handler.py" line="566" time="0.025" /><testcase classname="aries_cloudagent.protocols.issue_credential.v2_0.formats.ld_proof.tests.test_handler.TestV20LDProofCredFormatHandler" name="test_create_free_request" file="aries_cloudagent/protocols/issue_credential/v2_0/formats/ld_proof/tests/test_handler.py" line="595" time="0.029" /><testcase classname="aries_cloudagent.protocols.issue_credential.v2_0.formats.ld_proof.tests.test_handler.TestV20LDProofCredFormatHandler" name="test_create_offer" file="aries_cloudagent/protocols/issue_credential/v2_0/formats/ld_proof/tests/test_handler.py" line="452" time="0.027" /><testcase classname="aries_cloudagent.protocols.issue_credential.v2_0.formats.ld_proof.tests.test_handler.TestV20LDProofCredFormatHandler" name="test_create_offer_adds_bbs_context" file="aries_cloudagent/protocols/issue_credential/v2_0/formats/ld_proof/tests/test_handler.py" line="478" time="0.029" /><testcase classname="aries_cloudagent.protocols.issue_credential.v2_0.formats.ld_proof.tests.test_handler.TestV20LDProofCredFormatHandler" name="test_create_offer_adds_ed25519_2020_context" file="aries_cloudagent/protocols/issue_credential/v2_0/formats/ld_proof/tests/test_handler.py" line="503" time="0.030" /><testcase classname="aries_cloudagent.protocols.issue_credential.v2_0.formats.ld_proof.tests.test_handler.TestV20LDProofCredFormatHandler" name="test_create_offer_x_no_proposal" file="aries_cloudagent/protocols/issue_credential/v2_0/formats/ld_proof/tests/test_handler.py" line="531" time="0.018" /><testcase classname="aries_cloudagent.protocols.issue_credential.v2_0.formats.ld_proof.tests.test_handler.TestV20LDProofCredFormatHandler" name="test_create_offer_x_wrong_attributes" file="aries_cloudagent/protocols/issue_credential/v2_0/formats/ld_proof/tests/test_handler.py" line="538" time="0.020" /><testcase classname="aries_cloudagent.protocols.issue_credential.v2_0.formats.ld_proof.tests.test_handler.TestV20LDProofCredFormatHandler" name="test_create_proposal" file="aries_cloudagent/protocols/issue_credential/v2_0/formats/ld_proof/tests/test_handler.py" line="406" time="0.024" /><testcase classname="aries_cloudagent.protocols.issue_credential.v2_0.formats.ld_proof.tests.test_handler.TestV20LDProofCredFormatHandler" name="test_create_proposal_adds_bbs_context" file="aries_cloudagent/protocols/issue_credential/v2_0/formats/ld_proof/tests/test_handler.py" line="422" time="0.022" /><testcase classname="aries_cloudagent.protocols.issue_credential.v2_0.formats.ld_proof.tests.test_handler.TestV20LDProofCredFormatHandler" name="test_create_proposal_adds_ed25519_2020_context" file="aries_cloudagent/protocols/issue_credential/v2_0/formats/ld_proof/tests/test_handler.py" line="432" time="0.016" /><testcase classname="aries_cloudagent.protocols.issue_credential.v2_0.formats.ld_proof.tests.test_handler.TestV20LDProofCredFormatHandler" name="test_create_request_x_no_data" file="aries_cloudagent/protocols/issue_credential/v2_0/formats/ld_proof/tests/test_handler.py" line="613" time="0.014" /><testcase classname="aries_cloudagent.protocols.issue_credential.v2_0.formats.ld_proof.tests.test_handler.TestV20LDProofCredFormatHandler" name="test_get_did_info_for_did_key" file="aries_cloudagent/protocols/issue_credential/v2_0/formats/ld_proof/tests/test_handler.py" line="287" time="0.023" /><testcase classname="aries_cloudagent.protocols.issue_credential.v2_0.formats.ld_proof.tests.test_handler.TestV20LDProofCredFormatHandler" name="test_get_did_info_for_did_sov" file="aries_cloudagent/protocols/issue_credential/v2_0/formats/ld_proof/tests/test_handler.py" line="278" time="0.019" /><testcase classname="aries_cloudagent.protocols.issue_credential.v2_0.formats.ld_proof.tests.test_handler.TestV20LDProofCredFormatHandler" name="test_get_ld_proof_detail_record" file="aries_cloudagent/protocols/issue_credential/v2_0/formats/ld_proof/tests/test_handler.py" line="200" time="0.015" /><testcase classname="aries_cloudagent.protocols.issue_credential.v2_0.formats.ld_proof.tests.test_handler.TestV20LDProofCredFormatHandler" name="test_get_proof_purpose" file="aries_cloudagent/protocols/issue_credential/v2_0/formats/ld_proof/tests/test_handler.py" line="363" time="0.016" /><testcase classname="aries_cloudagent.protocols.issue_credential.v2_0.formats.ld_proof.tests.test_handler.TestV20LDProofCredFormatHandler" name="test_get_suite" file="aries_cloudagent/protocols/issue_credential/v2_0/formats/ld_proof/tests/test_handler.py" line="320" time="0.024" /><testcase classname="aries_cloudagent.protocols.issue_credential.v2_0.formats.ld_proof.tests.test_handler.TestV20LDProofCredFormatHandler" name="test_get_suite_for_detail" file="aries_cloudagent/protocols/issue_credential/v2_0/formats/ld_proof/tests/test_handler.py" line="294" time="0.033" /><testcase classname="aries_cloudagent.protocols.issue_credential.v2_0.formats.ld_proof.tests.test_handler.TestV20LDProofCredFormatHandler" name="test_issue_credential" file="aries_cloudagent/protocols/issue_credential/v2_0/formats/ld_proof/tests/test_handler.py" line="769" time="0.034" /><testcase classname="aries_cloudagent.protocols.issue_credential.v2_0.formats.ld_proof.tests.test_handler.TestV20LDProofCredFormatHandler" name="test_issue_credential_adds_bbs_context" file="aries_cloudagent/protocols/issue_credential/v2_0/formats/ld_proof/tests/test_handler.py" line="822" time="0.022" /><testcase classname="aries_cloudagent.protocols.issue_credential.v2_0.formats.ld_proof.tests.test_handler.TestV20LDProofCredFormatHandler" name="test_issue_credential_adds_ed25519_2020_context" file="aries_cloudagent/protocols/issue_credential/v2_0/formats/ld_proof/tests/test_handler.py" line="866" time="0.035" /><testcase classname="aries_cloudagent.protocols.issue_credential.v2_0.formats.ld_proof.tests.test_handler.TestV20LDProofCredFormatHandler" name="test_issue_credential_x_no_data" file="aries_cloudagent/protocols/issue_credential/v2_0/formats/ld_proof/tests/test_handler.py" line="914" time="0.016" /><testcase classname="aries_cloudagent.protocols.issue_credential.v2_0.formats.ld_proof.tests.test_handler.TestV20LDProofCredFormatHandler" name="test_prepare_detail" file="aries_cloudagent/protocols/issue_credential/v2_0/formats/ld_proof/tests/test_handler.py" line="386" time="0.019" /><testcase classname="aries_cloudagent.protocols.issue_credential.v2_0.formats.ld_proof.tests.test_handler.TestV20LDProofCredFormatHandler" name="test_prepare_detail_ed25519_2020" file="aries_cloudagent/protocols/issue_credential/v2_0/formats/ld_proof/tests/test_handler.py" line="396" time="0.018" /><testcase classname="aries_cloudagent.protocols.issue_credential.v2_0.formats.ld_proof.tests.test_handler.TestV20LDProofCredFormatHandler" name="test_receive_credential" file="aries_cloudagent/protocols/issue_credential/v2_0/formats/ld_proof/tests/test_handler.py" line="923" time="0.020" /><testcase classname="aries_cloudagent.protocols.issue_credential.v2_0.formats.ld_proof.tests.test_handler.TestV20LDProofCredFormatHandler" name="test_receive_credential_x_credential_ne_request" file="aries_cloudagent/protocols/issue_credential/v2_0/formats/ld_proof/tests/test_handler.py" line="955" time="0.023" /><testcase classname="aries_cloudagent.protocols.issue_credential.v2_0.formats.ld_proof.tests.test_handler.TestV20LDProofCredFormatHandler" name="test_receive_credential_x_credential_status_ne" file="aries_cloudagent/protocols/issue_credential/v2_0/formats/ld_proof/tests/test_handler.py" line="992" time="0.025" /><testcase classname="aries_cloudagent.protocols.issue_credential.v2_0.formats.ld_proof.tests.test_handler.TestV20LDProofCredFormatHandler" name="test_receive_credential_x_credential_status_ne_both_set" file="aries_cloudagent/protocols/issue_credential/v2_0/formats/ld_proof/tests/test_handler.py" line="1032" time="0.018" /><testcase classname="aries_cloudagent.protocols.issue_credential.v2_0.formats.ld_proof.tests.test_handler.TestV20LDProofCredFormatHandler" name="test_receive_credential_x_proof_options_ne" file="aries_cloudagent/protocols/issue_credential/v2_0/formats/ld_proof/tests/test_handler.py" line="1077" time="0.045" /><testcase classname="aries_cloudagent.protocols.issue_credential.v2_0.formats.ld_proof.tests.test_handler.TestV20LDProofCredFormatHandler" name="test_receive_offer" file="aries_cloudagent/protocols/issue_credential/v2_0/formats/ld_proof/tests/test_handler.py" line="559" time="0.018" /><testcase classname="aries_cloudagent.protocols.issue_credential.v2_0.formats.ld_proof.tests.test_handler.TestV20LDProofCredFormatHandler" name="test_receive_proposal" file="aries_cloudagent/protocols/issue_credential/v2_0/formats/ld_proof/tests/test_handler.py" line="445" time="0.025" /><testcase classname="aries_cloudagent.protocols.issue_credential.v2_0.formats.ld_proof.tests.test_handler.TestV20LDProofCredFormatHandler" name="test_receive_request_no_offer" file="aries_cloudagent/protocols/issue_credential/v2_0/formats/ld_proof/tests/test_handler.py" line="623" time="0.015" /><testcase classname="aries_cloudagent.protocols.issue_credential.v2_0.formats.ld_proof.tests.test_handler.TestV20LDProofCredFormatHandler" name="test_receive_request_with_offer_no_id" file="aries_cloudagent/protocols/issue_credential/v2_0/formats/ld_proof/tests/test_handler.py" line="631" time="0.022" /><testcase classname="aries_cloudagent.protocols.issue_credential.v2_0.formats.ld_proof.tests.test_handler.TestV20LDProofCredFormatHandler" name="test_receive_request_with_offer_with_id" file="aries_cloudagent/protocols/issue_credential/v2_0/formats/ld_proof/tests/test_handler.py" line="664" time="0.017" /><testcase classname="aries_cloudagent.protocols.issue_credential.v2_0.formats.ld_proof.tests.test_handler.TestV20LDProofCredFormatHandler" name="test_receive_request_with_offer_with_id_x_changed_cred" file="aries_cloudagent/protocols/issue_credential/v2_0/formats/ld_proof/tests/test_handler.py" line="734" time="0.015" /><testcase classname="aries_cloudagent.protocols.issue_credential.v2_0.formats.ld_proof.tests.test_handler.TestV20LDProofCredFormatHandler" name="test_receive_request_with_offer_with_id_x_mismatch_id" file="aries_cloudagent/protocols/issue_credential/v2_0/formats/ld_proof/tests/test_handler.py" line="697" time="0.016" /><testcase classname="aries_cloudagent.protocols.issue_credential.v2_0.formats.ld_proof.tests.test_handler.TestV20LDProofCredFormatHandler" name="test_store_credential" file="aries_cloudagent/protocols/issue_credential/v2_0/formats/ld_proof/tests/test_handler.py" line="1124" time="0.056" /><testcase classname="aries_cloudagent.protocols.issue_credential.v2_0.formats.ld_proof.tests.test_handler.TestV20LDProofCredFormatHandler" name="test_store_credential_x_not_verified" file="aries_cloudagent/protocols/issue_credential/v2_0/formats/ld_proof/tests/test_handler.py" line="1185" time="0.031" /><testcase classname="aries_cloudagent.protocols.issue_credential.v2_0.formats.ld_proof.tests.test_handler.TestV20LDProofCredFormatHandler" name="test_validate_fields" file="aries_cloudagent/protocols/issue_credential/v2_0/formats/ld_proof/tests/test_handler.py" line="169" time="0.028" /><testcase classname="aries_cloudagent.protocols.issue_credential.v2_0.handlers.__init__" name="ruff" file="aries_cloudagent/protocols/issue_credential/v2_0/handlers/__init__.py" time="0.040" /><testcase classname="aries_cloudagent.protocols.issue_credential.v2_0.handlers.cred_ack_handler" name="ruff" file="aries_cloudagent/protocols/issue_credential/v2_0/handlers/cred_ack_handler.py" time="0.046" /><testcase classname="aries_cloudagent.protocols.issue_credential.v2_0.handlers.cred_issue_handler" name="ruff" file="aries_cloudagent/protocols/issue_credential/v2_0/handlers/cred_issue_handler.py" time="0.042" /><testcase classname="aries_cloudagent.protocols.issue_credential.v2_0.handlers.cred_offer_handler" name="ruff" file="aries_cloudagent/protocols/issue_credential/v2_0/handlers/cred_offer_handler.py" time="0.045" /><testcase classname="aries_cloudagent.protocols.issue_credential.v2_0.handlers.cred_problem_report_handler" name="ruff" file="aries_cloudagent/protocols/issue_credential/v2_0/handlers/cred_problem_report_handler.py" time="0.042" /><testcase classname="aries_cloudagent.protocols.issue_credential.v2_0.handlers.cred_proposal_handler" name="ruff" file="aries_cloudagent/protocols/issue_credential/v2_0/handlers/cred_proposal_handler.py" time="0.033" /><testcase classname="aries_cloudagent.protocols.issue_credential.v2_0.handlers.cred_request_handler" name="ruff" file="aries_cloudagent/protocols/issue_credential/v2_0/handlers/cred_request_handler.py" time="0.041" /><testcase classname="aries_cloudagent.protocols.issue_credential.v2_0.handlers.tests.__init__" name="ruff" file="aries_cloudagent/protocols/issue_credential/v2_0/handlers/tests/__init__.py" time="0.041" /><testcase classname="aries_cloudagent.protocols.issue_credential.v2_0.handlers.tests.test_cred_ack_handler" name="ruff" file="aries_cloudagent/protocols/issue_credential/v2_0/handlers/tests/test_cred_ack_handler.py" time="0.042" /><testcase classname="aries_cloudagent.protocols.issue_credential.v2_0.handlers.tests.test_cred_ack_handler.TestCredentialAckHandler" name="test_called" file="aries_cloudagent/protocols/issue_credential/v2_0/handlers/tests/test_cred_ack_handler.py" line="14" time="0.119" /><testcase classname="aries_cloudagent.protocols.issue_credential.v2_0.handlers.tests.test_cred_ack_handler.TestCredentialAckHandler" name="test_called_no_connection_no_oob" file="aries_cloudagent/protocols/issue_credential/v2_0/handlers/tests/test_cred_ack_handler.py" line="67" time="0.013" /><testcase classname="aries_cloudagent.protocols.issue_credential.v2_0.handlers.tests.test_cred_ack_handler.TestCredentialAckHandler" name="test_called_not_ready" file="aries_cloudagent/protocols/issue_credential/v2_0/handlers/tests/test_cred_ack_handler.py" line="46" time="0.103" /><testcase classname="aries_cloudagent.protocols.issue_credential.v2_0.handlers.tests.test_cred_issue_handler" name="ruff" file="aries_cloudagent/protocols/issue_credential/v2_0/handlers/tests/test_cred_issue_handler.py" time="0.040" /><testcase classname="aries_cloudagent.protocols.issue_credential.v2_0.handlers.tests.test_cred_issue_handler.TestCredentialIssueHandler" name="test_called" file="aries_cloudagent/protocols/issue_credential/v2_0/handlers/tests/test_cred_issue_handler.py" line="14" time="0.124" /><testcase classname="aries_cloudagent.protocols.issue_credential.v2_0.handlers.tests.test_cred_issue_handler.TestCredentialIssueHandler" name="test_called_auto_store" file="aries_cloudagent/protocols/issue_credential/v2_0/handlers/tests/test_cred_issue_handler.py" line="46" time="0.109" /><testcase classname="aries_cloudagent.protocols.issue_credential.v2_0.handlers.tests.test_cred_issue_handler.TestCredentialIssueHandler" name="test_called_auto_store_x" file="aries_cloudagent/protocols/issue_credential/v2_0/handlers/tests/test_cred_issue_handler.py" line="82" time="0.116" /><testcase classname="aries_cloudagent.protocols.issue_credential.v2_0.handlers.tests.test_cred_issue_handler.TestCredentialIssueHandler" name="test_called_no_connection_no_oob" file="aries_cloudagent/protocols/issue_credential/v2_0/handlers/tests/test_cred_issue_handler.py" line="139" time="0.015" /><testcase classname="aries_cloudagent.protocols.issue_credential.v2_0.handlers.tests.test_cred_issue_handler.TestCredentialIssueHandler" name="test_called_not_ready" file="aries_cloudagent/protocols/issue_credential/v2_0/handlers/tests/test_cred_issue_handler.py" line="120" time="0.098" /><testcase classname="aries_cloudagent.protocols.issue_credential.v2_0.handlers.tests.test_cred_offer_handler" name="ruff" file="aries_cloudagent/protocols/issue_credential/v2_0/handlers/tests/test_cred_offer_handler.py" time="0.043" /><testcase classname="aries_cloudagent.protocols.issue_credential.v2_0.handlers.tests.test_cred_offer_handler.TestV20CredOfferHandler" name="test_called" file="aries_cloudagent/protocols/issue_credential/v2_0/handlers/tests/test_cred_offer_handler.py" line="14" time="0.131" /><testcase classname="aries_cloudagent.protocols.issue_credential.v2_0.handlers.tests.test_cred_offer_handler.TestV20CredOfferHandler" name="test_called_auto_request" file="aries_cloudagent/protocols/issue_credential/v2_0/handlers/tests/test_cred_offer_handler.py" line="46" time="0.103" /><testcase classname="aries_cloudagent.protocols.issue_credential.v2_0.handlers.tests.test_cred_offer_handler.TestV20CredOfferHandler" name="test_called_auto_request_x" file="aries_cloudagent/protocols/issue_credential/v2_0/handlers/tests/test_cred_offer_handler.py" line="86" time="0.105" /><testcase classname="aries_cloudagent.protocols.issue_credential.v2_0.handlers.tests.test_cred_offer_handler.TestV20CredOfferHandler" name="test_called_not_ready" file="aries_cloudagent/protocols/issue_credential/v2_0/handlers/tests/test_cred_offer_handler.py" line="123" time="0.088" /><testcase classname="aries_cloudagent.protocols.issue_credential.v2_0.handlers.tests.test_cred_offer_handler.TestV20CredOfferHandler" name="test_no_conn_no_oob" file="aries_cloudagent/protocols/issue_credential/v2_0/handlers/tests/test_cred_offer_handler.py" line="145" time="0.015" /><testcase classname="aries_cloudagent.protocols.issue_credential.v2_0.handlers.tests.test_cred_problem_report_handler" name="ruff" file="aries_cloudagent/protocols/issue_credential/v2_0/handlers/tests/test_cred_problem_report_handler.py" time="0.035" /><testcase classname="aries_cloudagent.protocols.issue_credential.v2_0.handlers.tests.test_cred_problem_report_handler.TestCredProblemReportHandler" name="test_called" file="aries_cloudagent/protocols/issue_credential/v2_0/handlers/tests/test_cred_problem_report_handler.py" line="13" time="0.130" /><testcase classname="aries_cloudagent.protocols.issue_credential.v2_0.handlers.tests.test_cred_problem_report_handler.TestCredProblemReportHandler" name="test_called_no_connection" file="aries_cloudagent/protocols/issue_credential/v2_0/handlers/tests/test_cred_problem_report_handler.py" line="89" time="0.009" /><testcase classname="aries_cloudagent.protocols.issue_credential.v2_0.handlers.tests.test_cred_problem_report_handler.TestCredProblemReportHandler" name="test_called_not_ready" file="aries_cloudagent/protocols/issue_credential/v2_0/handlers/tests/test_cred_problem_report_handler.py" line="67" time="0.010" /><testcase classname="aries_cloudagent.protocols.issue_credential.v2_0.handlers.tests.test_cred_problem_report_handler.TestCredProblemReportHandler" name="test_called_x" file="aries_cloudagent/protocols/issue_credential/v2_0/handlers/tests/test_cred_problem_report_handler.py" line="39" time="0.116" /><testcase classname="aries_cloudagent.protocols.issue_credential.v2_0.handlers.tests.test_cred_proposal_handler" name="ruff" file="aries_cloudagent/protocols/issue_credential/v2_0/handlers/tests/test_cred_proposal_handler.py" time="0.054" /><testcase classname="aries_cloudagent.protocols.issue_credential.v2_0.handlers.tests.test_cred_proposal_handler.TestV20CredProposalHandler" name="test_called" file="aries_cloudagent/protocols/issue_credential/v2_0/handlers/tests/test_cred_proposal_handler.py" line="13" time="0.130" /><testcase classname="aries_cloudagent.protocols.issue_credential.v2_0.handlers.tests.test_cred_proposal_handler.TestV20CredProposalHandler" name="test_called_auto_offer" file="aries_cloudagent/protocols/issue_credential/v2_0/handlers/tests/test_cred_proposal_handler.py" line="37" time="0.102" /><testcase classname="aries_cloudagent.protocols.issue_credential.v2_0.handlers.tests.test_cred_proposal_handler.TestV20CredProposalHandler" name="test_called_auto_offer_x" file="aries_cloudagent/protocols/issue_credential/v2_0/handlers/tests/test_cred_proposal_handler.py" line="68" time="0.112" /><testcase classname="aries_cloudagent.protocols.issue_credential.v2_0.handlers.tests.test_cred_proposal_handler.TestV20CredProposalHandler" name="test_called_no_connection" file="aries_cloudagent/protocols/issue_credential/v2_0/handlers/tests/test_cred_proposal_handler.py" line="119" time="0.011" /><testcase classname="aries_cloudagent.protocols.issue_credential.v2_0.handlers.tests.test_cred_proposal_handler.TestV20CredProposalHandler" name="test_called_not_ready" file="aries_cloudagent/protocols/issue_credential/v2_0/handlers/tests/test_cred_proposal_handler.py" line="97" time="0.105" /><testcase classname="aries_cloudagent.protocols.issue_credential.v2_0.handlers.tests.test_cred_request_handler" name="ruff" file="aries_cloudagent/protocols/issue_credential/v2_0/handlers/tests/test_cred_request_handler.py" time="0.036" /><testcase classname="aries_cloudagent.protocols.issue_credential.v2_0.handlers.tests.test_cred_request_handler.TestV20CredRequestHandler" name="test_called" file="aries_cloudagent/protocols/issue_credential/v2_0/handlers/tests/test_cred_request_handler.py" line="17" time="0.131" /><testcase classname="aries_cloudagent.protocols.issue_credential.v2_0.handlers.tests.test_cred_request_handler.TestV20CredRequestHandler" name="test_called_auto_issue" file="aries_cloudagent/protocols/issue_credential/v2_0/handlers/tests/test_cred_request_handler.py" line="49" time="0.095" /><testcase classname="aries_cloudagent.protocols.issue_credential.v2_0.handlers.tests.test_cred_request_handler.TestV20CredRequestHandler" name="test_called_auto_issue_x" file="aries_cloudagent/protocols/issue_credential/v2_0/handlers/tests/test_cred_request_handler.py" line="93" time="0.107" /><testcase classname="aries_cloudagent.protocols.issue_credential.v2_0.handlers.tests.test_cred_request_handler.TestV20CredRequestHandler" name="test_called_no_connection_no_oob" file="aries_cloudagent/protocols/issue_credential/v2_0/handlers/tests/test_cred_request_handler.py" line="156" time="0.012" /><testcase classname="aries_cloudagent.protocols.issue_credential.v2_0.handlers.tests.test_cred_request_handler.TestV20CredRequestHandler" name="test_called_not_ready" file="aries_cloudagent/protocols/issue_credential/v2_0/handlers/tests/test_cred_request_handler.py" line="134" time="0.097" /><testcase classname="aries_cloudagent.protocols.issue_credential.v2_0.messages.__init__" name="ruff" file="aries_cloudagent/protocols/issue_credential/v2_0/messages/__init__.py" time="0.037" /><testcase classname="aries_cloudagent.protocols.issue_credential.v2_0.messages.cred_ack" name="ruff" file="aries_cloudagent/protocols/issue_credential/v2_0/messages/cred_ack.py" time="0.045" /><testcase classname="aries_cloudagent.protocols.issue_credential.v2_0.messages.cred_ex_record_webhook" name="ruff" file="aries_cloudagent/protocols/issue_credential/v2_0/messages/cred_ex_record_webhook.py" time="0.041" /><testcase classname="aries_cloudagent.protocols.issue_credential.v2_0.messages.cred_format" name="ruff" file="aries_cloudagent/protocols/issue_credential/v2_0/messages/cred_format.py" time="0.041" /><testcase classname="aries_cloudagent.protocols.issue_credential.v2_0.messages.cred_issue" name="ruff" file="aries_cloudagent/protocols/issue_credential/v2_0/messages/cred_issue.py" time="0.043" /><testcase classname="aries_cloudagent.protocols.issue_credential.v2_0.messages.cred_offer" name="ruff" file="aries_cloudagent/protocols/issue_credential/v2_0/messages/cred_offer.py" time="0.039" /><testcase classname="aries_cloudagent.protocols.issue_credential.v2_0.messages.cred_problem_report" name="ruff" file="aries_cloudagent/protocols/issue_credential/v2_0/messages/cred_problem_report.py" time="0.037" /><testcase classname="aries_cloudagent.protocols.issue_credential.v2_0.messages.cred_proposal" name="ruff" file="aries_cloudagent/protocols/issue_credential/v2_0/messages/cred_proposal.py" time="0.067" /><testcase classname="aries_cloudagent.protocols.issue_credential.v2_0.messages.cred_request" name="ruff" file="aries_cloudagent/protocols/issue_credential/v2_0/messages/cred_request.py" time="0.063" /><testcase classname="aries_cloudagent.protocols.issue_credential.v2_0.messages.inner.__init__" name="ruff" file="aries_cloudagent/protocols/issue_credential/v2_0/messages/inner/__init__.py" time="0.045" /><testcase classname="aries_cloudagent.protocols.issue_credential.v2_0.messages.inner.cred_preview" name="ruff" file="aries_cloudagent/protocols/issue_credential/v2_0/messages/inner/cred_preview.py" time="0.043" /><testcase classname="aries_cloudagent.protocols.issue_credential.v2_0.messages.inner.tests.__init__" name="ruff" file="aries_cloudagent/protocols/issue_credential/v2_0/messages/inner/tests/__init__.py" time="0.035" /><testcase classname="aries_cloudagent.protocols.issue_credential.v2_0.messages.inner.tests.test_cred_preview" name="ruff" file="aries_cloudagent/protocols/issue_credential/v2_0/messages/inner/tests/test_cred_preview.py" time="0.042" /><testcase classname="aries_cloudagent.protocols.issue_credential.v2_0.messages.inner.tests.test_cred_preview.TestV20CredAttrSpec" name="test_eq" file="aries_cloudagent/protocols/issue_credential/v2_0/messages/inner/tests/test_cred_preview.py" line="22" time="0.003" /><testcase classname="aries_cloudagent.protocols.issue_credential.v2_0.messages.inner.tests.test_cred_preview.TestV20CredPreview" name="test_deserialize" file="aries_cloudagent/protocols/issue_credential/v2_0/messages/inner/tests/test_cred_preview.py" line="75" time="0.008" /><testcase classname="aries_cloudagent.protocols.issue_credential.v2_0.messages.inner.tests.test_cred_preview.TestV20CredPreview" name="test_init" file="aries_cloudagent/protocols/issue_credential/v2_0/messages/inner/tests/test_cred_preview.py" line="51" time="0.004" /><testcase classname="aries_cloudagent.protocols.issue_credential.v2_0.messages.inner.tests.test_cred_preview.TestV20CredPreview" name="test_preview" file="aries_cloudagent/protocols/issue_credential/v2_0/messages/inner/tests/test_cred_preview.py" line="59" time="0.003" /><testcase classname="aries_cloudagent.protocols.issue_credential.v2_0.messages.inner.tests.test_cred_preview.TestV20CredPreview" name="test_serialize" file="aries_cloudagent/protocols/issue_credential/v2_0/messages/inner/tests/test_cred_preview.py" line="88" time="0.005" /><testcase classname="aries_cloudagent.protocols.issue_credential.v2_0.messages.inner.tests.test_cred_preview.TestV20CredPreview" name="test_type" file="aries_cloudagent/protocols/issue_credential/v2_0/messages/inner/tests/test_cred_preview.py" line="55" time="0.002" /><testcase classname="aries_cloudagent.protocols.issue_credential.v2_0.messages.inner.tests.test_cred_preview.TestV20CredPreviewSchema" name="test_make_model" file="aries_cloudagent/protocols/issue_credential/v2_0/messages/inner/tests/test_cred_preview.py" line="105" time="0.006" /><testcase classname="aries_cloudagent.protocols.issue_credential.v2_0.messages.tests.__init__" name="ruff" file="aries_cloudagent/protocols/issue_credential/v2_0/messages/tests/__init__.py" time="0.038" /><testcase classname="aries_cloudagent.protocols.issue_credential.v2_0.messages.tests.test_cred_ack" name="ruff" file="aries_cloudagent/protocols/issue_credential/v2_0/messages/tests/test_cred_ack.py" time="0.038" /><testcase classname="aries_cloudagent.protocols.issue_credential.v2_0.messages.tests.test_cred_ack.TestV20CredAck" name="test_deserialize" file="aries_cloudagent/protocols/issue_credential/v2_0/messages/tests/test_cred_ack.py" line="20" time="0.019" /><testcase classname="aries_cloudagent.protocols.issue_credential.v2_0.messages.tests.test_cred_ack.TestV20CredAck" name="test_init_type" file="aries_cloudagent/protocols/issue_credential/v2_0/messages/tests/test_cred_ack.py" line="14" time="0.008" /><testcase classname="aries_cloudagent.protocols.issue_credential.v2_0.messages.tests.test_cred_ack.TestV20CredAck" name="test_serialize" file="aries_cloudagent/protocols/issue_credential/v2_0/messages/tests/test_cred_ack.py" line="32" time="0.017" /><testcase classname="aries_cloudagent.protocols.issue_credential.v2_0.messages.tests.test_cred_ack.TestCredentialAckSchema" name="test_make_model" file="aries_cloudagent/protocols/issue_credential/v2_0/messages/tests/test_cred_ack.py" line="48" time="0.014" /><testcase classname="aries_cloudagent.protocols.issue_credential.v2_0.messages.tests.test_cred_format" name="ruff" file="aries_cloudagent/protocols/issue_credential/v2_0/messages/tests/test_cred_format.py" time="0.045" /><testcase classname="aries_cloudagent.protocols.issue_credential.v2_0.messages.tests.test_cred_format.TestV20FormatFormat" name="test_get_attachment_data" file="aries_cloudagent/protocols/issue_credential/v2_0/messages/tests/test_cred_format.py" line="40" time="0.005" /><testcase classname="aries_cloudagent.protocols.issue_credential.v2_0.messages.tests.test_cred_format.TestV20FormatFormat" name="test_get_completeness" file="aries_cloudagent/protocols/issue_credential/v2_0/messages/tests/test_cred_format.py" line="24" time="0.003" /><testcase classname="aries_cloudagent.protocols.issue_credential.v2_0.messages.tests.test_cred_issue" name="ruff" file="aries_cloudagent/protocols/issue_credential/v2_0/messages/tests/test_cred_issue.py" time="0.040" /><testcase classname="aries_cloudagent.protocols.issue_credential.v2_0.messages.tests.test_cred_issue.TestV20CredIssue" name="test_attachment_no_target_format" file="aries_cloudagent/protocols/issue_credential/v2_0/messages/tests/test_cred_issue.py" line="104" time="0.019" /><testcase classname="aries_cloudagent.protocols.issue_credential.v2_0.messages.tests.test_cred_issue.TestV20CredIssue" name="test_deserialize" file="aries_cloudagent/protocols/issue_credential/v2_0/messages/tests/test_cred_issue.py" line="118" time="0.036" /><testcase classname="aries_cloudagent.protocols.issue_credential.v2_0.messages.tests.test_cred_issue.TestV20CredIssue" name="test_init_type" file="aries_cloudagent/protocols/issue_credential/v2_0/messages/tests/test_cred_issue.py" line="90" time="0.011" /><testcase classname="aries_cloudagent.protocols.issue_credential.v2_0.messages.tests.test_cred_issue.TestV20CredIssue" name="test_make_model" file="aries_cloudagent/protocols/issue_credential/v2_0/messages/tests/test_cred_issue.py" line="171" time="0.014" /><testcase classname="aries_cloudagent.protocols.issue_credential.v2_0.messages.tests.test_cred_issue.TestV20CredIssue" name="test_serialize" file="aries_cloudagent/protocols/issue_credential/v2_0/messages/tests/test_cred_issue.py" line="159" time="0.023" /><testcase classname="aries_cloudagent.protocols.issue_credential.v2_0.messages.tests.test_cred_offer" name="ruff" file="aries_cloudagent/protocols/issue_credential/v2_0/messages/tests/test_cred_offer.py" time="0.045" /><testcase classname="aries_cloudagent.protocols.issue_credential.v2_0.messages.tests.test_cred_offer.TestV20CredOffer" name="test_attachment_no_target_format" file="aries_cloudagent/protocols/issue_credential/v2_0/messages/tests/test_cred_offer.py" line="78" time="0.020" /><testcase classname="aries_cloudagent.protocols.issue_credential.v2_0.messages.tests.test_cred_offer.TestV20CredOffer" name="test_init_type" file="aries_cloudagent/protocols/issue_credential/v2_0/messages/tests/test_cred_offer.py" line="64" time="0.009" /><testcase classname="aries_cloudagent.protocols.issue_credential.v2_0.messages.tests.test_cred_offer.TestV20CredOffer" name="test_serde" file="aries_cloudagent/protocols/issue_credential/v2_0/messages/tests/test_cred_offer.py" line="92" time="0.052" /><testcase classname="aries_cloudagent.protocols.issue_credential.v2_0.messages.tests.test_cred_offer.TestV20CredOfferSchema" name="test_make_model" file="aries_cloudagent/protocols/issue_credential/v2_0/messages/tests/test_cred_offer.py" line="137" time="0.019" /><testcase classname="aries_cloudagent.protocols.issue_credential.v2_0.messages.tests.test_cred_problem_report" name="ruff" file="aries_cloudagent/protocols/issue_credential/v2_0/messages/tests/test_cred_problem_report.py" time="0.050" /><testcase classname="aries_cloudagent.protocols.issue_credential.v2_0.messages.tests.test_cred_problem_report.TestCredProblemReport" name="test_deserialize" file="aries_cloudagent/protocols/issue_credential/v2_0/messages/tests/test_cred_problem_report.py" line="38" time="0.008" /><testcase classname="aries_cloudagent.protocols.issue_credential.v2_0.messages.tests.test_cred_problem_report.TestCredProblemReport" name="test_init_type" file="aries_cloudagent/protocols/issue_credential/v2_0/messages/tests/test_cred_problem_report.py" line="27" time="0.005" /><testcase classname="aries_cloudagent.protocols.issue_credential.v2_0.messages.tests.test_cred_problem_report.TestCredProblemReport" name="test_make_model" file="aries_cloudagent/protocols/issue_credential/v2_0/messages/tests/test_cred_problem_report.py" line="76" time="0.010" /><testcase classname="aries_cloudagent.protocols.issue_credential.v2_0.messages.tests.test_cred_problem_report.TestCredProblemReport" name="test_serialize" file="aries_cloudagent/protocols/issue_credential/v2_0/messages/tests/test_cred_problem_report.py" line="57" time="0.005" /><testcase classname="aries_cloudagent.protocols.issue_credential.v2_0.messages.tests.test_cred_problem_report.TestCredProblemReport" name="test_validate_and_logger" file="aries_cloudagent/protocols/issue_credential/v2_0/messages/tests/test_cred_problem_report.py" line="94" time="0.010" /><testcase classname="aries_cloudagent.protocols.issue_credential.v2_0.messages.tests.test_cred_problem_report.TestCredProblemReport" name="test_validate_x" file="aries_cloudagent/protocols/issue_credential/v2_0/messages/tests/test_cred_problem_report.py" line="106" time="0.006" /><testcase classname="aries_cloudagent.protocols.issue_credential.v2_0.messages.tests.test_cred_proposal" name="ruff" file="aries_cloudagent/protocols/issue_credential/v2_0/messages/tests/test_cred_proposal.py" time="0.041" /><testcase classname="aries_cloudagent.protocols.issue_credential.v2_0.messages.tests.test_cred_proposal.TestV20CredProposal" name="test_attachment_no_target_format" file="aries_cloudagent/protocols/issue_credential/v2_0/messages/tests/test_cred_proposal.py" line="51" time="0.017" /><testcase classname="aries_cloudagent.protocols.issue_credential.v2_0.messages.tests.test_cred_proposal.TestV20CredProposal" name="test_deserialize" file="aries_cloudagent/protocols/issue_credential/v2_0/messages/tests/test_cred_proposal.py" line="66" time="0.045" /><testcase classname="aries_cloudagent.protocols.issue_credential.v2_0.messages.tests.test_cred_proposal.TestV20CredProposal" name="test_init" file="aries_cloudagent/protocols/issue_credential/v2_0/messages/tests/test_cred_proposal.py" line="30" time="0.014" /><testcase classname="aries_cloudagent.protocols.issue_credential.v2_0.messages.tests.test_cred_proposal.TestV20CredProposal" name="test_serialize" file="aries_cloudagent/protocols/issue_credential/v2_0/messages/tests/test_cred_proposal.py" line="140" time="0.012" /><testcase classname="aries_cloudagent.protocols.issue_credential.v2_0.messages.tests.test_cred_proposal.TestV20CredProposal" name="test_serialize_minimal" file="aries_cloudagent/protocols/issue_credential/v2_0/messages/tests/test_cred_proposal.py" line="197" time="0.010" /><testcase classname="aries_cloudagent.protocols.issue_credential.v2_0.messages.tests.test_cred_proposal.TestV20CredProposalSchema" name="test_make_model" file="aries_cloudagent/protocols/issue_credential/v2_0/messages/tests/test_cred_proposal.py" line="239" time="0.015" /><testcase classname="aries_cloudagent.protocols.issue_credential.v2_0.messages.tests.test_cred_request" name="ruff" file="aries_cloudagent/protocols/issue_credential/v2_0/messages/tests/test_cred_request.py" time="0.041" /><testcase classname="aries_cloudagent.protocols.issue_credential.v2_0.messages.tests.test_cred_request.TestV20CredRequest" name="test_attachment_no_target_format" file="aries_cloudagent/protocols/issue_credential/v2_0/messages/tests/test_cred_request.py" line="82" time="0.011" /><testcase classname="aries_cloudagent.protocols.issue_credential.v2_0.messages.tests.test_cred_request.TestV20CredRequest" name="test_init_type" file="aries_cloudagent/protocols/issue_credential/v2_0/messages/tests/test_cred_request.py" line="68" time="0.013" /><testcase classname="aries_cloudagent.protocols.issue_credential.v2_0.messages.tests.test_cred_request.TestV20CredRequest" name="test_serde" file="aries_cloudagent/protocols/issue_credential/v2_0/messages/tests/test_cred_request.py" line="97" time="0.039" /><testcase classname="aries_cloudagent.protocols.issue_credential.v2_0.messages.tests.test_cred_request.TestV20CredRequestSchema" name="test_make_model" file="aries_cloudagent/protocols/issue_credential/v2_0/messages/tests/test_cred_request.py" line="142" time="0.020" /><testcase classname="aries_cloudagent.protocols.issue_credential.v2_0.models.__init__" name="ruff" file="aries_cloudagent/protocols/issue_credential/v2_0/models/__init__.py" time="0.043" /><testcase classname="aries_cloudagent.protocols.issue_credential.v2_0.models.cred_ex_record" name="ruff" file="aries_cloudagent/protocols/issue_credential/v2_0/models/cred_ex_record.py" time="1.322" /><testcase classname="aries_cloudagent.protocols.issue_credential.v2_0.models.detail.__init__" name="ruff" file="aries_cloudagent/protocols/issue_credential/v2_0/models/detail/__init__.py" time="0.056" /><testcase classname="aries_cloudagent.protocols.issue_credential.v2_0.models.detail.indy" name="ruff" file="aries_cloudagent/protocols/issue_credential/v2_0/models/detail/indy.py" time="0.064" /><testcase classname="aries_cloudagent.protocols.issue_credential.v2_0.models.detail.ld_proof" name="ruff" file="aries_cloudagent/protocols/issue_credential/v2_0/models/detail/ld_proof.py" time="0.056" /><testcase classname="aries_cloudagent.protocols.issue_credential.v2_0.models.detail.tests.__init__" name="ruff" file="aries_cloudagent/protocols/issue_credential/v2_0/models/detail/tests/__init__.py" time="0.050" /><testcase classname="aries_cloudagent.protocols.issue_credential.v2_0.models.detail.tests.test_indy" name="ruff" file="aries_cloudagent/protocols/issue_credential/v2_0/models/detail/tests/test_indy.py" time="0.051" /><testcase classname="aries_cloudagent.protocols.issue_credential.v2_0.models.detail.tests.test_indy.TestV20CredExRecordIndy" name="test_record" file="aries_cloudagent/protocols/issue_credential/v2_0/models/detail/tests/test_indy.py" line="6" time="0.011" /><testcase classname="aries_cloudagent.protocols.issue_credential.v2_0.models.detail.tests.test_ld_proof" name="ruff" file="aries_cloudagent/protocols/issue_credential/v2_0/models/detail/tests/test_ld_proof.py" time="0.048" /><testcase classname="aries_cloudagent.protocols.issue_credential.v2_0.models.detail.tests.test_ld_proof.TestV20CredExRecordLDProof" name="test_record" file="aries_cloudagent/protocols/issue_credential/v2_0/models/detail/tests/test_ld_proof.py" line="6" time="0.020" /><testcase classname="aries_cloudagent.protocols.issue_credential.v2_0.models.tests.__init__" name="ruff" file="aries_cloudagent/protocols/issue_credential/v2_0/models/tests/__init__.py" time="0.069" /><testcase classname="aries_cloudagent.protocols.issue_credential.v2_0.models.tests.test_cred_ex_record" name="ruff" file="aries_cloudagent/protocols/issue_credential/v2_0/models/tests/test_cred_ex_record.py" time="0.054" /><testcase classname="aries_cloudagent.protocols.issue_credential.v2_0.models.tests.test_cred_ex_record.TestV20CredExRecord" name="test_record" file="aries_cloudagent/protocols/issue_credential/v2_0/models/tests/test_cred_ex_record.py" line="40" time="0.014" /><testcase classname="aries_cloudagent.protocols.issue_credential.v2_0.models.tests.test_cred_ex_record.TestV20CredExRecord" name="test_save_error_state" file="aries_cloudagent/protocols/issue_credential/v2_0/models/tests/test_cred_ex_record.py" line="119" time="0.046" /><testcase classname="aries_cloudagent.protocols.issue_credential.v2_0.models.tests.test_cred_ex_record.TestV20CredExRecord" name="test_serde" file="aries_cloudagent/protocols/issue_credential/v2_0/models/tests/test_cred_ex_record.py" line="79" time="0.058" /><testcase classname="aries_cloudagent.protocols.issue_credential.v2_0.tests.__init__" name="ruff" file="aries_cloudagent/protocols/issue_credential/v2_0/tests/__init__.py" time="0.049" /><testcase classname="aries_cloudagent.protocols.issue_credential.v2_0.tests.test_manager" name="ruff" file="aries_cloudagent/protocols/issue_credential/v2_0/tests/test_manager.py" time="0.062" /><testcase classname="aries_cloudagent.protocols.issue_credential.v2_0.tests.test_manager.TestV20CredManager" name="test_create_bound_offer" file="aries_cloudagent/protocols/issue_credential/v2_0/tests/test_manager.py" line="369" time="0.062" /><testcase classname="aries_cloudagent.protocols.issue_credential.v2_0.tests.test_manager.TestV20CredManager" name="test_create_bound_request" file="aries_cloudagent/protocols/issue_credential/v2_0/tests/test_manager.py" line="588" time="0.056" /><testcase classname="aries_cloudagent.protocols.issue_credential.v2_0.tests.test_manager.TestV20CredManager" name="test_create_free_offer" file="aries_cloudagent/protocols/issue_credential/v2_0/tests/test_manager.py" line="292" time="0.378" /><testcase classname="aries_cloudagent.protocols.issue_credential.v2_0.tests.test_manager.TestV20CredManager" name="test_create_free_request" file="aries_cloudagent/protocols/issue_credential/v2_0/tests/test_manager.py" line="673" time="0.040" /><testcase classname="aries_cloudagent.protocols.issue_credential.v2_0.tests.test_manager.TestV20CredManager" name="test_create_offer_x_no_formats" file="aries_cloudagent/protocols/issue_credential/v2_0/tests/test_manager.py" line="440" time="0.034" /><testcase classname="aries_cloudagent.protocols.issue_credential.v2_0.tests.test_manager.TestV20CredManager" name="test_create_proposal" file="aries_cloudagent/protocols/issue_credential/v2_0/tests/test_manager.py" line="145" time="0.036" /><testcase classname="aries_cloudagent.protocols.issue_credential.v2_0.tests.test_manager.TestV20CredManager" name="test_create_proposal_no_preview" file="aries_cloudagent/protocols/issue_credential/v2_0/tests/test_manager.py" line="195" time="0.046" /><testcase classname="aries_cloudagent.protocols.issue_credential.v2_0.tests.test_manager.TestV20CredManager" name="test_create_request_bad_state" file="aries_cloudagent/protocols/issue_credential/v2_0/tests/test_manager.py" line="746" time="0.022" /><testcase classname="aries_cloudagent.protocols.issue_credential.v2_0.tests.test_manager.TestV20CredManager" name="test_create_request_existing_cred_req" file="aries_cloudagent/protocols/issue_credential/v2_0/tests/test_manager.py" line="739" time="0.026" /><testcase classname="aries_cloudagent.protocols.issue_credential.v2_0.tests.test_manager.TestV20CredManager" name="test_create_request_x_no_formats" file="aries_cloudagent/protocols/issue_credential/v2_0/tests/test_manager.py" line="651" time="0.028" /><testcase classname="aries_cloudagent.protocols.issue_credential.v2_0.tests.test_manager.TestV20CredManager" name="test_delete_cred_ex_record" file="aries_cloudagent/protocols/issue_credential/v2_0/tests/test_manager.py" line="1338" time="0.048" /><testcase classname="aries_cloudagent.protocols.issue_credential.v2_0.tests.test_manager.TestV20CredManager" name="test_issue_credential" file="aries_cloudagent/protocols/issue_credential/v2_0/tests/test_manager.py" line="899" time="0.052" /><testcase classname="aries_cloudagent.protocols.issue_credential.v2_0.tests.test_manager.TestV20CredManager" name="test_issue_credential_existing_cred" file="aries_cloudagent/protocols/issue_credential/v2_0/tests/test_manager.py" line="1030" time="0.026" /><testcase classname="aries_cloudagent.protocols.issue_credential.v2_0.tests.test_manager.TestV20CredManager" name="test_issue_credential_request_bad_state" file="aries_cloudagent/protocols/issue_credential/v2_0/tests/test_manager.py" line="1040" time="0.025" /><testcase classname="aries_cloudagent.protocols.issue_credential.v2_0.tests.test_manager.TestV20CredManager" name="test_issue_credential_x_no_formats" file="aries_cloudagent/protocols/issue_credential/v2_0/tests/test_manager.py" line="1008" time="0.028" /><testcase classname="aries_cloudagent.protocols.issue_credential.v2_0.tests.test_manager.TestV20CredManager" name="test_prepare_send" file="aries_cloudagent/protocols/issue_credential/v2_0/tests/test_manager.py" line="104" time="0.040" /><testcase classname="aries_cloudagent.protocols.issue_credential.v2_0.tests.test_manager.TestV20CredManager" name="test_receive_cred" file="aries_cloudagent/protocols/issue_credential/v2_0/tests/test_manager.py" line="1049" time="0.046" /><testcase classname="aries_cloudagent.protocols.issue_credential.v2_0.tests.test_manager.TestV20CredManager" name="test_receive_cred_ack" file="aries_cloudagent/protocols/issue_credential/v2_0/tests/test_manager.py" line="1301" time="0.034" /><testcase classname="aries_cloudagent.protocols.issue_credential.v2_0.tests.test_manager.TestV20CredManager" name="test_receive_cred_x_extra_formats" file="aries_cloudagent/protocols/issue_credential/v2_0/tests/test_manager.py" line="1113" time="0.031" /><testcase classname="aries_cloudagent.protocols.issue_credential.v2_0.tests.test_manager.TestV20CredManager" name="test_receive_cred_x_no_formats" file="aries_cloudagent/protocols/issue_credential/v2_0/tests/test_manager.py" line="1171" time="0.032" /><testcase classname="aries_cloudagent.protocols.issue_credential.v2_0.tests.test_manager.TestV20CredManager" name="test_receive_free_offer" file="aries_cloudagent/protocols/issue_credential/v2_0/tests/test_manager.py" line="537" time="0.049" /><testcase classname="aries_cloudagent.protocols.issue_credential.v2_0.tests.test_manager.TestV20CredManager" name="test_receive_offer_proposed" file="aries_cloudagent/protocols/issue_credential/v2_0/tests/test_manager.py" line="462" time="0.045" /><testcase classname="aries_cloudagent.protocols.issue_credential.v2_0.tests.test_manager.TestV20CredManager" name="test_receive_problem_report" file="aries_cloudagent/protocols/issue_credential/v2_0/tests/test_manager.py" line="1369" time="0.028" /><testcase classname="aries_cloudagent.protocols.issue_credential.v2_0.tests.test_manager.TestV20CredManager" name="test_receive_problem_report_x" file="aries_cloudagent/protocols/issue_credential/v2_0/tests/test_manager.py" line="1403" time="0.035" /><testcase classname="aries_cloudagent.protocols.issue_credential.v2_0.tests.test_manager.TestV20CredManager" name="test_receive_proposal" file="aries_cloudagent/protocols/issue_credential/v2_0/tests/test_manager.py" line="239" time="0.042" /><testcase classname="aries_cloudagent.protocols.issue_credential.v2_0.tests.test_manager.TestV20CredManager" name="test_receive_request" file="aries_cloudagent/protocols/issue_credential/v2_0/tests/test_manager.py" line="757" time="0.042" /><testcase classname="aries_cloudagent.protocols.issue_credential.v2_0.tests.test_manager.TestV20CredManager" name="test_receive_request_no_connection_cred_request" file="aries_cloudagent/protocols/issue_credential/v2_0/tests/test_manager.py" line="805" time="0.055" /><testcase classname="aries_cloudagent.protocols.issue_credential.v2_0.tests.test_manager.TestV20CredManager" name="test_receive_request_no_cred_ex_with_offer_found" file="aries_cloudagent/protocols/issue_credential/v2_0/tests/test_manager.py" line="856" time="0.049" /><testcase classname="aries_cloudagent.protocols.issue_credential.v2_0.tests.test_manager.TestV20CredManager" name="test_retrieve_records" file="aries_cloudagent/protocols/issue_credential/v2_0/tests/test_manager.py" line="1428" time="0.045" /><testcase classname="aries_cloudagent.protocols.issue_credential.v2_0.tests.test_manager.TestV20CredManager" name="test_send_cred_ack" file="aries_cloudagent/protocols/issue_credential/v2_0/tests/test_manager.py" line="1267" time="0.039" /><testcase classname="aries_cloudagent.protocols.issue_credential.v2_0.tests.test_manager.TestV20CredManager" name="test_store_credential" file="aries_cloudagent/protocols/issue_credential/v2_0/tests/test_manager.py" line="1206" time="0.038" /><testcase classname="aries_cloudagent.protocols.issue_credential.v2_0.tests.test_manager.TestV20CredManager" name="test_store_credential_bad_state" file="aries_cloudagent/protocols/issue_credential/v2_0/tests/test_manager.py" line="1253" time="0.027" /><testcase classname="aries_cloudagent.protocols.issue_credential.v2_0.tests.test_routes" name="ruff" file="aries_cloudagent/protocols/issue_credential/v2_0/tests/test_routes.py" time="0.052" /><testcase classname="aries_cloudagent.protocols.issue_credential.v2_0.tests.test_routes.TestV20CredRoutes" name="test_credential_exchange_create" file="aries_cloudagent/protocols/issue_credential/v2_0/tests/test_routes.py" line="238" time="0.265" /><testcase classname="aries_cloudagent.protocols.issue_credential.v2_0.tests.test_routes.TestV20CredRoutes" name="test_credential_exchange_create_free_offer" file="aries_cloudagent/protocols/issue_credential/v2_0/tests/test_routes.py" line="580" time="0.302" /><testcase classname="aries_cloudagent.protocols.issue_credential.v2_0.tests.test_routes.TestV20CredRoutes" name="test_credential_exchange_create_free_offer_no_filter" file="aries_cloudagent/protocols/issue_credential/v2_0/tests/test_routes.py" line="610" time="0.022" /><testcase classname="aries_cloudagent.protocols.issue_credential.v2_0.tests.test_routes.TestV20CredRoutes" name="test_credential_exchange_create_free_offer_x" file="aries_cloudagent/protocols/issue_credential/v2_0/tests/test_routes.py" line="624" time="0.316" /><testcase classname="aries_cloudagent.protocols.issue_credential.v2_0.tests.test_routes.TestV20CredRoutes" name="test_credential_exchange_create_no_filter" file="aries_cloudagent/protocols/issue_credential/v2_0/tests/test_routes.py" line="295" time="0.016" /><testcase classname="aries_cloudagent.protocols.issue_credential.v2_0.tests.test_routes.TestV20CredRoutes" name="test_credential_exchange_create_x" file="aries_cloudagent/protocols/issue_credential/v2_0/tests/test_routes.py" line="269" time="0.289" /><testcase classname="aries_cloudagent.protocols.issue_credential.v2_0.tests.test_routes.TestV20CredRoutes" name="test_credential_exchange_issue" file="aries_cloudagent/protocols/issue_credential/v2_0/tests/test_routes.py" line="1174" time="0.377" /><testcase classname="aries_cloudagent.protocols.issue_credential.v2_0.tests.test_routes.TestV20CredRoutes" name="test_credential_exchange_issue_bad_cred_ex_id" file="aries_cloudagent/protocols/issue_credential/v2_0/tests/test_routes.py" line="1219" time="0.127" /><testcase classname="aries_cloudagent.protocols.issue_credential.v2_0.tests.test_routes.TestV20CredRoutes" name="test_credential_exchange_issue_deser_x" file="aries_cloudagent/protocols/issue_credential/v2_0/tests/test_routes.py" line="1330" time="0.328" /><testcase classname="aries_cloudagent.protocols.issue_credential.v2_0.tests.test_routes.TestV20CredRoutes" name="test_credential_exchange_issue_no_conn_record" file="aries_cloudagent/protocols/issue_credential/v2_0/tests/test_routes.py" line="1234" time="0.529" /><testcase classname="aries_cloudagent.protocols.issue_credential.v2_0.tests.test_routes.TestV20CredRoutes" name="test_credential_exchange_issue_not_ready" file="aries_cloudagent/protocols/issue_credential/v2_0/tests/test_routes.py" line="1269" time="0.308" /><testcase classname="aries_cloudagent.protocols.issue_credential.v2_0.tests.test_routes.TestV20CredRoutes" name="test_credential_exchange_issue_rev_reg_full" file="aries_cloudagent/protocols/issue_credential/v2_0/tests/test_routes.py" line="1298" time="0.291" /><testcase classname="aries_cloudagent.protocols.issue_credential.v2_0.tests.test_routes.TestV20CredRoutes" name="test_credential_exchange_list" file="aries_cloudagent/protocols/issue_credential/v2_0/tests/test_routes.py" line="84" time="0.107" /><testcase classname="aries_cloudagent.protocols.issue_credential.v2_0.tests.test_routes.TestV20CredRoutes" name="test_credential_exchange_list_x" file="aries_cloudagent/protocols/issue_credential/v2_0/tests/test_routes.py" line="112" time="0.105" /><testcase classname="aries_cloudagent.protocols.issue_credential.v2_0.tests.test_routes.TestV20CredRoutes" name="test_credential_exchange_problem_report" file="aries_cloudagent/protocols/issue_credential/v2_0/tests/test_routes.py" line="1626" time="0.198" /><testcase classname="aries_cloudagent.protocols.issue_credential.v2_0.tests.test_routes.TestV20CredRoutes" name="test_credential_exchange_problem_report_bad_cred_ex_id" file="aries_cloudagent/protocols/issue_credential/v2_0/tests/test_routes.py" line="1655" time="0.166" /><testcase classname="aries_cloudagent.protocols.issue_credential.v2_0.tests.test_routes.TestV20CredRoutes" name="test_credential_exchange_problem_report_x" file="aries_cloudagent/protocols/issue_credential/v2_0/tests/test_routes.py" line="1673" time="0.171" /><testcase classname="aries_cloudagent.protocols.issue_credential.v2_0.tests.test_routes.TestV20CredRoutes" name="test_credential_exchange_remove" file="aries_cloudagent/protocols/issue_credential/v2_0/tests/test_routes.py" line="1581" time="0.082" /><testcase classname="aries_cloudagent.protocols.issue_credential.v2_0.tests.test_routes.TestV20CredRoutes" name="test_credential_exchange_remove_bad_cred_ex_id" file="aries_cloudagent/protocols/issue_credential/v2_0/tests/test_routes.py" line="1596" time="0.085" /><testcase classname="aries_cloudagent.protocols.issue_credential.v2_0.tests.test_routes.TestV20CredRoutes" name="test_credential_exchange_remove_x" file="aries_cloudagent/protocols/issue_credential/v2_0/tests/test_routes.py" line="1611" time="0.092" /><testcase classname="aries_cloudagent.protocols.issue_credential.v2_0.tests.test_routes.TestV20CredRoutes" name="test_credential_exchange_retrieve" file="aries_cloudagent/protocols/issue_credential/v2_0/tests/test_routes.py" line="131" time="0.119" /><testcase classname="aries_cloudagent.protocols.issue_credential.v2_0.tests.test_routes.TestV20CredRoutes" name="test_credential_exchange_retrieve_indy_ld_proof" file="aries_cloudagent/protocols/issue_credential/v2_0/tests/test_routes.py" line="165" time="0.124" /><testcase classname="aries_cloudagent.protocols.issue_credential.v2_0.tests.test_routes.TestV20CredRoutes" name="test_credential_exchange_retrieve_not_found" file="aries_cloudagent/protocols/issue_credential/v2_0/tests/test_routes.py" line="201" time="0.113" /><testcase classname="aries_cloudagent.protocols.issue_credential.v2_0.tests.test_routes.TestV20CredRoutes" name="test_credential_exchange_retrieve_x" file="aries_cloudagent/protocols/issue_credential/v2_0/tests/test_routes.py" line="215" time="0.102" /><testcase classname="aries_cloudagent.protocols.issue_credential.v2_0.tests.test_routes.TestV20CredRoutes" name="test_credential_exchange_send" file="aries_cloudagent/protocols/issue_credential/v2_0/tests/test_routes.py" line="311" time="0.226" /><testcase classname="aries_cloudagent.protocols.issue_credential.v2_0.tests.test_routes.TestV20CredRoutes" name="test_credential_exchange_send_bound_offer" file="aries_cloudagent/protocols/issue_credential/v2_0/tests/test_routes.py" line="792" time="0.298" /><testcase classname="aries_cloudagent.protocols.issue_credential.v2_0.tests.test_routes.TestV20CredRoutes" name="test_credential_exchange_send_bound_offer_bad_cred_ex_id" file="aries_cloudagent/protocols/issue_credential/v2_0/tests/test_routes.py" line="854" time="0.103" /><testcase classname="aries_cloudagent.protocols.issue_credential.v2_0.tests.test_routes.TestV20CredRoutes" name="test_credential_exchange_send_bound_offer_bad_state" file="aries_cloudagent/protocols/issue_credential/v2_0/tests/test_routes.py" line="903" time="0.356" /><testcase classname="aries_cloudagent.protocols.issue_credential.v2_0.tests.test_routes.TestV20CredRoutes" name="test_credential_exchange_send_bound_offer_linked_data_error" file="aries_cloudagent/protocols/issue_credential/v2_0/tests/test_routes.py" line="823" time="0.302" /><testcase classname="aries_cloudagent.protocols.issue_credential.v2_0.tests.test_routes.TestV20CredRoutes" name="test_credential_exchange_send_bound_offer_no_conn_record" file="aries_cloudagent/protocols/issue_credential/v2_0/tests/test_routes.py" line="869" time="0.287" /><testcase classname="aries_cloudagent.protocols.issue_credential.v2_0.tests.test_routes.TestV20CredRoutes" name="test_credential_exchange_send_bound_offer_not_ready" file="aries_cloudagent/protocols/issue_credential/v2_0/tests/test_routes.py" line="922" time="0.329" /><testcase classname="aries_cloudagent.protocols.issue_credential.v2_0.tests.test_routes.TestV20CredRoutes" name="test_credential_exchange_send_free_offer" file="aries_cloudagent/protocols/issue_credential/v2_0/tests/test_routes.py" line="657" time="0.239" /><testcase classname="aries_cloudagent.protocols.issue_credential.v2_0.tests.test_routes.TestV20CredRoutes" name="test_credential_exchange_send_free_offer_no_conn_record" file="aries_cloudagent/protocols/issue_credential/v2_0/tests/test_routes.py" line="699" time="0.225" /><testcase classname="aries_cloudagent.protocols.issue_credential.v2_0.tests.test_routes.TestV20CredRoutes" name="test_credential_exchange_send_free_offer_no_filter" file="aries_cloudagent/protocols/issue_credential/v2_0/tests/test_routes.py" line="685" time="0.015" /><testcase classname="aries_cloudagent.protocols.issue_credential.v2_0.tests.test_routes.TestV20CredRoutes" name="test_credential_exchange_send_free_offer_not_ready" file="aries_cloudagent/protocols/issue_credential/v2_0/tests/test_routes.py" line="729" time="0.202" /><testcase classname="aries_cloudagent.protocols.issue_credential.v2_0.tests.test_routes.TestV20CredRoutes" name="test_credential_exchange_send_free_offer_x" file="aries_cloudagent/protocols/issue_credential/v2_0/tests/test_routes.py" line="758" time="0.232" /><testcase classname="aries_cloudagent.protocols.issue_credential.v2_0.tests.test_routes.TestV20CredRoutes" name="test_credential_exchange_send_free_request" file="aries_cloudagent/protocols/issue_credential/v2_0/tests/test_routes.py" line="1061" time="0.220" /><testcase classname="aries_cloudagent.protocols.issue_credential.v2_0.tests.test_routes.TestV20CredRoutes" name="test_credential_exchange_send_free_request_no_conn_record" file="aries_cloudagent/protocols/issue_credential/v2_0/tests/test_routes.py" line="1095" time="0.218" /><testcase classname="aries_cloudagent.protocols.issue_credential.v2_0.tests.test_routes.TestV20CredRoutes" name="test_credential_exchange_send_free_request_no_filter" file="aries_cloudagent/protocols/issue_credential/v2_0/tests/test_routes.py" line="1088" time="0.011" /><testcase classname="aries_cloudagent.protocols.issue_credential.v2_0.tests.test_routes.TestV20CredRoutes" name="test_credential_exchange_send_free_request_not_ready" file="aries_cloudagent/protocols/issue_credential/v2_0/tests/test_routes.py" line="1121" time="0.205" /><testcase classname="aries_cloudagent.protocols.issue_credential.v2_0.tests.test_routes.TestV20CredRoutes" name="test_credential_exchange_send_free_request_x" file="aries_cloudagent/protocols/issue_credential/v2_0/tests/test_routes.py" line="1146" time="0.454" /><testcase classname="aries_cloudagent.protocols.issue_credential.v2_0.tests.test_routes.TestV20CredRoutes" name="test_credential_exchange_send_no_conn_record" file="aries_cloudagent/protocols/issue_credential/v2_0/tests/test_routes.py" line="385" time="0.208" /><testcase classname="aries_cloudagent.protocols.issue_credential.v2_0.tests.test_routes.TestV20CredRoutes" name="test_credential_exchange_send_not_ready" file="aries_cloudagent/protocols/issue_credential/v2_0/tests/test_routes.py" line="414" time="0.244" /><testcase classname="aries_cloudagent.protocols.issue_credential.v2_0.tests.test_routes.TestV20CredRoutes" name="test_credential_exchange_send_proposal" file="aries_cloudagent/protocols/issue_credential/v2_0/tests/test_routes.py" line="474" time="0.247" /><testcase classname="aries_cloudagent.protocols.issue_credential.v2_0.tests.test_routes.TestV20CredRoutes" name="test_credential_exchange_send_proposal_no_conn_record" file="aries_cloudagent/protocols/issue_credential/v2_0/tests/test_routes.py" line="515" time="0.205" /><testcase classname="aries_cloudagent.protocols.issue_credential.v2_0.tests.test_routes.TestV20CredRoutes" name="test_credential_exchange_send_proposal_no_filter" file="aries_cloudagent/protocols/issue_credential/v2_0/tests/test_routes.py" line="502" time="0.016" /><testcase classname="aries_cloudagent.protocols.issue_credential.v2_0.tests.test_routes.TestV20CredRoutes" name="test_credential_exchange_send_proposal_not_ready" file="aries_cloudagent/protocols/issue_credential/v2_0/tests/test_routes.py" line="561" time="0.229" /><testcase classname="aries_cloudagent.protocols.issue_credential.v2_0.tests.test_routes.TestV20CredRoutes" name="test_credential_exchange_send_proposal_x" file="aries_cloudagent/protocols/issue_credential/v2_0/tests/test_routes.py" line="535" time="0.218" /><testcase classname="aries_cloudagent.protocols.issue_credential.v2_0.tests.test_routes.TestV20CredRoutes" name="test_credential_exchange_send_request" file="aries_cloudagent/protocols/issue_credential/v2_0/tests/test_routes.py" line="953" time="0.305" /><testcase classname="aries_cloudagent.protocols.issue_credential.v2_0.tests.test_routes.TestV20CredRoutes" name="test_credential_exchange_send_request_bad_cred_ex_id" file="aries_cloudagent/protocols/issue_credential/v2_0/tests/test_routes.py" line="982" time="0.109" /><testcase classname="aries_cloudagent.protocols.issue_credential.v2_0.tests.test_routes.TestV20CredRoutes" name="test_credential_exchange_send_request_no_conn_no_holder_did" file="aries_cloudagent/protocols/issue_credential/v2_0/tests/test_routes.py" line="342" time="0.252" /><testcase classname="aries_cloudagent.protocols.issue_credential.v2_0.tests.test_routes.TestV20CredRoutes" name="test_credential_exchange_send_request_no_conn_record" file="aries_cloudagent/protocols/issue_credential/v2_0/tests/test_routes.py" line="997" time="0.298" /><testcase classname="aries_cloudagent.protocols.issue_credential.v2_0.tests.test_routes.TestV20CredRoutes" name="test_credential_exchange_send_request_not_ready" file="aries_cloudagent/protocols/issue_credential/v2_0/tests/test_routes.py" line="1030" time="0.515" /><testcase classname="aries_cloudagent.protocols.issue_credential.v2_0.tests.test_routes.TestV20CredRoutes" name="test_credential_exchange_send_x" file="aries_cloudagent/protocols/issue_credential/v2_0/tests/test_routes.py" line="441" time="0.206" /><testcase classname="aries_cloudagent.protocols.issue_credential.v2_0.tests.test_routes.TestV20CredRoutes" name="test_credential_exchange_store" file="aries_cloudagent/protocols/issue_credential/v2_0/tests/test_routes.py" line="1369" time="0.308" /><testcase classname="aries_cloudagent.protocols.issue_credential.v2_0.tests.test_routes.TestV20CredRoutes" name="test_credential_exchange_store_bad_cred_ex_id" file="aries_cloudagent/protocols/issue_credential/v2_0/tests/test_routes.py" line="1462" time="0.110" /><testcase classname="aries_cloudagent.protocols.issue_credential.v2_0.tests.test_routes.TestV20CredRoutes" name="test_credential_exchange_store_bad_cred_id_json" file="aries_cloudagent/protocols/issue_credential/v2_0/tests/test_routes.py" line="1415" time="0.326" /><testcase classname="aries_cloudagent.protocols.issue_credential.v2_0.tests.test_routes.TestV20CredRoutes" name="test_credential_exchange_store_no_conn_record" file="aries_cloudagent/protocols/issue_credential/v2_0/tests/test_routes.py" line="1477" time="0.275" /><testcase classname="aries_cloudagent.protocols.issue_credential.v2_0.tests.test_routes.TestV20CredRoutes" name="test_credential_exchange_store_not_ready" file="aries_cloudagent/protocols/issue_credential/v2_0/tests/test_routes.py" line="1511" time="0.285" /><testcase classname="aries_cloudagent.protocols.issue_credential.v2_0.tests.test_routes.TestV20CredRoutes" name="test_credential_exchange_store_x" file="aries_cloudagent/protocols/issue_credential/v2_0/tests/test_routes.py" line="1536" time="0.309" /><testcase classname="aries_cloudagent.protocols.issue_credential.v2_0.tests.test_routes.TestV20CredRoutes" name="test_post_process_routes" file="aries_cloudagent/protocols/issue_credential/v2_0/tests/test_routes.py" line="1704" time="0.013" /><testcase classname="aries_cloudagent.protocols.issue_credential.v2_0.tests.test_routes.TestV20CredRoutes" name="test_register" file="aries_cloudagent/protocols/issue_credential/v2_0/tests/test_routes.py" line="1697" time="0.016" /><testcase classname="aries_cloudagent.protocols.issue_credential.v2_0.tests.test_routes.TestV20CredRoutes" name="test_validate_bound_offer_request_schema" file="aries_cloudagent/protocols/issue_credential/v2_0/tests/test_routes.py" line="70" time="0.013" /><testcase classname="aries_cloudagent.protocols.issue_credential.v2_0.tests.test_routes.TestV20CredRoutes" name="test_validate_create_schema" file="aries_cloudagent/protocols/issue_credential/v2_0/tests/test_routes.py" line="57" time="0.014" /><testcase classname="aries_cloudagent.protocols.issue_credential.v2_0.tests.test_routes.TestV20CredRoutes" name="test_validate_cred_filter_schema" file="aries_cloudagent/protocols/issue_credential/v2_0/tests/test_routes.py" line="32" time="0.028" /><testcase classname="aries_cloudagent.protocols.notification.__init__" name="ruff" file="aries_cloudagent/protocols/notification/__init__.py" time="0.062" /><testcase classname="aries_cloudagent.protocols.notification.definition" name="ruff" file="aries_cloudagent/protocols/notification/definition.py" time="0.047" /><testcase classname="aries_cloudagent.protocols.notification.v1_0.__init__" name="ruff" file="aries_cloudagent/protocols/notification/v1_0/__init__.py" time="0.045" /><testcase classname="aries_cloudagent.protocols.notification.v1_0.message_types" name="ruff" file="aries_cloudagent/protocols/notification/v1_0/message_types.py" time="0.041" /><testcase classname="aries_cloudagent.protocols.notification.v1_0.handlers.__init__" name="ruff" file="aries_cloudagent/protocols/notification/v1_0/handlers/__init__.py" time="0.042" /><testcase classname="aries_cloudagent.protocols.notification.v1_0.handlers.ack_handler" name="ruff" file="aries_cloudagent/protocols/notification/v1_0/handlers/ack_handler.py" time="0.045" /><testcase classname="aries_cloudagent.protocols.notification.v1_0.handlers.tests.__init__" name="ruff" file="aries_cloudagent/protocols/notification/v1_0/handlers/tests/__init__.py" time="0.039" /><testcase classname="aries_cloudagent.protocols.notification.v1_0.handlers.tests.test_ack_handler" name="ruff" file="aries_cloudagent/protocols/notification/v1_0/handlers/tests/test_ack_handler.py" time="0.042" /><testcase classname="aries_cloudagent.protocols.notification.v1_0.handlers.tests.test_ack_handler.TestNotificationAckHandler" name="test_called" file="aries_cloudagent/protocols/notification/v1_0/handlers/tests/test_ack_handler.py" line="13" time="0.016" /><testcase classname="aries_cloudagent.protocols.notification.v1_0.messages.__init__" name="ruff" file="aries_cloudagent/protocols/notification/v1_0/messages/__init__.py" time="0.037" /><testcase classname="aries_cloudagent.protocols.notification.v1_0.messages.ack" name="ruff" file="aries_cloudagent/protocols/notification/v1_0/messages/ack.py" time="0.045" /><testcase classname="aries_cloudagent.protocols.out_of_band.__init__" name="ruff" file="aries_cloudagent/protocols/out_of_band/__init__.py" time="0.038" /><testcase classname="aries_cloudagent.protocols.out_of_band.definition" name="ruff" file="aries_cloudagent/protocols/out_of_band/definition.py" time="0.051" /><testcase classname="aries_cloudagent.protocols.out_of_band.v1_0.__init__" name="ruff" file="aries_cloudagent/protocols/out_of_band/v1_0/__init__.py" time="0.047" /><testcase classname="aries_cloudagent.protocols.out_of_band.v1_0.controller" name="ruff" file="aries_cloudagent/protocols/out_of_band/v1_0/controller.py" time="0.041" /><testcase classname="aries_cloudagent.protocols.out_of_band.v1_0.manager" name="ruff" file="aries_cloudagent/protocols/out_of_band/v1_0/manager.py" time="0.052" /><testcase classname="aries_cloudagent.protocols.out_of_band.v1_0.message_types" name="ruff" file="aries_cloudagent/protocols/out_of_band/v1_0/message_types.py" time="0.040" /><testcase classname="aries_cloudagent.protocols.out_of_band.v1_0.routes" name="ruff" file="aries_cloudagent/protocols/out_of_band/v1_0/routes.py" time="0.053" /><testcase classname="aries_cloudagent.protocols.out_of_band.v1_0.handlers.__init__" name="ruff" file="aries_cloudagent/protocols/out_of_band/v1_0/handlers/__init__.py" time="0.040" /><testcase classname="aries_cloudagent.protocols.out_of_band.v1_0.handlers.problem_report_handler" name="ruff" file="aries_cloudagent/protocols/out_of_band/v1_0/handlers/problem_report_handler.py" time="0.051" /><testcase classname="aries_cloudagent.protocols.out_of_band.v1_0.handlers.reuse_accept_handler" name="ruff" file="aries_cloudagent/protocols/out_of_band/v1_0/handlers/reuse_accept_handler.py" time="0.035" /><testcase classname="aries_cloudagent.protocols.out_of_band.v1_0.handlers.reuse_handler" name="ruff" file="aries_cloudagent/protocols/out_of_band/v1_0/handlers/reuse_handler.py" time="0.032" /><testcase classname="aries_cloudagent.protocols.out_of_band.v1_0.handlers.tests.__init__" name="ruff" file="aries_cloudagent/protocols/out_of_band/v1_0/handlers/tests/__init__.py" time="0.041" /><testcase classname="aries_cloudagent.protocols.out_of_band.v1_0.handlers.tests.test_problem_report_handler" name="ruff" file="aries_cloudagent/protocols/out_of_band/v1_0/handlers/tests/test_problem_report_handler.py" time="0.039" /><testcase classname="aries_cloudagent.protocols.out_of_band.v1_0.handlers.tests.test_problem_report_handler.TestOOBProblemReportHandler" name="test_called" file="aries_cloudagent/protocols/out_of_band/v1_0/handlers/tests/test_problem_report_handler.py" line="37" time="0.026" /><testcase classname="aries_cloudagent.protocols.out_of_band.v1_0.handlers.tests.test_problem_report_handler.TestOOBProblemReportHandler" name="test_exception" file="aries_cloudagent/protocols/out_of_band/v1_0/handlers/tests/test_problem_report_handler.py" line="56" time="0.017" /><testcase classname="aries_cloudagent.protocols.out_of_band.v1_0.handlers.tests.test_reuse_accept_handler" name="ruff" file="aries_cloudagent/protocols/out_of_band/v1_0/handlers/tests/test_reuse_accept_handler.py" time="0.045" /><testcase classname="aries_cloudagent.protocols.out_of_band.v1_0.handlers.tests.test_reuse_accept_handler.TestHandshakeReuseAcceptHandler" name="test_called" file="aries_cloudagent/protocols/out_of_band/v1_0/handlers/tests/test_reuse_accept_handler.py" line="37" time="0.029" /><testcase classname="aries_cloudagent.protocols.out_of_band.v1_0.handlers.tests.test_reuse_accept_handler.TestHandshakeReuseAcceptHandler" name="test_exception" file="aries_cloudagent/protocols/out_of_band/v1_0/handlers/tests/test_reuse_accept_handler.py" line="51" time="0.025" /><testcase classname="aries_cloudagent.protocols.out_of_band.v1_0.handlers.tests.test_reuse_handler" name="ruff" file="aries_cloudagent/protocols/out_of_band/v1_0/handlers/tests/test_reuse_handler.py" time="0.050" /><testcase classname="aries_cloudagent.protocols.out_of_band.v1_0.handlers.tests.test_reuse_handler.TestHandshakeReuseHandler" name="test_called" file="aries_cloudagent/protocols/out_of_band/v1_0/handlers/tests/test_reuse_handler.py" line="30" time="0.027" /><testcase classname="aries_cloudagent.protocols.out_of_band.v1_0.handlers.tests.test_reuse_handler.TestHandshakeReuseHandler" name="test_reuse_accepted" file="aries_cloudagent/protocols/out_of_band/v1_0/handlers/tests/test_reuse_handler.py" line="45" time="0.011" /><testcase classname="aries_cloudagent.protocols.out_of_band.v1_0.handlers.tests.test_reuse_handler.TestHandshakeReuseHandler" name="test_exception" file="aries_cloudagent/protocols/out_of_band/v1_0/handlers/tests/test_reuse_handler.py" line="62" time="0.018" /><testcase classname="aries_cloudagent.protocols.out_of_band.v1_0.messages.__init__" name="ruff" file="aries_cloudagent/protocols/out_of_band/v1_0/messages/__init__.py" time="0.042" /><testcase classname="aries_cloudagent.protocols.out_of_band.v1_0.messages.invitation" name="ruff" file="aries_cloudagent/protocols/out_of_band/v1_0/messages/invitation.py" time="0.046" /><testcase classname="aries_cloudagent.protocols.out_of_band.v1_0.messages.problem_report" name="ruff" file="aries_cloudagent/protocols/out_of_band/v1_0/messages/problem_report.py" time="0.054" /><testcase classname="aries_cloudagent.protocols.out_of_band.v1_0.messages.reuse" name="ruff" file="aries_cloudagent/protocols/out_of_band/v1_0/messages/reuse.py" time="0.044" /><testcase classname="aries_cloudagent.protocols.out_of_band.v1_0.messages.reuse_accept" name="ruff" file="aries_cloudagent/protocols/out_of_band/v1_0/messages/reuse_accept.py" time="0.044" /><testcase classname="aries_cloudagent.protocols.out_of_band.v1_0.messages.service" name="ruff" file="aries_cloudagent/protocols/out_of_band/v1_0/messages/service.py" time="0.042" /><testcase classname="aries_cloudagent.protocols.out_of_band.v1_0.messages.tests.__init__" name="ruff" file="aries_cloudagent/protocols/out_of_band/v1_0/messages/tests/__init__.py" time="0.038" /><testcase classname="aries_cloudagent.protocols.out_of_band.v1_0.messages.tests.test_invitation" name="ruff" file="aries_cloudagent/protocols/out_of_band/v1_0/messages/tests/test_invitation.py" time="0.048" /><testcase classname="aries_cloudagent.protocols.out_of_band.v1_0.messages.tests.test_invitation.TestHSProto" name="test_get" file="aries_cloudagent/protocols/out_of_band/v1_0/messages/tests/test_invitation.py" line="26" time="0.005" /><testcase classname="aries_cloudagent.protocols.out_of_band.v1_0.messages.tests.test_invitation.TestHSProto" name="test_properties" file="aries_cloudagent/protocols/out_of_band/v1_0/messages/tests/test_invitation.py" line="37" time="0.003" /><testcase classname="aries_cloudagent.protocols.out_of_band.v1_0.messages.tests.test_invitation.TestInvitationMessage" name="test_assign_msg_type_version_to_model_inst" file="aries_cloudagent/protocols/out_of_band/v1_0/messages/tests/test_invitation.py" line="145" time="0.003" /><testcase classname="aries_cloudagent.protocols.out_of_band.v1_0.messages.tests.test_invitation.TestInvitationMessage" name="test_from_no_url" file="aries_cloudagent/protocols/out_of_band/v1_0/messages/tests/test_invitation.py" line="129" time="0.002" /><testcase classname="aries_cloudagent.protocols.out_of_band.v1_0.messages.tests.test_invitation.TestInvitationMessage" name="test_goal_and_code_model" file="aries_cloudagent/protocols/out_of_band/v1_0/messages/tests/test_invitation.py" line="157" time="0.001" /><testcase classname="aries_cloudagent.protocols.out_of_band.v1_0.messages.tests.test_invitation.TestInvitationMessage" name="test_init" file="aries_cloudagent/protocols/out_of_band/v1_0/messages/tests/test_invitation.py" line="43" time="0.002" /><testcase classname="aries_cloudagent.protocols.out_of_band.v1_0.messages.tests.test_invitation.TestInvitationMessage" name="test_invalid_invi_wrong_type_services" file="aries_cloudagent/protocols/out_of_band/v1_0/messages/tests/test_invitation.py" line="133" time="0.007" /><testcase classname="aries_cloudagent.protocols.out_of_band.v1_0.messages.tests.test_invitation.TestInvitationMessage" name="test_mutual_inclusive_goal_and_goal_code" file="aries_cloudagent/protocols/out_of_band/v1_0/messages/tests/test_invitation.py" line="165" time="0.024" /><testcase classname="aries_cloudagent.protocols.out_of_band.v1_0.messages.tests.test_invitation.TestInvitationMessage" name="test_url_round_trip" file="aries_cloudagent/protocols/out_of_band/v1_0/messages/tests/test_invitation.py" line="106" time="0.013" /><testcase classname="aries_cloudagent.protocols.out_of_band.v1_0.messages.tests.test_invitation.TestInvitationMessage" name="test_wrap_serde" file="aries_cloudagent/protocols/out_of_band/v1_0/messages/tests/test_invitation.py" line="65" time="0.014" /><testcase classname="aries_cloudagent.protocols.out_of_band.v1_0.messages.tests.test_problem_report" name="ruff" file="aries_cloudagent/protocols/out_of_band/v1_0/messages/tests/test_problem_report.py" time="0.071" /><testcase classname="aries_cloudagent.protocols.out_of_band.v1_0.messages.tests.test_problem_report.TestOOBProblemReportMessage" name="test_assign_msg_type_version_to_model_inst" file="aries_cloudagent/protocols/out_of_band/v1_0/messages/tests/test_problem_report.py" line="76" time="0.008" /><testcase classname="aries_cloudagent.protocols.out_of_band.v1_0.messages.tests.test_problem_report.TestOOBProblemReportMessage" name="test_init" file="aries_cloudagent/protocols/out_of_band/v1_0/messages/tests/test_problem_report.py" line="31" time="0.003" /><testcase classname="aries_cloudagent.protocols.out_of_band.v1_0.messages.tests.test_problem_report.TestOOBProblemReportMessage" name="test_make_model" file="aries_cloudagent/protocols/out_of_band/v1_0/messages/tests/test_problem_report.py" line="40" time="0.014" /><testcase classname="aries_cloudagent.protocols.out_of_band.v1_0.messages.tests.test_problem_report.TestOOBProblemReportMessage" name="test_pre_dump_x" file="aries_cloudagent/protocols/out_of_band/v1_0/messages/tests/test_problem_report.py" line="51" time="0.009" /><testcase classname="aries_cloudagent.protocols.out_of_band.v1_0.messages.tests.test_problem_report.TestOOBProblemReportMessage" name="test_validate_and_logger" file="aries_cloudagent/protocols/out_of_band/v1_0/messages/tests/test_problem_report.py" line="62" time="0.010" /><testcase classname="aries_cloudagent.protocols.out_of_band.v1_0.messages.tests.test_problem_report.TestOOBProblemReportMessage" name="test_validate_x" file="aries_cloudagent/protocols/out_of_band/v1_0/messages/tests/test_problem_report.py" line="56" time="0.006" /><testcase classname="aries_cloudagent.protocols.out_of_band.v1_0.messages.tests.test_reuse" name="ruff" file="aries_cloudagent/protocols/out_of_band/v1_0/messages/tests/test_reuse.py" time="0.047" /><testcase classname="aries_cloudagent.protocols.out_of_band.v1_0.messages.tests.test_reuse.TestReuseMessage" name="test_assign_msg_type_version_to_model_inst" file="aries_cloudagent/protocols/out_of_band/v1_0/messages/tests/test_reuse.py" line="37" time="0.008" /><testcase classname="aries_cloudagent.protocols.out_of_band.v1_0.messages.tests.test_reuse.TestReuseMessage" name="test_init" file="aries_cloudagent/protocols/out_of_band/v1_0/messages/tests/test_reuse.py" line="16" time="0.002" /><testcase classname="aries_cloudagent.protocols.out_of_band.v1_0.messages.tests.test_reuse.TestReuseMessage" name="test_make_model" file="aries_cloudagent/protocols/out_of_band/v1_0/messages/tests/test_reuse.py" line="25" time="0.014" /><testcase classname="aries_cloudagent.protocols.out_of_band.v1_0.messages.tests.test_reuse.TestReuseMessage" name="test_pre_dump_x" file="aries_cloudagent/protocols/out_of_band/v1_0/messages/tests/test_reuse.py" line="32" time="0.006" /><testcase classname="aries_cloudagent.protocols.out_of_band.v1_0.messages.tests.test_reuse_accept" name="ruff" file="aries_cloudagent/protocols/out_of_band/v1_0/messages/tests/test_reuse_accept.py" time="0.041" /><testcase classname="aries_cloudagent.protocols.out_of_band.v1_0.messages.tests.test_reuse_accept.TestReuseAcceptMessage" name="test_assign_msg_type_version_to_model_inst" file="aries_cloudagent/protocols/out_of_band/v1_0/messages/tests/test_reuse_accept.py" line="49" time="0.004" /><testcase classname="aries_cloudagent.protocols.out_of_band.v1_0.messages.tests.test_reuse_accept.TestReuseAcceptMessage" name="test_init" file="aries_cloudagent/protocols/out_of_band/v1_0/messages/tests/test_reuse_accept.py" line="18" time="0.002" /><testcase classname="aries_cloudagent.protocols.out_of_band.v1_0.messages.tests.test_reuse_accept.TestReuseAcceptMessage" name="test_make_model" file="aries_cloudagent/protocols/out_of_band/v1_0/messages/tests/test_reuse_accept.py" line="27" time="0.005" /><testcase classname="aries_cloudagent.protocols.out_of_band.v1_0.messages.tests.test_reuse_accept.TestReuseAcceptMessage" name="test_make_model_backward_comp" file="aries_cloudagent/protocols/out_of_band/v1_0/messages/tests/test_reuse_accept.py" line="34" time="0.007" /><testcase classname="aries_cloudagent.protocols.out_of_band.v1_0.messages.tests.test_reuse_accept.TestReuseAcceptMessage" name="test_pre_dump_x" file="aries_cloudagent/protocols/out_of_band/v1_0/messages/tests/test_reuse_accept.py" line="44" time="0.007" /><testcase classname="aries_cloudagent.protocols.out_of_band.v1_0.models.__init__" name="ruff" file="aries_cloudagent/protocols/out_of_band/v1_0/models/__init__.py" time="0.049" /><testcase classname="aries_cloudagent.protocols.out_of_band.v1_0.models.invitation" name="ruff" file="aries_cloudagent/protocols/out_of_band/v1_0/models/invitation.py" time="0.043" /><testcase classname="aries_cloudagent.protocols.out_of_band.v1_0.models.oob_record" name="ruff" file="aries_cloudagent/protocols/out_of_band/v1_0/models/oob_record.py" time="0.038" /><testcase classname="aries_cloudagent.protocols.out_of_band.v1_0.models.tests.__init__" name="ruff" file="aries_cloudagent/protocols/out_of_band/v1_0/models/tests/__init__.py" time="0.044" /><testcase classname="aries_cloudagent.protocols.out_of_band.v1_0.models.tests.test_invitation" name="ruff" file="aries_cloudagent/protocols/out_of_band/v1_0/models/tests/test_invitation.py" time="0.058" /><testcase classname="aries_cloudagent.protocols.out_of_band.v1_0.models.tests.test_invitation.TestInvitationRecord" name="test_invitation_record" file="aries_cloudagent/protocols/out_of_band/v1_0/models/tests/test_invitation.py" line="14" time="0.015" /><testcase classname="aries_cloudagent.protocols.out_of_band.v1_0.models.tests.test_invitation.TestInvitationRecordSchema" name="test_make_record" file="aries_cloudagent/protocols/out_of_band/v1_0/models/tests/test_invitation.py" line="31" time="0.031" /><testcase classname="aries_cloudagent.protocols.out_of_band.v1_0.tests.__init__" name="ruff" file="aries_cloudagent/protocols/out_of_band/v1_0/tests/__init__.py" time="0.037" /><testcase classname="aries_cloudagent.protocols.out_of_band.v1_0.tests.test_manager" name="ruff" file="aries_cloudagent/protocols/out_of_band/v1_0/tests/test_manager.py" time="0.054" /><testcase classname="aries_cloudagent.protocols.out_of_band.v1_0.tests.test_manager.TestOOBManager" name="test_create_handshake_reuse_msg" file="aries_cloudagent/protocols/out_of_band/v1_0/tests/test_manager.py" line="908" time="0.370" /><testcase classname="aries_cloudagent.protocols.out_of_band.v1_0.tests.test_manager.TestOOBManager" name="test_create_handshake_reuse_msg_catch_exception" file="aries_cloudagent/protocols/out_of_band/v1_0/tests/test_manager.py" line="951" time="0.119" /><testcase classname="aries_cloudagent.protocols.out_of_band.v1_0.tests.test_manager.TestOOBManager" name="test_create_invitation_attachment_present_proof_v1_0" file="aries_cloudagent/protocols/out_of_band/v1_0/tests/test_manager.py" line="614" time="0.142" /><testcase classname="aries_cloudagent.protocols.out_of_band.v1_0.tests.test_manager.TestOOBManager" name="test_create_invitation_attachment_present_proof_v2_0" file="aries_cloudagent/protocols/out_of_band/v1_0/tests/test_manager.py" line="649" time="0.154" /><testcase classname="aries_cloudagent.protocols.out_of_band.v1_0.tests.test_manager.TestOOBManager" name="test_create_invitation_attachment_v1_0_cred_offer" file="aries_cloudagent/protocols/out_of_band/v1_0/tests/test_manager.py" line="504" time="0.129" /><testcase classname="aries_cloudagent.protocols.out_of_band.v1_0.tests.test_manager.TestOOBManager" name="test_create_invitation_attachment_v1_0_cred_offer_no_handshake" file="aries_cloudagent/protocols/out_of_band/v1_0/tests/test_manager.py" line="538" time="0.120" /><testcase classname="aries_cloudagent.protocols.out_of_band.v1_0.tests.test_manager.TestOOBManager" name="test_create_invitation_attachment_v2_0_cred_offer" file="aries_cloudagent/protocols/out_of_band/v1_0/tests/test_manager.py" line="573" time="0.127" /><testcase classname="aries_cloudagent.protocols.out_of_band.v1_0.tests.test_manager.TestOOBManager" name="test_create_invitation_attachment_x" file="aries_cloudagent/protocols/out_of_band/v1_0/tests/test_manager.py" line="744" time="0.108" /><testcase classname="aries_cloudagent.protocols.out_of_band.v1_0.tests.test_manager.TestOOBManager" name="test_create_invitation_goal_code" file="aries_cloudagent/protocols/out_of_band/v1_0/tests/test_manager.py" line="853" time="0.112" /><testcase classname="aries_cloudagent.protocols.out_of_band.v1_0.tests.test_manager.TestOOBManager" name="test_create_invitation_handshake_succeeds" file="aries_cloudagent/protocols/out_of_band/v1_0/tests/test_manager.py" line="372" time="0.134" /><testcase classname="aries_cloudagent.protocols.out_of_band.v1_0.tests.test_manager.TestOOBManager" name="test_create_invitation_mediation_overwrites_routing_and_endpoint" file="aries_cloudagent/protocols/out_of_band/v1_0/tests/test_manager.py" line="453" time="0.125" /><testcase classname="aries_cloudagent.protocols.out_of_band.v1_0.tests.test_manager.TestOOBManager" name="test_create_invitation_metadata_assigned" file="aries_cloudagent/protocols/out_of_band/v1_0/tests/test_manager.py" line="816" time="0.118" /><testcase classname="aries_cloudagent.protocols.out_of_band.v1_0.tests.test_manager.TestOOBManager" name="test_create_invitation_multitenant_local" file="aries_cloudagent/protocols/out_of_band/v1_0/tests/test_manager.py" line="401" time="0.123" /><testcase classname="aries_cloudagent.protocols.out_of_band.v1_0.tests.test_manager.TestOOBManager" name="test_create_invitation_multitenant_public" file="aries_cloudagent/protocols/out_of_band/v1_0/tests/test_manager.py" line="426" time="0.115" /><testcase classname="aries_cloudagent.protocols.out_of_band.v1_0.tests.test_manager.TestOOBManager" name="test_create_invitation_no_handshake_no_attachments_x" file="aries_cloudagent/protocols/out_of_band/v1_0/tests/test_manager.py" line="494" time="0.100" /><testcase classname="aries_cloudagent.protocols.out_of_band.v1_0.tests.test_manager.TestOOBManager" name="test_create_invitation_peer_did" file="aries_cloudagent/protocols/out_of_band/v1_0/tests/test_manager.py" line="766" time="0.133" /><testcase classname="aries_cloudagent.protocols.out_of_band.v1_0.tests.test_manager.TestOOBManager" name="test_create_invitation_public_x_multi_use" file="aries_cloudagent/protocols/out_of_band/v1_0/tests/test_manager.py" line="701" time="0.117" /><testcase classname="aries_cloudagent.protocols.out_of_band.v1_0.tests.test_manager.TestOOBManager" name="test_create_invitation_public_x_no_public_did" file="aries_cloudagent/protocols/out_of_band/v1_0/tests/test_manager.py" line="726" time="0.096" /><testcase classname="aries_cloudagent.protocols.out_of_band.v1_0.tests.test_manager.TestOOBManager" name="test_create_invitation_public_x_no_public_invites" file="aries_cloudagent/protocols/out_of_band/v1_0/tests/test_manager.py" line="689" time="0.117" /><testcase classname="aries_cloudagent.protocols.out_of_band.v1_0.tests.test_manager.TestOOBManager" name="test_create_invitation_requests_attach_x_multi_use" file="aries_cloudagent/protocols/out_of_band/v1_0/tests/test_manager.py" line="713" time="0.103" /><testcase classname="aries_cloudagent.protocols.out_of_band.v1_0.tests.test_manager.TestOOBManager" name="test_create_invitation_x_public_metadata" file="aries_cloudagent/protocols/out_of_band/v1_0/tests/test_manager.py" line="829" time="0.105" /><testcase classname="aries_cloudagent.protocols.out_of_band.v1_0.tests.test_manager.TestOOBManager" name="test_delete_stale_connection_by_invitation" file="aries_cloudagent/protocols/out_of_band/v1_0/tests/test_manager.py" line="1823" time="0.102" /><testcase classname="aries_cloudagent.protocols.out_of_band.v1_0.tests.test_manager.TestOOBManager" name="test_existing_conn_record_public_did" file="aries_cloudagent/protocols/out_of_band/v1_0/tests/test_manager.py" line="1398" time="0.121" /><testcase classname="aries_cloudagent.protocols.out_of_band.v1_0.tests.test_manager.TestOOBManager" name="test_receive_invitation_connection_protocol" file="aries_cloudagent/protocols/out_of_band/v1_0/tests/test_manager.py" line="1316" time="0.229" /><testcase classname="aries_cloudagent.protocols.out_of_band.v1_0.tests.test_manager.TestOOBManager" name="test_receive_invitation_didx_services_with_service_block" file="aries_cloudagent/protocols/out_of_band/v1_0/tests/test_manager.py" line="1287" time="0.266" /><testcase classname="aries_cloudagent.protocols.out_of_band.v1_0.tests.test_manager.TestOOBManager" name="test_receive_invitation_handshake_reuse" file="aries_cloudagent/protocols/out_of_band/v1_0/tests/test_manager.py" line="1445" time="0.115" /><testcase classname="aries_cloudagent.protocols.out_of_band.v1_0.tests.test_manager.TestOOBManager" name="test_receive_invitation_handshake_reuse_failed" file="aries_cloudagent/protocols/out_of_band/v1_0/tests/test_manager.py" line="1493" time="0.120" /><testcase classname="aries_cloudagent.protocols.out_of_band.v1_0.tests.test_manager.TestOOBManager" name="test_receive_invitation_no_hs_protos_no_attach" file="aries_cloudagent/protocols/out_of_band/v1_0/tests/test_manager.py" line="1383" time="0.100" /><testcase classname="aries_cloudagent.protocols.out_of_band.v1_0.tests.test_manager.TestOOBManager" name="test_receive_invitation_services_with_neither_service_blocks_nor_dids" file="aries_cloudagent/protocols/out_of_band/v1_0/tests/test_manager.py" line="1371" time="0.103" /><testcase classname="aries_cloudagent.protocols.out_of_band.v1_0.tests.test_manager.TestOOBManager" name="test_receive_invitation_services_with_service_did" file="aries_cloudagent/protocols/out_of_band/v1_0/tests/test_manager.py" line="1564" time="0.507" /><testcase classname="aries_cloudagent.protocols.out_of_band.v1_0.tests.test_manager.TestOOBManager" name="test_receive_invitation_with_invalid_mediation" file="aries_cloudagent/protocols/out_of_band/v1_0/tests/test_manager.py" line="1252" time="0.140" /><testcase classname="aries_cloudagent.protocols.out_of_band.v1_0.tests.test_manager.TestOOBManager" name="test_receive_invitation_with_valid_mediation" file="aries_cloudagent/protocols/out_of_band/v1_0/tests/test_manager.py" line="1213" time="0.143" /><testcase classname="aries_cloudagent.protocols.out_of_band.v1_0.tests.test_manager.TestOOBManager" name="test_receive_problem_report" file="aries_cloudagent/protocols/out_of_band/v1_0/tests/test_manager.py" line="1152" time="0.098" /><testcase classname="aries_cloudagent.protocols.out_of_band.v1_0.tests.test_manager.TestOOBManager" name="test_receive_problem_report_x" file="aries_cloudagent/protocols/out_of_band/v1_0/tests/test_manager.py" line="1186" time="0.102" /><testcase classname="aries_cloudagent.protocols.out_of_band.v1_0.tests.test_manager.TestOOBManager" name="test_receive_reuse_accepted" file="aries_cloudagent/protocols/out_of_band/v1_0/tests/test_manager.py" line="1081" time="0.121" /><testcase classname="aries_cloudagent.protocols.out_of_band.v1_0.tests.test_manager.TestOOBManager" name="test_receive_reuse_accepted_x" file="aries_cloudagent/protocols/out_of_band/v1_0/tests/test_manager.py" line="1118" time="0.110" /><testcase classname="aries_cloudagent.protocols.out_of_band.v1_0.tests.test_manager.TestOOBManager" name="test_receive_reuse_message_existing_found" file="aries_cloudagent/protocols/out_of_band/v1_0/tests/test_manager.py" line="967" time="0.116" /><testcase classname="aries_cloudagent.protocols.out_of_band.v1_0.tests.test_manager.TestOOBManager" name="test_receive_reuse_message_existing_found_multi_use" file="aries_cloudagent/protocols/out_of_band/v1_0/tests/test_manager.py" line="1024" time="0.117" /><testcase classname="aries_cloudagent.protocols.out_of_band.v1_0.tests.test_manager.TestOOBManager" name="test_request_attach_oob_message_processor_connection" file="aries_cloudagent/protocols/out_of_band/v1_0/tests/test_manager.py" line="1639" time="0.112" /><testcase classname="aries_cloudagent.protocols.out_of_band.v1_0.tests.test_manager.TestOOBManager" name="test_request_attach_oob_message_processor_connectionless" file="aries_cloudagent/protocols/out_of_band/v1_0/tests/test_manager.py" line="1590" time="0.121" /><testcase classname="aries_cloudagent.protocols.out_of_band.v1_0.tests.test_manager.TestOOBManager" name="test_request_attach_wait_for_conn_rec_active" file="aries_cloudagent/protocols/out_of_band/v1_0/tests/test_manager.py" line="1686" time="0.119" /><testcase classname="aries_cloudagent.protocols.out_of_band.v1_0.tests.test_manager.TestOOBManager" name="test_service_decorator_from_service_did" file="aries_cloudagent/protocols/out_of_band/v1_0/tests/test_manager.py" line="1725" time="0.100" /><testcase classname="aries_cloudagent.protocols.out_of_band.v1_0.tests.test_manager.TestOOBManager" name="test_service_decorator_from_service_invalid_type" file="aries_cloudagent/protocols/out_of_band/v1_0/tests/test_manager.py" line="1816" time="0.102" /><testcase classname="aries_cloudagent.protocols.out_of_band.v1_0.tests.test_manager.TestOOBManager" name="test_service_decorator_from_service_object" file="aries_cloudagent/protocols/out_of_band/v1_0/tests/test_manager.py" line="1741" time="0.098" /><testcase classname="aries_cloudagent.protocols.out_of_band.v1_0.tests.test_manager.TestOOBManager" name="test_service_decorator_from_service_object_empty_endpoint" file="aries_cloudagent/protocols/out_of_band/v1_0/tests/test_manager.py" line="1786" time="0.105" /><testcase classname="aries_cloudagent.protocols.out_of_band.v1_0.tests.test_manager.TestOOBManager" name="test_service_decorator_from_service_object_none_endpoint" file="aries_cloudagent/protocols/out_of_band/v1_0/tests/test_manager.py" line="1801" time="0.098" /><testcase classname="aries_cloudagent.protocols.out_of_band.v1_0.tests.test_manager.TestOOBManager" name="test_service_decorator_from_service_str_empty_endpoint" file="aries_cloudagent/protocols/out_of_band/v1_0/tests/test_manager.py" line="1758" time="0.096" /><testcase classname="aries_cloudagent.protocols.out_of_band.v1_0.tests.test_manager.TestOOBManager" name="test_service_decorator_from_service_str_none_endpoint" file="aries_cloudagent/protocols/out_of_band/v1_0/tests/test_manager.py" line="1772" time="0.098" /><testcase classname="aries_cloudagent.protocols.out_of_band.v1_0.tests.test_manager.TestOOBManager" name="test_wait_for_conn_rec_active_retrieve_by_id" file="aries_cloudagent/protocols/out_of_band/v1_0/tests/test_manager.py" line="897" time="0.113" /><testcase classname="aries_cloudagent.protocols.out_of_band.v1_0.tests.test_routes" name="ruff" file="aries_cloudagent/protocols/out_of_band/v1_0/tests/test_routes.py" time="0.046" /><testcase classname="aries_cloudagent.protocols.out_of_band.v1_0.tests.test_routes.TestOutOfBandRoutes" name="test_invitation_create" file="aries_cloudagent/protocols/out_of_band/v1_0/tests/test_routes.py" line="24" time="0.208" /><testcase classname="aries_cloudagent.protocols.out_of_band.v1_0.tests.test_routes.TestOutOfBandRoutes" name="test_invitation_create_with_accept" file="aries_cloudagent/protocols/out_of_band/v1_0/tests/test_routes.py" line="66" time="0.187" /><testcase classname="aries_cloudagent.protocols.out_of_band.v1_0.tests.test_routes.TestOutOfBandRoutes" name="test_invitation_create_x" file="aries_cloudagent/protocols/out_of_band/v1_0/tests/test_routes.py" line="109" time="0.157" /><testcase classname="aries_cloudagent.protocols.out_of_band.v1_0.tests.test_routes.TestOutOfBandRoutes" name="test_invitation_receive" file="aries_cloudagent/protocols/out_of_band/v1_0/tests/test_routes.py" line="132" time="0.194" /><testcase classname="aries_cloudagent.protocols.out_of_band.v1_0.tests.test_routes.TestOutOfBandRoutes" name="test_invitation_receive_forbidden_x" file="aries_cloudagent/protocols/out_of_band/v1_0/tests/test_routes.py" line="152" time="0.010" /><testcase classname="aries_cloudagent.protocols.out_of_band.v1_0.tests.test_routes.TestOutOfBandRoutes" name="test_invitation_receive_x" file="aries_cloudagent/protocols/out_of_band/v1_0/tests/test_routes.py" line="157" time="0.436" /><testcase classname="aries_cloudagent.protocols.out_of_band.v1_0.tests.test_routes.TestOutOfBandRoutes" name="test_post_process_routes" file="aries_cloudagent/protocols/out_of_band/v1_0/tests/test_routes.py" line="181" time="0.014" /><testcase classname="aries_cloudagent.protocols.out_of_band.v1_0.tests.test_routes.TestOutOfBandRoutes" name="test_register" file="aries_cloudagent/protocols/out_of_band/v1_0/tests/test_routes.py" line="174" time="0.015" /><testcase classname="aries_cloudagent.protocols.present_proof.__init__" name="ruff" file="aries_cloudagent/protocols/present_proof/__init__.py" time="0.035" /><testcase classname="aries_cloudagent.protocols.present_proof.definition" name="ruff" file="aries_cloudagent/protocols/present_proof/definition.py" time="0.048" /><testcase classname="aries_cloudagent.protocols.present_proof.dif.__init__" name="ruff" file="aries_cloudagent/protocols/present_proof/dif/__init__.py" time="0.045" /><testcase classname="aries_cloudagent.protocols.present_proof.dif.pres_exch" name="ruff" file="aries_cloudagent/protocols/present_proof/dif/pres_exch.py" time="0.045" /><testcase classname="aries_cloudagent.protocols.present_proof.dif.pres_exch_handler" name="ruff" file="aries_cloudagent/protocols/present_proof/dif/pres_exch_handler.py" time="0.051" /><testcase classname="aries_cloudagent.protocols.present_proof.dif.pres_proposal_schema" name="ruff" file="aries_cloudagent/protocols/present_proof/dif/pres_proposal_schema.py" time="0.041" /><testcase classname="aries_cloudagent.protocols.present_proof.dif.pres_request_schema" name="ruff" file="aries_cloudagent/protocols/present_proof/dif/pres_request_schema.py" time="0.044" /><testcase classname="aries_cloudagent.protocols.present_proof.dif.pres_schema" name="ruff" file="aries_cloudagent/protocols/present_proof/dif/pres_schema.py" time="0.039" /><testcase classname="aries_cloudagent.protocols.present_proof.dif.tests.__init__" name="ruff" file="aries_cloudagent/protocols/present_proof/dif/tests/__init__.py" time="0.047" /><testcase classname="aries_cloudagent.protocols.present_proof.dif.tests.test_data" name="ruff" file="aries_cloudagent/protocols/present_proof/dif/tests/test_data.py" time="0.046" /><testcase classname="aries_cloudagent.protocols.present_proof.dif.tests.test_pres_exch" name="ruff" file="aries_cloudagent/protocols/present_proof/dif/tests/test_pres_exch.py" time="0.048" /><testcase classname="aries_cloudagent.protocols.present_proof.dif.tests.test_pres_exch.TestPresExchSchemas" name="test_claim_format_a" file="aries_cloudagent/protocols/present_proof/dif/tests/test_pres_exch.py" line="21" time="0.010" /><testcase classname="aries_cloudagent.protocols.present_proof.dif.tests.test_pres_exch.TestPresExchSchemas" name="test_claim_format_b" file="aries_cloudagent/protocols/present_proof/dif/tests/test_pres_exch.py" line="53" time="0.004" /><testcase classname="aries_cloudagent.protocols.present_proof.dif.tests.test_pres_exch.TestPresExchSchemas" name="test_constraints" file="aries_cloudagent/protocols/present_proof/dif/tests/test_pres_exch.py" line="294" time="0.010" /><testcase classname="aries_cloudagent.protocols.present_proof.dif.tests.test_pres_exch.TestPresExchSchemas" name="test_filter" file="aries_cloudagent/protocols/present_proof/dif/tests/test_pres_exch.py" line="219" time="0.027" /><testcase classname="aries_cloudagent.protocols.present_proof.dif.tests.test_pres_exch.TestPresExchSchemas" name="test_is_holder" file="aries_cloudagent/protocols/present_proof/dif/tests/test_pres_exch.py" line="203" time="0.005" /><testcase classname="aries_cloudagent.protocols.present_proof.dif.tests.test_pres_exch.TestPresExchSchemas" name="test_schemas_input_desc_filter" file="aries_cloudagent/protocols/present_proof/dif/tests/test_pres_exch.py" line="382" time="0.014" /><testcase classname="aries_cloudagent.protocols.present_proof.dif.tests.test_pres_exch.TestPresExchSchemas" name="test_submission_requirements_from" file="aries_cloudagent/protocols/present_proof/dif/tests/test_pres_exch.py" line="65" time="0.005" /><testcase classname="aries_cloudagent.protocols.present_proof.dif.tests.test_pres_exch.TestPresExchSchemas" name="test_submission_requirements_from_both_missing" file="aries_cloudagent/protocols/present_proof/dif/tests/test_pres_exch.py" line="192" time="0.003" /><testcase classname="aries_cloudagent.protocols.present_proof.dif.tests.test_pres_exch.TestPresExchSchemas" name="test_submission_requirements_from_both_present" file="aries_cloudagent/protocols/present_proof/dif/tests/test_pres_exch.py" line="166" time="0.004" /><testcase classname="aries_cloudagent.protocols.present_proof.dif.tests.test_pres_exch.TestPresExchSchemas" name="test_submission_requirements_from_missing" file="aries_cloudagent/protocols/present_proof/dif/tests/test_pres_exch.py" line="155" time="0.005" /><testcase classname="aries_cloudagent.protocols.present_proof.dif.tests.test_pres_exch.TestPresExchSchemas" name="test_submission_requirements_from_nested" file="aries_cloudagent/protocols/present_proof/dif/tests/test_pres_exch.py" line="80" time="0.010" /><testcase classname="aries_cloudagent.protocols.present_proof.dif.tests.test_pres_exch.TestPresExchSchemas" name="test_submission_requirements_from_nested_of_nested" file="aries_cloudagent/protocols/present_proof/dif/tests/test_pres_exch.py" line="108" time="0.015" /><testcase classname="aries_cloudagent.protocols.present_proof.dif.tests.test_pres_exch.TestPresExchSchemas" name="test_verifiable_presentation_wrapper" file="aries_cloudagent/protocols/present_proof/dif/tests/test_pres_exch.py" line="329" time="0.009" /><testcase classname="aries_cloudagent.protocols.present_proof.dif.tests.test_pres_exch_handler" name="ruff" file="aries_cloudagent/protocols/present_proof/dif/tests/test_pres_exch_handler.py" time="0.065" /><testcase classname="aries_cloudagent.protocols.present_proof.dif.tests.test_pres_exch_handler.TestPresExchHandler" name="test_load_cred_json_a" file="aries_cloudagent/protocols/present_proof/dif/tests/test_pres_exch_handler.py" line="100" time="3.726" /><testcase classname="aries_cloudagent.protocols.present_proof.dif.tests.test_pres_exch_handler.TestPresExchHandler" name="test_load_cred_json_b" file="aries_cloudagent/protocols/present_proof/dif/tests/test_pres_exch_handler.py" line="125" time="3.659" /><testcase classname="aries_cloudagent.protocols.present_proof.dif.tests.test_pres_exch_handler.TestPresExchHandler" name="test_to_requirement_catch_errors" file="aries_cloudagent/protocols/present_proof/dif/tests/test_pres_exch_handler.py" line="152" time="0.014" /><testcase classname="aries_cloudagent.protocols.present_proof.dif.tests.test_pres_exch_handler.TestPresExchHandler" name="test_make_requirement_with_none_params" file="aries_cloudagent/protocols/present_proof/dif/tests/test_pres_exch_handler.py" line="295" time="0.010" /><testcase classname="aries_cloudagent.protocols.present_proof.dif.tests.test_pres_exch_handler.TestPresExchHandler" name="test_subject_is_issuer_check" file="aries_cloudagent/protocols/present_proof/dif/tests/test_pres_exch_handler.py" line="374" time="0.248" /><testcase classname="aries_cloudagent.protocols.present_proof.dif.tests.test_pres_exch_handler.TestPresExchHandler" name="test_limit_disclosure_required_check" file="aries_cloudagent/protocols/present_proof/dif/tests/test_pres_exch_handler.py" line="461" time="0.364" /><testcase classname="aries_cloudagent.protocols.present_proof.dif.tests.test_pres_exch_handler.TestPresExchHandler" name="test_reveal_doc_with_frame_provided" file="aries_cloudagent/protocols/present_proof/dif/tests/test_pres_exch_handler.py" line="525" time="0.007" /><testcase classname="aries_cloudagent.protocols.present_proof.dif.tests.test_pres_exch_handler.TestPresExchHandler" name="test_reveal_doc_a" file="aries_cloudagent/protocols/present_proof/dif/tests/test_pres_exch_handler.py" line="578" time="0.100" /><testcase classname="aries_cloudagent.protocols.present_proof.dif.tests.test_pres_exch_handler.TestPresExchHandler" name="test_reveal_doc_b" file="aries_cloudagent/protocols/present_proof/dif/tests/test_pres_exch_handler.py" line="613" time="0.081" /><testcase classname="aries_cloudagent.protocols.present_proof.dif.tests.test_pres_exch_handler.TestPresExchHandler" name="test_reveal_doc_c" file="aries_cloudagent/protocols/present_proof/dif/tests/test_pres_exch_handler.py" line="694" time="0.080" /><testcase classname="aries_cloudagent.protocols.present_proof.dif.tests.test_pres_exch_handler.TestPresExchHandler" name="test_reveal_doc_wildcard" file="aries_cloudagent/protocols/present_proof/dif/tests/test_pres_exch_handler.py" line="724" time="0.027" /><testcase classname="aries_cloudagent.protocols.present_proof.dif.tests.test_pres_exch_handler.TestPresExchHandler" name="test_filter_number_type_check" file="aries_cloudagent/protocols/present_proof/dif/tests/test_pres_exch_handler.py" line="745" time="1.047" /><testcase classname="aries_cloudagent.protocols.present_proof.dif.tests.test_pres_exch_handler.TestPresExchHandler" name="test_filter_no_type_check" file="aries_cloudagent/protocols/present_proof/dif/tests/test_pres_exch_handler.py" line="1113" time="0.236" /><testcase classname="aries_cloudagent.protocols.present_proof.dif.tests.test_pres_exch_handler.TestPresExchHandler" name="test_edd_limit_disclosure" file="aries_cloudagent/protocols/present_proof/dif/tests/test_pres_exch_handler.py" line="1170" time="0.123" /><testcase classname="aries_cloudagent.protocols.present_proof.dif.tests.test_pres_exch_handler.TestPresExchHandler" name="test_edd_jsonld_creds" file="aries_cloudagent/protocols/present_proof/dif/tests/test_pres_exch_handler.py" line="1227" time="0.186" /><testcase classname="aries_cloudagent.protocols.present_proof.dif.tests.test_pres_exch_handler.TestPresExchHandler" name="test_filter_string" file="aries_cloudagent/protocols/present_proof/dif/tests/test_pres_exch_handler.py" line="1281" time="1.725" /><testcase classname="aries_cloudagent.protocols.present_proof.dif.tests.test_pres_exch_handler.TestPresExchHandler" name="test_filter_schema" file="aries_cloudagent/protocols/present_proof/dif/tests/test_pres_exch_handler.py" line="1586" time="0.003" /><testcase classname="aries_cloudagent.protocols.present_proof.dif.tests.test_pres_exch_handler.TestPresExchHandler" name="test_cred_schema_match_a" file="aries_cloudagent/protocols/present_proof/dif/tests/test_pres_exch_handler.py" line="1609" time="0.004" /><testcase classname="aries_cloudagent.protocols.present_proof.dif.tests.test_pres_exch_handler.TestPresExchHandler" name="test_merge_nested" file="aries_cloudagent/protocols/present_proof/dif/tests/test_pres_exch_handler.py" line="1621" time="0.002" /><testcase classname="aries_cloudagent.protocols.present_proof.dif.tests.test_pres_exch_handler.TestPresExchHandler" name="test_merge_nested_cred_no_id" file="aries_cloudagent/protocols/present_proof/dif/tests/test_pres_exch_handler.py" line="1654" time="0.004" /><testcase classname="aries_cloudagent.protocols.present_proof.dif.tests.test_pres_exch_handler.TestPresExchHandler" name="test_subject_is_issuer" file="aries_cloudagent/protocols/present_proof/dif/tests/test_pres_exch_handler.py" line="1683" time="0.003" /><testcase classname="aries_cloudagent.protocols.present_proof.dif.tests.test_pres_exch_handler.TestPresExchHandler" name="test_is_numeric" file="aries_cloudagent/protocols/present_proof/dif/tests/test_pres_exch_handler.py" line="1695" time="0.002" /><testcase classname="aries_cloudagent.protocols.present_proof.dif.tests.test_pres_exch_handler.TestPresExchHandler" name="test_filter_no_match" file="aries_cloudagent/protocols/present_proof/dif/tests/test_pres_exch_handler.py" line="1706" time="0.004" /><testcase classname="aries_cloudagent.protocols.present_proof.dif.tests.test_pres_exch_handler.TestPresExchHandler" name="test_filter_valueerror" file="aries_cloudagent/protocols/present_proof/dif/tests/test_pres_exch_handler.py" line="1723" time="0.002" /><testcase classname="aries_cloudagent.protocols.present_proof.dif.tests.test_pres_exch_handler.TestPresExchHandler" name="test_filter_length_check" file="aries_cloudagent/protocols/present_proof/dif/tests/test_pres_exch_handler.py" line="1740" time="0.002" /><testcase classname="aries_cloudagent.protocols.present_proof.dif.tests.test_pres_exch_handler.TestPresExchHandler" name="test_filter_pattern_check" file="aries_cloudagent/protocols/present_proof/dif/tests/test_pres_exch_handler.py" line="1750" time="0.003" /><testcase classname="aries_cloudagent.protocols.present_proof.dif.tests.test_pres_exch_handler.TestPresExchHandler" name="test_is_len_applicable" file="aries_cloudagent/protocols/present_proof/dif/tests/test_pres_exch_handler.py" line="1757" time="0.002" /><testcase classname="aries_cloudagent.protocols.present_proof.dif.tests.test_pres_exch_handler.TestPresExchHandler" name="test_create_vcrecord" file="aries_cloudagent/protocols/present_proof/dif/tests/test_pres_exch_handler.py" line="1767" time="0.027" /><testcase classname="aries_cloudagent.protocols.present_proof.dif.tests.test_pres_exch_handler.TestPresExchHandler" name="test_reveal_doc_d" file="aries_cloudagent/protocols/present_proof/dif/tests/test_pres_exch_handler.py" line="1793" time="0.045" /><testcase classname="aries_cloudagent.protocols.present_proof.dif.tests.test_pres_exch_handler.TestPresExchHandler" name="test_credential_subject_as_list" file="aries_cloudagent/protocols/present_proof/dif/tests/test_pres_exch_handler.py" line="1843" time="0.005" /><testcase classname="aries_cloudagent.protocols.present_proof.dif.tests.test_pres_exch_handler.TestPresExchHandler" name="test_invalid_number_filter" file="aries_cloudagent/protocols/present_proof/dif/tests/test_pres_exch_handler.py" line="1854" time="0.004" /><testcase classname="aries_cloudagent.protocols.present_proof.dif.tests.test_pres_exch_handler.TestPresExchHandler" name="test_invalid_string_filter" file="aries_cloudagent/protocols/present_proof/dif/tests/test_pres_exch_handler.py" line="1858" time="0.003" /><testcase classname="aries_cloudagent.protocols.present_proof.dif.tests.test_pres_exch_handler.TestPresExchHandler" name="test_cred_schema_match_b" file="aries_cloudagent/protocols/present_proof/dif/tests/test_pres_exch_handler.py" line="1864" time="0.004" /><testcase classname="aries_cloudagent.protocols.present_proof.dif.tests.test_pres_exch_handler.TestPresExchHandler" name="test_sign_pres_no_cred_subject_id" file="aries_cloudagent/protocols/present_proof/dif/tests/test_pres_exch_handler.py" line="1874" time="0.303" /><testcase classname="aries_cloudagent.protocols.present_proof.dif.tests.test_pres_exch_handler.TestPresExchHandler" name="test_sign_pres_bbsbls" file="aries_cloudagent/protocols/present_proof/dif/tests/test_pres_exch_handler.py" line="1894" time="0.141" /><testcase classname="aries_cloudagent.protocols.present_proof.dif.tests.test_pres_exch_handler.TestPresExchHandler" name="test_create_vc_record_with_graph_struct" file="aries_cloudagent/protocols/present_proof/dif/tests/test_pres_exch_handler.py" line="1914" time="0.032" /><testcase classname="aries_cloudagent.protocols.present_proof.dif.tests.test_pres_exch_handler.TestPresExchHandler" name="test_get_did_info_for_did" file="aries_cloudagent/protocols/present_proof/dif/tests/test_pres_exch_handler.py" line="1989" time="0.003" /><testcase classname="aries_cloudagent.protocols.present_proof.dif.tests.test_pres_exch_handler.TestPresExchHandler" name="test_get_sign_key_credential_subject_id" file="aries_cloudagent/protocols/present_proof/dif/tests/test_pres_exch_handler.py" line="1996" time="0.011" /><testcase classname="aries_cloudagent.protocols.present_proof.dif.tests.test_pres_exch_handler.TestPresExchHandler" name="test_get_sign_key_credential_subject_id_error" file="aries_cloudagent/protocols/present_proof/dif/tests/test_pres_exch_handler.py" line="2061" time="0.007" /><testcase classname="aries_cloudagent.protocols.present_proof.dif.tests.test_pres_exch_handler.TestPresExchHandler" name="test_get_sign_key_credential_subject_id_bbsbls" file="aries_cloudagent/protocols/present_proof/dif/tests/test_pres_exch_handler.py" line="2125" time="0.006" /><testcase classname="aries_cloudagent.protocols.present_proof.dif.tests.test_pres_exch_handler.TestPresExchHandler" name="test_create_vp_no_issuer" file="aries_cloudagent/protocols/present_proof/dif/tests/test_pres_exch_handler.py" line="2196" time="0.028" /><testcase classname="aries_cloudagent.protocols.present_proof.dif.tests.test_pres_exch_handler.TestPresExchHandler" name="test_create_vp_with_bbs_suite" file="aries_cloudagent/protocols/present_proof/dif/tests/test_pres_exch_handler.py" line="2288" time="0.030" /><testcase classname="aries_cloudagent.protocols.present_proof.dif.tests.test_pres_exch_handler.TestPresExchHandler" name="test_create_vp_no_issuer_with_bbs_suite" file="aries_cloudagent/protocols/present_proof/dif/tests/test_pres_exch_handler.py" line="2346" time="0.029" /><testcase classname="aries_cloudagent.protocols.present_proof.dif.tests.test_pres_exch_handler.TestPresExchHandler" name="test_no_filter" file="aries_cloudagent/protocols/present_proof/dif/tests/test_pres_exch_handler.py" line="2402" time="0.225" /><testcase classname="aries_cloudagent.protocols.present_proof.dif.tests.test_pres_exch_handler.TestPresExchHandler" name="test_filter_with_only_string_type" file="aries_cloudagent/protocols/present_proof/dif/tests/test_pres_exch_handler.py" line="2451" time="0.243" /><testcase classname="aries_cloudagent.protocols.present_proof.dif.tests.test_pres_exch_handler.TestPresExchHandler" name="test_filter_with_only_num_type" file="aries_cloudagent/protocols/present_proof/dif/tests/test_pres_exch_handler.py" line="2505" time="0.143" /><testcase classname="aries_cloudagent.protocols.present_proof.dif.tests.test_pres_exch_handler.TestPresExchHandler" name="test_filter_with_only_string_type_with_format" file="aries_cloudagent/protocols/present_proof/dif/tests/test_pres_exch_handler.py" line="2559" time="0.244" /><testcase classname="aries_cloudagent.protocols.present_proof.dif.tests.test_pres_exch_handler.TestPresExchHandler" name="test_validate_patch_catch_errors" file="aries_cloudagent/protocols/present_proof/dif/tests/test_pres_exch_handler.py" line="2614" time="0.002" /><testcase classname="aries_cloudagent.protocols.present_proof.dif.tests.test_pres_exch_handler.TestPresExchHandler" name="test_derive_cred_missing_credsubjectid" file="aries_cloudagent/protocols/present_proof/dif/tests/test_pres_exch_handler.py" line="2626" time="0.481" /><testcase classname="aries_cloudagent.protocols.present_proof.dif.tests.test_pres_exch_handler.TestPresExchHandler" name="test_derive_cred_credsubjectid" file="aries_cloudagent/protocols/present_proof/dif/tests/test_pres_exch_handler.py" line="2674" time="0.293" /><testcase classname="aries_cloudagent.protocols.present_proof.dif.tests.test_pres_exch_handler.TestPresExchHandler" name="test_derive_nested_cred_missing_credsubjectid_a" file="aries_cloudagent/protocols/present_proof/dif/tests/test_pres_exch_handler.py" line="2732" time="0.465" /><testcase classname="aries_cloudagent.protocols.present_proof.dif.tests.test_pres_exch_handler.TestPresExchHandler" name="test_derive_nested_cred_missing_credsubjectid_b" file="aries_cloudagent/protocols/present_proof/dif/tests/test_pres_exch_handler.py" line="2788" time="0.234" /><testcase classname="aries_cloudagent.protocols.present_proof.dif.tests.test_pres_exch_handler.TestPresExchHandler" name="test_derive_nested_cred_credsubjectid" file="aries_cloudagent/protocols/present_proof/dif/tests/test_pres_exch_handler.py" line="2843" time="0.302" /><testcase classname="aries_cloudagent.protocols.present_proof.dif.tests.test_pres_exch_handler.TestPresExchHandler" name="test_filter_by_field_path_match_on_proof" file="aries_cloudagent/protocols/present_proof/dif/tests/test_pres_exch_handler.py" line="2897" time="0.002" /><testcase classname="aries_cloudagent.protocols.present_proof.dif.tests.test_pres_exch_handler.TestPresExchHandler" name="test_filter_creds_record_id" file="aries_cloudagent/protocols/present_proof/dif/tests/test_pres_exch_handler.py" line="2925" time="0.002" /><testcase classname="aries_cloudagent.protocols.present_proof.dif.tests.test_pres_exch_handler.TestPresExchHandler" name="test_create_vp_record_ids" file="aries_cloudagent/protocols/present_proof/dif/tests/test_pres_exch_handler.py" line="3001" time="0.113" /><testcase classname="aries_cloudagent.protocols.present_proof.dif.tests.test_pres_exch_handler.TestPresExchHandler" name="test_multiple_applicable_creds_with_no_id" file="aries_cloudagent/protocols/present_proof/dif/tests/test_pres_exch_handler.py" line="3061" time="0.351" /><testcase classname="aries_cloudagent.protocols.present_proof.dif.tests.test_pres_exch_handler.TestPresExchHandler" name="test_multiple_applicable_creds_with_no_auto_and_no_record_ids" file="aries_cloudagent/protocols/present_proof/dif/tests/test_pres_exch_handler.py" line="3115" time="0.219" /><testcase classname="aries_cloudagent.protocols.present_proof.dif.tests.test_pres_exch_handler.TestPresExchHandler" name="test_is_holder_valid_a" file="aries_cloudagent/protocols/present_proof/dif/tests/test_pres_exch_handler.py" line="3173" time="0.228" /><testcase classname="aries_cloudagent.protocols.present_proof.dif.tests.test_pres_exch_handler.TestPresExchHandler" name="test_is_holder_valid_b" file="aries_cloudagent/protocols/present_proof/dif/tests/test_pres_exch_handler.py" line="3188" time="0.335" /><testcase classname="aries_cloudagent.protocols.present_proof.dif.tests.test_pres_exch_handler.TestPresExchHandler" name="test_is_holder_valid_c" file="aries_cloudagent/protocols/present_proof/dif/tests/test_pres_exch_handler.py" line="3201" time="0.346" /><testcase classname="aries_cloudagent.protocols.present_proof.dif.tests.test_pres_exch_handler.TestPresExchHandler" name="test_is_holder_signature_suite_mismatch" file="aries_cloudagent/protocols/present_proof/dif/tests/test_pres_exch_handler.py" line="3214" time="0.137" /><testcase classname="aries_cloudagent.protocols.present_proof.dif.tests.test_pres_exch_handler.TestPresExchHandler" name="test_is_holder_subject_mismatch" file="aries_cloudagent/protocols/present_proof/dif/tests/test_pres_exch_handler.py" line="3229" time="0.127" /><testcase classname="aries_cloudagent.protocols.present_proof.dif.tests.test_pres_exch_handler.TestPresExchHandler" name="test_is_holder_missing_subject" file="aries_cloudagent/protocols/present_proof/dif/tests/test_pres_exch_handler.py" line="3248" time="0.037" /><testcase classname="aries_cloudagent.protocols.present_proof.dif.tests.test_pres_exch_handler.TestPresExchHandler" name="test_apply_constraint_received_cred_path_update" file="aries_cloudagent/protocols/present_proof/dif/tests/test_pres_exch_handler.py" line="3265" time="0.202" /><testcase classname="aries_cloudagent.protocols.present_proof.dif.tests.test_pres_exch_handler.TestPresExchHandler" name="test_apply_constraint_received_cred_invalid" file="aries_cloudagent/protocols/present_proof/dif/tests/test_pres_exch_handler.py" line="3300" time="0.382" /><testcase classname="aries_cloudagent.protocols.present_proof.dif.tests.test_pres_exch_handler.TestPresExchHandler" name="test_apply_constraint_received_cred_valid" file="aries_cloudagent/protocols/present_proof/dif/tests/test_pres_exch_handler.py" line="3354" time="1.444" /><testcase classname="aries_cloudagent.protocols.present_proof.dif.tests.test_pres_exch_handler.TestPresExchHandler" name="test_apply_constraint_received_cred_no_sel_disc" file="aries_cloudagent/protocols/present_proof/dif/tests/test_pres_exch_handler.py" line="3524" time="0.031" /><testcase classname="aries_cloudagent.protocols.present_proof.dif.tests.test_pres_exch_handler.TestPresExchHandler" name="test_get_updated_path" file="aries_cloudagent/protocols/present_proof/dif/tests/test_pres_exch_handler.py" line="3548" time="0.163" /><testcase classname="aries_cloudagent.protocols.present_proof.dif.tests.test_pres_exch_handler.TestPresExchHandler" name="test_get_dict_keys_from_path" file="aries_cloudagent/protocols/present_proof/dif/tests/test_pres_exch_handler.py" line="3579" time="0.058" /><testcase classname="aries_cloudagent.protocols.present_proof.dif.tests.test_pres_exch_handler.TestPresExchHandler" name="test_filter_by_field_keyerror" file="aries_cloudagent/protocols/present_proof/dif/tests/test_pres_exch_handler.py" line="3616" time="0.035" /><testcase classname="aries_cloudagent.protocols.present_proof.dif.tests.test_pres_exch_handler.TestPresExchHandler" name="test_filter_by_field_xsd_parser" file="aries_cloudagent/protocols/present_proof/dif/tests/test_pres_exch_handler.py" line="3641" time="0.143" /><testcase classname="aries_cloudagent.protocols.present_proof.dif.tests.test_pres_exch_handler.TestPresExchHandler" name="test_string_to_timezone_aware_datetime" file="aries_cloudagent/protocols/present_proof/dif/tests/test_pres_exch_handler.py" line="3736" time="0.074" /><testcase classname="aries_cloudagent.protocols.present_proof.dif.tests.test_pres_request" name="ruff" file="aries_cloudagent/protocols/present_proof/dif/tests/test_pres_request.py" time="0.054" /><testcase classname="aries_cloudagent.protocols.present_proof.dif.tests.test_pres_request.TestPresRequestSchema" name="test_limit_disclosure" file="aries_cloudagent/protocols/present_proof/dif/tests/test_pres_request.py" line="8" time="0.021" /><testcase classname="aries_cloudagent.protocols.present_proof.indy.__init__" name="ruff" file="aries_cloudagent/protocols/present_proof/indy/__init__.py" time="0.041" /><testcase classname="aries_cloudagent.protocols.present_proof.indy.pres_exch_handler" name="ruff" file="aries_cloudagent/protocols/present_proof/indy/pres_exch_handler.py" time="0.058" /><testcase classname="aries_cloudagent.protocols.present_proof.v1_0.__init__" name="ruff" file="aries_cloudagent/protocols/present_proof/v1_0/__init__.py" time="0.042" /><testcase classname="aries_cloudagent.protocols.present_proof.v1_0.controller" name="ruff" file="aries_cloudagent/protocols/present_proof/v1_0/controller.py" time="0.042" /><testcase classname="aries_cloudagent.protocols.present_proof.v1_0.manager" name="ruff" file="aries_cloudagent/protocols/present_proof/v1_0/manager.py" time="0.043" /><testcase classname="aries_cloudagent.protocols.present_proof.v1_0.message_types" name="ruff" file="aries_cloudagent/protocols/present_proof/v1_0/message_types.py" time="0.035" /><testcase classname="aries_cloudagent.protocols.present_proof.v1_0.routes" name="ruff" file="aries_cloudagent/protocols/present_proof/v1_0/routes.py" time="0.046" /><testcase classname="aries_cloudagent.protocols.present_proof.v1_0.handlers.__init__" name="ruff" file="aries_cloudagent/protocols/present_proof/v1_0/handlers/__init__.py" time="0.030" /><testcase classname="aries_cloudagent.protocols.present_proof.v1_0.handlers.presentation_ack_handler" name="ruff" file="aries_cloudagent/protocols/present_proof/v1_0/handlers/presentation_ack_handler.py" time="0.041" /><testcase classname="aries_cloudagent.protocols.present_proof.v1_0.handlers.presentation_handler" name="ruff" file="aries_cloudagent/protocols/present_proof/v1_0/handlers/presentation_handler.py" time="0.048" /><testcase classname="aries_cloudagent.protocols.present_proof.v1_0.handlers.presentation_problem_report_handler" name="ruff" file="aries_cloudagent/protocols/present_proof/v1_0/handlers/presentation_problem_report_handler.py" time="0.047" /><testcase classname="aries_cloudagent.protocols.present_proof.v1_0.handlers.presentation_proposal_handler" name="ruff" file="aries_cloudagent/protocols/present_proof/v1_0/handlers/presentation_proposal_handler.py" time="0.063" /><testcase classname="aries_cloudagent.protocols.present_proof.v1_0.handlers.presentation_request_handler" name="ruff" file="aries_cloudagent/protocols/present_proof/v1_0/handlers/presentation_request_handler.py" time="0.044" /><testcase classname="aries_cloudagent.protocols.present_proof.v1_0.handlers.tests.__init__" name="ruff" file="aries_cloudagent/protocols/present_proof/v1_0/handlers/tests/__init__.py" time="0.038" /><testcase classname="aries_cloudagent.protocols.present_proof.v1_0.handlers.tests.test_presentation_ack_handler" name="ruff" file="aries_cloudagent/protocols/present_proof/v1_0/handlers/tests/test_presentation_ack_handler.py" time="0.043" /><testcase classname="aries_cloudagent.protocols.present_proof.v1_0.handlers.tests.test_presentation_ack_handler.TestPresentationAckHandler" name="test_called" file="aries_cloudagent/protocols/present_proof/v1_0/handlers/tests/test_presentation_ack_handler.py" line="14" time="0.105" /><testcase classname="aries_cloudagent.protocols.present_proof.v1_0.handlers.tests.test_presentation_ack_handler.TestPresentationAckHandler" name="test_called_no_connection_no_oob" file="aries_cloudagent/protocols/present_proof/v1_0/handlers/tests/test_presentation_ack_handler.py" line="62" time="0.015" /><testcase classname="aries_cloudagent.protocols.present_proof.v1_0.handlers.tests.test_presentation_ack_handler.TestPresentationAckHandler" name="test_called_not_ready" file="aries_cloudagent/protocols/present_proof/v1_0/handlers/tests/test_presentation_ack_handler.py" line="43" time="0.112" /><testcase classname="aries_cloudagent.protocols.present_proof.v1_0.handlers.tests.test_presentation_handler" name="ruff" file="aries_cloudagent/protocols/present_proof/v1_0/handlers/tests/test_presentation_handler.py" time="0.039" /><testcase classname="aries_cloudagent.protocols.present_proof.v1_0.handlers.tests.test_presentation_handler.TestPresentationHandler" name="test_called" file="aries_cloudagent/protocols/present_proof/v1_0/handlers/tests/test_presentation_handler.py" line="14" time="0.135" /><testcase classname="aries_cloudagent.protocols.present_proof.v1_0.handlers.tests.test_presentation_handler.TestPresentationHandler" name="test_called_auto_verify" file="aries_cloudagent/protocols/present_proof/v1_0/handlers/tests/test_presentation_handler.py" line="44" time="0.109" /><testcase classname="aries_cloudagent.protocols.present_proof.v1_0.handlers.tests.test_presentation_handler.TestPresentationHandler" name="test_called_auto_verify_x" file="aries_cloudagent/protocols/present_proof/v1_0/handlers/tests/test_presentation_handler.py" line="75" time="0.096" /><testcase classname="aries_cloudagent.protocols.present_proof.v1_0.handlers.tests.test_presentation_problem_report_handler" name="ruff" file="aries_cloudagent/protocols/present_proof/v1_0/handlers/tests/test_presentation_problem_report_handler.py" time="0.042" /><testcase classname="aries_cloudagent.protocols.present_proof.v1_0.handlers.tests.test_presentation_problem_report_handler.TestPresentationProblemReportHandler" name="test_called" file="aries_cloudagent/protocols/present_proof/v1_0/handlers/tests/test_presentation_problem_report_handler.py" line="16" time="0.100" /><testcase classname="aries_cloudagent.protocols.present_proof.v1_0.handlers.tests.test_presentation_problem_report_handler.TestPresentationProblemReportHandler" name="test_called_x" file="aries_cloudagent/protocols/present_proof/v1_0/handlers/tests/test_presentation_problem_report_handler.py" line="42" time="0.073" /><testcase classname="aries_cloudagent.protocols.present_proof.v1_0.handlers.tests.test_presentation_proposal_handler" name="ruff" file="aries_cloudagent/protocols/present_proof/v1_0/handlers/tests/test_presentation_proposal_handler.py" time="0.041" /><testcase classname="aries_cloudagent.protocols.present_proof.v1_0.handlers.tests.test_presentation_proposal_handler.TestPresentationProposalHandler" name="test_called" file="aries_cloudagent/protocols/present_proof/v1_0/handlers/tests/test_presentation_proposal_handler.py" line="13" time="0.103" /><testcase classname="aries_cloudagent.protocols.present_proof.v1_0.handlers.tests.test_presentation_proposal_handler.TestPresentationProposalHandler" name="test_called_auto_request" file="aries_cloudagent/protocols/present_proof/v1_0/handlers/tests/test_presentation_proposal_handler.py" line="38" time="0.101" /><testcase classname="aries_cloudagent.protocols.present_proof.v1_0.handlers.tests.test_presentation_proposal_handler.TestPresentationProposalHandler" name="test_called_auto_request_x" file="aries_cloudagent/protocols/present_proof/v1_0/handlers/tests/test_presentation_proposal_handler.py" line="77" time="0.082" /><testcase classname="aries_cloudagent.protocols.present_proof.v1_0.handlers.tests.test_presentation_proposal_handler.TestPresentationProposalHandler" name="test_called_no_connection" file="aries_cloudagent/protocols/present_proof/v1_0/handlers/tests/test_presentation_proposal_handler.py" line="128" time="0.015" /><testcase classname="aries_cloudagent.protocols.present_proof.v1_0.handlers.tests.test_presentation_proposal_handler.TestPresentationProposalHandler" name="test_called_not_ready" file="aries_cloudagent/protocols/present_proof/v1_0/handlers/tests/test_presentation_proposal_handler.py" line="106" time="0.092" /><testcase classname="aries_cloudagent.protocols.present_proof.v1_0.handlers.tests.test_presentation_request_handler" name="ruff" file="aries_cloudagent/protocols/present_proof/v1_0/handlers/tests/test_presentation_request_handler.py" time="0.054" /><testcase classname="aries_cloudagent.protocols.present_proof.v1_0.handlers.tests.test_presentation_request_handler.TestPresentationRequestHandler" name="test_called" file="aries_cloudagent/protocols/present_proof/v1_0/handlers/tests/test_presentation_request_handler.py" line="67" time="0.190" /><testcase classname="aries_cloudagent.protocols.present_proof.v1_0.handlers.tests.test_presentation_request_handler.TestPresentationRequestHandler" name="test_called_auto_present" file="aries_cloudagent/protocols/present_proof/v1_0/handlers/tests/test_presentation_request_handler.py" line="188" time="0.178" /><testcase classname="aries_cloudagent.protocols.present_proof.v1_0.handlers.tests.test_presentation_request_handler.TestPresentationRequestHandler" name="test_called_auto_present_bait_and_switch" file="aries_cloudagent/protocols/present_proof/v1_0/handlers/tests/test_presentation_request_handler.py" line="801" time="0.194" /><testcase classname="aries_cloudagent.protocols.present_proof.v1_0.handlers.tests.test_presentation_request_handler.TestPresentationRequestHandler" name="test_called_auto_present_multi_cred_match_reft" file="aries_cloudagent/protocols/present_proof/v1_0/handlers/tests/test_presentation_request_handler.py" line="670" time="0.157" /><testcase classname="aries_cloudagent.protocols.present_proof.v1_0.handlers.tests.test_presentation_request_handler.TestPresentationRequestHandler" name="test_called_auto_present_no_preview" file="aries_cloudagent/protocols/present_proof/v1_0/handlers/tests/test_presentation_request_handler.py" line="356" time="0.173" /><testcase classname="aries_cloudagent.protocols.present_proof.v1_0.handlers.tests.test_presentation_request_handler.TestPresentationRequestHandler" name="test_called_auto_present_pred_multi_match" file="aries_cloudagent/protocols/present_proof/v1_0/handlers/tests/test_presentation_request_handler.py" line="590" time="0.162" /><testcase classname="aries_cloudagent.protocols.present_proof.v1_0.handlers.tests.test_presentation_request_handler.TestPresentationRequestHandler" name="test_called_auto_present_pred_no_match" file="aries_cloudagent/protocols/present_proof/v1_0/handlers/tests/test_presentation_request_handler.py" line="442" time="0.191" /><testcase classname="aries_cloudagent.protocols.present_proof.v1_0.handlers.tests.test_presentation_request_handler.TestPresentationRequestHandler" name="test_called_auto_present_pred_single_match" file="aries_cloudagent/protocols/present_proof/v1_0/handlers/tests/test_presentation_request_handler.py" line="513" time="0.189" /><testcase classname="aries_cloudagent.protocols.present_proof.v1_0.handlers.tests.test_presentation_request_handler.TestPresentationRequestHandler" name="test_called_auto_present_x" file="aries_cloudagent/protocols/present_proof/v1_0/handlers/tests/test_presentation_request_handler.py" line="275" time="0.154" /><testcase classname="aries_cloudagent.protocols.present_proof.v1_0.handlers.tests.test_presentation_request_handler.TestPresentationRequestHandler" name="test_called_not_found" file="aries_cloudagent/protocols/present_proof/v1_0/handlers/tests/test_presentation_request_handler.py" line="127" time="0.405" /><testcase classname="aries_cloudagent.protocols.present_proof.v1_0.handlers.tests.test_presentation_request_handler.TestPresentationRequestHandler" name="test_called_not_ready" file="aries_cloudagent/protocols/present_proof/v1_0/handlers/tests/test_presentation_request_handler.py" line="911" time="0.078" /><testcase classname="aries_cloudagent.protocols.present_proof.v1_0.handlers.tests.test_presentation_request_handler.TestPresentationRequestHandler" name="test_no_conn_no_oob" file="aries_cloudagent/protocols/present_proof/v1_0/handlers/tests/test_presentation_request_handler.py" line="933" time="0.013" /><testcase classname="aries_cloudagent.protocols.present_proof.v1_0.messages.__init__" name="ruff" file="aries_cloudagent/protocols/present_proof/v1_0/messages/__init__.py" time="0.043" /><testcase classname="aries_cloudagent.protocols.present_proof.v1_0.messages.presentation" name="ruff" file="aries_cloudagent/protocols/present_proof/v1_0/messages/presentation.py" time="0.045" /><testcase classname="aries_cloudagent.protocols.present_proof.v1_0.messages.presentation_ack" name="ruff" file="aries_cloudagent/protocols/present_proof/v1_0/messages/presentation_ack.py" time="0.044" /><testcase classname="aries_cloudagent.protocols.present_proof.v1_0.messages.presentation_problem_report" name="ruff" file="aries_cloudagent/protocols/present_proof/v1_0/messages/presentation_problem_report.py" time="0.040" /><testcase classname="aries_cloudagent.protocols.present_proof.v1_0.messages.presentation_proposal" name="ruff" file="aries_cloudagent/protocols/present_proof/v1_0/messages/presentation_proposal.py" time="0.043" /><testcase classname="aries_cloudagent.protocols.present_proof.v1_0.messages.presentation_request" name="ruff" file="aries_cloudagent/protocols/present_proof/v1_0/messages/presentation_request.py" time="0.040" /><testcase classname="aries_cloudagent.protocols.present_proof.v1_0.messages.presentation_webhook" name="ruff" file="aries_cloudagent/protocols/present_proof/v1_0/messages/presentation_webhook.py" time="0.042" /><testcase classname="aries_cloudagent.protocols.present_proof.v1_0.messages.tests.__init__" name="ruff" file="aries_cloudagent/protocols/present_proof/v1_0/messages/tests/__init__.py" time="0.045" /><testcase classname="aries_cloudagent.protocols.present_proof.v1_0.messages.tests.test_presentation" name="ruff" file="aries_cloudagent/protocols/present_proof/v1_0/messages/tests/test_presentation.py" time="0.048" /><testcase classname="aries_cloudagent.protocols.present_proof.v1_0.messages.tests.test_presentation.TestPresentation" name="test_deserialize" file="aries_cloudagent/protocols/present_proof/v1_0/messages/tests/test_presentation.py" line="1681" time="0.009" /><testcase classname="aries_cloudagent.protocols.present_proof.v1_0.messages.tests.test_presentation.TestPresentation" name="test_init" file="aries_cloudagent/protocols/present_proof/v1_0/messages/tests/test_presentation.py" line="1672" time="0.003" /><testcase classname="aries_cloudagent.protocols.present_proof.v1_0.messages.tests.test_presentation.TestPresentation" name="test_serialize" file="aries_cloudagent/protocols/present_proof/v1_0/messages/tests/test_presentation.py" line="1699" time="0.016" /><testcase classname="aries_cloudagent.protocols.present_proof.v1_0.messages.tests.test_presentation.TestPresentation" name="test_type" file="aries_cloudagent/protocols/present_proof/v1_0/messages/tests/test_presentation.py" line="1677" time="0.003" /><testcase classname="aries_cloudagent.protocols.present_proof.v1_0.messages.tests.test_presentation.TestPresentationSchema" name="test_make_model" file="aries_cloudagent/protocols/present_proof/v1_0/messages/tests/test_presentation.py" line="1719" time="0.006" /><testcase classname="aries_cloudagent.protocols.present_proof.v1_0.messages.tests.test_presentation_ack" name="ruff" file="aries_cloudagent/protocols/present_proof/v1_0/messages/tests/test_presentation_ack.py" time="0.045" /><testcase classname="aries_cloudagent.protocols.present_proof.v1_0.messages.tests.test_presentation_ack.TestPresentationAck" name="test_deserialize" file="aries_cloudagent/protocols/present_proof/v1_0/messages/tests/test_presentation_ack.py" line="24" time="0.008" /><testcase classname="aries_cloudagent.protocols.present_proof.v1_0.messages.tests.test_presentation_ack.TestPresentationAck" name="test_init" file="aries_cloudagent/protocols/present_proof/v1_0/messages/tests/test_presentation_ack.py" line="14" time="0.002" /><testcase classname="aries_cloudagent.protocols.present_proof.v1_0.messages.tests.test_presentation_ack.TestPresentationAck" name="test_serialize" file="aries_cloudagent/protocols/present_proof/v1_0/messages/tests/test_presentation_ack.py" line="33" time="0.005" /><testcase classname="aries_cloudagent.protocols.present_proof.v1_0.messages.tests.test_presentation_ack.TestPresentationAck" name="test_type" file="aries_cloudagent/protocols/present_proof/v1_0/messages/tests/test_presentation_ack.py" line="19" time="0.002" /><testcase classname="aries_cloudagent.protocols.present_proof.v1_0.messages.tests.test_presentation_ack.TestPresentationAckSchema" name="test_make_model" file="aries_cloudagent/protocols/present_proof/v1_0/messages/tests/test_presentation_ack.py" line="47" time="0.004" /><testcase classname="aries_cloudagent.protocols.present_proof.v1_0.messages.tests.test_presentation_problem_report" name="ruff" file="aries_cloudagent/protocols/present_proof/v1_0/messages/tests/test_presentation_problem_report.py" time="0.053" /><testcase classname="aries_cloudagent.protocols.present_proof.v1_0.messages.tests.test_presentation_problem_report.TestPresentationProblemReport" name="test_deserialize" file="aries_cloudagent/protocols/present_proof/v1_0/messages/tests/test_presentation_problem_report.py" line="28" time="0.015" /><testcase classname="aries_cloudagent.protocols.present_proof.v1_0.messages.tests.test_presentation_problem_report.TestPresentationProblemReport" name="test_init_type" file="aries_cloudagent/protocols/present_proof/v1_0/messages/tests/test_presentation_problem_report.py" line="17" time="0.003" /><testcase classname="aries_cloudagent.protocols.present_proof.v1_0.messages.tests.test_presentation_problem_report.TestPresentationProblemReport" name="test_make_model" file="aries_cloudagent/protocols/present_proof/v1_0/messages/tests/test_presentation_problem_report.py" line="66" time="0.010" /><testcase classname="aries_cloudagent.protocols.present_proof.v1_0.messages.tests.test_presentation_problem_report.TestPresentationProblemReport" name="test_serialize" file="aries_cloudagent/protocols/present_proof/v1_0/messages/tests/test_presentation_problem_report.py" line="47" time="0.005" /><testcase classname="aries_cloudagent.protocols.present_proof.v1_0.messages.tests.test_presentation_proposal" name="ruff" file="aries_cloudagent/protocols/present_proof/v1_0/messages/tests/test_presentation_proposal.py" time="0.048" /><testcase classname="aries_cloudagent.protocols.present_proof.v1_0.messages.tests.test_presentation_proposal.TestPresentationProposal" name="test_deserialize" file="aries_cloudagent/protocols/present_proof/v1_0/messages/tests/test_presentation_proposal.py" line="54" time="0.012" /><testcase classname="aries_cloudagent.protocols.present_proof.v1_0.messages.tests.test_presentation_proposal.TestPresentationProposal" name="test_init" file="aries_cloudagent/protocols/present_proof/v1_0/messages/tests/test_presentation_proposal.py" line="38" time="0.003" /><testcase classname="aries_cloudagent.protocols.present_proof.v1_0.messages.tests.test_presentation_proposal.TestPresentationProposal" name="test_serialize" file="aries_cloudagent/protocols/present_proof/v1_0/messages/tests/test_presentation_proposal.py" line="65" time="0.007" /><testcase classname="aries_cloudagent.protocols.present_proof.v1_0.messages.tests.test_presentation_proposal.TestPresentationProposal" name="test_type" file="aries_cloudagent/protocols/present_proof/v1_0/messages/tests/test_presentation_proposal.py" line="45" time="0.006" /><testcase classname="aries_cloudagent.protocols.present_proof.v1_0.messages.tests.test_presentation_proposal.TestPresentationProposalSchema" name="test_make_model" file="aries_cloudagent/protocols/present_proof/v1_0/messages/tests/test_presentation_proposal.py" line="89" time="0.009" /><testcase classname="aries_cloudagent.protocols.present_proof.v1_0.messages.tests.test_presentation_request" name="ruff" file="aries_cloudagent/protocols/present_proof/v1_0/messages/tests/test_presentation_request.py" time="0.047" /><testcase classname="aries_cloudagent.protocols.present_proof.v1_0.messages.tests.test_presentation_request.TestPresentationRequest" name="test_deserialize" file="aries_cloudagent/protocols/present_proof/v1_0/messages/tests/test_presentation_request.py" line="90" time="0.011" /><testcase classname="aries_cloudagent.protocols.present_proof.v1_0.messages.tests.test_presentation_request.TestPresentationRequest" name="test_init" file="aries_cloudagent/protocols/present_proof/v1_0/messages/tests/test_presentation_request.py" line="81" time="0.002" /><testcase classname="aries_cloudagent.protocols.present_proof.v1_0.messages.tests.test_presentation_request.TestPresentationRequest" name="test_serialize" file="aries_cloudagent/protocols/present_proof/v1_0/messages/tests/test_presentation_request.py" line="108" time="0.008" /><testcase classname="aries_cloudagent.protocols.present_proof.v1_0.messages.tests.test_presentation_request.TestPresentationRequest" name="test_type" file="aries_cloudagent/protocols/present_proof/v1_0/messages/tests/test_presentation_request.py" line="86" time="0.002" /><testcase classname="aries_cloudagent.protocols.present_proof.v1_0.messages.tests.test_presentation_request.TestPresentationRequestSchema" name="test_make_model" file="aries_cloudagent/protocols/present_proof/v1_0/messages/tests/test_presentation_request.py" line="128" time="0.007" /><testcase classname="aries_cloudagent.protocols.present_proof.v1_0.models.__init__" name="ruff" file="aries_cloudagent/protocols/present_proof/v1_0/models/__init__.py" time="0.045" /><testcase classname="aries_cloudagent.protocols.present_proof.v1_0.models.presentation_exchange" name="ruff" file="aries_cloudagent/protocols/present_proof/v1_0/models/presentation_exchange.py" time="0.048" /><testcase classname="aries_cloudagent.protocols.present_proof.v1_0.models.tests.__init__" name="ruff" file="aries_cloudagent/protocols/present_proof/v1_0/models/tests/__init__.py" time="0.041" /><testcase classname="aries_cloudagent.protocols.present_proof.v1_0.models.tests.test_record" name="ruff" file="aries_cloudagent/protocols/present_proof/v1_0/models/tests/test_record.py" time="0.041" /><testcase classname="aries_cloudagent.protocols.present_proof.v1_0.models.tests.test_record.TestRecord" name="test_record" file="aries_cloudagent/protocols/present_proof/v1_0/models/tests/test_record.py" line="89" time="0.022" /><testcase classname="aries_cloudagent.protocols.present_proof.v1_0.models.tests.test_record.TestRecord" name="test_save_error_state" file="aries_cloudagent/protocols/present_proof/v1_0/models/tests/test_record.py" line="123" time="0.036" /><testcase classname="aries_cloudagent.protocols.present_proof.v1_0.tests.__init__" name="ruff" file="aries_cloudagent/protocols/present_proof/v1_0/tests/__init__.py" time="0.046" /><testcase classname="aries_cloudagent.protocols.present_proof.v1_0.tests.test_manager" name="ruff" file="aries_cloudagent/protocols/present_proof/v1_0/tests/test_manager.py" time="0.044" /><testcase classname="aries_cloudagent.protocols.present_proof.v1_0.tests.test_manager.TestPresentationManager" name="test_create_bound_request" file="aries_cloudagent/protocols/present_proof/v1_0/tests/test_manager.py" line="385" time="0.094" /><testcase classname="aries_cloudagent.protocols.present_proof.v1_0.tests.test_manager.TestPresentationManager" name="test_create_exchange_for_proposal" file="aries_cloudagent/protocols/present_proof/v1_0/tests/test_manager.py" line="351" time="0.056" /><testcase classname="aries_cloudagent.protocols.present_proof.v1_0.tests.test_manager.TestPresentationManager" name="test_create_exchange_for_request" file="aries_cloudagent/protocols/present_proof/v1_0/tests/test_manager.py" line="404" time="0.061" /><testcase classname="aries_cloudagent.protocols.present_proof.v1_0.tests.test_manager.TestPresentationManager" name="test_create_presentation" file="aries_cloudagent/protocols/present_proof/v1_0/tests/test_manager.py" line="447" time="0.128" /><testcase classname="aries_cloudagent.protocols.present_proof.v1_0.tests.test_manager.TestPresentationManager" name="test_create_presentation_bad_revoc_state" file="aries_cloudagent/protocols/present_proof/v1_0/tests/test_manager.py" line="667" time="0.112" /><testcase classname="aries_cloudagent.protocols.present_proof.v1_0.tests.test_manager.TestPresentationManager" name="test_create_presentation_multi_matching_proposal_creds_names" file="aries_cloudagent/protocols/present_proof/v1_0/tests/test_manager.py" line="735" time="0.115" /><testcase classname="aries_cloudagent.protocols.present_proof.v1_0.tests.test_manager.TestPresentationManager" name="test_create_presentation_no_revocation" file="aries_cloudagent/protocols/present_proof/v1_0/tests/test_manager.py" line="593" time="0.100" /><testcase classname="aries_cloudagent.protocols.present_proof.v1_0.tests.test_manager.TestPresentationManager" name="test_create_presentation_proof_req_non_revoc_interval_none" file="aries_cloudagent/protocols/present_proof/v1_0/tests/test_manager.py" line="489" time="0.100" /><testcase classname="aries_cloudagent.protocols.present_proof.v1_0.tests.test_manager.TestPresentationManager" name="test_create_presentation_self_asserted" file="aries_cloudagent/protocols/present_proof/v1_0/tests/test_manager.py" line="532" time="0.110" /><testcase classname="aries_cloudagent.protocols.present_proof.v1_0.tests.test_manager.TestPresentationManager" name="test_no_matching_creds_for_proof_req" file="aries_cloudagent/protocols/present_proof/v1_0/tests/test_manager.py" line="828" time="0.058" /><testcase classname="aries_cloudagent.protocols.present_proof.v1_0.tests.test_manager.TestPresentationManager" name="test_receive_presentation" file="aries_cloudagent/protocols/present_proof/v1_0/tests/test_manager.py" line="858" time="0.077" /><testcase classname="aries_cloudagent.protocols.present_proof.v1_0.tests.test_manager.TestPresentationManager" name="test_receive_presentation_ack_a" file="aries_cloudagent/protocols/present_proof/v1_0/tests/test_manager.py" line="1303" time="0.055" /><testcase classname="aries_cloudagent.protocols.present_proof.v1_0.tests.test_manager.TestPresentationManager" name="test_receive_presentation_ack_b" file="aries_cloudagent/protocols/present_proof/v1_0/tests/test_manager.py" line="1324" time="0.056" /><testcase classname="aries_cloudagent.protocols.present_proof.v1_0.tests.test_manager.TestPresentationManager" name="test_receive_presentation_bait_and_switch" file="aries_cloudagent/protocols/present_proof/v1_0/tests/test_manager.py" line="1082" time="0.067" /><testcase classname="aries_cloudagent.protocols.present_proof.v1_0.tests.test_manager.TestPresentationManager" name="test_receive_presentation_connectionless" file="aries_cloudagent/protocols/present_proof/v1_0/tests/test_manager.py" line="1181" time="0.057" /><testcase classname="aries_cloudagent.protocols.present_proof.v1_0.tests.test_manager.TestPresentationManager" name="test_receive_presentation_oob" file="aries_cloudagent/protocols/present_proof/v1_0/tests/test_manager.py" line="974" time="0.094" /><testcase classname="aries_cloudagent.protocols.present_proof.v1_0.tests.test_manager.TestPresentationManager" name="test_receive_problem_report" file="aries_cloudagent/protocols/present_proof/v1_0/tests/test_manager.py" line="1346" time="0.046" /><testcase classname="aries_cloudagent.protocols.present_proof.v1_0.tests.test_manager.TestPresentationManager" name="test_receive_problem_report_x" file="aries_cloudagent/protocols/present_proof/v1_0/tests/test_manager.py" line="1388" time="0.057" /><testcase classname="aries_cloudagent.protocols.present_proof.v1_0.tests.test_manager.TestPresentationManager" name="test_receive_proposal" file="aries_cloudagent/protocols/present_proof/v1_0/tests/test_manager.py" line="373" time="0.047" /><testcase classname="aries_cloudagent.protocols.present_proof.v1_0.tests.test_manager.TestPresentationManager" name="test_receive_request" file="aries_cloudagent/protocols/present_proof/v1_0/tests/test_manager.py" line="436" time="0.047" /><testcase classname="aries_cloudagent.protocols.present_proof.v1_0.tests.test_manager.TestPresentationManager" name="test_record_eq" file="aries_cloudagent/protocols/present_proof/v1_0/tests/test_manager.py" line="318" time="0.044" /><testcase classname="aries_cloudagent.protocols.present_proof.v1_0.tests.test_manager.TestPresentationManager" name="test_send_presentation_ack" file="aries_cloudagent/protocols/present_proof/v1_0/tests/test_manager.py" line="1267" time="0.044" /><testcase classname="aries_cloudagent.protocols.present_proof.v1_0.tests.test_manager.TestPresentationManager" name="test_send_presentation_ack_no_responder" file="aries_cloudagent/protocols/present_proof/v1_0/tests/test_manager.py" line="1297" time="0.043" /><testcase classname="aries_cloudagent.protocols.present_proof.v1_0.tests.test_manager.TestPresentationManager" name="test_send_presentation_ack_oob" file="aries_cloudagent/protocols/present_proof/v1_0/tests/test_manager.py" line="1277" time="0.062" /><testcase classname="aries_cloudagent.protocols.present_proof.v1_0.tests.test_manager.TestPresentationManager" name="test_verify_presentation" file="aries_cloudagent/protocols/present_proof/v1_0/tests/test_manager.py" line="1206" time="0.072" /><testcase classname="aries_cloudagent.protocols.present_proof.v1_0.tests.test_routes" name="ruff" file="aries_cloudagent/protocols/present_proof/v1_0/tests/test_routes.py" time="0.049" /><testcase classname="aries_cloudagent.protocols.present_proof.v1_0.tests.test_routes.TestProofRoutes" name="test_post_process_routes" file="aries_cloudagent/protocols/present_proof/v1_0/tests/test_routes.py" line="1506" time="0.031" /><testcase classname="aries_cloudagent.protocols.present_proof.v1_0.tests.test_routes.TestProofRoutes" name="test_presentation_exchange_create_request" file="aries_cloudagent/protocols/present_proof/v1_0/tests/test_routes.py" line="408" time="0.296" /><testcase classname="aries_cloudagent.protocols.present_proof.v1_0.tests.test_routes.TestProofRoutes" name="test_presentation_exchange_create_request_x" file="aries_cloudagent/protocols/present_proof/v1_0/tests/test_routes.py" line="459" time="0.531" /><testcase classname="aries_cloudagent.protocols.present_proof.v1_0.tests.test_routes.TestProofRoutes" name="test_presentation_exchange_credentials_list_multiple_referents" file="aries_cloudagent/protocols/present_proof/v1_0/tests/test_routes.py" line="197" time="0.127" /><testcase classname="aries_cloudagent.protocols.present_proof.v1_0.tests.test_routes.TestProofRoutes" name="test_presentation_exchange_credentials_list_not_found" file="aries_cloudagent/protocols/present_proof/v1_0/tests/test_routes.py" line="111" time="0.121" /><testcase classname="aries_cloudagent.protocols.present_proof.v1_0.tests.test_routes.TestProofRoutes" name="test_presentation_exchange_credentials_list_single_referent" file="aries_cloudagent/protocols/present_proof/v1_0/tests/test_routes.py" line="164" time="0.122" /><testcase classname="aries_cloudagent.protocols.present_proof.v1_0.tests.test_routes.TestProofRoutes" name="test_presentation_exchange_credentials_x" file="aries_cloudagent/protocols/present_proof/v1_0/tests/test_routes.py" line="132" time="0.122" /><testcase classname="aries_cloudagent.protocols.present_proof.v1_0.tests.test_routes.TestProofRoutes" name="test_presentation_exchange_list" file="aries_cloudagent/protocols/present_proof/v1_0/tests/test_routes.py" line="55" time="0.141" /><testcase classname="aries_cloudagent.protocols.present_proof.v1_0.tests.test_routes.TestProofRoutes" name="test_presentation_exchange_list_x" file="aries_cloudagent/protocols/present_proof/v1_0/tests/test_routes.py" line="86" time="0.130" /><testcase classname="aries_cloudagent.protocols.present_proof.v1_0.tests.test_routes.TestProofRoutes" name="test_presentation_exchange_problem_report" file="aries_cloudagent/protocols/present_proof/v1_0/tests/test_routes.py" line="1340" time="0.172" /><testcase classname="aries_cloudagent.protocols.present_proof.v1_0.tests.test_routes.TestProofRoutes" name="test_presentation_exchange_problem_report_bad_pres_ex_id" file="aries_cloudagent/protocols/present_proof/v1_0/tests/test_routes.py" line="1372" time="0.162" /><testcase classname="aries_cloudagent.protocols.present_proof.v1_0.tests.test_routes.TestProofRoutes" name="test_presentation_exchange_problem_report_x" file="aries_cloudagent/protocols/present_proof/v1_0/tests/test_routes.py" line="1398" time="0.183" /><testcase classname="aries_cloudagent.protocols.present_proof.v1_0.tests.test_routes.TestProofRoutes" name="test_presentation_exchange_remove" file="aries_cloudagent/protocols/present_proof/v1_0/tests/test_routes.py" line="1426" time="0.127" /><testcase classname="aries_cloudagent.protocols.present_proof.v1_0.tests.test_routes.TestProofRoutes" name="test_presentation_exchange_remove_not_found" file="aries_cloudagent/protocols/present_proof/v1_0/tests/test_routes.py" line="1451" time="0.110" /><testcase classname="aries_cloudagent.protocols.present_proof.v1_0.tests.test_routes.TestProofRoutes" name="test_presentation_exchange_remove_x" file="aries_cloudagent/protocols/present_proof/v1_0/tests/test_routes.py" line="1473" time="0.128" /><testcase classname="aries_cloudagent.protocols.present_proof.v1_0.tests.test_routes.TestProofRoutes" name="test_presentation_exchange_retrieve" file="aries_cloudagent/protocols/present_proof/v1_0/tests/test_routes.py" line="232" time="0.123" /><testcase classname="aries_cloudagent.protocols.present_proof.v1_0.tests.test_routes.TestProofRoutes" name="test_presentation_exchange_retrieve_not_found" file="aries_cloudagent/protocols/present_proof/v1_0/tests/test_routes.py" line="256" time="0.345" /><testcase classname="aries_cloudagent.protocols.present_proof.v1_0.tests.test_routes.TestProofRoutes" name="test_presentation_exchange_retrieve_x" file="aries_cloudagent/protocols/present_proof/v1_0/tests/test_routes.py" line="277" time="0.121" /><testcase classname="aries_cloudagent.protocols.present_proof.v1_0.tests.test_routes.TestProofRoutes" name="test_presentation_exchange_send_bound_request" file="aries_cloudagent/protocols/present_proof/v1_0/tests/test_routes.py" line="658" time="0.397" /><testcase classname="aries_cloudagent.protocols.present_proof.v1_0.tests.test_routes.TestProofRoutes" name="test_presentation_exchange_send_bound_request_bad_state" file="aries_cloudagent/protocols/present_proof/v1_0/tests/test_routes.py" line="833" time="0.126" /><testcase classname="aries_cloudagent.protocols.present_proof.v1_0.tests.test_routes.TestProofRoutes" name="test_presentation_exchange_send_bound_request_not_found" file="aries_cloudagent/protocols/present_proof/v1_0/tests/test_routes.py" line="729" time="0.397" /><testcase classname="aries_cloudagent.protocols.present_proof.v1_0.tests.test_routes.TestProofRoutes" name="test_presentation_exchange_send_bound_request_not_ready" file="aries_cloudagent/protocols/present_proof/v1_0/tests/test_routes.py" line="773" time="0.373" /><testcase classname="aries_cloudagent.protocols.present_proof.v1_0.tests.test_routes.TestProofRoutes" name="test_presentation_exchange_send_bound_request_px_rec_not_found" file="aries_cloudagent/protocols/present_proof/v1_0/tests/test_routes.py" line="819" time="0.018" /><testcase classname="aries_cloudagent.protocols.present_proof.v1_0.tests.test_routes.TestProofRoutes" name="test_presentation_exchange_send_bound_request_x" file="aries_cloudagent/protocols/present_proof/v1_0/tests/test_routes.py" line="856" time="0.413" /><testcase classname="aries_cloudagent.protocols.present_proof.v1_0.tests.test_routes.TestProofRoutes" name="test_presentation_exchange_send_free_request" file="aries_cloudagent/protocols/present_proof/v1_0/tests/test_routes.py" line="503" time="0.635" /><testcase classname="aries_cloudagent.protocols.present_proof.v1_0.tests.test_routes.TestProofRoutes" name="test_presentation_exchange_send_free_request_not_found" file="aries_cloudagent/protocols/present_proof/v1_0/tests/test_routes.py" line="563" time="0.171" /><testcase classname="aries_cloudagent.protocols.present_proof.v1_0.tests.test_routes.TestProofRoutes" name="test_presentation_exchange_send_free_request_not_ready" file="aries_cloudagent/protocols/present_proof/v1_0/tests/test_routes.py" line="579" time="0.175" /><testcase classname="aries_cloudagent.protocols.present_proof.v1_0.tests.test_routes.TestProofRoutes" name="test_presentation_exchange_send_free_request_x" file="aries_cloudagent/protocols/present_proof/v1_0/tests/test_routes.py" line="599" time="0.463" /><testcase classname="aries_cloudagent.protocols.present_proof.v1_0.tests.test_routes.TestProofRoutes" name="test_presentation_exchange_send_presentation" file="aries_cloudagent/protocols/present_proof/v1_0/tests/test_routes.py" line="918" time="0.360" /><testcase classname="aries_cloudagent.protocols.present_proof.v1_0.tests.test_routes.TestProofRoutes" name="test_presentation_exchange_send_presentation_bad_state" file="aries_cloudagent/protocols/present_proof/v1_0/tests/test_routes.py" line="1093" time="0.122" /><testcase classname="aries_cloudagent.protocols.present_proof.v1_0.tests.test_routes.TestProofRoutes" name="test_presentation_exchange_send_presentation_not_found" file="aries_cloudagent/protocols/present_proof/v1_0/tests/test_routes.py" line="1004" time="0.395" /><testcase classname="aries_cloudagent.protocols.present_proof.v1_0.tests.test_routes.TestProofRoutes" name="test_presentation_exchange_send_presentation_not_ready" file="aries_cloudagent/protocols/present_proof/v1_0/tests/test_routes.py" line="1048" time="0.382" /><testcase classname="aries_cloudagent.protocols.present_proof.v1_0.tests.test_routes.TestProofRoutes" name="test_presentation_exchange_send_presentation_px_rec_not_found" file="aries_cloudagent/protocols/present_proof/v1_0/tests/test_routes.py" line="990" time="0.013" /><testcase classname="aries_cloudagent.protocols.present_proof.v1_0.tests.test_routes.TestProofRoutes" name="test_presentation_exchange_send_presentation_x" file="aries_cloudagent/protocols/present_proof/v1_0/tests/test_routes.py" line="1115" time="0.637" /><testcase classname="aries_cloudagent.protocols.present_proof.v1_0.tests.test_routes.TestProofRoutes" name="test_presentation_exchange_send_proposal" file="aries_cloudagent/protocols/present_proof/v1_0/tests/test_routes.py" line="305" time="0.258" /><testcase classname="aries_cloudagent.protocols.present_proof.v1_0.tests.test_routes.TestProofRoutes" name="test_presentation_exchange_send_proposal_no_conn_record" file="aries_cloudagent/protocols/present_proof/v1_0/tests/test_routes.py" line="334" time="0.177" /><testcase classname="aries_cloudagent.protocols.present_proof.v1_0.tests.test_routes.TestProofRoutes" name="test_presentation_exchange_send_proposal_not_ready" file="aries_cloudagent/protocols/present_proof/v1_0/tests/test_routes.py" line="352" time="0.217" /><testcase classname="aries_cloudagent.protocols.present_proof.v1_0.tests.test_routes.TestProofRoutes" name="test_presentation_exchange_send_proposal_x" file="aries_cloudagent/protocols/present_proof/v1_0/tests/test_routes.py" line="377" time="0.260" /><testcase classname="aries_cloudagent.protocols.present_proof.v1_0.tests.test_routes.TestProofRoutes" name="test_presentation_exchange_verify_presentation" file="aries_cloudagent/protocols/present_proof/v1_0/tests/test_routes.py" line="1176" time="0.401" /><testcase classname="aries_cloudagent.protocols.present_proof.v1_0.tests.test_routes.TestProofRoutes" name="test_presentation_exchange_verify_presentation_bad_state" file="aries_cloudagent/protocols/present_proof/v1_0/tests/test_routes.py" line="1249" time="0.120" /><testcase classname="aries_cloudagent.protocols.present_proof.v1_0.tests.test_routes.TestProofRoutes" name="test_presentation_exchange_verify_presentation_px_rec_not_found" file="aries_cloudagent/protocols/present_proof/v1_0/tests/test_routes.py" line="1233" time="0.015" /><testcase classname="aries_cloudagent.protocols.present_proof.v1_0.tests.test_routes.TestProofRoutes" name="test_presentation_exchange_verify_presentation_x" file="aries_cloudagent/protocols/present_proof/v1_0/tests/test_routes.py" line="1273" time="0.309" /><testcase classname="aries_cloudagent.protocols.present_proof.v1_0.tests.test_routes.TestProofRoutes" name="test_register" file="aries_cloudagent/protocols/present_proof/v1_0/tests/test_routes.py" line="1499" time="0.013" /><testcase classname="aries_cloudagent.protocols.present_proof.v1_0.tests.test_routes.TestProofRoutes" name="test_validate_proof_req_attr_spec" file="aries_cloudagent/protocols/present_proof/v1_0/tests/test_routes.py" line="32" time="0.017" /><testcase classname="aries_cloudagent.protocols.present_proof.v2_0.__init__" name="ruff" file="aries_cloudagent/protocols/present_proof/v2_0/__init__.py" time="0.056" /><testcase classname="aries_cloudagent.protocols.present_proof.v2_0.controller" name="ruff" file="aries_cloudagent/protocols/present_proof/v2_0/controller.py" time="0.044" /><testcase classname="aries_cloudagent.protocols.present_proof.v2_0.manager" name="ruff" file="aries_cloudagent/protocols/present_proof/v2_0/manager.py" time="0.050" /><testcase classname="aries_cloudagent.protocols.present_proof.v2_0.message_types" name="ruff" file="aries_cloudagent/protocols/present_proof/v2_0/message_types.py" time="0.041" /><testcase classname="aries_cloudagent.protocols.present_proof.v2_0.routes" name="ruff" file="aries_cloudagent/protocols/present_proof/v2_0/routes.py" time="0.051" /><testcase classname="aries_cloudagent.protocols.present_proof.v2_0.formats.__init__" name="ruff" file="aries_cloudagent/protocols/present_proof/v2_0/formats/__init__.py" time="0.040" /><testcase classname="aries_cloudagent.protocols.present_proof.v2_0.formats.handler" name="ruff" file="aries_cloudagent/protocols/present_proof/v2_0/formats/handler.py" time="0.048" /><testcase classname="aries_cloudagent.protocols.present_proof.v2_0.formats.dif.__init__" name="ruff" file="aries_cloudagent/protocols/present_proof/v2_0/formats/dif/__init__.py" time="0.040" /><testcase classname="aries_cloudagent.protocols.present_proof.v2_0.formats.dif.handler" name="ruff" file="aries_cloudagent/protocols/present_proof/v2_0/formats/dif/handler.py" time="0.047" /><testcase classname="aries_cloudagent.protocols.present_proof.v2_0.formats.dif.tests.__init__" name="ruff" file="aries_cloudagent/protocols/present_proof/v2_0/formats/dif/tests/__init__.py" time="0.044" /><testcase classname="aries_cloudagent.protocols.present_proof.v2_0.formats.dif.tests.test_handler" name="ruff" file="aries_cloudagent/protocols/present_proof/v2_0/formats/dif/tests/test_handler.py" time="0.058" /><testcase classname="aries_cloudagent.protocols.present_proof.v2_0.formats.dif.tests.test_handler.TestDIFFormatHandler" name="test_create_bound_request_a" file="aries_cloudagent/protocols/present_proof/v2_0/formats/dif/tests/test_handler.py" line="407" time="0.037" /><testcase classname="aries_cloudagent.protocols.present_proof.v2_0.formats.dif.tests.test_handler.TestDIFFormatHandler" name="test_create_bound_request_b" file="aries_cloudagent/protocols/present_proof/v2_0/formats/dif/tests/test_handler.py" line="462" time="0.024" /><testcase classname="aries_cloudagent.protocols.present_proof.v2_0.formats.dif.tests.test_handler.TestDIFFormatHandler" name="test_create_bound_request_c" file="aries_cloudagent/protocols/present_proof/v2_0/formats/dif/tests/test_handler.py" line="518" time="0.024" /><testcase classname="aries_cloudagent.protocols.present_proof.v2_0.formats.dif.tests.test_handler.TestDIFFormatHandler" name="test_create_pres" file="aries_cloudagent/protocols/present_proof/v2_0/formats/dif/tests/test_handler.py" line="574" time="0.045" /><testcase classname="aries_cloudagent.protocols.present_proof.v2_0.formats.dif.tests.test_handler.TestDIFFormatHandler" name="test_create_pres_catch_diferror" file="aries_cloudagent/protocols/present_proof/v2_0/formats/dif/tests/test_handler.py" line="2305" time="0.033" /><testcase classname="aries_cloudagent.protocols.present_proof.v2_0.formats.dif.tests.test_handler.TestDIFFormatHandler" name="test_create_pres_catch_typeerror" file="aries_cloudagent/protocols/present_proof/v2_0/formats/dif/tests/test_handler.py" line="2272" time="0.026" /><testcase classname="aries_cloudagent.protocols.present_proof.v2_0.formats.dif.tests.test_handler.TestDIFFormatHandler" name="test_create_pres_cred_claim_format_double_ldp_vp_error" file="aries_cloudagent/protocols/present_proof/v2_0/formats/dif/tests/test_handler.py" line="1342" time="0.031" /><testcase classname="aries_cloudagent.protocols.present_proof.v2_0.formats.dif.tests.test_handler.TestDIFFormatHandler" name="test_create_pres_cred_claim_format_no_ldp_vp" file="aries_cloudagent/protocols/present_proof/v2_0/formats/dif/tests/test_handler.py" line="1425" time="0.031" /><testcase classname="aries_cloudagent.protocols.present_proof.v2_0.formats.dif.tests.test_handler.TestDIFFormatHandler" name="test_create_pres_cred_claim_format_single_ldp_vp_error" file="aries_cloudagent/protocols/present_proof/v2_0/formats/dif/tests/test_handler.py" line="1305" time="0.025" /><testcase classname="aries_cloudagent.protocols.present_proof.v2_0.formats.dif.tests.test_handler.TestDIFFormatHandler" name="test_create_pres_cred_limit_disclosure_no_bbs" file="aries_cloudagent/protocols/present_proof/v2_0/formats/dif/tests/test_handler.py" line="1271" time="0.029" /><testcase classname="aries_cloudagent.protocols.present_proof.v2_0.formats.dif.tests.test_handler.TestDIFFormatHandler" name="test_create_pres_cred_no_tag_query" file="aries_cloudagent/protocols/present_proof/v2_0/formats/dif/tests/test_handler.py" line="1379" time="0.024" /><testcase classname="aries_cloudagent.protocols.present_proof.v2_0.formats.dif.tests.test_handler.TestDIFFormatHandler" name="test_create_pres_no_challenge" file="aries_cloudagent/protocols/present_proof/v2_0/formats/dif/tests/test_handler.py" line="952" time="0.025" /><testcase classname="aries_cloudagent.protocols.present_proof.v2_0.formats.dif.tests.test_handler.TestDIFFormatHandler" name="test_create_pres_one_of_filter" file="aries_cloudagent/protocols/present_proof/v2_0/formats/dif/tests/test_handler.py" line="869" time="0.036" /><testcase classname="aries_cloudagent.protocols.present_proof.v2_0.formats.dif.tests.test_handler.TestDIFFormatHandler" name="test_create_pres_pd_claim_format_bls12381g2" file="aries_cloudagent/protocols/present_proof/v2_0/formats/dif/tests/test_handler.py" line="1081" time="0.038" /><testcase classname="aries_cloudagent.protocols.present_proof.v2_0.formats.dif.tests.test_handler.TestDIFFormatHandler" name="test_create_pres_pd_claim_format_ed255" file="aries_cloudagent/protocols/present_proof/v2_0/formats/dif/tests/test_handler.py" line="1035" time="0.035" /><testcase classname="aries_cloudagent.protocols.present_proof.v2_0.formats.dif.tests.test_handler.TestDIFFormatHandler" name="test_create_pres_pd_schema_uri" file="aries_cloudagent/protocols/present_proof/v2_0/formats/dif/tests/test_handler.py" line="613" time="0.025" /><testcase classname="aries_cloudagent.protocols.present_proof.v2_0.formats.dif.tests.test_handler.TestDIFFormatHandler" name="test_create_pres_prover_proof_spec" file="aries_cloudagent/protocols/present_proof/v2_0/formats/dif/tests/test_handler.py" line="656" time="0.033" /><testcase classname="aries_cloudagent.protocols.present_proof.v2_0.formats.dif.tests.test_handler.TestDIFFormatHandler" name="test_create_pres_prover_proof_spec_with_record_ids" file="aries_cloudagent/protocols/present_proof/v2_0/formats/dif/tests/test_handler.py" line="698" time="0.029" /><testcase classname="aries_cloudagent.protocols.present_proof.v2_0.formats.dif.tests.test_handler.TestDIFFormatHandler" name="test_create_pres_prover_proof_spec_with_reveal_doc" file="aries_cloudagent/protocols/present_proof/v2_0/formats/dif/tests/test_handler.py" line="775" time="0.029" /><testcase classname="aries_cloudagent.protocols.present_proof.v2_0.formats.dif.tests.test_handler.TestDIFFormatHandler" name="test_create_pres_storage_not_found" file="aries_cloudagent/protocols/present_proof/v2_0/formats/dif/tests/test_handler.py" line="993" time="0.025" /><testcase classname="aries_cloudagent.protocols.present_proof.v2_0.formats.dif.tests.test_handler.TestDIFFormatHandler" name="test_get_all_suites" file="aries_cloudagent/protocols/present_proof/v2_0/formats/dif/tests/test_handler.py" line="395" time="0.016" /><testcase classname="aries_cloudagent.protocols.present_proof.v2_0.formats.dif.tests.test_handler.TestDIFFormatHandler" name="test_process_vcrecords_return_list" file="aries_cloudagent/protocols/present_proof/v2_0/formats/dif/tests/test_handler.py" line="1462" time="0.018" /><testcase classname="aries_cloudagent.protocols.present_proof.v2_0.formats.dif.tests.test_handler.TestDIFFormatHandler" name="test_retrieve_uri_list_from_schema_filter" file="aries_cloudagent/protocols/present_proof/v2_0/formats/dif/tests/test_handler.py" line="1516" time="0.015" /><testcase classname="aries_cloudagent.protocols.present_proof.v2_0.formats.dif.tests.test_handler.TestDIFFormatHandler" name="test_validate_fields" file="aries_cloudagent/protocols/present_proof/v2_0/formats/dif/tests/test_handler.py" line="384" time="0.027" /><testcase classname="aries_cloudagent.protocols.present_proof.v2_0.formats.dif.tests.test_handler.TestDIFFormatHandler" name="test_verify_pres" file="aries_cloudagent/protocols/present_proof/v2_0/formats/dif/tests/test_handler.py" line="1183" time="0.029" /><testcase classname="aries_cloudagent.protocols.present_proof.v2_0.formats.dif.tests.test_handler.TestDIFFormatHandler" name="test_verify_pres_no_challenge" file="aries_cloudagent/protocols/present_proof/v2_0/formats/dif/tests/test_handler.py" line="1230" time="0.161" /><testcase classname="aries_cloudagent.protocols.present_proof.v2_0.formats.dif.tests.test_handler.TestDIFFormatHandler" name="test_verify_pres_sequence" file="aries_cloudagent/protocols/present_proof/v2_0/formats/dif/tests/test_handler.py" line="1124" time="0.035" /><testcase classname="aries_cloudagent.protocols.present_proof.v2_0.formats.dif.tests.test_handler.TestDIFFormatHandler" name="test_verify_received_limit_disclosure_a" file="aries_cloudagent/protocols/present_proof/v2_0/formats/dif/tests/test_handler.py" line="1739" time="0.272" /><testcase classname="aries_cloudagent.protocols.present_proof.v2_0.formats.dif.tests.test_handler.TestDIFFormatHandler" name="test_verify_received_limit_disclosure_b" file="aries_cloudagent/protocols/present_proof/v2_0/formats/dif/tests/test_handler.py" line="1842" time="0.446" /><testcase classname="aries_cloudagent.protocols.present_proof.v2_0.formats.dif.tests.test_handler.TestDIFFormatHandler" name="test_verify_received_pres_a" file="aries_cloudagent/protocols/present_proof/v2_0/formats/dif/tests/test_handler.py" line="1528" time="0.146" /><testcase classname="aries_cloudagent.protocols.present_proof.v2_0.formats.dif.tests.test_handler.TestDIFFormatHandler" name="test_verify_received_pres_b" file="aries_cloudagent/protocols/present_proof/v2_0/formats/dif/tests/test_handler.py" line="1571" time="0.189" /><testcase classname="aries_cloudagent.protocols.present_proof.v2_0.formats.dif.tests.test_handler.TestDIFFormatHandler" name="test_verify_received_pres_c" file="aries_cloudagent/protocols/present_proof/v2_0/formats/dif/tests/test_handler.py" line="1623" time="0.314" /><testcase classname="aries_cloudagent.protocols.present_proof.v2_0.formats.dif.tests.test_handler.TestDIFFormatHandler" name="test_verify_received_pres_fail_schema_filter" file="aries_cloudagent/protocols/present_proof/v2_0/formats/dif/tests/test_handler.py" line="2179" time="0.249" /><testcase classname="aries_cloudagent.protocols.present_proof.v2_0.formats.dif.tests.test_handler.TestDIFFormatHandler" name="test_verify_received_pres_invalid_jsonpath" file="aries_cloudagent/protocols/present_proof/v2_0/formats/dif/tests/test_handler.py" line="1921" time="0.058" /><testcase classname="aries_cloudagent.protocols.present_proof.v2_0.formats.dif.tests.test_handler.TestDIFFormatHandler" name="test_verify_received_pres_limit_disclosure_fail_a" file="aries_cloudagent/protocols/present_proof/v2_0/formats/dif/tests/test_handler.py" line="2079" time="0.126" /><testcase classname="aries_cloudagent.protocols.present_proof.v2_0.formats.dif.tests.test_handler.TestDIFFormatHandler" name="test_verify_received_pres_limit_disclosure_fail_b" file="aries_cloudagent/protocols/present_proof/v2_0/formats/dif/tests/test_handler.py" line="2129" time="0.145" /><testcase classname="aries_cloudagent.protocols.present_proof.v2_0.formats.dif.tests.test_handler.TestDIFFormatHandler" name="test_verify_received_pres_no_match_a" file="aries_cloudagent/protocols/present_proof/v2_0/formats/dif/tests/test_handler.py" line="1973" time="0.095" /><testcase classname="aries_cloudagent.protocols.present_proof.v2_0.formats.dif.tests.test_handler.TestDIFFormatHandler" name="test_verify_received_pres_no_match_b" file="aries_cloudagent/protocols/present_proof/v2_0/formats/dif/tests/test_handler.py" line="2026" time="0.090" /><testcase classname="aries_cloudagent.protocols.present_proof.v2_0.formats.dif.tests.test_handler.TestDIFFormatHandler" name="test_verify_received_pres_sequence" file="aries_cloudagent/protocols/present_proof/v2_0/formats/dif/tests/test_handler.py" line="1696" time="0.278" /><testcase classname="aries_cloudagent.protocols.present_proof.v2_0.formats.indy.__init__" name="ruff" file="aries_cloudagent/protocols/present_proof/v2_0/formats/indy/__init__.py" time="0.041" /><testcase classname="aries_cloudagent.protocols.present_proof.v2_0.formats.indy.handler" name="ruff" file="aries_cloudagent/protocols/present_proof/v2_0/formats/indy/handler.py" time="0.051" /><testcase classname="aries_cloudagent.protocols.present_proof.v2_0.handlers.__init__" name="ruff" file="aries_cloudagent/protocols/present_proof/v2_0/handlers/__init__.py" time="0.042" /><testcase classname="aries_cloudagent.protocols.present_proof.v2_0.handlers.pres_ack_handler" name="ruff" file="aries_cloudagent/protocols/present_proof/v2_0/handlers/pres_ack_handler.py" time="0.050" /><testcase classname="aries_cloudagent.protocols.present_proof.v2_0.handlers.pres_handler" name="ruff" file="aries_cloudagent/protocols/present_proof/v2_0/handlers/pres_handler.py" time="0.043" /><testcase classname="aries_cloudagent.protocols.present_proof.v2_0.handlers.pres_problem_report_handler" name="ruff" file="aries_cloudagent/protocols/present_proof/v2_0/handlers/pres_problem_report_handler.py" time="0.042" /><testcase classname="aries_cloudagent.protocols.present_proof.v2_0.handlers.pres_proposal_handler" name="ruff" file="aries_cloudagent/protocols/present_proof/v2_0/handlers/pres_proposal_handler.py" time="0.051" /><testcase classname="aries_cloudagent.protocols.present_proof.v2_0.handlers.pres_request_handler" name="ruff" file="aries_cloudagent/protocols/present_proof/v2_0/handlers/pres_request_handler.py" time="0.037" /><testcase classname="aries_cloudagent.protocols.present_proof.v2_0.handlers.tests.__init__" name="ruff" file="aries_cloudagent/protocols/present_proof/v2_0/handlers/tests/__init__.py" time="0.042" /><testcase classname="aries_cloudagent.protocols.present_proof.v2_0.handlers.tests.test_pres_ack_handler" name="ruff" file="aries_cloudagent/protocols/present_proof/v2_0/handlers/tests/test_pres_ack_handler.py" time="0.044" /><testcase classname="aries_cloudagent.protocols.present_proof.v2_0.handlers.tests.test_pres_ack_handler.TestV20PresAckHandler" name="test_called" file="aries_cloudagent/protocols/present_proof/v2_0/handlers/tests/test_pres_ack_handler.py" line="14" time="0.106" /><testcase classname="aries_cloudagent.protocols.present_proof.v2_0.handlers.tests.test_pres_ack_handler.TestV20PresAckHandler" name="test_called_no_connection_no_oob" file="aries_cloudagent/protocols/present_proof/v2_0/handlers/tests/test_pres_ack_handler.py" line="62" time="0.016" /><testcase classname="aries_cloudagent.protocols.present_proof.v2_0.handlers.tests.test_pres_ack_handler.TestV20PresAckHandler" name="test_called_not_ready" file="aries_cloudagent/protocols/present_proof/v2_0/handlers/tests/test_pres_ack_handler.py" line="43" time="0.125" /><testcase classname="aries_cloudagent.protocols.present_proof.v2_0.handlers.tests.test_pres_handler" name="ruff" file="aries_cloudagent/protocols/present_proof/v2_0/handlers/tests/test_pres_handler.py" time="0.040" /><testcase classname="aries_cloudagent.protocols.present_proof.v2_0.handlers.tests.test_pres_handler.TestV20PresHandler" name="test_called" file="aries_cloudagent/protocols/present_proof/v2_0/handlers/tests/test_pres_handler.py" line="14" time="0.129" /><testcase classname="aries_cloudagent.protocols.present_proof.v2_0.handlers.tests.test_pres_handler.TestV20PresHandler" name="test_called_auto_verify" file="aries_cloudagent/protocols/present_proof/v2_0/handlers/tests/test_pres_handler.py" line="44" time="0.084" /><testcase classname="aries_cloudagent.protocols.present_proof.v2_0.handlers.tests.test_pres_handler.TestV20PresHandler" name="test_called_auto_verify_x" file="aries_cloudagent/protocols/present_proof/v2_0/handlers/tests/test_pres_handler.py" line="75" time="0.102" /><testcase classname="aries_cloudagent.protocols.present_proof.v2_0.handlers.tests.test_pres_problem_report_handler" name="ruff" file="aries_cloudagent/protocols/present_proof/v2_0/handlers/tests/test_pres_problem_report_handler.py" time="0.035" /><testcase classname="aries_cloudagent.protocols.present_proof.v2_0.handlers.tests.test_pres_problem_report_handler.TestV20PresProblemReportHandler" name="test_called" file="aries_cloudagent/protocols/present_proof/v2_0/handlers/tests/test_pres_problem_report_handler.py" line="13" time="0.112" /><testcase classname="aries_cloudagent.protocols.present_proof.v2_0.handlers.tests.test_pres_problem_report_handler.TestV20PresProblemReportHandler" name="test_called_x" file="aries_cloudagent/protocols/present_proof/v2_0/handlers/tests/test_pres_problem_report_handler.py" line="38" time="0.082" /><testcase classname="aries_cloudagent.protocols.present_proof.v2_0.handlers.tests.test_pres_proposal_handler" name="ruff" file="aries_cloudagent/protocols/present_proof/v2_0/handlers/tests/test_pres_proposal_handler.py" time="0.043" /><testcase classname="aries_cloudagent.protocols.present_proof.v2_0.handlers.tests.test_pres_proposal_handler.TestV20PresProposalHandler" name="test_called" file="aries_cloudagent/protocols/present_proof/v2_0/handlers/tests/test_pres_proposal_handler.py" line="13" time="0.130" /><testcase classname="aries_cloudagent.protocols.present_proof.v2_0.handlers.tests.test_pres_proposal_handler.TestV20PresProposalHandler" name="test_called_auto_request" file="aries_cloudagent/protocols/present_proof/v2_0/handlers/tests/test_pres_proposal_handler.py" line="38" time="0.091" /><testcase classname="aries_cloudagent.protocols.present_proof.v2_0.handlers.tests.test_pres_proposal_handler.TestV20PresProposalHandler" name="test_called_auto_request_x" file="aries_cloudagent/protocols/present_proof/v2_0/handlers/tests/test_pres_proposal_handler.py" line="77" time="0.100" /><testcase classname="aries_cloudagent.protocols.present_proof.v2_0.handlers.tests.test_pres_proposal_handler.TestV20PresProposalHandler" name="test_called_no_connection" file="aries_cloudagent/protocols/present_proof/v2_0/handlers/tests/test_pres_proposal_handler.py" line="128" time="0.010" /><testcase classname="aries_cloudagent.protocols.present_proof.v2_0.handlers.tests.test_pres_proposal_handler.TestV20PresProposalHandler" name="test_called_not_ready" file="aries_cloudagent/protocols/present_proof/v2_0/handlers/tests/test_pres_proposal_handler.py" line="106" time="0.103" /><testcase classname="aries_cloudagent.protocols.present_proof.v2_0.handlers.tests.test_pres_request_handler" name="ruff" file="aries_cloudagent/protocols/present_proof/v2_0/handlers/tests/test_pres_request_handler.py" time="0.046" /><testcase classname="aries_cloudagent.protocols.present_proof.v2_0.handlers.tests.test_pres_request_handler.TestPresRequestHandler" name="test_called" file="aries_cloudagent/protocols/present_proof/v2_0/handlers/tests/test_pres_request_handler.py" line="183" time="0.183" /><testcase classname="aries_cloudagent.protocols.present_proof.v2_0.handlers.tests.test_pres_request_handler.TestPresRequestHandler" name="test_called_auto_present_dif" file="aries_cloudagent/protocols/present_proof/v2_0/handlers/tests/test_pres_request_handler.py" line="441" time="0.164" /><testcase classname="aries_cloudagent.protocols.present_proof.v2_0.handlers.tests.test_pres_request_handler.TestPresRequestHandler" name="test_called_auto_present_indy" file="aries_cloudagent/protocols/present_proof/v2_0/handlers/tests/test_pres_request_handler.py" line="367" time="0.184" /><testcase classname="aries_cloudagent.protocols.present_proof.v2_0.handlers.tests.test_pres_request_handler.TestPresRequestHandler" name="test_called_auto_present_multi_cred_match_reft" file="aries_cloudagent/protocols/present_proof/v2_0/handlers/tests/test_pres_request_handler.py" line="786" time="0.163" /><testcase classname="aries_cloudagent.protocols.present_proof.v2_0.handlers.tests.test_pres_request_handler.TestPresRequestHandler" name="test_called_auto_present_no_preview" file="aries_cloudagent/protocols/present_proof/v2_0/handlers/tests/test_pres_request_handler.py" line="511" time="0.166" /><testcase classname="aries_cloudagent.protocols.present_proof.v2_0.handlers.tests.test_pres_request_handler.TestPresRequestHandler" name="test_called_auto_present_pred_multi_match" file="aries_cloudagent/protocols/present_proof/v2_0/handlers/tests/test_pres_request_handler.py" line="715" time="0.155" /><testcase classname="aries_cloudagent.protocols.present_proof.v2_0.handlers.tests.test_pres_request_handler.TestPresRequestHandler" name="test_called_auto_present_pred_no_match" file="aries_cloudagent/protocols/present_proof/v2_0/handlers/tests/test_pres_request_handler.py" line="579" time="0.182" /><testcase classname="aries_cloudagent.protocols.present_proof.v2_0.handlers.tests.test_pres_request_handler.TestPresRequestHandler" name="test_called_auto_present_pred_single_match" file="aries_cloudagent/protocols/present_proof/v2_0/handlers/tests/test_pres_request_handler.py" line="647" time="0.170" /><testcase classname="aries_cloudagent.protocols.present_proof.v2_0.handlers.tests.test_pres_request_handler.TestPresRequestHandler" name="test_called_auto_present_x" file="aries_cloudagent/protocols/present_proof/v2_0/handlers/tests/test_pres_request_handler.py" line="302" time="0.262" /><testcase classname="aries_cloudagent.protocols.present_proof.v2_0.handlers.tests.test_pres_request_handler.TestPresRequestHandler" name="test_called_not_found" file="aries_cloudagent/protocols/present_proof/v2_0/handlers/tests/test_pres_request_handler.py" line="242" time="0.469" /><testcase classname="aries_cloudagent.protocols.present_proof.v2_0.handlers.tests.test_pres_request_handler.TestPresRequestHandler" name="test_called_not_ready" file="aries_cloudagent/protocols/present_proof/v2_0/handlers/tests/test_pres_request_handler.py" line="900" time="0.083" /><testcase classname="aries_cloudagent.protocols.present_proof.v2_0.handlers.tests.test_pres_request_handler.TestPresRequestHandler" name="test_no_conn_no_oob" file="aries_cloudagent/protocols/present_proof/v2_0/handlers/tests/test_pres_request_handler.py" line="922" time="0.014" /><testcase classname="aries_cloudagent.protocols.present_proof.v2_0.messages.__init__" name="ruff" file="aries_cloudagent/protocols/present_proof/v2_0/messages/__init__.py" time="0.048" /><testcase classname="aries_cloudagent.protocols.present_proof.v2_0.messages.pres" name="ruff" file="aries_cloudagent/protocols/present_proof/v2_0/messages/pres.py" time="0.040" /><testcase classname="aries_cloudagent.protocols.present_proof.v2_0.messages.pres_ack" name="ruff" file="aries_cloudagent/protocols/present_proof/v2_0/messages/pres_ack.py" time="0.049" /><testcase classname="aries_cloudagent.protocols.present_proof.v2_0.messages.pres_format" name="ruff" file="aries_cloudagent/protocols/present_proof/v2_0/messages/pres_format.py" time="0.043" /><testcase classname="aries_cloudagent.protocols.present_proof.v2_0.messages.pres_problem_report" name="ruff" file="aries_cloudagent/protocols/present_proof/v2_0/messages/pres_problem_report.py" time="0.045" /><testcase classname="aries_cloudagent.protocols.present_proof.v2_0.messages.pres_proposal" name="ruff" file="aries_cloudagent/protocols/present_proof/v2_0/messages/pres_proposal.py" time="0.048" /><testcase classname="aries_cloudagent.protocols.present_proof.v2_0.messages.pres_request" name="ruff" file="aries_cloudagent/protocols/present_proof/v2_0/messages/pres_request.py" time="0.047" /><testcase classname="aries_cloudagent.protocols.present_proof.v2_0.messages.pres_webhook" name="ruff" file="aries_cloudagent/protocols/present_proof/v2_0/messages/pres_webhook.py" time="0.037" /><testcase classname="aries_cloudagent.protocols.present_proof.v2_0.messages.tests.__init__" name="ruff" file="aries_cloudagent/protocols/present_proof/v2_0/messages/tests/__init__.py" time="0.049" /><testcase classname="aries_cloudagent.protocols.present_proof.v2_0.messages.tests.test_pres" name="ruff" file="aries_cloudagent/protocols/present_proof/v2_0/messages/tests/test_pres.py" time="0.049" /><testcase classname="aries_cloudagent.protocols.present_proof.v2_0.messages.tests.test_pres.TestV20Pres" name="test_attachment_no_target_format" file="aries_cloudagent/protocols/present_proof/v2_0/messages/tests/test_pres.py" line="1832" time="0.017" /><testcase classname="aries_cloudagent.protocols.present_proof.v2_0.messages.tests.test_pres.TestV20Pres" name="test_init_type" file="aries_cloudagent/protocols/present_proof/v2_0/messages/tests/test_pres.py" line="1820" time="0.005" /><testcase classname="aries_cloudagent.protocols.present_proof.v2_0.messages.tests.test_pres.TestV20Pres" name="test_serde" file="aries_cloudagent/protocols/present_proof/v2_0/messages/tests/test_pres.py" line="1844" time="0.070" /><testcase classname="aries_cloudagent.protocols.present_proof.v2_0.messages.tests.test_pres.TestV20Pres" name="test_serde_dif" file="aries_cloudagent/protocols/present_proof/v2_0/messages/tests/test_pres.py" line="1884" time="0.012" /><testcase classname="aries_cloudagent.protocols.present_proof.v2_0.messages.tests.test_pres_ack" name="ruff" file="aries_cloudagent/protocols/present_proof/v2_0/messages/tests/test_pres_ack.py" time="0.037" /><testcase classname="aries_cloudagent.protocols.present_proof.v2_0.messages.tests.test_pres_ack.TestV20PresAck" name="test_deserialize" file="aries_cloudagent/protocols/present_proof/v2_0/messages/tests/test_pres_ack.py" line="24" time="0.005" /><testcase classname="aries_cloudagent.protocols.present_proof.v2_0.messages.tests.test_pres_ack.TestV20PresAck" name="test_init" file="aries_cloudagent/protocols/present_proof/v2_0/messages/tests/test_pres_ack.py" line="14" time="0.008" /><testcase classname="aries_cloudagent.protocols.present_proof.v2_0.messages.tests.test_pres_ack.TestV20PresAck" name="test_serialize" file="aries_cloudagent/protocols/present_proof/v2_0/messages/tests/test_pres_ack.py" line="33" time="0.003" /><testcase classname="aries_cloudagent.protocols.present_proof.v2_0.messages.tests.test_pres_ack.TestV20PresAck" name="test_type" file="aries_cloudagent/protocols/present_proof/v2_0/messages/tests/test_pres_ack.py" line="19" time="0.004" /><testcase classname="aries_cloudagent.protocols.present_proof.v2_0.messages.tests.test_pres_ack.TestV20PresAckSchema" name="test_make_model" file="aries_cloudagent/protocols/present_proof/v2_0/messages/tests/test_pres_ack.py" line="47" time="0.006" /><testcase classname="aries_cloudagent.protocols.present_proof.v2_0.messages.tests.test_pres_format" name="ruff" file="aries_cloudagent/protocols/present_proof/v2_0/messages/tests/test_pres_format.py" time="0.069" /><testcase classname="aries_cloudagent.protocols.present_proof.v2_0.messages.tests.test_pres_format.TestV20FormatFormat" name="test_get_attachment_data" file="aries_cloudagent/protocols/present_proof/v2_0/messages/tests/test_pres_format.py" line="99" time="0.008" /><testcase classname="aries_cloudagent.protocols.present_proof.v2_0.messages.tests.test_pres_format.TestV20FormatFormat" name="test_get_completeness" file="aries_cloudagent/protocols/present_proof/v2_0/messages/tests/test_pres_format.py" line="87" time="0.004" /><testcase classname="aries_cloudagent.protocols.present_proof.v2_0.messages.tests.test_pres_problem_report" name="ruff" file="aries_cloudagent/protocols/present_proof/v2_0/messages/tests/test_pres_problem_report.py" time="0.077" /><testcase classname="aries_cloudagent.protocols.present_proof.v2_0.messages.tests.test_pres_problem_report.TestV20PresProblemReport" name="test_deserialize" file="aries_cloudagent/protocols/present_proof/v2_0/messages/tests/test_pres_problem_report.py" line="28" time="0.012" /><testcase classname="aries_cloudagent.protocols.present_proof.v2_0.messages.tests.test_pres_problem_report.TestV20PresProblemReport" name="test_init_type" file="aries_cloudagent/protocols/present_proof/v2_0/messages/tests/test_pres_problem_report.py" line="17" time="0.004" /><testcase classname="aries_cloudagent.protocols.present_proof.v2_0.messages.tests.test_pres_problem_report.TestV20PresProblemReport" name="test_make_model" file="aries_cloudagent/protocols/present_proof/v2_0/messages/tests/test_pres_problem_report.py" line="66" time="0.011" /><testcase classname="aries_cloudagent.protocols.present_proof.v2_0.messages.tests.test_pres_problem_report.TestV20PresProblemReport" name="test_serialize" file="aries_cloudagent/protocols/present_proof/v2_0/messages/tests/test_pres_problem_report.py" line="47" time="0.011" /><testcase classname="aries_cloudagent.protocols.present_proof.v2_0.messages.tests.test_pres_proposal" name="ruff" file="aries_cloudagent/protocols/present_proof/v2_0/messages/tests/test_pres_proposal.py" time="0.056" /><testcase classname="aries_cloudagent.protocols.present_proof.v2_0.messages.tests.test_pres_proposal.TestV20PresProposal" name="test_attachment_no_target_format" file="aries_cloudagent/protocols/present_proof/v2_0/messages/tests/test_pres_proposal.py" line="150" time="0.005" /><testcase classname="aries_cloudagent.protocols.present_proof.v2_0.messages.tests.test_pres_proposal.TestV20PresProposal" name="test_init_type_attachment_serde" file="aries_cloudagent/protocols/present_proof/v2_0/messages/tests/test_pres_proposal.py" line="99" time="0.106" /><testcase classname="aries_cloudagent.protocols.present_proof.v2_0.messages.tests.test_pres_request" name="ruff" file="aries_cloudagent/protocols/present_proof/v2_0/messages/tests/test_pres_request.py" time="0.041" /><testcase classname="aries_cloudagent.protocols.present_proof.v2_0.messages.tests.test_pres_request.TestV20PresRequest" name="test_attachment_no_target_format" file="aries_cloudagent/protocols/present_proof/v2_0/messages/tests/test_pres_request.py" line="125" time="0.010" /><testcase classname="aries_cloudagent.protocols.present_proof.v2_0.messages.tests.test_pres_request.TestV20PresRequest" name="test_init_type" file="aries_cloudagent/protocols/present_proof/v2_0/messages/tests/test_pres_request.py" line="116" time="0.003" /><testcase classname="aries_cloudagent.protocols.present_proof.v2_0.messages.tests.test_pres_request.TestV20PresRequest" name="test_serde" file="aries_cloudagent/protocols/present_proof/v2_0/messages/tests/test_pres_request.py" line="139" time="0.096" /><testcase classname="aries_cloudagent.protocols.present_proof.v2_0.models.__init__" name="ruff" file="aries_cloudagent/protocols/present_proof/v2_0/models/__init__.py" time="0.037" /><testcase classname="aries_cloudagent.protocols.present_proof.v2_0.models.pres_exchange" name="ruff" file="aries_cloudagent/protocols/present_proof/v2_0/models/pres_exchange.py" time="0.049" /><testcase classname="aries_cloudagent.protocols.present_proof.v2_0.models.tests.__init__" name="ruff" file="aries_cloudagent/protocols/present_proof/v2_0/models/tests/__init__.py" time="0.048" /><testcase classname="aries_cloudagent.protocols.present_proof.v2_0.models.tests.test_record" name="ruff" file="aries_cloudagent/protocols/present_proof/v2_0/models/tests/test_record.py" time="0.049" /><testcase classname="aries_cloudagent.protocols.present_proof.v2_0.models.tests.test_record.TestRecord" name="test_record" file="aries_cloudagent/protocols/present_proof/v2_0/models/tests/test_record.py" line="71" time="0.023" /><testcase classname="aries_cloudagent.protocols.present_proof.v2_0.models.tests.test_record.TestRecord" name="test_save_error_state" file="aries_cloudagent/protocols/present_proof/v2_0/models/tests/test_record.py" line="120" time="0.030" /><testcase classname="aries_cloudagent.protocols.present_proof.v2_0.tests.__init__" name="ruff" file="aries_cloudagent/protocols/present_proof/v2_0/tests/__init__.py" time="0.041" /><testcase classname="aries_cloudagent.protocols.present_proof.v2_0.tests.test_manager" name="ruff" file="aries_cloudagent/protocols/present_proof/v2_0/tests/test_manager.py" time="0.064" /><testcase classname="aries_cloudagent.protocols.present_proof.v2_0.tests.test_manager.TestV20PresManager" name="test_create_bound_request_a" file="aries_cloudagent/protocols/present_proof/v2_0/tests/test_manager.py" line="560" time="0.085" /><testcase classname="aries_cloudagent.protocols.present_proof.v2_0.tests.test_manager.TestV20PresManager" name="test_create_bound_request_b" file="aries_cloudagent/protocols/present_proof/v2_0/tests/test_manager.py" line="594" time="0.053" /><testcase classname="aries_cloudagent.protocols.present_proof.v2_0.tests.test_manager.TestV20PresManager" name="test_create_bound_request_no_format" file="aries_cloudagent/protocols/present_proof/v2_0/tests/test_manager.py" line="622" time="0.044" /><testcase classname="aries_cloudagent.protocols.present_proof.v2_0.tests.test_manager.TestV20PresManager" name="test_create_exchange_for_proposal" file="aries_cloudagent/protocols/present_proof/v2_0/tests/test_manager.py" line="520" time="0.052" /><testcase classname="aries_cloudagent.protocols.present_proof.v2_0.tests.test_manager.TestV20PresManager" name="test_create_exchange_for_request" file="aries_cloudagent/protocols/present_proof/v2_0/tests/test_manager.py" line="730" time="0.056" /><testcase classname="aries_cloudagent.protocols.present_proof.v2_0.tests.test_manager.TestV20PresManager" name="test_create_pres_bad_revoc_state" file="aries_cloudagent/protocols/present_proof/v2_0/tests/test_manager.py" line="1079" time="0.124" /><testcase classname="aries_cloudagent.protocols.present_proof.v2_0.tests.test_manager.TestV20PresManager" name="test_create_pres_catch_diferror" file="aries_cloudagent/protocols/present_proof/v2_0/tests/test_manager.py" line="656" time="0.062" /><testcase classname="aries_cloudagent.protocols.present_proof.v2_0.tests.test_manager.TestV20PresManager" name="test_create_pres_indy" file="aries_cloudagent/protocols/present_proof/v2_0/tests/test_manager.py" line="771" time="0.119" /><testcase classname="aries_cloudagent.protocols.present_proof.v2_0.tests.test_manager.TestV20PresManager" name="test_create_pres_indy_and_dif" file="aries_cloudagent/protocols/present_proof/v2_0/tests/test_manager.py" line="818" time="0.123" /><testcase classname="aries_cloudagent.protocols.present_proof.v2_0.tests.test_manager.TestV20PresManager" name="test_create_pres_multi_matching_proposal_creds_names" file="aries_cloudagent/protocols/present_proof/v2_0/tests/test_manager.py" line="1152" time="0.125" /><testcase classname="aries_cloudagent.protocols.present_proof.v2_0.tests.test_manager.TestV20PresManager" name="test_create_pres_no_format" file="aries_cloudagent/protocols/present_proof/v2_0/tests/test_manager.py" line="638" time="0.044" /><testcase classname="aries_cloudagent.protocols.present_proof.v2_0.tests.test_manager.TestV20PresManager" name="test_create_pres_no_revocation" file="aries_cloudagent/protocols/present_proof/v2_0/tests/test_manager.py" line="986" time="0.118" /><testcase classname="aries_cloudagent.protocols.present_proof.v2_0.tests.test_manager.TestV20PresManager" name="test_create_pres_proof_req_non_revoc_interval_none" file="aries_cloudagent/protocols/present_proof/v2_0/tests/test_manager.py" line="879" time="0.114" /><testcase classname="aries_cloudagent.protocols.present_proof.v2_0.tests.test_manager.TestV20PresManager" name="test_create_pres_self_asserted" file="aries_cloudagent/protocols/present_proof/v2_0/tests/test_manager.py" line="937" time="0.105" /><testcase classname="aries_cloudagent.protocols.present_proof.v2_0.tests.test_manager.TestV20PresManager" name="test_no_matching_creds_for_proof_req" file="aries_cloudagent/protocols/present_proof/v2_0/tests/test_manager.py" line="1250" time="0.048" /><testcase classname="aries_cloudagent.protocols.present_proof.v2_0.tests.test_manager.TestV20PresManager" name="test_no_matching_creds_indy_handler" file="aries_cloudagent/protocols/present_proof/v2_0/tests/test_manager.py" line="1290" time="0.100" /><testcase classname="aries_cloudagent.protocols.present_proof.v2_0.tests.test_manager.TestV20PresManager" name="test_receive_pres" file="aries_cloudagent/protocols/present_proof/v2_0/tests/test_manager.py" line="1325" time="0.071" /><testcase classname="aries_cloudagent.protocols.present_proof.v2_0.tests.test_manager.TestV20PresManager" name="test_receive_pres_ack_a" file="aries_cloudagent/protocols/present_proof/v2_0/tests/test_manager.py" line="2254" time="0.064" /><testcase classname="aries_cloudagent.protocols.present_proof.v2_0.tests.test_manager.TestV20PresManager" name="test_receive_pres_ack_b" file="aries_cloudagent/protocols/present_proof/v2_0/tests/test_manager.py" line="2271" time="0.075" /><testcase classname="aries_cloudagent.protocols.present_proof.v2_0.tests.test_manager.TestV20PresManager" name="test_receive_pres_bait_and_switch_attr_name" file="aries_cloudagent/protocols/present_proof/v2_0/tests/test_manager.py" line="1629" time="0.107" /><testcase classname="aries_cloudagent.protocols.present_proof.v2_0.tests.test_manager.TestV20PresManager" name="test_receive_pres_bait_and_switch_attr_names" file="aries_cloudagent/protocols/present_proof/v2_0/tests/test_manager.py" line="1745" time="0.118" /><testcase classname="aries_cloudagent.protocols.present_proof.v2_0.tests.test_manager.TestV20PresManager" name="test_receive_pres_bait_and_switch_pred" file="aries_cloudagent/protocols/present_proof/v2_0/tests/test_manager.py" line="1860" time="0.172" /><testcase classname="aries_cloudagent.protocols.present_proof.v2_0.tests.test_manager.TestV20PresManager" name="test_receive_pres_catch_diferror" file="aries_cloudagent/protocols/present_proof/v2_0/tests/test_manager.py" line="686" time="0.068" /><testcase classname="aries_cloudagent.protocols.present_proof.v2_0.tests.test_manager.TestV20PresManager" name="test_receive_pres_indy_no_attr_restrictions" file="aries_cloudagent/protocols/present_proof/v2_0/tests/test_manager.py" line="1553" time="0.056" /><testcase classname="aries_cloudagent.protocols.present_proof.v2_0.tests.test_manager.TestV20PresManager" name="test_receive_pres_indy_no_predicate_restrictions" file="aries_cloudagent/protocols/present_proof/v2_0/tests/test_manager.py" line="1471" time="0.061" /><testcase classname="aries_cloudagent.protocols.present_proof.v2_0.tests.test_manager.TestV20PresManager" name="test_receive_pres_receive_pred_value_mismatch_punt_to_indy" file="aries_cloudagent/protocols/present_proof/v2_0/tests/test_manager.py" line="1396" time="0.077" /><testcase classname="aries_cloudagent.protocols.present_proof.v2_0.tests.test_manager.TestV20PresManager" name="test_receive_pres_request" file="aries_cloudagent/protocols/present_proof/v2_0/tests/test_manager.py" line="762" time="0.065" /><testcase classname="aries_cloudagent.protocols.present_proof.v2_0.tests.test_manager.TestV20PresManager" name="test_receive_problem_report" file="aries_cloudagent/protocols/present_proof/v2_0/tests/test_manager.py" line="2289" time="0.077" /><testcase classname="aries_cloudagent.protocols.present_proof.v2_0.tests.test_manager.TestV20PresManager" name="test_receive_problem_report_x" file="aries_cloudagent/protocols/present_proof/v2_0/tests/test_manager.py" line="2331" time="0.038" /><testcase classname="aries_cloudagent.protocols.present_proof.v2_0.tests.test_manager.TestV20PresManager" name="test_receive_proposal" file="aries_cloudagent/protocols/present_proof/v2_0/tests/test_manager.py" line="544" time="0.056" /><testcase classname="aries_cloudagent.protocols.present_proof.v2_0.tests.test_manager.TestV20PresManager" name="test_record_eq" file="aries_cloudagent/protocols/present_proof/v2_0/tests/test_manager.py" line="487" time="0.057" /><testcase classname="aries_cloudagent.protocols.present_proof.v2_0.tests.test_manager.TestV20PresManager" name="test_send_pres_ack" file="aries_cloudagent/protocols/present_proof/v2_0/tests/test_manager.py" line="2220" time="0.058" /><testcase classname="aries_cloudagent.protocols.present_proof.v2_0.tests.test_manager.TestV20PresManager" name="test_send_pres_ack_no_responder" file="aries_cloudagent/protocols/present_proof/v2_0/tests/test_manager.py" line="2248" time="0.041" /><testcase classname="aries_cloudagent.protocols.present_proof.v2_0.tests.test_manager.TestV20PresManager" name="test_verify_pres" file="aries_cloudagent/protocols/present_proof/v2_0/tests/test_manager.py" line="2093" time="0.061" /><testcase classname="aries_cloudagent.protocols.present_proof.v2_0.tests.test_manager.TestV20PresManager" name="test_verify_pres_indy_and_dif" file="aries_cloudagent/protocols/present_proof/v2_0/tests/test_manager.py" line="2137" time="0.498" /><testcase classname="aries_cloudagent.protocols.present_proof.v2_0.tests.test_routes" name="ruff" file="aries_cloudagent/protocols/present_proof/v2_0/tests/test_routes.py" time="0.053" /><testcase classname="aries_cloudagent.protocols.present_proof.v2_0.tests.test_routes.TestPresentProofRoutes" name="test_format_attach_dif" file="aries_cloudagent/protocols/present_proof/v2_0/tests/test_routes.py" line="2331" time="0.040" /><testcase classname="aries_cloudagent.protocols.present_proof.v2_0.tests.test_routes.TestPresentProofRoutes" name="test_post_process_routes" file="aries_cloudagent/protocols/present_proof/v2_0/tests/test_routes.py" line="2326" time="0.026" /><testcase classname="aries_cloudagent.protocols.present_proof.v2_0.tests.test_routes.TestPresentProofRoutes" name="test_present_proof_create_request" file="aries_cloudagent/protocols/present_proof/v2_0/tests/test_routes.py" line="1293" time="0.180" /><testcase classname="aries_cloudagent.protocols.present_proof.v2_0.tests.test_routes.TestPresentProofRoutes" name="test_present_proof_create_request_x" file="aries_cloudagent/protocols/present_proof/v2_0/tests/test_routes.py" line="1326" time="0.157" /><testcase classname="aries_cloudagent.protocols.present_proof.v2_0.tests.test_routes.TestPresentProofRoutes" name="test_present_proof_credentials_dif_no_tag_query" file="aries_cloudagent/protocols/present_proof/v2_0/tests/test_routes.py" line="537" time="0.139" /><testcase classname="aries_cloudagent.protocols.present_proof.v2_0.tests.test_routes.TestPresentProofRoutes" name="test_present_proof_credentials_double_ldp_vp_claim_format" file="aries_cloudagent/protocols/present_proof/v2_0/tests/test_routes.py" line="693" time="0.133" /><testcase classname="aries_cloudagent.protocols.present_proof.v2_0.tests.test_routes.TestPresentProofRoutes" name="test_present_proof_credentials_double_ldp_vp_error" file="aries_cloudagent/protocols/present_proof/v2_0/tests/test_routes.py" line="834" time="0.110" /><testcase classname="aries_cloudagent.protocols.present_proof.v2_0.tests.test_routes.TestPresentProofRoutes" name="test_present_proof_credentials_list_dif" file="aries_cloudagent/protocols/present_proof/v2_0/tests/test_routes.py" line="383" time="0.115" /><testcase classname="aries_cloudagent.protocols.present_proof.v2_0.tests.test_routes.TestPresentProofRoutes" name="test_present_proof_credentials_list_dif_error" file="aries_cloudagent/protocols/present_proof/v2_0/tests/test_routes.py" line="1096" time="0.149" /><testcase classname="aries_cloudagent.protocols.present_proof.v2_0.tests.test_routes.TestPresentProofRoutes" name="test_present_proof_credentials_list_dif_one_of_filter" file="aries_cloudagent/protocols/present_proof/v2_0/tests/test_routes.py" line="455" time="0.141" /><testcase classname="aries_cloudagent.protocols.present_proof.v2_0.tests.test_routes.TestPresentProofRoutes" name="test_present_proof_credentials_list_limit_disclosure_no_bbs" file="aries_cloudagent/protocols/present_proof/v2_0/tests/test_routes.py" line="897" time="0.145" /><testcase classname="aries_cloudagent.protocols.present_proof.v2_0.tests.test_routes.TestPresentProofRoutes" name="test_present_proof_credentials_list_multiple_referents" file="aries_cloudagent/protocols/present_proof/v2_0/tests/test_routes.py" line="354" time="0.131" /><testcase classname="aries_cloudagent.protocols.present_proof.v2_0.tests.test_routes.TestPresentProofRoutes" name="test_present_proof_credentials_list_not_found" file="aries_cloudagent/protocols/present_proof/v2_0/tests/test_routes.py" line="284" time="0.120" /><testcase classname="aries_cloudagent.protocols.present_proof.v2_0.tests.test_routes.TestPresentProofRoutes" name="test_present_proof_credentials_list_schema_uri" file="aries_cloudagent/protocols/present_proof/v2_0/tests/test_routes.py" line="1020" time="0.135" /><testcase classname="aries_cloudagent.protocols.present_proof.v2_0.tests.test_routes.TestPresentProofRoutes" name="test_present_proof_credentials_list_single_referent" file="aries_cloudagent/protocols/present_proof/v2_0/tests/test_routes.py" line="325" time="0.127" /><testcase classname="aries_cloudagent.protocols.present_proof.v2_0.tests.test_routes.TestPresentProofRoutes" name="test_present_proof_credentials_no_ldp_vp" file="aries_cloudagent/protocols/present_proof/v2_0/tests/test_routes.py" line="957" time="0.136" /><testcase classname="aries_cloudagent.protocols.present_proof.v2_0.tests.test_routes.TestPresentProofRoutes" name="test_present_proof_credentials_single_ldp_vp_claim_format" file="aries_cloudagent/protocols/present_proof/v2_0/tests/test_routes.py" line="615" time="0.135" /><testcase classname="aries_cloudagent.protocols.present_proof.v2_0.tests.test_routes.TestPresentProofRoutes" name="test_present_proof_credentials_single_ldp_vp_error" file="aries_cloudagent/protocols/present_proof/v2_0/tests/test_routes.py" line="771" time="0.134" /><testcase classname="aries_cloudagent.protocols.present_proof.v2_0.tests.test_routes.TestPresentProofRoutes" name="test_present_proof_credentials_x" file="aries_cloudagent/protocols/present_proof/v2_0/tests/test_routes.py" line="298" time="0.119" /><testcase classname="aries_cloudagent.protocols.present_proof.v2_0.tests.test_routes.TestPresentProofRoutes" name="test_present_proof_list" file="aries_cloudagent/protocols/present_proof/v2_0/tests/test_routes.py" line="241" time="0.392" /><testcase classname="aries_cloudagent.protocols.present_proof.v2_0.tests.test_routes.TestPresentProofRoutes" name="test_present_proof_list_x" file="aries_cloudagent/protocols/present_proof/v2_0/tests/test_routes.py" line="266" time="0.111" /><testcase classname="aries_cloudagent.protocols.present_proof.v2_0.tests.test_routes.TestPresentProofRoutes" name="test_present_proof_problem_report" file="aries_cloudagent/protocols/present_proof/v2_0/tests/test_routes.py" line="2206" time="0.174" /><testcase classname="aries_cloudagent.protocols.present_proof.v2_0.tests.test_routes.TestPresentProofRoutes" name="test_present_proof_problem_report_bad_pres_ex_id" file="aries_cloudagent/protocols/present_proof/v2_0/tests/test_routes.py" line="2232" time="0.129" /><testcase classname="aries_cloudagent.protocols.present_proof.v2_0.tests.test_routes.TestPresentProofRoutes" name="test_present_proof_problem_report_x" file="aries_cloudagent/protocols/present_proof/v2_0/tests/test_routes.py" line="2248" time="0.175" /><testcase classname="aries_cloudagent.protocols.present_proof.v2_0.tests.test_routes.TestPresentProofRoutes" name="test_present_proof_remove" file="aries_cloudagent/protocols/present_proof/v2_0/tests/test_routes.py" line="2268" time="0.108" /><testcase classname="aries_cloudagent.protocols.present_proof.v2_0.tests.test_routes.TestPresentProofRoutes" name="test_present_proof_remove_px_rec_not_found" file="aries_cloudagent/protocols/present_proof/v2_0/tests/test_routes.py" line="2287" time="0.125" /><testcase classname="aries_cloudagent.protocols.present_proof.v2_0.tests.test_routes.TestPresentProofRoutes" name="test_present_proof_remove_x" file="aries_cloudagent/protocols/present_proof/v2_0/tests/test_routes.py" line="2300" time="0.123" /><testcase classname="aries_cloudagent.protocols.present_proof.v2_0.tests.test_routes.TestPresentProofRoutes" name="test_present_proof_retrieve" file="aries_cloudagent/protocols/present_proof/v2_0/tests/test_routes.py" line="1160" time="0.115" /><testcase classname="aries_cloudagent.protocols.present_proof.v2_0.tests.test_routes.TestPresentProofRoutes" name="test_present_proof_retrieve_not_found" file="aries_cloudagent/protocols/present_proof/v2_0/tests/test_routes.py" line="1179" time="0.110" /><testcase classname="aries_cloudagent.protocols.present_proof.v2_0.tests.test_routes.TestPresentProofRoutes" name="test_present_proof_retrieve_x" file="aries_cloudagent/protocols/present_proof/v2_0/tests/test_routes.py" line="1192" time="0.100" /><testcase classname="aries_cloudagent.protocols.present_proof.v2_0.tests.test_routes.TestPresentProofRoutes" name="test_present_proof_send_bound_request" file="aries_cloudagent/protocols/present_proof/v2_0/tests/test_routes.py" line="1463" time="0.307" /><testcase classname="aries_cloudagent.protocols.present_proof.v2_0.tests.test_routes.TestPresentProofRoutes" name="test_present_proof_send_bound_request_bad_state" file="aries_cloudagent/protocols/present_proof/v2_0/tests/test_routes.py" line="1617" time="0.123" /><testcase classname="aries_cloudagent.protocols.present_proof.v2_0.tests.test_routes.TestPresentProofRoutes" name="test_present_proof_send_bound_request_not_found" file="aries_cloudagent/protocols/present_proof/v2_0/tests/test_routes.py" line="1520" time="0.233" /><testcase classname="aries_cloudagent.protocols.present_proof.v2_0.tests.test_routes.TestPresentProofRoutes" name="test_present_proof_send_bound_request_not_ready" file="aries_cloudagent/protocols/present_proof/v2_0/tests/test_routes.py" line="1560" time="0.269" /><testcase classname="aries_cloudagent.protocols.present_proof.v2_0.tests.test_routes.TestPresentProofRoutes" name="test_present_proof_send_bound_request_px_rec_not_found" file="aries_cloudagent/protocols/present_proof/v2_0/tests/test_routes.py" line="1603" time="0.107" /><testcase classname="aries_cloudagent.protocols.present_proof.v2_0.tests.test_routes.TestPresentProofRoutes" name="test_present_proof_send_bound_request_x" file="aries_cloudagent/protocols/present_proof/v2_0/tests/test_routes.py" line="1652" time="0.330" /><testcase classname="aries_cloudagent.protocols.present_proof.v2_0.tests.test_routes.TestPresentProofRoutes" name="test_present_proof_send_free_request" file="aries_cloudagent/protocols/present_proof/v2_0/tests/test_routes.py" line="1357" time="0.582" /><testcase classname="aries_cloudagent.protocols.present_proof.v2_0.tests.test_routes.TestPresentProofRoutes" name="test_present_proof_send_free_request_not_found" file="aries_cloudagent/protocols/present_proof/v2_0/tests/test_routes.py" line="1394" time="0.033" /><testcase classname="aries_cloudagent.protocols.present_proof.v2_0.tests.test_routes.TestPresentProofRoutes" name="test_present_proof_send_free_request_not_ready" file="aries_cloudagent/protocols/present_proof/v2_0/tests/test_routes.py" line="1407" time="0.041" /><testcase classname="aries_cloudagent.protocols.present_proof.v2_0.tests.test_routes.TestPresentProofRoutes" name="test_present_proof_send_free_request_x" file="aries_cloudagent/protocols/present_proof/v2_0/tests/test_routes.py" line="1423" time="0.344" /><testcase classname="aries_cloudagent.protocols.present_proof.v2_0.tests.test_routes.TestPresentProofRoutes" name="test_present_proof_send_presentation" file="aries_cloudagent/protocols/present_proof/v2_0/tests/test_routes.py" line="1705" time="0.283" /><testcase classname="aries_cloudagent.protocols.present_proof.v2_0.tests.test_routes.TestPresentProofRoutes" name="test_present_proof_send_presentation_bad_state" file="aries_cloudagent/protocols/present_proof/v2_0/tests/test_routes.py" line="2000" time="0.169" /><testcase classname="aries_cloudagent.protocols.present_proof.v2_0.tests.test_routes.TestPresentProofRoutes" name="test_present_proof_send_presentation_dif" file="aries_cloudagent/protocols/present_proof/v2_0/tests/test_routes.py" line="1763" time="0.330" /><testcase classname="aries_cloudagent.protocols.present_proof.v2_0.tests.test_routes.TestPresentProofRoutes" name="test_present_proof_send_presentation_dif_error" file="aries_cloudagent/protocols/present_proof/v2_0/tests/test_routes.py" line="1818" time="0.301" /><testcase classname="aries_cloudagent.protocols.present_proof.v2_0.tests.test_routes.TestPresentProofRoutes" name="test_present_proof_send_presentation_not_found" file="aries_cloudagent/protocols/present_proof/v2_0/tests/test_routes.py" line="1910" time="0.247" /><testcase classname="aries_cloudagent.protocols.present_proof.v2_0.tests.test_routes.TestPresentProofRoutes" name="test_present_proof_send_presentation_not_ready" file="aries_cloudagent/protocols/present_proof/v2_0/tests/test_routes.py" line="1955" time="0.260" /><testcase classname="aries_cloudagent.protocols.present_proof.v2_0.tests.test_routes.TestPresentProofRoutes" name="test_present_proof_send_presentation_px_rec_not_found" file="aries_cloudagent/protocols/present_proof/v2_0/tests/test_routes.py" line="1884" time="0.154" /><testcase classname="aries_cloudagent.protocols.present_proof.v2_0.tests.test_routes.TestPresentProofRoutes" name="test_present_proof_send_presentation_x" file="aries_cloudagent/protocols/present_proof/v2_0/tests/test_routes.py" line="2032" time="0.557" /><testcase classname="aries_cloudagent.protocols.present_proof.v2_0.tests.test_routes.TestPresentProofRoutes" name="test_present_proof_send_proposal" file="aries_cloudagent/protocols/present_proof/v2_0/tests/test_routes.py" line="1211" time="0.305" /><testcase classname="aries_cloudagent.protocols.present_proof.v2_0.tests.test_routes.TestPresentProofRoutes" name="test_present_proof_send_proposal_no_conn_record" file="aries_cloudagent/protocols/present_proof/v2_0/tests/test_routes.py" line="1243" time="0.178" /><testcase classname="aries_cloudagent.protocols.present_proof.v2_0.tests.test_routes.TestPresentProofRoutes" name="test_present_proof_send_proposal_not_ready" file="aries_cloudagent/protocols/present_proof/v2_0/tests/test_routes.py" line="1256" time="0.232" /><testcase classname="aries_cloudagent.protocols.present_proof.v2_0.tests.test_routes.TestPresentProofRoutes" name="test_present_proof_send_proposal_x" file="aries_cloudagent/protocols/present_proof/v2_0/tests/test_routes.py" line="1271" time="0.230" /><testcase classname="aries_cloudagent.protocols.present_proof.v2_0.tests.test_routes.TestPresentProofRoutes" name="test_present_proof_verify_presentation" file="aries_cloudagent/protocols/present_proof/v2_0/tests/test_routes.py" line="2094" time="0.297" /><testcase classname="aries_cloudagent.protocols.present_proof.v2_0.tests.test_routes.TestPresentProofRoutes" name="test_present_proof_verify_presentation_bad_state" file="aries_cloudagent/protocols/present_proof/v2_0/tests/test_routes.py" line="2143" time="0.116" /><testcase classname="aries_cloudagent.protocols.present_proof.v2_0.tests.test_routes.TestPresentProofRoutes" name="test_present_proof_verify_presentation_px_rec_not_found" file="aries_cloudagent/protocols/present_proof/v2_0/tests/test_routes.py" line="2129" time="0.102" /><testcase classname="aries_cloudagent.protocols.present_proof.v2_0.tests.test_routes.TestPresentProofRoutes" name="test_present_proof_verify_presentation_x" file="aries_cloudagent/protocols/present_proof/v2_0/tests/test_routes.py" line="2163" time="0.303" /><testcase classname="aries_cloudagent.protocols.present_proof.v2_0.tests.test_routes.TestPresentProofRoutes" name="test_process_vcrecords_return_list" file="aries_cloudagent/protocols/present_proof/v2_0/tests/test_routes.py" line="2344" time="0.024" /><testcase classname="aries_cloudagent.protocols.present_proof.v2_0.tests.test_routes.TestPresentProofRoutes" name="test_register" file="aries_cloudagent/protocols/present_proof/v2_0/tests/test_routes.py" line="2319" time="0.029" /><testcase classname="aries_cloudagent.protocols.present_proof.v2_0.tests.test_routes.TestPresentProofRoutes" name="test_retrieve_uri_list_from_schema_filter" file="aries_cloudagent/protocols/present_proof/v2_0/tests/test_routes.py" line="2398" time="0.030" /><testcase classname="aries_cloudagent.protocols.present_proof.v2_0.tests.test_routes.TestPresentProofRoutes" name="test_send_presentation_no_specification" file="aries_cloudagent/protocols/present_proof/v2_0/tests/test_routes.py" line="2410" time="0.036" /><testcase classname="aries_cloudagent.protocols.present_proof.v2_0.tests.test_routes.TestPresentProofRoutes" name="test_v20presentationsendreqschema" file="aries_cloudagent/protocols/present_proof/v2_0/tests/test_routes.py" line="2418" time="0.037" /><testcase classname="aries_cloudagent.protocols.present_proof.v2_0.tests.test_routes.TestPresentProofRoutes" name="test_validate" file="aries_cloudagent/protocols/present_proof/v2_0/tests/test_routes.py" line="185" time="0.040" /><testcase classname="aries_cloudagent.protocols.present_proof.v2_0.tests.test_routes.TestPresentProofRoutes" name="test_validate_proof_req_attr_spec" file="aries_cloudagent/protocols/present_proof/v2_0/tests/test_routes.py" line="218" time="0.037" /><testcase classname="aries_cloudagent.protocols.problem_report.__init__" name="ruff" file="aries_cloudagent/protocols/problem_report/__init__.py" time="0.048" /><testcase classname="aries_cloudagent.protocols.problem_report.definition" name="ruff" file="aries_cloudagent/protocols/problem_report/definition.py" time="0.047" /><testcase classname="aries_cloudagent.protocols.problem_report.v1_0.__init__" name="ruff" file="aries_cloudagent/protocols/problem_report/v1_0/__init__.py" time="0.039" /><testcase classname="aries_cloudagent.protocols.problem_report.v1_0.handler" name="ruff" file="aries_cloudagent/protocols/problem_report/v1_0/handler.py" time="0.048" /><testcase classname="aries_cloudagent.protocols.problem_report.v1_0.message" name="ruff" file="aries_cloudagent/protocols/problem_report/v1_0/message.py" time="0.043" /><testcase classname="aries_cloudagent.protocols.problem_report.v1_0.message_types" name="ruff" file="aries_cloudagent/protocols/problem_report/v1_0/message_types.py" time="0.044" /><testcase classname="aries_cloudagent.protocols.problem_report.v1_0.tests.__init__" name="ruff" file="aries_cloudagent/protocols/problem_report/v1_0/tests/__init__.py" time="0.040" /><testcase classname="aries_cloudagent.protocols.problem_report.v1_0.tests.test_handler" name="ruff" file="aries_cloudagent/protocols/problem_report/v1_0/tests/test_handler.py" time="0.035" /><testcase classname="aries_cloudagent.protocols.problem_report.v1_0.tests.test_handler.TestPingHandler" name="test_problem_report" file="aries_cloudagent/protocols/problem_report/v1_0/tests/test_handler.py" line="17" time="0.015" /><testcase classname="aries_cloudagent.protocols.problem_report.v1_0.tests.test_message" name="ruff" file="aries_cloudagent/protocols/problem_report/v1_0/tests/test_message.py" time="0.057" /><testcase classname="aries_cloudagent.protocols.problem_report.v1_0.tests.test_message.TestProblemReport" name="test_deserialize" file="aries_cloudagent/protocols/problem_report/v1_0/tests/test_message.py" line="27" time="0.012" /><testcase classname="aries_cloudagent.protocols.problem_report.v1_0.tests.test_message.TestProblemReport" name="test_init_type" file="aries_cloudagent/protocols/problem_report/v1_0/tests/test_message.py" line="16" time="0.002" /><testcase classname="aries_cloudagent.protocols.problem_report.v1_0.tests.test_message.TestProblemReport" name="test_make_model" file="aries_cloudagent/protocols/problem_report/v1_0/tests/test_message.py" line="63" time="0.008" /><testcase classname="aries_cloudagent.protocols.problem_report.v1_0.tests.test_message.TestProblemReport" name="test_serialize" file="aries_cloudagent/protocols/problem_report/v1_0/tests/test_message.py" line="45" time="0.016" /><testcase classname="aries_cloudagent.protocols.revocation_notification.__init__" name="ruff" file="aries_cloudagent/protocols/revocation_notification/__init__.py" time="0.047" /><testcase classname="aries_cloudagent.protocols.revocation_notification.definition" name="ruff" file="aries_cloudagent/protocols/revocation_notification/definition.py" time="0.046" /><testcase classname="aries_cloudagent.protocols.revocation_notification.v1_0.__init__" name="ruff" file="aries_cloudagent/protocols/revocation_notification/v1_0/__init__.py" time="0.048" /><testcase classname="aries_cloudagent.protocols.revocation_notification.v1_0.message_types" name="ruff" file="aries_cloudagent/protocols/revocation_notification/v1_0/message_types.py" time="0.045" /><testcase classname="aries_cloudagent.protocols.revocation_notification.v1_0.routes" name="ruff" file="aries_cloudagent/protocols/revocation_notification/v1_0/routes.py" time="0.040" /><testcase classname="aries_cloudagent.protocols.revocation_notification.v1_0.handlers.__init__" name="ruff" file="aries_cloudagent/protocols/revocation_notification/v1_0/handlers/__init__.py" time="0.043" /><testcase classname="aries_cloudagent.protocols.revocation_notification.v1_0.handlers.revoke_handler" name="ruff" file="aries_cloudagent/protocols/revocation_notification/v1_0/handlers/revoke_handler.py" time="0.042" /><testcase classname="aries_cloudagent.protocols.revocation_notification.v1_0.handlers.tests.__init__" name="ruff" file="aries_cloudagent/protocols/revocation_notification/v1_0/handlers/tests/__init__.py" time="0.049" /><testcase classname="aries_cloudagent.protocols.revocation_notification.v1_0.handlers.tests.test_revoke_handler" name="ruff" file="aries_cloudagent/protocols/revocation_notification/v1_0/handlers/tests/test_revoke_handler.py" time="0.042" /><testcase classname="aries_cloudagent.protocols.revocation_notification.v1_0.handlers.tests.test_revoke_handler" name="test_handle" file="aries_cloudagent/protocols/revocation_notification/v1_0/handlers/tests/test_revoke_handler.py" line="40" time="0.007" /><testcase classname="aries_cloudagent.protocols.revocation_notification.v1_0.handlers.tests.test_revoke_handler" name="test_handle_monitor" file="aries_cloudagent/protocols/revocation_notification/v1_0/handlers/tests/test_revoke_handler.py" line="52" time="0.005" /><testcase classname="aries_cloudagent.protocols.revocation_notification.v1_0.messages.__init__" name="ruff" file="aries_cloudagent/protocols/revocation_notification/v1_0/messages/__init__.py" time="0.045" /><testcase classname="aries_cloudagent.protocols.revocation_notification.v1_0.messages.revoke" name="ruff" file="aries_cloudagent/protocols/revocation_notification/v1_0/messages/revoke.py" time="0.051" /><testcase classname="aries_cloudagent.protocols.revocation_notification.v1_0.messages.tests.__init__" name="ruff" file="aries_cloudagent/protocols/revocation_notification/v1_0/messages/tests/__init__.py" time="0.048" /><testcase classname="aries_cloudagent.protocols.revocation_notification.v1_0.messages.tests.test_revoke" name="ruff" file="aries_cloudagent/protocols/revocation_notification/v1_0/messages/tests/test_revoke.py" time="0.045" /><testcase classname="aries_cloudagent.protocols.revocation_notification.v1_0.messages.tests.test_revoke" name="test_instantiate" file="aries_cloudagent/protocols/revocation_notification/v1_0/messages/tests/test_revoke.py" line="5" time="0.002" /><testcase classname="aries_cloudagent.protocols.revocation_notification.v1_0.models.__init__" name="ruff" file="aries_cloudagent/protocols/revocation_notification/v1_0/models/__init__.py" time="0.040" /><testcase classname="aries_cloudagent.protocols.revocation_notification.v1_0.models.rev_notification_record" name="ruff" file="aries_cloudagent/protocols/revocation_notification/v1_0/models/rev_notification_record.py" time="0.053" /><testcase classname="aries_cloudagent.protocols.revocation_notification.v1_0.models.tests.__init__" name="ruff" file="aries_cloudagent/protocols/revocation_notification/v1_0/models/tests/__init__.py" time="0.047" /><testcase classname="aries_cloudagent.protocols.revocation_notification.v1_0.models.tests.test_rev_notification_record" name="ruff" file="aries_cloudagent/protocols/revocation_notification/v1_0/models/tests/test_rev_notification_record.py" time="0.040" /><testcase classname="aries_cloudagent.protocols.revocation_notification.v1_0.models.tests.test_rev_notification_record" name="test_storage" file="aries_cloudagent/protocols/revocation_notification/v1_0/models/tests/test_rev_notification_record.py" line="27" time="0.013" /><testcase classname="aries_cloudagent.protocols.revocation_notification.v1_0.models.tests.test_rev_notification_record" name="test_to_message" file="aries_cloudagent/protocols/revocation_notification/v1_0/models/tests/test_rev_notification_record.py" line="61" time="0.003" /><testcase classname="aries_cloudagent.protocols.revocation_notification.v1_0.tests.__init__" name="ruff" file="aries_cloudagent/protocols/revocation_notification/v1_0/tests/__init__.py" time="0.043" /><testcase classname="aries_cloudagent.protocols.revocation_notification.v1_0.tests.test_routes" name="ruff" file="aries_cloudagent/protocols/revocation_notification/v1_0/tests/test_routes.py" time="0.078" /><testcase classname="aries_cloudagent.protocols.revocation_notification.v1_0.tests.test_routes" name="test_register_events" file="aries_cloudagent/protocols/revocation_notification/v1_0/tests/test_routes.py" line="28" time="0.003" /><testcase classname="aries_cloudagent.protocols.revocation_notification.v1_0.tests.test_routes" name="test_on_revocation_published" file="aries_cloudagent/protocols/revocation_notification/v1_0/tests/test_routes.py" line="38" time="0.029" /><testcase classname="aries_cloudagent.protocols.revocation_notification.v1_0.tests.test_routes" name="test_on_revocation_published_x_not_found" file="aries_cloudagent/protocols/revocation_notification/v1_0/tests/test_routes.py" line="61" time="0.008" /><testcase classname="aries_cloudagent.protocols.revocation_notification.v1_0.tests.test_routes" name="test_on_revocation_published_x_storage_error" file="aries_cloudagent/protocols/revocation_notification/v1_0/tests/test_routes.py" line="79" time="0.010" /><testcase classname="aries_cloudagent.protocols.revocation_notification.v1_0.tests.test_routes" name="test_on_pending_cleared" file="aries_cloudagent/protocols/revocation_notification/v1_0/tests/test_routes.py" line="97" time="0.012" /><testcase classname="aries_cloudagent.protocols.revocation_notification.v2_0.__init__" name="ruff" file="aries_cloudagent/protocols/revocation_notification/v2_0/__init__.py" time="0.038" /><testcase classname="aries_cloudagent.protocols.revocation_notification.v2_0.message_types" name="ruff" file="aries_cloudagent/protocols/revocation_notification/v2_0/message_types.py" time="0.044" /><testcase classname="aries_cloudagent.protocols.revocation_notification.v2_0.routes" name="ruff" file="aries_cloudagent/protocols/revocation_notification/v2_0/routes.py" time="0.045" /><testcase classname="aries_cloudagent.protocols.revocation_notification.v2_0.handlers.__init__" name="ruff" file="aries_cloudagent/protocols/revocation_notification/v2_0/handlers/__init__.py" time="0.040" /><testcase classname="aries_cloudagent.protocols.revocation_notification.v2_0.handlers.revoke_handler" name="ruff" file="aries_cloudagent/protocols/revocation_notification/v2_0/handlers/revoke_handler.py" time="0.042" /><testcase classname="aries_cloudagent.protocols.revocation_notification.v2_0.handlers.tests.__init__" name="ruff" file="aries_cloudagent/protocols/revocation_notification/v2_0/handlers/tests/__init__.py" time="0.037" /><testcase classname="aries_cloudagent.protocols.revocation_notification.v2_0.handlers.tests.test_revoke_handler" name="ruff" file="aries_cloudagent/protocols/revocation_notification/v2_0/handlers/tests/test_revoke_handler.py" time="0.048" /><testcase classname="aries_cloudagent.protocols.revocation_notification.v2_0.handlers.tests.test_revoke_handler" name="test_handle" file="aries_cloudagent/protocols/revocation_notification/v2_0/handlers/tests/test_revoke_handler.py" line="44" time="0.010" /><testcase classname="aries_cloudagent.protocols.revocation_notification.v2_0.handlers.tests.test_revoke_handler" name="test_handle_monitor" file="aries_cloudagent/protocols/revocation_notification/v2_0/handlers/tests/test_revoke_handler.py" line="57" time="0.006" /><testcase classname="aries_cloudagent.protocols.revocation_notification.v2_0.messages.__init__" name="ruff" file="aries_cloudagent/protocols/revocation_notification/v2_0/messages/__init__.py" time="0.038" /><testcase classname="aries_cloudagent.protocols.revocation_notification.v2_0.messages.revoke" name="ruff" file="aries_cloudagent/protocols/revocation_notification/v2_0/messages/revoke.py" time="0.044" /><testcase classname="aries_cloudagent.protocols.revocation_notification.v2_0.messages.tests.__init__" name="ruff" file="aries_cloudagent/protocols/revocation_notification/v2_0/messages/tests/__init__.py" time="0.043" /><testcase classname="aries_cloudagent.protocols.revocation_notification.v2_0.messages.tests.test_revoke" name="ruff" file="aries_cloudagent/protocols/revocation_notification/v2_0/messages/tests/test_revoke.py" time="0.057" /><testcase classname="aries_cloudagent.protocols.revocation_notification.v2_0.messages.tests.test_revoke" name="test_instantiate" file="aries_cloudagent/protocols/revocation_notification/v2_0/messages/tests/test_revoke.py" line="5" time="0.003" /><testcase classname="aries_cloudagent.protocols.revocation_notification.v2_0.models.__init__" name="ruff" file="aries_cloudagent/protocols/revocation_notification/v2_0/models/__init__.py" time="0.056" /><testcase classname="aries_cloudagent.protocols.revocation_notification.v2_0.models.rev_notification_record" name="ruff" file="aries_cloudagent/protocols/revocation_notification/v2_0/models/rev_notification_record.py" time="0.060" /><testcase classname="aries_cloudagent.protocols.revocation_notification.v2_0.models.tests.__init__" name="ruff" file="aries_cloudagent/protocols/revocation_notification/v2_0/models/tests/__init__.py" time="0.035" /><testcase classname="aries_cloudagent.protocols.revocation_notification.v2_0.models.tests.test_rev_notification_record" name="ruff" file="aries_cloudagent/protocols/revocation_notification/v2_0/models/tests/test_rev_notification_record.py" time="0.047" /><testcase classname="aries_cloudagent.protocols.revocation_notification.v2_0.models.tests.test_rev_notification_record" name="test_storage" file="aries_cloudagent/protocols/revocation_notification/v2_0/models/tests/test_rev_notification_record.py" line="27" time="0.020" /><testcase classname="aries_cloudagent.protocols.revocation_notification.v2_0.models.tests.test_rev_notification_record" name="test_to_message" file="aries_cloudagent/protocols/revocation_notification/v2_0/models/tests/test_rev_notification_record.py" line="61" time="0.004" /><testcase classname="aries_cloudagent.protocols.revocation_notification.v2_0.tests.__init__" name="ruff" file="aries_cloudagent/protocols/revocation_notification/v2_0/tests/__init__.py" time="0.045" /><testcase classname="aries_cloudagent.protocols.revocation_notification.v2_0.tests.test_routes" name="ruff" file="aries_cloudagent/protocols/revocation_notification/v2_0/tests/test_routes.py" time="0.051" /><testcase classname="aries_cloudagent.protocols.revocation_notification.v2_0.tests.test_routes" name="test_register_events" file="aries_cloudagent/protocols/revocation_notification/v2_0/tests/test_routes.py" line="28" time="0.002" /><testcase classname="aries_cloudagent.protocols.revocation_notification.v2_0.tests.test_routes" name="test_on_revocation_published" file="aries_cloudagent/protocols/revocation_notification/v2_0/tests/test_routes.py" line="38" time="0.022" /><testcase classname="aries_cloudagent.protocols.revocation_notification.v2_0.tests.test_routes" name="test_on_revocation_published_no_notify" file="aries_cloudagent/protocols/revocation_notification/v2_0/tests/test_routes.py" line="62" time="0.021" /><testcase classname="aries_cloudagent.protocols.revocation_notification.v2_0.tests.test_routes" name="test_on_revocation_published_x_not_found" file="aries_cloudagent/protocols/revocation_notification/v2_0/tests/test_routes.py" line="88" time="0.008" /><testcase classname="aries_cloudagent.protocols.revocation_notification.v2_0.tests.test_routes" name="test_on_revocation_published_x_storage_error" file="aries_cloudagent/protocols/revocation_notification/v2_0/tests/test_routes.py" line="106" time="0.013" /><testcase classname="aries_cloudagent.protocols.revocation_notification.v2_0.tests.test_routes" name="test_on_pending_cleared" file="aries_cloudagent/protocols/revocation_notification/v2_0/tests/test_routes.py" line="124" time="0.017" /><testcase classname="aries_cloudagent.protocols.routing.__init__" name="ruff" file="aries_cloudagent/protocols/routing/__init__.py" time="0.034" /><testcase classname="aries_cloudagent.protocols.routing.definition" name="ruff" file="aries_cloudagent/protocols/routing/definition.py" time="0.043" /><testcase classname="aries_cloudagent.protocols.routing.v1_0.__init__" name="ruff" file="aries_cloudagent/protocols/routing/v1_0/__init__.py" time="0.040" /><testcase classname="aries_cloudagent.protocols.routing.v1_0.manager" name="ruff" file="aries_cloudagent/protocols/routing/v1_0/manager.py" time="0.055" /><testcase classname="aries_cloudagent.protocols.routing.v1_0.message_types" name="ruff" file="aries_cloudagent/protocols/routing/v1_0/message_types.py" time="0.051" /><testcase classname="aries_cloudagent.protocols.routing.v1_0.handlers.__init__" name="ruff" file="aries_cloudagent/protocols/routing/v1_0/handlers/__init__.py" time="0.047" /><testcase classname="aries_cloudagent.protocols.routing.v1_0.handlers.forward_handler" name="ruff" file="aries_cloudagent/protocols/routing/v1_0/handlers/forward_handler.py" time="0.051" /><testcase classname="aries_cloudagent.protocols.routing.v1_0.handlers.tests.__init__" name="ruff" file="aries_cloudagent/protocols/routing/v1_0/handlers/tests/__init__.py" time="0.041" /><testcase classname="aries_cloudagent.protocols.routing.v1_0.handlers.tests.test_forward_handler" name="ruff" file="aries_cloudagent/protocols/routing/v1_0/handlers/tests/test_forward_handler.py" time="0.044" /><testcase classname="aries_cloudagent.protocols.routing.v1_0.handlers.tests.test_forward_handler.TestForwardHandler" name="test_handle" file="aries_cloudagent/protocols/routing/v1_0/handlers/tests/test_forward_handler.py" line="26" time="0.185" /><testcase classname="aries_cloudagent.protocols.routing.v1_0.handlers.tests.test_forward_handler.TestForwardHandler" name="test_handle_cannot_resolve_recipient" file="aries_cloudagent/protocols/routing/v1_0/handlers/tests/test_forward_handler.py" line="74" time="0.039" /><testcase classname="aries_cloudagent.protocols.routing.v1_0.handlers.tests.test_forward_handler.TestForwardHandler" name="test_handle_receipt_no_recipient_verkey" file="aries_cloudagent/protocols/routing/v1_0/handlers/tests/test_forward_handler.py" line="68" time="0.011" /><testcase classname="aries_cloudagent.protocols.routing.v1_0.messages.__init__" name="ruff" file="aries_cloudagent/protocols/routing/v1_0/messages/__init__.py" time="0.053" /><testcase classname="aries_cloudagent.protocols.routing.v1_0.messages.forward" name="ruff" file="aries_cloudagent/protocols/routing/v1_0/messages/forward.py" time="0.054" /><testcase classname="aries_cloudagent.protocols.routing.v1_0.messages.tests.__init__" name="ruff" file="aries_cloudagent/protocols/routing/v1_0/messages/tests/__init__.py" time="0.043" /><testcase classname="aries_cloudagent.protocols.routing.v1_0.messages.tests.test_forward" name="ruff" file="aries_cloudagent/protocols/routing/v1_0/messages/tests/test_forward.py" time="0.053" /><testcase classname="aries_cloudagent.protocols.routing.v1_0.messages.tests.test_forward.TestForward" name="test_deserialize" file="aries_cloudagent/protocols/routing/v1_0/messages/tests/test_forward.py" line="24" time="0.008" /><testcase classname="aries_cloudagent.protocols.routing.v1_0.messages.tests.test_forward.TestForward" name="test_init" file="aries_cloudagent/protocols/routing/v1_0/messages/tests/test_forward.py" line="18" time="0.002" /><testcase classname="aries_cloudagent.protocols.routing.v1_0.messages.tests.test_forward.TestForward" name="test_serialize" file="aries_cloudagent/protocols/routing/v1_0/messages/tests/test_forward.py" line="33" time="0.016" /><testcase classname="aries_cloudagent.protocols.routing.v1_0.messages.tests.test_forward.TestForward" name="test_type" file="aries_cloudagent/protocols/routing/v1_0/messages/tests/test_forward.py" line="21" time="0.003" /><testcase classname="aries_cloudagent.protocols.routing.v1_0.messages.tests.test_forward.TestForwardSchema" name="test_make_model" file="aries_cloudagent/protocols/routing/v1_0/messages/tests/test_forward.py" line="42" time="0.005" /><testcase classname="aries_cloudagent.protocols.routing.v1_0.messages.tests.test_forward.TestForwardSchema" name="test_make_model_str" file="aries_cloudagent/protocols/routing/v1_0/messages/tests/test_forward.py" line="48" time="0.006" /><testcase classname="aries_cloudagent.protocols.routing.v1_0.models.__init__" name="ruff" file="aries_cloudagent/protocols/routing/v1_0/models/__init__.py" time="0.039" /><testcase classname="aries_cloudagent.protocols.routing.v1_0.models.route_record" name="ruff" file="aries_cloudagent/protocols/routing/v1_0/models/route_record.py" time="0.056" /><testcase classname="aries_cloudagent.protocols.routing.v1_0.models.tests.__init__" name="ruff" file="aries_cloudagent/protocols/routing/v1_0/models/tests/__init__.py" time="0.042" /><testcase classname="aries_cloudagent.protocols.routing.v1_0.models.tests.test_route_record" name="ruff" file="aries_cloudagent/protocols/routing/v1_0/models/tests/test_route_record.py" time="0.037" /><testcase classname="aries_cloudagent.protocols.routing.v1_0.models.tests.test_route_record.TestConnRecord" name="test_route_record_validation_fails_no_connection_wallet" file="aries_cloudagent/protocols/routing/v1_0/models/tests/test_route_record.py" line="7" time="0.016" /><testcase classname="aries_cloudagent.protocols.routing.v1_0.tests.__init__" name="ruff" file="aries_cloudagent/protocols/routing/v1_0/tests/__init__.py" time="0.047" /><testcase classname="aries_cloudagent.protocols.routing.v1_0.tests.test_routing_manager" name="ruff" file="aries_cloudagent/protocols/routing/v1_0/tests/test_routing_manager.py" time="0.047" /><testcase classname="aries_cloudagent.protocols.routing.v1_0.tests.test_routing_manager.TestRoutingManager" name="test_create_delete" file="aries_cloudagent/protocols/routing/v1_0/tests/test_routing_manager.py" line="60" time="0.020" /><testcase classname="aries_cloudagent.protocols.routing.v1_0.tests.test_routing_manager.TestRoutingManager" name="test_create_manager_no_context" file="aries_cloudagent/protocols/routing/v1_0/tests/test_routing_manager.py" line="28" time="0.010" /><testcase classname="aries_cloudagent.protocols.routing.v1_0.tests.test_routing_manager.TestRoutingManager" name="test_create_retrieve" file="aries_cloudagent/protocols/routing/v1_0/tests/test_routing_manager.py" line="32" time="0.013" /><testcase classname="aries_cloudagent.protocols.routing.v1_0.tests.test_routing_manager.TestRoutingManager" name="test_create_x" file="aries_cloudagent/protocols/routing/v1_0/tests/test_routing_manager.py" line="53" time="0.008" /><testcase classname="aries_cloudagent.protocols.routing.v1_0.tests.test_routing_manager.TestRoutingManager" name="test_get_recipient_duplicate_routes" file="aries_cloudagent/protocols/routing/v1_0/tests/test_routing_manager.py" line="71" time="0.023" /><testcase classname="aries_cloudagent.protocols.routing.v1_0.tests.test_routing_manager.TestRoutingManager" name="test_get_recipient_no_routes" file="aries_cloudagent/protocols/routing/v1_0/tests/test_routing_manager.py" line="80" time="1.043" /><testcase classname="aries_cloudagent.protocols.routing.v1_0.tests.test_routing_manager.TestRoutingManager" name="test_get_recipient_no_verkey" file="aries_cloudagent/protocols/routing/v1_0/tests/test_routing_manager.py" line="66" time="0.018" /><testcase classname="aries_cloudagent.protocols.routing.v1_0.tests.test_routing_manager.TestRoutingManager" name="test_get_routes_client_routes_not_returned" file="aries_cloudagent/protocols/routing/v1_0/tests/test_routing_manager.py" line="150" time="0.014" /><testcase classname="aries_cloudagent.protocols.routing.v1_0.tests.test_routing_manager.TestRoutingManager" name="test_get_routes_connection_id" file="aries_cloudagent/protocols/routing/v1_0/tests/test_routing_manager.py" line="89" time="0.011" /><testcase classname="aries_cloudagent.protocols.routing.v1_0.tests.test_routing_manager.TestRoutingManager" name="test_get_routes_connection_id_tag_filter_list" file="aries_cloudagent/protocols/routing/v1_0/tests/test_routing_manager.py" line="116" time="0.013" /><testcase classname="aries_cloudagent.protocols.routing.v1_0.tests.test_routing_manager.TestRoutingManager" name="test_get_routes_connection_id_tag_filter_list_among_plural" file="aries_cloudagent/protocols/routing/v1_0/tests/test_routing_manager.py" line="133" time="0.016" /><testcase classname="aries_cloudagent.protocols.routing.v1_0.tests.test_routing_manager.TestRoutingManager" name="test_get_routes_connection_id_tag_filter_list_miss" file="aries_cloudagent/protocols/routing/v1_0/tests/test_routing_manager.py" line="125" time="0.019" /><testcase classname="aries_cloudagent.protocols.routing.v1_0.tests.test_routing_manager.TestRoutingManager" name="test_get_routes_connection_id_tag_filter_str" file="aries_cloudagent/protocols/routing/v1_0/tests/test_routing_manager.py" line="107" time="0.015" /><testcase classname="aries_cloudagent.protocols.routing.v1_0.tests.test_routing_manager.TestRoutingManager" name="test_get_routes_connection_id_tag_filter_vacuous" file="aries_cloudagent/protocols/routing/v1_0/tests/test_routing_manager.py" line="98" time="0.013" /><testcase classname="aries_cloudagent.protocols.routing.v1_0.tests.test_routing_manager.TestRoutingManager" name="test_get_routes_connection_id_tag_filter_x" file="aries_cloudagent/protocols/routing/v1_0/tests/test_routing_manager.py" line="143" time="0.014" /><testcase classname="aries_cloudagent.protocols.routing.v1_0.tests.test_routing_manager.TestRoutingManager" name="test_get_routes_retrieve_none" file="aries_cloudagent/protocols/routing/v1_0/tests/test_routing_manager.py" line="49" time="0.011" /><testcase classname="aries_cloudagent.protocols.routing.v1_0.tests.test_routing_manager.TestRoutingManager" name="test_route_rec_retrieve_eq" file="aries_cloudagent/protocols/routing/v1_0/tests/test_routing_manager.py" line="163" time="0.015" /><testcase classname="aries_cloudagent.protocols.routing.v1_0.tests.test_routing_manager.TestRoutingManager" name="test_route_record_schema_validate" file="aries_cloudagent/protocols/routing/v1_0/tests/test_routing_manager.py" line="44" time="0.009" /><testcase classname="aries_cloudagent.protocols.tests.__init__" name="ruff" file="aries_cloudagent/protocols/tests/__init__.py" time="0.050" /><testcase classname="aries_cloudagent.protocols.tests.test_didcomm_prefix" name="ruff" file="aries_cloudagent/protocols/tests/test_didcomm_prefix.py" time="0.044" /><testcase classname="aries_cloudagent.protocols.tests.test_didcomm_prefix.TestDIDCommPrefix" name="test_didcomm_prefix" file="aries_cloudagent/protocols/tests/test_didcomm_prefix.py" line="8" time="0.010" /><testcase classname="aries_cloudagent.protocols.tests.test_didcomm_prefix.TestDIDCommPrefix" name="test_didcomm_qualify_all" file="aries_cloudagent/protocols/tests/test_didcomm_prefix.py" line="41" time="0.011" /><testcase classname="aries_cloudagent.protocols.trustping.__init__" name="ruff" file="aries_cloudagent/protocols/trustping/__init__.py" time="0.043" /><testcase classname="aries_cloudagent.protocols.trustping.definition" name="ruff" file="aries_cloudagent/protocols/trustping/definition.py" time="0.045" /><testcase classname="aries_cloudagent.protocols.trustping.v1_0.__init__" name="ruff" file="aries_cloudagent/protocols/trustping/v1_0/__init__.py" time="0.040" /><testcase classname="aries_cloudagent.protocols.trustping.v1_0.message_types" name="ruff" file="aries_cloudagent/protocols/trustping/v1_0/message_types.py" time="0.040" /><testcase classname="aries_cloudagent.protocols.trustping.v1_0.routes" name="ruff" file="aries_cloudagent/protocols/trustping/v1_0/routes.py" time="0.045" /><testcase classname="aries_cloudagent.protocols.trustping.v1_0.handlers.__init__" name="ruff" file="aries_cloudagent/protocols/trustping/v1_0/handlers/__init__.py" time="0.040" /><testcase classname="aries_cloudagent.protocols.trustping.v1_0.handlers.ping_handler" name="ruff" file="aries_cloudagent/protocols/trustping/v1_0/handlers/ping_handler.py" time="0.045" /><testcase classname="aries_cloudagent.protocols.trustping.v1_0.handlers.ping_response_handler" name="ruff" file="aries_cloudagent/protocols/trustping/v1_0/handlers/ping_response_handler.py" time="0.042" /><testcase classname="aries_cloudagent.protocols.trustping.v1_0.handlers.tests.__init__" name="ruff" file="aries_cloudagent/protocols/trustping/v1_0/handlers/tests/__init__.py" time="0.044" /><testcase classname="aries_cloudagent.protocols.trustping.v1_0.handlers.tests.test_ping_handler" name="ruff" file="aries_cloudagent/protocols/trustping/v1_0/handlers/tests/test_ping_handler.py" time="0.044" /><testcase classname="aries_cloudagent.protocols.trustping.v1_0.handlers.tests.test_ping_handler.TestPingHandler" name="test_ping" file="aries_cloudagent/protocols/trustping/v1_0/handlers/tests/test_ping_handler.py" line="18" time="0.008" /><testcase classname="aries_cloudagent.protocols.trustping.v1_0.handlers.tests.test_ping_handler.TestPingHandler" name="test_ping_not_ready" file="aries_cloudagent/protocols/trustping/v1_0/handlers/tests/test_ping_handler.py" line="30" time="0.006" /><testcase classname="aries_cloudagent.protocols.trustping.v1_0.handlers.tests.test_ping_handler.TestPingHandler" name="test_ping_response" file="aries_cloudagent/protocols/trustping/v1_0/handlers/tests/test_ping_handler.py" line="41" time="0.007" /><testcase classname="aries_cloudagent.protocols.trustping.v1_0.handlers.tests.test_ping_response_handler" name="ruff" file="aries_cloudagent/protocols/trustping/v1_0/handlers/tests/test_ping_response_handler.py" time="0.041" /><testcase classname="aries_cloudagent.protocols.trustping.v1_0.handlers.tests.test_ping_response_handler.TestPingResponseHandler" name="test_ping_response" file="aries_cloudagent/protocols/trustping/v1_0/handlers/tests/test_ping_response_handler.py" line="17" time="0.010" /><testcase classname="aries_cloudagent.protocols.trustping.v1_0.messages.__init__" name="ruff" file="aries_cloudagent/protocols/trustping/v1_0/messages/__init__.py" time="0.045" /><testcase classname="aries_cloudagent.protocols.trustping.v1_0.messages.ping" name="ruff" file="aries_cloudagent/protocols/trustping/v1_0/messages/ping.py" time="0.046" /><testcase classname="aries_cloudagent.protocols.trustping.v1_0.messages.ping_response" name="ruff" file="aries_cloudagent/protocols/trustping/v1_0/messages/ping_response.py" time="0.045" /><testcase classname="aries_cloudagent.protocols.trustping.v1_0.messages.tests.__init__" name="ruff" file="aries_cloudagent/protocols/trustping/v1_0/messages/tests/__init__.py" time="0.045" /><testcase classname="aries_cloudagent.protocols.trustping.v1_0.messages.tests.test_trust_ping" name="ruff" file="aries_cloudagent/protocols/trustping/v1_0/messages/tests/test_trust_ping.py" time="0.041" /><testcase classname="aries_cloudagent.protocols.trustping.v1_0.messages.tests.test_trust_ping.TestPing" name="test_deserialize" file="aries_cloudagent/protocols/trustping/v1_0/messages/tests/test_trust_ping.py" line="28" time="0.010" /><testcase classname="aries_cloudagent.protocols.trustping.v1_0.messages.tests.test_trust_ping.TestPing" name="test_init" file="aries_cloudagent/protocols/trustping/v1_0/messages/tests/test_trust_ping.py" line="19" time="0.002" /><testcase classname="aries_cloudagent.protocols.trustping.v1_0.messages.tests.test_trust_ping.TestPing" name="test_serialize" file="aries_cloudagent/protocols/trustping/v1_0/messages/tests/test_trust_ping.py" line="42" time="0.006" /><testcase classname="aries_cloudagent.protocols.trustping.v1_0.messages.tests.test_trust_ping.TestPing" name="test_type" file="aries_cloudagent/protocols/trustping/v1_0/messages/tests/test_trust_ping.py" line="24" time="0.005" /><testcase classname="aries_cloudagent.protocols.trustping.v1_0.messages.tests.test_trust_ping.TestPingSchema" name="test_make_model" file="aries_cloudagent/protocols/trustping/v1_0/messages/tests/test_trust_ping.py" line="58" time="0.016" /><testcase classname="aries_cloudagent.protocols.trustping.v1_0.messages.tests.test_trust_ping_reponse" name="ruff" file="aries_cloudagent/protocols/trustping/v1_0/messages/tests/test_trust_ping_reponse.py" time="0.040" /><testcase classname="aries_cloudagent.protocols.trustping.v1_0.messages.tests.test_trust_ping_reponse.TestPingResponse" name="test_deserialize" file="aries_cloudagent/protocols/trustping/v1_0/messages/tests/test_trust_ping_reponse.py" line="25" time="0.010" /><testcase classname="aries_cloudagent.protocols.trustping.v1_0.messages.tests.test_trust_ping_reponse.TestPingResponse" name="test_init" file="aries_cloudagent/protocols/trustping/v1_0/messages/tests/test_trust_ping_reponse.py" line="17" time="0.003" /><testcase classname="aries_cloudagent.protocols.trustping.v1_0.messages.tests.test_trust_ping_reponse.TestPingResponse" name="test_serialize" file="aries_cloudagent/protocols/trustping/v1_0/messages/tests/test_trust_ping_reponse.py" line="40" time="0.012" /><testcase classname="aries_cloudagent.protocols.trustping.v1_0.messages.tests.test_trust_ping_reponse.TestPingResponse" name="test_type" file="aries_cloudagent/protocols/trustping/v1_0/messages/tests/test_trust_ping_reponse.py" line="21" time="0.002" /><testcase classname="aries_cloudagent.protocols.trustping.v1_0.messages.tests.test_trust_ping_reponse.TestPingResponseSchema" name="test_make_model" file="aries_cloudagent/protocols/trustping/v1_0/messages/tests/test_trust_ping_reponse.py" line="57" time="0.015" /><testcase classname="aries_cloudagent.protocols.trustping.v1_0.tests.__init__" name="ruff" file="aries_cloudagent/protocols/trustping/v1_0/tests/__init__.py" time="0.038" /><testcase classname="aries_cloudagent.protocols.trustping.v1_0.tests.test_routes" name="ruff" file="aries_cloudagent/protocols/trustping/v1_0/tests/test_routes.py" time="0.047" /><testcase classname="aries_cloudagent.protocols.trustping.v1_0.tests.test_routes.TestTrustpingRoutes" name="test_connections_send_ping" file="aries_cloudagent/protocols/trustping/v1_0/tests/test_routes.py" line="23" time="0.033" /><testcase classname="aries_cloudagent.protocols.trustping.v1_0.tests.test_routes.TestTrustpingRoutes" name="test_connections_send_ping_no_conn" file="aries_cloudagent/protocols/trustping/v1_0/tests/test_routes.py" line="40" time="0.024" /><testcase classname="aries_cloudagent.protocols.trustping.v1_0.tests.test_routes.TestTrustpingRoutes" name="test_connections_send_ping_not_ready" file="aries_cloudagent/protocols/trustping/v1_0/tests/test_routes.py" line="53" time="0.025" /><testcase classname="aries_cloudagent.protocols.trustping.v1_0.tests.test_routes.TestTrustpingRoutes" name="test_post_process_routes" file="aries_cloudagent/protocols/trustping/v1_0/tests/test_routes.py" line="73" time="0.016" /><testcase classname="aries_cloudagent.protocols.trustping.v1_0.tests.test_routes.TestTrustpingRoutes" name="test_register" file="aries_cloudagent/protocols/trustping/v1_0/tests/test_routes.py" line="66" time="0.019" /><testcase classname="aries_cloudagent.resolver.__init__" name="ruff" file="aries_cloudagent/resolver/__init__.py" time="0.049" /><testcase classname="aries_cloudagent.resolver.base" name="ruff" file="aries_cloudagent/resolver/base.py" time="0.049" /><testcase classname="aries_cloudagent.resolver.did_resolver" name="ruff" file="aries_cloudagent/resolver/did_resolver.py" time="0.049" /><testcase classname="aries_cloudagent.resolver.routes" name="ruff" file="aries_cloudagent/resolver/routes.py" time="0.047" /><testcase classname="aries_cloudagent.resolver.default.__init__" name="ruff" file="aries_cloudagent/resolver/default/__init__.py" time="0.042" /><testcase classname="aries_cloudagent.resolver.default.indy" name="ruff" file="aries_cloudagent/resolver/default/indy.py" time="0.040" /><testcase classname="aries_cloudagent.resolver.default.key" name="ruff" file="aries_cloudagent/resolver/default/key.py" time="0.042" /><testcase classname="aries_cloudagent.resolver.default.legacy_peer" name="ruff" file="aries_cloudagent/resolver/default/legacy_peer.py" time="0.040" /><testcase classname="aries_cloudagent.resolver.default.peer2" name="ruff" file="aries_cloudagent/resolver/default/peer2.py" time="0.044" /><testcase classname="aries_cloudagent.resolver.default.peer3" name="ruff" file="aries_cloudagent/resolver/default/peer3.py" time="0.046" /><testcase classname="aries_cloudagent.resolver.default.universal" name="ruff" file="aries_cloudagent/resolver/default/universal.py" time="0.047" /><testcase classname="aries_cloudagent.resolver.default.web" name="ruff" file="aries_cloudagent/resolver/default/web.py" time="0.048" /><testcase classname="aries_cloudagent.resolver.default.tests.__init__" name="ruff" file="aries_cloudagent/resolver/default/tests/__init__.py" time="0.044" /><testcase classname="aries_cloudagent.resolver.default.tests.test_indy" name="ruff" file="aries_cloudagent/resolver/default/tests/test_indy.py" time="0.044" /><testcase classname="aries_cloudagent.resolver.default.tests.test_indy.TestIndyResolver" name="test_supported_did_regex" file="aries_cloudagent/resolver/default/tests/test_indy.py" line="58" time="0.032" /><testcase classname="aries_cloudagent.resolver.default.tests.test_indy.TestIndyResolver" name="test_resolve" file="aries_cloudagent/resolver/default/tests/test_indy.py" line="64" time="0.031" /><testcase classname="aries_cloudagent.resolver.default.tests.test_indy.TestIndyResolver" name="test_resolve_with_accept" file="aries_cloudagent/resolver/default/tests/test_indy.py" line="69" time="0.032" /><testcase classname="aries_cloudagent.resolver.default.tests.test_indy.TestIndyResolver" name="test_resolve_multitenant" file="aries_cloudagent/resolver/default/tests/test_indy.py" line="78" time="0.022" /><testcase classname="aries_cloudagent.resolver.default.tests.test_indy.TestIndyResolver" name="test_resolve_x_no_ledger" file="aries_cloudagent/resolver/default/tests/test_indy.py" line="94" time="0.021" /><testcase classname="aries_cloudagent.resolver.default.tests.test_indy.TestIndyResolver" name="test_resolve_x_did_not_found" file="aries_cloudagent/resolver/default/tests/test_indy.py" line="108" time="0.024" /><testcase classname="aries_cloudagent.resolver.default.tests.test_indy.TestIndyResolver" name="test_supports_updated_did_sov_rules" file="aries_cloudagent/resolver/default/tests/test_indy.py" line="117" time="0.033" /><testcase classname="aries_cloudagent.resolver.default.tests.test_indy.TestIndyResolver" name="test_supports_updated_did_sov_rules_no_endpoint_url" file="aries_cloudagent/resolver/default/tests/test_indy.py" line="133" time="0.028" /><testcase classname="aries_cloudagent.resolver.default.tests.test_indy.TestIndyResolver" name="test_process_endpoint_types[types0-result0]" file="aries_cloudagent/resolver/default/tests/test_indy.py" line="147" time="0.003" /><testcase classname="aries_cloudagent.resolver.default.tests.test_indy.TestIndyResolver" name="test_process_endpoint_types[types1-result1]" file="aries_cloudagent/resolver/default/tests/test_indy.py" line="147" time="0.005" /><testcase classname="aries_cloudagent.resolver.default.tests.test_indy.TestIndyResolver" name="test_process_endpoint_types[types2-result2]" file="aries_cloudagent/resolver/default/tests/test_indy.py" line="147" time="0.004" /><testcase classname="aries_cloudagent.resolver.default.tests.test_indy.TestIndyResolver" name="test_process_endpoint_types[types3-result3]" file="aries_cloudagent/resolver/default/tests/test_indy.py" line="147" time="0.003" /><testcase classname="aries_cloudagent.resolver.default.tests.test_indy.TestIndyResolver" name="test_routing_keys_as_did_key_urls[keys0]" file="aries_cloudagent/resolver/default/tests/test_indy.py" line="171" time="0.003" /><testcase classname="aries_cloudagent.resolver.default.tests.test_indy.TestIndyResolver" name="test_routing_keys_as_did_key_urls[keys1]" file="aries_cloudagent/resolver/default/tests/test_indy.py" line="171" time="0.003" /><testcase classname="aries_cloudagent.resolver.default.tests.test_indy.TestIndyResolver" name="test_routing_keys_as_did_key_urls[keys2]" file="aries_cloudagent/resolver/default/tests/test_indy.py" line="171" time="0.004" /><testcase classname="aries_cloudagent.resolver.default.tests.test_key" name="ruff" file="aries_cloudagent/resolver/default/tests/test_key.py" time="0.054" /><testcase classname="aries_cloudagent.resolver.default.tests.test_key" name="test_supported_did_regex" file="aries_cloudagent/resolver/default/tests/test_key.py" line="29" time="0.008" /><testcase classname="aries_cloudagent.resolver.default.tests.test_key" name="test_resolve" file="aries_cloudagent/resolver/default/tests/test_key.py" line="39" time="0.007" /><testcase classname="aries_cloudagent.resolver.default.tests.test_key" name="test_resolve_x_did_not_found" file="aries_cloudagent/resolver/default/tests/test_key.py" line="45" time="0.005" /><testcase classname="aries_cloudagent.resolver.default.tests.test_legacy_peer" name="ruff" file="aries_cloudagent/resolver/default/tests/test_legacy_peer.py" time="0.061" /><testcase classname="aries_cloudagent.resolver.default.tests.test_legacy_peer.TestLegacyPeerDIDResolver" name="test_supports" file="aries_cloudagent/resolver/default/tests/test_legacy_peer.py" line="36" time="0.017" /><testcase classname="aries_cloudagent.resolver.default.tests.test_legacy_peer.TestLegacyPeerDIDResolver" name="test_supports_no_cache" file="aries_cloudagent/resolver/default/tests/test_legacy_peer.py" line="47" time="0.010" /><testcase classname="aries_cloudagent.resolver.default.tests.test_legacy_peer.TestLegacyPeerDIDResolver" name="test_supports_x_not_legacy_did" file="aries_cloudagent/resolver/default/tests/test_legacy_peer.py" line="61" time="0.006" /><testcase classname="aries_cloudagent.resolver.default.tests.test_legacy_peer.TestLegacyPeerDIDResolver" name="test_supports_x_unknown_did" file="aries_cloudagent/resolver/default/tests/test_legacy_peer.py" line="68" time="0.012" /><testcase classname="aries_cloudagent.resolver.default.tests.test_legacy_peer.TestLegacyPeerDIDResolver" name="test_resolve" file="aries_cloudagent/resolver/default/tests/test_legacy_peer.py" line="79" time="0.010" /><testcase classname="aries_cloudagent.resolver.default.tests.test_legacy_peer.TestLegacyPeerDIDResolver" name="test_resolve_x_not_found" file="aries_cloudagent/resolver/default/tests/test_legacy_peer.py" line="97" time="0.022" /><testcase classname="aries_cloudagent.resolver.default.tests.test_legacy_peer.TestLegacyPeerDIDResolver" name="test_corrections[input_doc0-expected0]" file="aries_cloudagent/resolver/default/tests/test_legacy_peer.py" line="121" time="0.008" /><testcase classname="aries_cloudagent.resolver.default.tests.test_legacy_peer.TestLegacyPeerDIDResolver" name="test_corrections[input_doc1-expected1]" file="aries_cloudagent/resolver/default/tests/test_legacy_peer.py" line="121" time="0.006" /><testcase classname="aries_cloudagent.resolver.default.tests.test_legacy_peer.TestLegacyPeerDIDResolver" name="test_corrections[input_doc2-expected2]" file="aries_cloudagent/resolver/default/tests/test_legacy_peer.py" line="121" time="0.008" /><testcase classname="aries_cloudagent.resolver.default.tests.test_legacy_peer.TestLegacyPeerDIDResolver" name="test_corrections[input_doc3-expected3]" file="aries_cloudagent/resolver/default/tests/test_legacy_peer.py" line="121" time="0.006" /><testcase classname="aries_cloudagent.resolver.default.tests.test_legacy_peer.TestLegacyPeerDIDResolver" name="test_corrections[input_doc4-expected4]" file="aries_cloudagent/resolver/default/tests/test_legacy_peer.py" line="121" time="0.005" /><testcase classname="aries_cloudagent.resolver.default.tests.test_legacy_peer.TestLegacyPeerDIDResolver" name="test_corrections[input_doc5-expected5]" file="aries_cloudagent/resolver/default/tests/test_legacy_peer.py" line="121" time="0.008" /><testcase classname="aries_cloudagent.resolver.default.tests.test_legacy_peer.TestLegacyPeerDIDResolver" name="test_corrections_on_doc_as_received[input_doc0-expected0]" file="aries_cloudagent/resolver/default/tests/test_legacy_peer.py" line="498" time="0.005" /><testcase classname="aries_cloudagent.resolver.default.tests.test_peer2" name="ruff" file="aries_cloudagent/resolver/default/tests/test_peer2.py" time="0.038" /><testcase classname="aries_cloudagent.resolver.default.tests.test_peer2" name="test_resolver" file="aries_cloudagent/resolver/default/tests/test_peer2.py" line="25" time="0.011" /><testcase classname="aries_cloudagent.resolver.default.tests.test_peer3" name="ruff" file="aries_cloudagent/resolver/default/tests/test_peer3.py" time="0.058" /><testcase classname="aries_cloudagent.resolver.default.tests.test_peer3" name="test_resolve_2_then_3" file="aries_cloudagent/resolver/default/tests/test_peer3.py" line="47" time="0.012" /><testcase classname="aries_cloudagent.resolver.default.tests.test_peer3" name="test_resolve_x_no_2" file="aries_cloudagent/resolver/default/tests/test_peer3.py" line="65" time="0.013" /><testcase classname="aries_cloudagent.resolver.default.tests.test_peer3" name="test_record_removal" file="aries_cloudagent/resolver/default/tests/test_peer3.py" line="72" time="0.016" /><testcase classname="aries_cloudagent.resolver.default.tests.test_universal" name="ruff" file="aries_cloudagent/resolver/default/tests/test_universal.py" time="0.053" /><testcase classname="aries_cloudagent.resolver.default.tests.test_universal" name="test_resolve" file="aries_cloudagent/resolver/default/tests/test_universal.py" line="81" time="0.007" /><testcase classname="aries_cloudagent.resolver.default.tests.test_universal" name="test_resolve_not_found" file="aries_cloudagent/resolver/default/tests/test_universal.py" line="96" time="0.009" /><testcase classname="aries_cloudagent.resolver.default.tests.test_universal" name="test_resolve_unexpected_status" file="aries_cloudagent/resolver/default/tests/test_universal.py" line="103" time="0.005" /><testcase classname="aries_cloudagent.resolver.default.tests.test_universal" name="test_fetch_resolver_props" file="aries_cloudagent/resolver/default/tests/test_universal.py" line="112" time="0.005" /><testcase classname="aries_cloudagent.resolver.default.tests.test_universal" name="test_get_supported_did_regex" file="aries_cloudagent/resolver/default/tests/test_universal.py" line="121" time="0.021" /><testcase classname="aries_cloudagent.resolver.default.tests.test_universal" name="test_compile_supported_did_regex" file="aries_cloudagent/resolver/default/tests/test_universal.py" line="133" time="0.003" /><testcase classname="aries_cloudagent.resolver.default.tests.test_universal" name="test_setup_endpoint_regex_set" file="aries_cloudagent/resolver/default/tests/test_universal.py" line="141" time="0.008" /><testcase classname="aries_cloudagent.resolver.default.tests.test_universal" name="test_setup_endpoint_set" file="aries_cloudagent/resolver/default/tests/test_universal.py" line="162" time="0.008" /><testcase classname="aries_cloudagent.resolver.default.tests.test_universal" name="test_setup_endpoint_default" file="aries_cloudagent/resolver/default/tests/test_universal.py" line="182" time="0.010" /><testcase classname="aries_cloudagent.resolver.default.tests.test_universal" name="test_setup_endpoint_unset" file="aries_cloudagent/resolver/default/tests/test_universal.py" line="202" time="0.018" /><testcase classname="aries_cloudagent.resolver.default.tests.test_universal" name="test_supported_did_regex_not_setup" file="aries_cloudagent/resolver/default/tests/test_universal.py" line="218" time="0.013" /><testcase classname="aries_cloudagent.resolver.default.tests.test_web" name="ruff" file="aries_cloudagent/resolver/default/tests/test_web.py" time="0.057" /><testcase classname="aries_cloudagent.resolver.default.tests.test_web" name="test_transformation_domain_only" file="aries_cloudagent/resolver/default/tests/test_web.py" line="11" time="0.005" /><testcase classname="aries_cloudagent.resolver.default.tests.test_web" name="test_transformation_domain_with_path" file="aries_cloudagent/resolver/default/tests/test_web.py" line="17" time="0.004" /><testcase classname="aries_cloudagent.resolver.default.tests.test_web" name="test_transformation_domain_with_port" file="aries_cloudagent/resolver/default/tests/test_web.py" line="23" time="0.004" /><testcase classname="aries_cloudagent.resolver.tests.__init__" name="ruff" file="aries_cloudagent/resolver/tests/__init__.py" time="0.042" /><testcase classname="aries_cloudagent.resolver.tests.test_base" name="ruff" file="aries_cloudagent/resolver/tests/test_base.py" time="0.052" /><testcase classname="aries_cloudagent.resolver.tests.test_base" name="test_native_on_native" file="aries_cloudagent/resolver/tests/test_base.py" line="45" time="0.003" /><testcase classname="aries_cloudagent.resolver.tests.test_base" name="test_native_on_non_native" file="aries_cloudagent/resolver/tests/test_base.py" line="49" time="0.002" /><testcase classname="aries_cloudagent.resolver.tests.test_base" name="test_supports" file="aries_cloudagent/resolver/tests/test_base.py" line="53" time="0.008" /><testcase classname="aries_cloudagent.resolver.tests.test_base" name="test_resolve_x" file="aries_cloudagent/resolver/tests/test_base.py" line="59" time="0.006" /><testcase classname="aries_cloudagent.resolver.tests.test_base" name="test_supported_methods" file="aries_cloudagent/resolver/tests/test_base.py" line="66" time="0.006" /><testcase classname="aries_cloudagent.resolver.tests.test_did_resolver" name="ruff" file="aries_cloudagent/resolver/tests/test_did_resolver.py" time="0.050" /><testcase classname="aries_cloudagent.resolver.tests.test_did_resolver" name="test_create_resolver" file="aries_cloudagent/resolver/tests/test_did_resolver.py" line="103" time="0.073" /><testcase classname="aries_cloudagent.resolver.tests.test_did_resolver" name="test_match_did_to_resolver[did:sov:Kkyqu7CJFuQSvBp468uaDe-sov]" file="aries_cloudagent/resolver/tests/test_did_resolver.py" line="107" time="0.062" /><testcase classname="aries_cloudagent.resolver.tests.test_did_resolver" name="test_match_did_to_resolver[did:btcr:8kyt-fzzq-qpqq-ljsc-5l-btcr]" file="aries_cloudagent/resolver/tests/test_did_resolver.py" line="107" time="0.062" /><testcase classname="aries_cloudagent.resolver.tests.test_did_resolver" name="test_match_did_to_resolver[did:ethr:mainnet:0xb9c5714089478a327f09197987f16f9e5d936e8a-ethr]" file="aries_cloudagent/resolver/tests/test_did_resolver.py" line="107" time="0.068" /><testcase classname="aries_cloudagent.resolver.tests.test_did_resolver" name="test_match_did_to_resolver[did:ion:EiDahaOGH-liLLdDtTxEAdc8i-cfCz-WUcQdRJheMVNn3A-ion]" file="aries_cloudagent/resolver/tests/test_did_resolver.py" line="107" time="0.064" /><testcase classname="aries_cloudagent.resolver.tests.test_did_resolver" name="test_match_did_to_resolver[did:github:ghdid-github]" file="aries_cloudagent/resolver/tests/test_did_resolver.py" line="107" time="0.053" /><testcase classname="aries_cloudagent.resolver.tests.test_did_resolver" name="test_match_did_to_resolver[did:key:zUC71nmwvy83x1UzNKbZbS7N9QZx8rqpQx3Ee3jGfKiEkZngTKzsRoqobX6wZdZF5F93pSGYYco3gpK9tc53ruWUo2tkBB9bxPCFBUjq2th8FbtT4xih6y6Q1K9EL4Th86NiCGT-key]" file="aries_cloudagent/resolver/tests/test_did_resolver.py" line="107" time="0.058" /><testcase classname="aries_cloudagent.resolver.tests.test_did_resolver" name="test_match_did_to_resolver_x_not_supported" file="aries_cloudagent/resolver/tests/test_did_resolver.py" line="114" time="0.054" /><testcase classname="aries_cloudagent.resolver.tests.test_did_resolver" name="test_match_did_to_resolver_native_priority" file="aries_cloudagent/resolver/tests/test_did_resolver.py" line="122" time="0.005" /><testcase classname="aries_cloudagent.resolver.tests.test_did_resolver" name="test_match_did_to_resolver_registration_order" file="aries_cloudagent/resolver/tests/test_did_resolver.py" line="133" time="0.007" /><testcase classname="aries_cloudagent.resolver.tests.test_did_resolver" name="test_dereference" file="aries_cloudagent/resolver/tests/test_did_resolver.py" line="149" time="0.061" /><testcase classname="aries_cloudagent.resolver.tests.test_did_resolver" name="test_dereference_diddoc" file="aries_cloudagent/resolver/tests/test_did_resolver.py" line="157" time="0.067" /><testcase classname="aries_cloudagent.resolver.tests.test_did_resolver" name="test_dereference_x" file="aries_cloudagent/resolver/tests/test_did_resolver.py" line="168" time="0.070" /><testcase classname="aries_cloudagent.resolver.tests.test_did_resolver" name="test_resolve_with_metadata[did:sov:Kkyqu7CJFuQSvBp468uaDe]" file="aries_cloudagent/resolver/tests/test_did_resolver.py" line="175" time="0.059" /><testcase classname="aries_cloudagent.resolver.tests.test_did_resolver" name="test_resolve_with_metadata[did:btcr:8kyt-fzzq-qpqq-ljsc-5l]" file="aries_cloudagent/resolver/tests/test_did_resolver.py" line="175" time="0.065" /><testcase classname="aries_cloudagent.resolver.tests.test_did_resolver" name="test_resolve_with_metadata[did:ethr:mainnet:0xb9c5714089478a327f09197987f16f9e5d936e8a]" file="aries_cloudagent/resolver/tests/test_did_resolver.py" line="175" time="0.067" /><testcase classname="aries_cloudagent.resolver.tests.test_did_resolver" name="test_resolve_with_metadata[did:ion:EiDahaOGH-liLLdDtTxEAdc8i-cfCz-WUcQdRJheMVNn3A]" file="aries_cloudagent/resolver/tests/test_did_resolver.py" line="175" time="0.056" /><testcase classname="aries_cloudagent.resolver.tests.test_did_resolver" name="test_resolve_with_metadata[did:github:ghdid]" file="aries_cloudagent/resolver/tests/test_did_resolver.py" line="175" time="0.070" /><testcase classname="aries_cloudagent.resolver.tests.test_did_resolver" name="test_resolve_with_metadata[did:key:zUC71nmwvy83x1UzNKbZbS7N9QZx8rqpQx3Ee3jGfKiEkZngTKzsRoqobX6wZdZF5F93pSGYYco3gpK9tc53ruWUo2tkBB9bxPCFBUjq2th8FbtT4xih6y6Q1K9EL4Th86NiCGT]" file="aries_cloudagent/resolver/tests/test_did_resolver.py" line="175" time="0.057" /><testcase classname="aries_cloudagent.resolver.tests.test_did_resolver" name="test_resolve[did:sov:Kkyqu7CJFuQSvBp468uaDe]" file="aries_cloudagent/resolver/tests/test_did_resolver.py" line="183" time="0.065" /><testcase classname="aries_cloudagent.resolver.tests.test_did_resolver" name="test_resolve[did:btcr:8kyt-fzzq-qpqq-ljsc-5l]" file="aries_cloudagent/resolver/tests/test_did_resolver.py" line="183" time="0.062" /><testcase classname="aries_cloudagent.resolver.tests.test_did_resolver" name="test_resolve[did:ethr:mainnet:0xb9c5714089478a327f09197987f16f9e5d936e8a]" file="aries_cloudagent/resolver/tests/test_did_resolver.py" line="183" time="0.055" /><testcase classname="aries_cloudagent.resolver.tests.test_did_resolver" name="test_resolve[did:ion:EiDahaOGH-liLLdDtTxEAdc8i-cfCz-WUcQdRJheMVNn3A]" file="aries_cloudagent/resolver/tests/test_did_resolver.py" line="183" time="0.069" /><testcase classname="aries_cloudagent.resolver.tests.test_did_resolver" name="test_resolve[did:github:ghdid]" file="aries_cloudagent/resolver/tests/test_did_resolver.py" line="183" time="0.056" /><testcase classname="aries_cloudagent.resolver.tests.test_did_resolver" name="test_resolve[did:key:zUC71nmwvy83x1UzNKbZbS7N9QZx8rqpQx3Ee3jGfKiEkZngTKzsRoqobX6wZdZF5F93pSGYYco3gpK9tc53ruWUo2tkBB9bxPCFBUjq2th8FbtT4xih6y6Q1K9EL4Th86NiCGT]" file="aries_cloudagent/resolver/tests/test_did_resolver.py" line="183" time="0.053" /><testcase classname="aries_cloudagent.resolver.tests.test_did_resolver" name="test_resolve_did[did:sov:Kkyqu7CJFuQSvBp468uaDe]" file="aries_cloudagent/resolver/tests/test_did_resolver.py" line="190" time="0.051" /><testcase classname="aries_cloudagent.resolver.tests.test_did_resolver" name="test_resolve_did[did:btcr:8kyt-fzzq-qpqq-ljsc-5l]" file="aries_cloudagent/resolver/tests/test_did_resolver.py" line="190" time="0.067" /><testcase classname="aries_cloudagent.resolver.tests.test_did_resolver" name="test_resolve_did[did:ethr:mainnet:0xb9c5714089478a327f09197987f16f9e5d936e8a]" file="aries_cloudagent/resolver/tests/test_did_resolver.py" line="190" time="0.049" /><testcase classname="aries_cloudagent.resolver.tests.test_did_resolver" name="test_resolve_did[did:ion:EiDahaOGH-liLLdDtTxEAdc8i-cfCz-WUcQdRJheMVNn3A]" file="aries_cloudagent/resolver/tests/test_did_resolver.py" line="190" time="0.068" /><testcase classname="aries_cloudagent.resolver.tests.test_did_resolver" name="test_resolve_did[did:github:ghdid]" file="aries_cloudagent/resolver/tests/test_did_resolver.py" line="190" time="0.052" /><testcase classname="aries_cloudagent.resolver.tests.test_did_resolver" name="test_resolve_did[did:key:zUC71nmwvy83x1UzNKbZbS7N9QZx8rqpQx3Ee3jGfKiEkZngTKzsRoqobX6wZdZF5F93pSGYYco3gpK9tc53ruWUo2tkBB9bxPCFBUjq2th8FbtT4xih6y6Q1K9EL4Th86NiCGT]" file="aries_cloudagent/resolver/tests/test_did_resolver.py" line="190" time="0.067" /><testcase classname="aries_cloudagent.resolver.tests.test_did_resolver" name="test_resolve_did_x_not_supported" file="aries_cloudagent/resolver/tests/test_did_resolver.py" line="197" time="0.073" /><testcase classname="aries_cloudagent.resolver.tests.test_did_resolver" name="test_resolve_did_x_not_found" file="aries_cloudagent/resolver/tests/test_did_resolver.py" line="204" time="0.004" /><testcase classname="aries_cloudagent.resolver.tests.test_routes" name="ruff" file="aries_cloudagent/resolver/tests/test_routes.py" time="0.042" /><testcase classname="aries_cloudagent.resolver.tests.test_routes" name="test_resolver" file="aries_cloudagent/resolver/tests/test_routes.py" line="59" time="0.033" /><testcase classname="aries_cloudagent.resolver.tests.test_routes" name="test_resolver_not_found_error[DIDNotFound-HTTPNotFound]" file="aries_cloudagent/resolver/tests/test_routes.py" line="90" time="0.032" /><testcase classname="aries_cloudagent.resolver.tests.test_routes" name="test_resolver_not_found_error[DIDMethodNotSupported-HTTPNotImplemented]" file="aries_cloudagent/resolver/tests/test_routes.py" line="90" time="0.030" /><testcase classname="aries_cloudagent.resolver.tests.test_routes" name="test_resolver_not_found_error[ResolverError-HTTPInternalServerError]" file="aries_cloudagent/resolver/tests/test_routes.py" line="90" time="0.032" /><testcase classname="aries_cloudagent.resolver.tests.test_routes" name="test_register" file="aries_cloudagent/resolver/tests/test_routes.py" line="130" time="0.009" /><testcase classname="aries_cloudagent.resolver.tests.test_routes" name="test_post_process_routes" file="aries_cloudagent/resolver/tests/test_routes.py" line="138" time="0.004" /><testcase classname="aries_cloudagent.revocation.__init__" name="ruff" file="aries_cloudagent/revocation/__init__.py" time="0.042" /><testcase classname="aries_cloudagent.revocation.error" name="ruff" file="aries_cloudagent/revocation/error.py" time="0.053" /><testcase classname="aries_cloudagent.revocation.indy" name="ruff" file="aries_cloudagent/revocation/indy.py" time="0.046" /><testcase classname="aries_cloudagent.revocation.manager" name="ruff" file="aries_cloudagent/revocation/manager.py" time="0.056" /><testcase classname="aries_cloudagent.revocation.recover" name="ruff" file="aries_cloudagent/revocation/recover.py" time="0.047" /><testcase classname="aries_cloudagent.revocation.routes" name="ruff" file="aries_cloudagent/revocation/routes.py" time="0.049" /><testcase classname="aries_cloudagent.revocation.util" name="ruff" file="aries_cloudagent/revocation/util.py" time="0.049" /><testcase classname="aries_cloudagent.revocation.models.__init__" name="ruff" file="aries_cloudagent/revocation/models/__init__.py" time="0.037" /><testcase classname="aries_cloudagent.revocation.models.indy" name="ruff" file="aries_cloudagent/revocation/models/indy.py" time="0.043" /><testcase classname="aries_cloudagent.revocation.models.issuer_cred_rev_record" name="ruff" file="aries_cloudagent/revocation/models/issuer_cred_rev_record.py" time="0.049" /><testcase classname="aries_cloudagent.revocation.models.issuer_rev_reg_record" name="ruff" file="aries_cloudagent/revocation/models/issuer_rev_reg_record.py" time="0.056" /><testcase classname="aries_cloudagent.revocation.models.revocation_registry" name="ruff" file="aries_cloudagent/revocation/models/revocation_registry.py" time="0.045" /><testcase classname="aries_cloudagent.revocation.models.tests.__init__" name="ruff" file="aries_cloudagent/revocation/models/tests/__init__.py" time="0.042" /><testcase classname="aries_cloudagent.revocation.models.tests.test_indy" name="ruff" file="aries_cloudagent/revocation/models/tests/test_indy.py" time="0.040" /><testcase classname="aries_cloudagent.revocation.models.tests.test_indy.TestInterval" name="test_covers" file="aries_cloudagent/revocation/models/tests/test_indy.py" line="27" time="0.003" /><testcase classname="aries_cloudagent.revocation.models.tests.test_indy.TestInterval" name="test_serde" file="aries_cloudagent/revocation/models/tests/test_indy.py" line="16" time="0.008" /><testcase classname="aries_cloudagent.revocation.models.tests.test_issuer_cred_rev_record" name="ruff" file="aries_cloudagent/revocation/models/tests/test_issuer_cred_rev_record.py" time="0.040" /><testcase classname="aries_cloudagent.revocation.models.tests.test_issuer_cred_rev_record.TestIssuerCredRevRecord" name="test_rec_ops" file="aries_cloudagent/revocation/models/tests/test_issuer_cred_rev_record.py" line="31" time="0.022" /><testcase classname="aries_cloudagent.revocation.models.tests.test_issuer_cred_rev_record.TestIssuerCredRevRecord" name="test_serde" file="aries_cloudagent/revocation/models/tests/test_issuer_cred_rev_record.py" line="16" time="0.012" /><testcase classname="aries_cloudagent.revocation.models.tests.test_issuer_rev_reg_record" name="ruff" file="aries_cloudagent/revocation/models/tests/test_issuer_rev_reg_record.py" time="0.042" /><testcase classname="aries_cloudagent.revocation.models.tests.test_issuer_rev_reg_record.TestIssuerRevRegRecord" name="test_fix_ledger_entry" file="aries_cloudagent/revocation/models/tests/test_issuer_rev_reg_record.py" line="85" time="0.062" /><testcase classname="aries_cloudagent.revocation.models.tests.test_issuer_rev_reg_record.TestIssuerRevRegRecord" name="test_generate_registry_etc" file="aries_cloudagent/revocation/models/tests/test_issuer_rev_reg_record.py" line="270" time="0.076" /><testcase classname="aries_cloudagent.revocation.models.tests.test_issuer_rev_reg_record.TestIssuerRevRegRecord" name="test_operate_on_full_record" file="aries_cloudagent/revocation/models/tests/test_issuer_rev_reg_record.py" line="349" time="0.022" /><testcase classname="aries_cloudagent.revocation.models.tests.test_issuer_rev_reg_record.TestIssuerRevRegRecord" name="test_order" file="aries_cloudagent/revocation/models/tests/test_issuer_rev_reg_record.py" line="77" time="0.035" /><testcase classname="aries_cloudagent.revocation.models.tests.test_issuer_rev_reg_record.TestIssuerRevRegRecord" name="test_pending" file="aries_cloudagent/revocation/models/tests/test_issuer_rev_reg_record.py" line="371" time="0.039" /><testcase classname="aries_cloudagent.revocation.models.tests.test_issuer_rev_reg_record.TestIssuerRevRegRecord" name="test_send_rev_reg_undef" file="aries_cloudagent/revocation/models/tests/test_issuer_rev_reg_record.py" line="405" time="0.024" /><testcase classname="aries_cloudagent.revocation.models.tests.test_issuer_rev_reg_record.TestIssuerRevRegRecord" name="test_set_tails_file_public_uri_rev_reg_undef" file="aries_cloudagent/revocation/models/tests/test_issuer_rev_reg_record.py" line="400" time="0.032" /><testcase classname="aries_cloudagent.revocation.models.tests.test_revocation_registry" name="ruff" file="aries_cloudagent/revocation/models/tests/test_revocation_registry.py" time="0.040" /><testcase classname="aries_cloudagent.revocation.models.tests.test_revocation_registry.TestRevocationRegistry" name="test_init" file="aries_cloudagent/revocation/models/tests/test_revocation_registry.py" line="47" time="0.023" /><testcase classname="aries_cloudagent.revocation.models.tests.test_revocation_registry.TestRevocationRegistry" name="test_properties" file="aries_cloudagent/revocation/models/tests/test_revocation_registry.py" line="60" time="0.008" /><testcase classname="aries_cloudagent.revocation.models.tests.test_revocation_registry.TestRevocationRegistry" name="test_retrieve_tails" file="aries_cloudagent/revocation/models/tests/test_revocation_registry.py" line="94" time="0.573" /><testcase classname="aries_cloudagent.revocation.models.tests.test_revocation_registry.TestRevocationRegistry" name="test_tails_local_path" file="aries_cloudagent/revocation/models/tests/test_revocation_registry.py" line="76" time="0.009" /><testcase classname="aries_cloudagent.revocation.tests.__init__" name="ruff" file="aries_cloudagent/revocation/tests/__init__.py" time="0.041" /><testcase classname="aries_cloudagent.revocation.tests.test_indy" name="ruff" file="aries_cloudagent/revocation/tests/test_indy.py" time="0.051" /><testcase classname="aries_cloudagent.revocation.tests.test_indy.TestIndyRevocation" name="test_decommission_issuer_registries" file="aries_cloudagent/revocation/tests/test_indy.py" line="153" time="0.085" /><testcase classname="aries_cloudagent.revocation.tests.test_indy.TestIndyRevocation" name="test_get_active_issuer_rev_reg_record" file="aries_cloudagent/revocation/tests/test_indy.py" line="99" time="0.038" /><testcase classname="aries_cloudagent.revocation.tests.test_indy.TestIndyRevocation" name="test_get_active_issuer_rev_reg_record_none" file="aries_cloudagent/revocation/tests/test_indy.py" line="111" time="0.026" /><testcase classname="aries_cloudagent.revocation.tests.test_indy.TestIndyRevocation" name="test_get_issuer_rev_reg_record" file="aries_cloudagent/revocation/tests/test_indy.py" line="129" time="0.037" /><testcase classname="aries_cloudagent.revocation.tests.test_indy.TestIndyRevocation" name="test_get_ledger_registry" file="aries_cloudagent/revocation/tests/test_indy.py" line="221" time="0.045" /><testcase classname="aries_cloudagent.revocation.tests.test_indy.TestIndyRevocation" name="test_init_issuer_registry" file="aries_cloudagent/revocation/tests/test_indy.py" line="45" time="0.045" /><testcase classname="aries_cloudagent.revocation.tests.test_indy.TestIndyRevocation" name="test_init_issuer_registry_bad_size" file="aries_cloudagent/revocation/tests/test_indy.py" line="83" time="0.031" /><testcase classname="aries_cloudagent.revocation.tests.test_indy.TestIndyRevocation" name="test_init_issuer_registry_no_cred_def" file="aries_cloudagent/revocation/tests/test_indy.py" line="72" time="0.032" /><testcase classname="aries_cloudagent.revocation.tests.test_indy.TestIndyRevocation" name="test_init_issuer_registry_no_revocation" file="aries_cloudagent/revocation/tests/test_indy.py" line="116" time="0.033" /><testcase classname="aries_cloudagent.revocation.tests.test_indy.TestIndyRevocation" name="test_list_issuer_registries" file="aries_cloudagent/revocation/tests/test_indy.py" line="145" time="0.063" /><testcase classname="aries_cloudagent.revocation.tests.test_manager" name="ruff" file="aries_cloudagent/revocation/tests/test_manager.py" time="0.049" /><testcase classname="aries_cloudagent.revocation.tests.test_manager.TestRevocationManager" name="test_clear_pending" file="aries_cloudagent/revocation/tests/test_manager.py" line="333" time="0.037" /><testcase classname="aries_cloudagent.revocation.tests.test_manager.TestRevocationManager" name="test_clear_pending_1_rev_reg_all" file="aries_cloudagent/revocation/tests/test_manager.py" line="356" time="0.023" /><testcase classname="aries_cloudagent.revocation.tests.test_manager.TestRevocationManager" name="test_clear_pending_1_rev_reg_some" file="aries_cloudagent/revocation/tests/test_manager.py" line="382" time="0.032" /><testcase classname="aries_cloudagent.revocation.tests.test_manager.TestRevocationManager" name="test_publish_pending_revocations_1_rev_reg_all" file="aries_cloudagent/revocation/tests/test_manager.py" line="213" time="0.048" /><testcase classname="aries_cloudagent.revocation.tests.test_manager.TestRevocationManager" name="test_publish_pending_revocations_1_rev_reg_some" file="aries_cloudagent/revocation/tests/test_manager.py" line="273" time="0.049" /><testcase classname="aries_cloudagent.revocation.tests.test_manager.TestRevocationManager" name="test_publish_pending_revocations_basic" file="aries_cloudagent/revocation/tests/test_manager.py" line="167" time="0.043" /><testcase classname="aries_cloudagent.revocation.tests.test_manager.TestRevocationManager" name="test_retrieve_records" file="aries_cloudagent/revocation/tests/test_manager.py" line="408" time="0.030" /><testcase classname="aries_cloudagent.revocation.tests.test_manager.TestRevocationManager" name="test_revoke_cred_by_cxid_not_found" file="aries_cloudagent/revocation/tests/test_manager.py" line="98" time="0.014" /><testcase classname="aries_cloudagent.revocation.tests.test_manager.TestRevocationManager" name="test_revoke_credential_no_rev_reg_rec" file="aries_cloudagent/revocation/tests/test_manager.py" line="114" time="0.093" /><testcase classname="aries_cloudagent.revocation.tests.test_manager.TestRevocationManager" name="test_revoke_credential_pend" file="aries_cloudagent/revocation/tests/test_manager.py" line="135" time="0.095" /><testcase classname="aries_cloudagent.revocation.tests.test_manager.TestRevocationManager" name="test_revoke_credential_publish" file="aries_cloudagent/revocation/tests/test_manager.py" line="37" time="0.126" /><testcase classname="aries_cloudagent.revocation.tests.test_manager.TestRevocationManager" name="test_set_revoked_state_v1" file="aries_cloudagent/revocation/tests/test_manager.py" line="427" time="0.029" /><testcase classname="aries_cloudagent.revocation.tests.test_manager.TestRevocationManager" name="test_set_revoked_state_v2" file="aries_cloudagent/revocation/tests/test_manager.py" line="467" time="0.021" /><testcase classname="aries_cloudagent.revocation.tests.test_routes" name="ruff" file="aries_cloudagent/revocation/tests/test_routes.py" time="0.048" /><testcase classname="aries_cloudagent.revocation.tests.test_routes.TestRevocationRoutes" name="test_clear_pending_revocations" file="aries_cloudagent/revocation/tests/test_routes.py" line="165" time="0.082" /><testcase classname="aries_cloudagent.revocation.tests.test_routes.TestRevocationRoutes" name="test_clear_pending_revocations_x" file="aries_cloudagent/revocation/tests/test_routes.py" line="182" time="0.053" /><testcase classname="aries_cloudagent.revocation.tests.test_routes.TestRevocationRoutes" name="test_create_rev_reg" file="aries_cloudagent/revocation/tests/test_routes.py" line="196" time="0.094" /><testcase classname="aries_cloudagent.revocation.tests.test_routes.TestRevocationRoutes" name="test_create_rev_reg_no_revo_support" file="aries_cloudagent/revocation/tests/test_routes.py" line="246" time="0.129" /><testcase classname="aries_cloudagent.revocation.tests.test_routes.TestRevocationRoutes" name="test_create_rev_reg_no_such_cred_def" file="aries_cloudagent/revocation/tests/test_routes.py" line="226" time="0.018" /><testcase classname="aries_cloudagent.revocation.tests.test_routes.TestRevocationRoutes" name="test_get_active_rev_reg" file="aries_cloudagent/revocation/tests/test_routes.py" line="445" time="0.093" /><testcase classname="aries_cloudagent.revocation.tests.test_routes.TestRevocationRoutes" name="test_get_active_rev_reg_not_found" file="aries_cloudagent/revocation/tests/test_routes.py" line="466" time="0.080" /><testcase classname="aries_cloudagent.revocation.tests.test_routes.TestRevocationRoutes" name="test_get_cred_rev_record" file="aries_cloudagent/revocation/tests/test_routes.py" line="377" time="0.015" /><testcase classname="aries_cloudagent.revocation.tests.test_routes.TestRevocationRoutes" name="test_get_cred_rev_record_by_cred_ex_id" file="aries_cloudagent/revocation/tests/test_routes.py" line="403" time="0.023" /><testcase classname="aries_cloudagent.revocation.tests.test_routes.TestRevocationRoutes" name="test_get_cred_rev_record_not_found" file="aries_cloudagent/revocation/tests/test_routes.py" line="423" time="0.019" /><testcase classname="aries_cloudagent.revocation.tests.test_routes.TestRevocationRoutes" name="test_get_rev_reg" file="aries_cloudagent/revocation/tests/test_routes.py" line="294" time="0.096" /><testcase classname="aries_cloudagent.revocation.tests.test_routes.TestRevocationRoutes" name="test_get_rev_reg_issued" file="aries_cloudagent/revocation/tests/test_routes.py" line="338" time="0.020" /><testcase classname="aries_cloudagent.revocation.tests.test_routes.TestRevocationRoutes" name="test_get_rev_reg_issued_x" file="aries_cloudagent/revocation/tests/test_routes.py" line="361" time="0.021" /><testcase classname="aries_cloudagent.revocation.tests.test_routes.TestRevocationRoutes" name="test_get_rev_reg_not_found" file="aries_cloudagent/revocation/tests/test_routes.py" line="317" time="0.095" /><testcase classname="aries_cloudagent.revocation.tests.test_routes.TestRevocationRoutes" name="test_get_tails_file" file="aries_cloudagent/revocation/tests/test_routes.py" line="485" time="0.091" /><testcase classname="aries_cloudagent.revocation.tests.test_routes.TestRevocationRoutes" name="test_get_tails_file_not_found" file="aries_cloudagent/revocation/tests/test_routes.py" line="506" time="0.093" /><testcase classname="aries_cloudagent.revocation.tests.test_routes.TestRevocationRoutes" name="test_post_process_routes" file="aries_cloudagent/revocation/tests/test_routes.py" line="884" time="0.015" /><testcase classname="aries_cloudagent.revocation.tests.test_routes.TestRevocationRoutes" name="test_publish_revocations" file="aries_cloudagent/revocation/tests/test_routes.py" line="136" time="0.070" /><testcase classname="aries_cloudagent.revocation.tests.test_routes.TestRevocationRoutes" name="test_publish_revocations_x" file="aries_cloudagent/revocation/tests/test_routes.py" line="153" time="0.063" /><testcase classname="aries_cloudagent.revocation.tests.test_routes.TestRevocationRoutes" name="test_register" file="aries_cloudagent/revocation/tests/test_routes.py" line="877" time="0.016" /><testcase classname="aries_cloudagent.revocation.tests.test_routes.TestRevocationRoutes" name="test_rev_regs_created" file="aries_cloudagent/revocation/tests/test_routes.py" line="276" time="0.023" /><testcase classname="aries_cloudagent.revocation.tests.test_routes.TestRevocationRoutes" name="test_revoke" file="aries_cloudagent/revocation/tests/test_routes.py" line="76" time="0.072" /><testcase classname="aries_cloudagent.revocation.tests.test_routes.TestRevocationRoutes" name="test_revoke_by_cred_ex_id" file="aries_cloudagent/revocation/tests/test_routes.py" line="96" time="0.062" /><testcase classname="aries_cloudagent.revocation.tests.test_routes.TestRevocationRoutes" name="test_revoke_not_found" file="aries_cloudagent/revocation/tests/test_routes.py" line="115" time="0.063" /><testcase classname="aries_cloudagent.revocation.tests.test_routes.TestRevocationRoutes" name="test_send_rev_reg_def" file="aries_cloudagent/revocation/tests/test_routes.py" line="597" time="0.092" /><testcase classname="aries_cloudagent.revocation.tests.test_routes.TestRevocationRoutes" name="test_send_rev_reg_def_not_found" file="aries_cloudagent/revocation/tests/test_routes.py" line="622" time="0.076" /><testcase classname="aries_cloudagent.revocation.tests.test_routes.TestRevocationRoutes" name="test_send_rev_reg_def_x" file="aries_cloudagent/revocation/tests/test_routes.py" line="643" time="0.072" /><testcase classname="aries_cloudagent.revocation.tests.test_routes.TestRevocationRoutes" name="test_send_rev_reg_entry" file="aries_cloudagent/revocation/tests/test_routes.py" line="665" time="0.072" /><testcase classname="aries_cloudagent.revocation.tests.test_routes.TestRevocationRoutes" name="test_send_rev_reg_entry_not_found" file="aries_cloudagent/revocation/tests/test_routes.py" line="689" time="0.071" /><testcase classname="aries_cloudagent.revocation.tests.test_routes.TestRevocationRoutes" name="test_send_rev_reg_entry_x" file="aries_cloudagent/revocation/tests/test_routes.py" line="710" time="0.083" /><testcase classname="aries_cloudagent.revocation.tests.test_routes.TestRevocationRoutes" name="test_set_rev_reg_state" file="aries_cloudagent/revocation/tests/test_routes.py" line="815" time="0.084" /><testcase classname="aries_cloudagent.revocation.tests.test_routes.TestRevocationRoutes" name="test_set_rev_reg_state_not_found" file="aries_cloudagent/revocation/tests/test_routes.py" line="848" time="0.082" /><testcase classname="aries_cloudagent.revocation.tests.test_routes.TestRevocationRoutes" name="test_update_rev_reg" file="aries_cloudagent/revocation/tests/test_routes.py" line="732" time="0.097" /><testcase classname="aries_cloudagent.revocation.tests.test_routes.TestRevocationRoutes" name="test_update_rev_reg_not_found" file="aries_cloudagent/revocation/tests/test_routes.py" line="762" time="0.088" /><testcase classname="aries_cloudagent.revocation.tests.test_routes.TestRevocationRoutes" name="test_update_rev_reg_x" file="aries_cloudagent/revocation/tests/test_routes.py" line="788" time="0.083" /><testcase classname="aries_cloudagent.revocation.tests.test_routes.TestRevocationRoutes" name="test_upload_tails_file_basic" file="aries_cloudagent/revocation/tests/test_routes.py" line="527" time="0.061" /><testcase classname="aries_cloudagent.revocation.tests.test_routes.TestRevocationRoutes" name="test_upload_tails_file_fail" file="aries_cloudagent/revocation/tests/test_routes.py" line="574" time="0.067" /><testcase classname="aries_cloudagent.revocation.tests.test_routes.TestRevocationRoutes" name="test_upload_tails_file_no_local_tails_file" file="aries_cloudagent/revocation/tests/test_routes.py" line="553" time="0.105" /><testcase classname="aries_cloudagent.revocation.tests.test_routes.TestRevocationRoutes" name="test_validate_cred_rev_rec_qs_and_revoke_req" file="aries_cloudagent/revocation/tests/test_routes.py" line="33" time="0.014" /><testcase classname="aries_cloudagent.revocation.tests.test_routes.TestDeleteTails" name="test_delete_tails_by_cred_def_id" file="aries_cloudagent/revocation/tests/test_routes.py" line="929" time="0.009"><skipped type="pytest.xfail" message="This test never worked but was skipped due to a bug" /></testcase><testcase classname="aries_cloudagent.revocation.tests.test_routes.TestDeleteTails" name="test_delete_tails_by_rev_reg_id" file="aries_cloudagent/revocation/tests/test_routes.py" line="915" time="0.007"><skipped type="pytest.xfail" message="This test never worked but was skipped due to a bug" /></testcase><testcase classname="aries_cloudagent.revocation.tests.test_routes.TestDeleteTails" name="test_delete_tails_not_found" file="aries_cloudagent/revocation/tests/test_routes.py" line="948" time="0.009"><skipped type="pytest.xfail" message="This test never worked but was skipped due to a bug" /></testcase><testcase classname="aries_cloudagent.settings.__init__" name="ruff" file="aries_cloudagent/settings/__init__.py" time="0.054" /><testcase classname="aries_cloudagent.settings.routes" name="ruff" file="aries_cloudagent/settings/routes.py" time="0.041" /><testcase classname="aries_cloudagent.settings.tests.__init__" name="ruff" file="aries_cloudagent/settings/tests/__init__.py" time="0.050" /><testcase classname="aries_cloudagent.settings.tests.test_routes" name="ruff" file="aries_cloudagent/settings/tests/test_routes.py" time="0.045" /><testcase classname="aries_cloudagent.settings.tests.test_routes" name="test_get_profile_settings" file="aries_cloudagent/settings/tests/test_routes.py" line="24" time="0.025" /><testcase classname="aries_cloudagent.settings.tests.test_routes" name="test_update_profile_settings" file="aries_cloudagent/settings/tests/test_routes.py" line="105" time="0.029" /><testcase classname="aries_cloudagent.storage.__init__" name="ruff" file="aries_cloudagent/storage/__init__.py" time="0.043" /><testcase classname="aries_cloudagent.storage.askar" name="ruff" file="aries_cloudagent/storage/askar.py" time="0.042" /><testcase classname="aries_cloudagent.storage.base" name="ruff" file="aries_cloudagent/storage/base.py" time="0.042" /><testcase classname="aries_cloudagent.storage.error" name="ruff" file="aries_cloudagent/storage/error.py" time="0.044" /><testcase classname="aries_cloudagent.storage.in_memory" name="ruff" file="aries_cloudagent/storage/in_memory.py" time="0.047" /><testcase classname="aries_cloudagent.storage.indy" name="ruff" file="aries_cloudagent/storage/indy.py" time="0.045" /><testcase classname="aries_cloudagent.storage.record" name="ruff" file="aries_cloudagent/storage/record.py" time="0.043" /><testcase classname="aries_cloudagent.storage.tests.__init__" name="ruff" file="aries_cloudagent/storage/tests/__init__.py" time="0.042" /><testcase classname="aries_cloudagent.storage.tests.conftest" name="ruff" file="aries_cloudagent/storage/tests/conftest.py" time="0.047" /><testcase classname="aries_cloudagent.storage.tests.test_askar_storage" name="ruff" file="aries_cloudagent/storage/tests/test_askar_storage.py" time="0.047" /><testcase classname="aries_cloudagent.storage.tests.test_askar_storage.TestAskarStorage" name="test_repr" file="aries_cloudagent/storage/tests/test_in_memory_storage.py" line="32" time="0.017" /><testcase classname="aries_cloudagent.storage.tests.test_askar_storage.TestAskarStorage" name="test_add_required" file="aries_cloudagent/storage/tests/test_in_memory_storage.py" line="35" time="0.014" /><testcase classname="aries_cloudagent.storage.tests.test_askar_storage.TestAskarStorage" name="test_add_id_required" file="aries_cloudagent/storage/tests/test_in_memory_storage.py" line="40" time="0.023" /><testcase classname="aries_cloudagent.storage.tests.test_askar_storage.TestAskarStorage" name="test_retrieve_missing" file="aries_cloudagent/storage/tests/test_in_memory_storage.py" line="46" time="0.019" /><testcase classname="aries_cloudagent.storage.tests.test_askar_storage.TestAskarStorage" name="test_add_retrieve" file="aries_cloudagent/storage/tests/test_in_memory_storage.py" line="51" time="0.034" /><testcase classname="aries_cloudagent.storage.tests.test_askar_storage.TestAskarStorage" name="test_delete" file="aries_cloudagent/storage/tests/test_in_memory_storage.py" line="65" time="0.024" /><testcase classname="aries_cloudagent.storage.tests.test_askar_storage.TestAskarStorage" name="test_delete_missing" file="aries_cloudagent/storage/tests/test_in_memory_storage.py" line="73" time="0.027" /><testcase classname="aries_cloudagent.storage.tests.test_askar_storage.TestAskarStorage" name="test_update_record" file="aries_cloudagent/storage/tests/test_in_memory_storage.py" line="78" time="0.029" /><testcase classname="aries_cloudagent.storage.tests.test_askar_storage.TestAskarStorage" name="test_update_missing" file="aries_cloudagent/storage/tests/test_in_memory_storage.py" line="93" time="0.020" /><testcase classname="aries_cloudagent.storage.tests.test_askar_storage.TestAskarStorage" name="test_find_record" file="aries_cloudagent/storage/tests/test_in_memory_storage.py" line="98" time="0.046" /><testcase classname="aries_cloudagent.storage.tests.test_askar_storage.TestAskarStorage" name="test_find_all" file="aries_cloudagent/storage/tests/test_in_memory_storage.py" line="121" time="0.026" /><testcase classname="aries_cloudagent.storage.tests.test_askar_storage.TestAskarStorage" name="test_delete_all" file="aries_cloudagent/storage/tests/test_in_memory_storage.py" line="135" time="0.038" /><testcase classname="aries_cloudagent.storage.tests.test_askar_storage.TestAskarStorage" name="test_record" file="aries_cloudagent/storage/tests/test_askar_storage.py" line="48" time="0.001"><skipped type="pytest.skip" message="unconditional skip">/usr/src/app/aries_cloudagent/storage/tests/test_askar_storage.py:49: unconditional skip</skipped></testcase><testcase classname="aries_cloudagent.storage.tests.test_askar_storage.TestAskarStorage" name="test_storage_search_x" file="aries_cloudagent/storage/tests/test_askar_storage.py" line="211" time="0.002"><skipped type="pytest.skip" message="unconditional skip">/usr/src/app/aries_cloudagent/storage/tests/test_askar_storage.py:212: unconditional skip</skipped></testcase><testcase classname="aries_cloudagent.storage.tests.test_askar_storage.TestAskarStorage" name="test_postgres_wallet_storage_works" file="aries_cloudagent/storage/tests/test_askar_storage.py" line="290" time="0.002"><skipped type="pytest.skip" message="unconditional skip">/usr/src/app/aries_cloudagent/storage/tests/test_askar_storage.py:291: unconditional skip</skipped></testcase><testcase classname="aries_cloudagent.storage.tests.test_askar_storage.TestAskarStorageSearchSession" name="test_askar_storage_search_session" file="aries_cloudagent/storage/tests/test_askar_storage.py" line="360" time="0.017" /><testcase classname="aries_cloudagent.storage.tests.test_in_memory_storage" name="ruff" file="aries_cloudagent/storage/tests/test_in_memory_storage.py" time="0.048" /><testcase classname="aries_cloudagent.storage.tests.test_in_memory_storage.TestInMemoryStorage" name="test_repr" file="aries_cloudagent/storage/tests/test_in_memory_storage.py" line="32" time="0.004" /><testcase classname="aries_cloudagent.storage.tests.test_in_memory_storage.TestInMemoryStorage" name="test_add_required" file="aries_cloudagent/storage/tests/test_in_memory_storage.py" line="35" time="0.005" /><testcase classname="aries_cloudagent.storage.tests.test_in_memory_storage.TestInMemoryStorage" name="test_add_id_required" file="aries_cloudagent/storage/tests/test_in_memory_storage.py" line="40" time="0.004" /><testcase classname="aries_cloudagent.storage.tests.test_in_memory_storage.TestInMemoryStorage" name="test_retrieve_missing" file="aries_cloudagent/storage/tests/test_in_memory_storage.py" line="46" time="0.005" /><testcase classname="aries_cloudagent.storage.tests.test_in_memory_storage.TestInMemoryStorage" name="test_add_retrieve" file="aries_cloudagent/storage/tests/test_in_memory_storage.py" line="51" time="0.007" /><testcase classname="aries_cloudagent.storage.tests.test_in_memory_storage.TestInMemoryStorage" name="test_delete" file="aries_cloudagent/storage/tests/test_in_memory_storage.py" line="65" time="0.008" /><testcase classname="aries_cloudagent.storage.tests.test_in_memory_storage.TestInMemoryStorage" name="test_delete_missing" file="aries_cloudagent/storage/tests/test_in_memory_storage.py" line="73" time="0.005" /><testcase classname="aries_cloudagent.storage.tests.test_in_memory_storage.TestInMemoryStorage" name="test_update_record" file="aries_cloudagent/storage/tests/test_in_memory_storage.py" line="78" time="0.005" /><testcase classname="aries_cloudagent.storage.tests.test_in_memory_storage.TestInMemoryStorage" name="test_update_missing" file="aries_cloudagent/storage/tests/test_in_memory_storage.py" line="93" time="0.005" /><testcase classname="aries_cloudagent.storage.tests.test_in_memory_storage.TestInMemoryStorage" name="test_find_record" file="aries_cloudagent/storage/tests/test_in_memory_storage.py" line="98" time="0.007" /><testcase classname="aries_cloudagent.storage.tests.test_in_memory_storage.TestInMemoryStorage" name="test_find_all" file="aries_cloudagent/storage/tests/test_in_memory_storage.py" line="121" time="0.005" /><testcase classname="aries_cloudagent.storage.tests.test_in_memory_storage.TestInMemoryStorage" name="test_delete_all" file="aries_cloudagent/storage/tests/test_in_memory_storage.py" line="135" time="0.005" /><testcase classname="aries_cloudagent.storage.tests.test_in_memory_storage.TestInMemoryStorageSearch" name="test_search" file="aries_cloudagent/storage/tests/test_in_memory_storage.py" line="149" time="0.018" /><testcase classname="aries_cloudagent.storage.tests.test_in_memory_storage.TestInMemoryStorageSearch" name="test_iter_search" file="aries_cloudagent/storage/tests/test_in_memory_storage.py" line="180" time="0.005" /><testcase classname="aries_cloudagent.storage.tests.test_in_memory_storage.TestInMemoryStorageSearch" name="test_closed_search" file="aries_cloudagent/storage/tests/test_in_memory_storage.py" line="194" time="0.003" /><testcase classname="aries_cloudagent.storage.tests.test_in_memory_storage.TestInMemoryTagQuery" name="test_tag_value_match" file="aries_cloudagent/storage/tests/test_in_memory_storage.py" line="203" time="0.004" /><testcase classname="aries_cloudagent.storage.tests.test_in_memory_storage.TestInMemoryTagQuery" name="test_tag_query_match" file="aries_cloudagent/storage/tests/test_in_memory_storage.py" line="233" time="0.008" /><testcase classname="aries_cloudagent.storage.tests.test_indy_storage" name="ruff" file="aries_cloudagent/storage/tests/test_indy_storage.py" time="0.057" /><testcase classname="aries_cloudagent.storage.tests.test_indy_storage.TestIndySdkStorage" name="test_repr" file="aries_cloudagent/storage/tests/test_in_memory_storage.py" line="32" time="0.002"><skipped type="pytest.skip" message="test requires Indy support">/usr/src/app/conftest.py:206: test requires Indy support</skipped></testcase><testcase classname="aries_cloudagent.storage.tests.test_indy_storage.TestIndySdkStorage" name="test_add_required" file="aries_cloudagent/storage/tests/test_in_memory_storage.py" line="35" time="0.001"><skipped type="pytest.skip" message="test requires Indy support">/usr/src/app/conftest.py:206: test requires Indy support</skipped></testcase><testcase classname="aries_cloudagent.storage.tests.test_indy_storage.TestIndySdkStorage" name="test_add_id_required" file="aries_cloudagent/storage/tests/test_in_memory_storage.py" line="40" time="0.001"><skipped type="pytest.skip" message="test requires Indy support">/usr/src/app/conftest.py:206: test requires Indy support</skipped></testcase><testcase classname="aries_cloudagent.storage.tests.test_indy_storage.TestIndySdkStorage" name="test_retrieve_missing" file="aries_cloudagent/storage/tests/test_in_memory_storage.py" line="46" time="0.001"><skipped type="pytest.skip" message="test requires Indy support">/usr/src/app/conftest.py:206: test requires Indy support</skipped></testcase><testcase classname="aries_cloudagent.storage.tests.test_indy_storage.TestIndySdkStorage" name="test_add_retrieve" file="aries_cloudagent/storage/tests/test_in_memory_storage.py" line="51" time="0.001"><skipped type="pytest.skip" message="test requires Indy support">/usr/src/app/conftest.py:206: test requires Indy support</skipped></testcase><testcase classname="aries_cloudagent.storage.tests.test_indy_storage.TestIndySdkStorage" name="test_delete" file="aries_cloudagent/storage/tests/test_in_memory_storage.py" line="65" time="0.005"><skipped type="pytest.skip" message="test requires Indy support">/usr/src/app/conftest.py:206: test requires Indy support</skipped></testcase><testcase classname="aries_cloudagent.storage.tests.test_indy_storage.TestIndySdkStorage" name="test_delete_missing" file="aries_cloudagent/storage/tests/test_in_memory_storage.py" line="73" time="0.001"><skipped type="pytest.skip" message="test requires Indy support">/usr/src/app/conftest.py:206: test requires Indy support</skipped></testcase><testcase classname="aries_cloudagent.storage.tests.test_indy_storage.TestIndySdkStorage" name="test_update_record" file="aries_cloudagent/storage/tests/test_in_memory_storage.py" line="78" time="0.001"><skipped type="pytest.skip" message="test requires Indy support">/usr/src/app/conftest.py:206: test requires Indy support</skipped></testcase><testcase classname="aries_cloudagent.storage.tests.test_indy_storage.TestIndySdkStorage" name="test_update_missing" file="aries_cloudagent/storage/tests/test_in_memory_storage.py" line="93" time="0.002"><skipped type="pytest.skip" message="test requires Indy support">/usr/src/app/conftest.py:206: test requires Indy support</skipped></testcase><testcase classname="aries_cloudagent.storage.tests.test_indy_storage.TestIndySdkStorage" name="test_find_record" file="aries_cloudagent/storage/tests/test_in_memory_storage.py" line="98" time="0.001"><skipped type="pytest.skip" message="test requires Indy support">/usr/src/app/conftest.py:206: test requires Indy support</skipped></testcase><testcase classname="aries_cloudagent.storage.tests.test_indy_storage.TestIndySdkStorage" name="test_find_all" file="aries_cloudagent/storage/tests/test_in_memory_storage.py" line="121" time="0.001"><skipped type="pytest.skip" message="test requires Indy support">/usr/src/app/conftest.py:206: test requires Indy support</skipped></testcase><testcase classname="aries_cloudagent.storage.tests.test_indy_storage.TestIndySdkStorage" name="test_delete_all" file="aries_cloudagent/storage/tests/test_in_memory_storage.py" line="135" time="0.001"><skipped type="pytest.skip" message="test requires Indy support">/usr/src/app/conftest.py:206: test requires Indy support</skipped></testcase><testcase classname="aries_cloudagent.storage.tests.test_indy_storage.TestIndySdkStorage" name="test_record" file="aries_cloudagent/storage/tests/test_indy_storage.py" line="63" time="0.001"><skipped type="pytest.skip" message="test requires Indy support">/usr/src/app/conftest.py:206: test requires Indy support</skipped></testcase><testcase classname="aries_cloudagent.storage.tests.test_indy_storage.TestIndySdkStorage" name="test_storage_search_x" file="aries_cloudagent/storage/tests/test_indy_storage.py" line="234" time="0.001"><skipped type="pytest.skip" message="test requires Indy support">/usr/src/app/conftest.py:206: test requires Indy support</skipped></testcase><testcase classname="aries_cloudagent.storage.tests.test_indy_storage.TestIndySdkStorage" name="test_storage_del_close" file="aries_cloudagent/storage/tests/test_indy_storage.py" line="317" time="0.002"><skipped type="pytest.skip" message="test requires Indy support">/usr/src/app/conftest.py:206: test requires Indy support</skipped></testcase><testcase classname="aries_cloudagent.storage.tests.test_indy_storage.TestIndySdkStorage" name="test_postgres_wallet_storage_works" file="aries_cloudagent/storage/tests/test_indy_storage.py" line="431" time="0.001"><skipped type="pytest.skip" message="test requires Indy support">/usr/src/app/conftest.py:206: test requires Indy support</skipped></testcase><testcase classname="aries_cloudagent.storage.tests.test_indy_storage.TestIndySdkStorageSearch" name="test_search" file="aries_cloudagent/storage/tests/test_in_memory_storage.py" line="149" time="0.001"><skipped type="pytest.skip" message="test requires Indy support">/usr/src/app/conftest.py:206: test requires Indy support</skipped></testcase><testcase classname="aries_cloudagent.storage.tests.test_indy_storage.TestIndySdkStorageSearch" name="test_iter_search" file="aries_cloudagent/storage/tests/test_in_memory_storage.py" line="180" time="0.001"><skipped type="pytest.skip" message="test requires Indy support">/usr/src/app/conftest.py:206: test requires Indy support</skipped></testcase><testcase classname="aries_cloudagent.storage.tests.test_indy_storage.TestIndySdkStorageSearch" name="test_closed_search" file="aries_cloudagent/storage/tests/test_in_memory_storage.py" line="194" time="0.001"><skipped type="pytest.skip" message="test requires Indy support">/usr/src/app/conftest.py:206: test requires Indy support</skipped></testcase><testcase classname="aries_cloudagent.storage.tests.test_storage_record" name="ruff" file="aries_cloudagent/storage/tests/test_storage_record.py" time="0.043" /><testcase classname="aries_cloudagent.storage.tests.test_storage_record.TestStorageRecord" name="test_create" file="aries_cloudagent/storage/tests/test_storage_record.py" line="4" time="0.005" /><testcase classname="aries_cloudagent.storage.vc_holder.__init__" name="ruff" file="aries_cloudagent/storage/vc_holder/__init__.py" time="0.048" /><testcase classname="aries_cloudagent.storage.vc_holder.askar" name="ruff" file="aries_cloudagent/storage/vc_holder/askar.py" time="0.053" /><testcase classname="aries_cloudagent.storage.vc_holder.base" name="ruff" file="aries_cloudagent/storage/vc_holder/base.py" time="0.059" /><testcase classname="aries_cloudagent.storage.vc_holder.in_memory" name="ruff" file="aries_cloudagent/storage/vc_holder/in_memory.py" time="0.044" /><testcase classname="aries_cloudagent.storage.vc_holder.indy" name="ruff" file="aries_cloudagent/storage/vc_holder/indy.py" time="0.043" /><testcase classname="aries_cloudagent.storage.vc_holder.vc_record" name="ruff" file="aries_cloudagent/storage/vc_holder/vc_record.py" time="0.042" /><testcase classname="aries_cloudagent.storage.vc_holder.xform" name="ruff" file="aries_cloudagent/storage/vc_holder/xform.py" time="0.040" /><testcase classname="aries_cloudagent.storage.vc_holder.tests.__init__" name="ruff" file="aries_cloudagent/storage/vc_holder/tests/__init__.py" time="0.040" /><testcase classname="aries_cloudagent.storage.vc_holder.tests.conftest" name="ruff" file="aries_cloudagent/storage/vc_holder/tests/conftest.py" time="0.044" /><testcase classname="aries_cloudagent.storage.vc_holder.tests.test_askar_vc_holder" name="ruff" file="aries_cloudagent/storage/vc_holder/tests/test_askar_vc_holder.py" time="0.046" /><testcase classname="aries_cloudagent.storage.vc_holder.tests.test_askar_vc_holder.TestAskarVCHolder" name="test_repr" file="aries_cloudagent/storage/vc_holder/tests/test_in_memory_vc_holder.py" line="69" time="0.026" /><testcase classname="aries_cloudagent.storage.vc_holder.tests.test_askar_vc_holder.TestAskarVCHolder" name="test_handle_parser_error" file="aries_cloudagent/storage/vc_holder/tests/test_in_memory_vc_holder.py" line="109" time="0.028" /><testcase classname="aries_cloudagent.storage.vc_holder.tests.test_askar_vc_holder.TestAskarVCHolder" name="test_sorting_vcrecord" file="aries_cloudagent/storage/vc_holder/tests/test_in_memory_vc_holder.py" line="156" time="0.052" /><testcase classname="aries_cloudagent.storage.vc_holder.tests.test_askar_vc_holder.TestAskarVCHolder" name="test_tag_query_valid_and_operator" file="aries_cloudagent/storage/vc_holder/tests/test_in_memory_vc_holder.py" line="287" time="0.030" /><testcase classname="aries_cloudagent.storage.vc_holder.tests.test_askar_vc_holder.TestAskarVCHolder" name="test_store_retrieve" file="aries_cloudagent/storage/vc_holder/tests/test_in_memory_vc_holder.py" line="301" time="0.068" /><testcase classname="aries_cloudagent.storage.vc_holder.tests.test_askar_vc_holder.TestAskarVCHolder" name="test_delete" file="aries_cloudagent/storage/vc_holder/tests/test_in_memory_vc_holder.py" line="319" time="0.044" /><testcase classname="aries_cloudagent.storage.vc_holder.tests.test_askar_vc_holder.TestAskarVCHolder" name="test_search" file="aries_cloudagent/storage/vc_holder/tests/test_in_memory_vc_holder.py" line="326" time="0.059" /><testcase classname="aries_cloudagent.storage.vc_holder.tests.test_askar_vc_holder.TestAskarVCHolder" name="test_tag_query" file="aries_cloudagent/storage/vc_holder/tests/test_askar_vc_holder.py" line="37" time="0.029" /><testcase classname="aries_cloudagent.storage.vc_holder.tests.test_in_memory_vc_holder" name="ruff" file="aries_cloudagent/storage/vc_holder/tests/test_in_memory_vc_holder.py" time="0.046" /><testcase classname="aries_cloudagent.storage.vc_holder.tests.test_in_memory_vc_holder.TestInMemoryVCHolder" name="test_repr" file="aries_cloudagent/storage/vc_holder/tests/test_in_memory_vc_holder.py" line="69" time="0.003" /><testcase classname="aries_cloudagent.storage.vc_holder.tests.test_in_memory_vc_holder.TestInMemoryVCHolder" name="test_tag_query" file="aries_cloudagent/storage/vc_holder/tests/test_in_memory_vc_holder.py" line="72" time="0.007" /><testcase classname="aries_cloudagent.storage.vc_holder.tests.test_in_memory_vc_holder.TestInMemoryVCHolder" name="test_handle_parser_error" file="aries_cloudagent/storage/vc_holder/tests/test_in_memory_vc_holder.py" line="109" time="0.006" /><testcase classname="aries_cloudagent.storage.vc_holder.tests.test_in_memory_vc_holder.TestInMemoryVCHolder" name="test_sorting_vcrecord" file="aries_cloudagent/storage/vc_holder/tests/test_in_memory_vc_holder.py" line="156" time="0.011" /><testcase classname="aries_cloudagent.storage.vc_holder.tests.test_in_memory_vc_holder.TestInMemoryVCHolder" name="test_tag_query_valid_and_operator" file="aries_cloudagent/storage/vc_holder/tests/test_in_memory_vc_holder.py" line="287" time="0.006" /><testcase classname="aries_cloudagent.storage.vc_holder.tests.test_in_memory_vc_holder.TestInMemoryVCHolder" name="test_store_retrieve" file="aries_cloudagent/storage/vc_holder/tests/test_in_memory_vc_holder.py" line="301" time="0.006" /><testcase classname="aries_cloudagent.storage.vc_holder.tests.test_in_memory_vc_holder.TestInMemoryVCHolder" name="test_delete" file="aries_cloudagent/storage/vc_holder/tests/test_in_memory_vc_holder.py" line="319" time="0.005" /><testcase classname="aries_cloudagent.storage.vc_holder.tests.test_in_memory_vc_holder.TestInMemoryVCHolder" name="test_search" file="aries_cloudagent/storage/vc_holder/tests/test_in_memory_vc_holder.py" line="326" time="0.007" /><testcase classname="aries_cloudagent.storage.vc_holder.tests.test_indy_vc_holder" name="ruff" file="aries_cloudagent/storage/vc_holder/tests/test_indy_vc_holder.py" time="0.046" /><testcase classname="aries_cloudagent.storage.vc_holder.tests.test_indy_vc_holder.TestIndySdkVCHolder" name="test_repr" file="aries_cloudagent/storage/vc_holder/tests/test_in_memory_vc_holder.py" line="69" time="0.001"><skipped type="pytest.skip" message="test requires Indy support">/usr/src/app/conftest.py:206: test requires Indy support</skipped></testcase><testcase classname="aries_cloudagent.storage.vc_holder.tests.test_indy_vc_holder.TestIndySdkVCHolder" name="test_tag_query" file="aries_cloudagent/storage/vc_holder/tests/test_in_memory_vc_holder.py" line="72" time="0.002"><skipped type="pytest.skip" message="test requires Indy support">/usr/src/app/conftest.py:206: test requires Indy support</skipped></testcase><testcase classname="aries_cloudagent.storage.vc_holder.tests.test_indy_vc_holder.TestIndySdkVCHolder" name="test_handle_parser_error" file="aries_cloudagent/storage/vc_holder/tests/test_in_memory_vc_holder.py" line="109" time="0.001"><skipped type="pytest.skip" message="test requires Indy support">/usr/src/app/conftest.py:206: test requires Indy support</skipped></testcase><testcase classname="aries_cloudagent.storage.vc_holder.tests.test_indy_vc_holder.TestIndySdkVCHolder" name="test_sorting_vcrecord" file="aries_cloudagent/storage/vc_holder/tests/test_in_memory_vc_holder.py" line="156" time="0.001"><skipped type="pytest.skip" message="test requires Indy support">/usr/src/app/conftest.py:206: test requires Indy support</skipped></testcase><testcase classname="aries_cloudagent.storage.vc_holder.tests.test_indy_vc_holder.TestIndySdkVCHolder" name="test_tag_query_valid_and_operator" file="aries_cloudagent/storage/vc_holder/tests/test_in_memory_vc_holder.py" line="287" time="0.001"><skipped type="pytest.skip" message="test requires Indy support">/usr/src/app/conftest.py:206: test requires Indy support</skipped></testcase><testcase classname="aries_cloudagent.storage.vc_holder.tests.test_indy_vc_holder.TestIndySdkVCHolder" name="test_store_retrieve" file="aries_cloudagent/storage/vc_holder/tests/test_in_memory_vc_holder.py" line="301" time="0.001"><skipped type="pytest.skip" message="test requires Indy support">/usr/src/app/conftest.py:206: test requires Indy support</skipped></testcase><testcase classname="aries_cloudagent.storage.vc_holder.tests.test_indy_vc_holder.TestIndySdkVCHolder" name="test_delete" file="aries_cloudagent/storage/vc_holder/tests/test_in_memory_vc_holder.py" line="319" time="0.001"><skipped type="pytest.skip" message="test requires Indy support">/usr/src/app/conftest.py:206: test requires Indy support</skipped></testcase><testcase classname="aries_cloudagent.storage.vc_holder.tests.test_indy_vc_holder.TestIndySdkVCHolder" name="test_search" file="aries_cloudagent/storage/vc_holder/tests/test_in_memory_vc_holder.py" line="326" time="0.001"><skipped type="pytest.skip" message="test requires Indy support">/usr/src/app/conftest.py:206: test requires Indy support</skipped></testcase><testcase classname="aries_cloudagent.storage.vc_holder.tests.test_vc_record" name="ruff" file="aries_cloudagent/storage/vc_holder/tests/test_vc_record.py" time="0.039" /><testcase classname="aries_cloudagent.storage.vc_holder.tests.test_vc_record.TestVCRecord" name="test_create" file="aries_cloudagent/storage/vc_holder/tests/test_vc_record.py" line="143" time="0.005" /><testcase classname="aries_cloudagent.storage.vc_holder.tests.test_vc_record.TestVCRecord" name="test_eq" file="aries_cloudagent/storage/vc_holder/tests/test_vc_record.py" line="156" time="0.004" /><testcase classname="aries_cloudagent.storage.vc_holder.tests.test_vc_record.TestVCRecord" name="test_serde" file="aries_cloudagent/storage/vc_holder/tests/test_vc_record.py" line="167" time="0.011" /><testcase classname="aries_cloudagent.tails.__init__" name="ruff" file="aries_cloudagent/tails/__init__.py" time="0.070" /><testcase classname="aries_cloudagent.tails.base" name="ruff" file="aries_cloudagent/tails/base.py" time="0.037" /><testcase classname="aries_cloudagent.tails.error" name="ruff" file="aries_cloudagent/tails/error.py" time="0.046" /><testcase classname="aries_cloudagent.tails.indy_tails_server" name="ruff" file="aries_cloudagent/tails/indy_tails_server.py" time="0.050" /><testcase classname="aries_cloudagent.tails.tests.__init__" name="ruff" file="aries_cloudagent/tails/tests/__init__.py" time="0.042" /><testcase classname="aries_cloudagent.tails.tests.test_indy" name="ruff" file="aries_cloudagent/tails/tests/test_indy.py" time="0.043" /><testcase classname="aries_cloudagent.tails.tests.test_indy.TestIndyTailsServer" name="test_upload" file="aries_cloudagent/tails/tests/test_indy.py" line="23" time="0.033" /><testcase classname="aries_cloudagent.tails.tests.test_indy.TestIndyTailsServer" name="test_upload_indy_sdk" file="aries_cloudagent/tails/tests/test_indy.py" line="46" time="0.019" /><testcase classname="aries_cloudagent.tails.tests.test_indy.TestIndyTailsServer" name="test_upload_indy_vdr" file="aries_cloudagent/tails/tests/test_indy.py" line="77" time="0.033" /><testcase classname="aries_cloudagent.tails.tests.test_indy.TestIndyTailsServer" name="test_upload_no_tails_upload_url_x" file="aries_cloudagent/tails/tests/test_indy.py" line="16" time="0.011" /><testcase classname="aries_cloudagent.tails.tests.test_indy.TestIndyTailsServer" name="test_upload_x" file="aries_cloudagent/tails/tests/test_indy.py" line="108" time="0.010" /><testcase classname="aries_cloudagent.tests.__init__" name="ruff" file="aries_cloudagent/tests/__init__.py" time="0.053" /><testcase classname="aries_cloudagent.tests.mock" name="ruff" file="aries_cloudagent/tests/mock.py" time="0.044" /><testcase classname="aries_cloudagent.tests.test_main" name="ruff" file="aries_cloudagent/tests/test_main.py" time="0.050" /><testcase classname="aries_cloudagent.tests.test_main.TestMain" name="test_main" file="aries_cloudagent/tests/test_main.py" line="7" time="0.017" /><testcase classname="aries_cloudagent.tests.test_main.TestMain" name="test_ptvsd" file="aries_cloudagent/tests/test_main.py" line="32" time="0.008" /><testcase classname="aries_cloudagent.tests.test_main.TestMain" name="test_ptvsd_import_x" file="aries_cloudagent/tests/test_main.py" line="41" time="0.004" /><testcase classname="aries_cloudagent.tests.test_main.TestMain" name="test_pycharm" file="aries_cloudagent/tests/test_main.py" line="46" time="0.005" /><testcase classname="aries_cloudagent.tests.test_main.TestMain" name="test_pycharm_import_x" file="aries_cloudagent/tests/test_main.py" line="54" time="0.003" /><testcase classname="aries_cloudagent.tests.test_main.TestMain" name="test_run" file="aries_cloudagent/tests/test_main.py" line="18" time="0.003" /><testcase classname="aries_cloudagent.tests.test_main.TestMain" name="test_run_command" file="aries_cloudagent/tests/test_main.py" line="25" time="0.004" /><testcase classname="aries_cloudagent.transport.__init__" name="ruff" file="aries_cloudagent/transport/__init__.py" time="0.051" /><testcase classname="aries_cloudagent.transport.error" name="ruff" file="aries_cloudagent/transport/error.py" time="0.049" /><testcase classname="aries_cloudagent.transport.pack_format" name="ruff" file="aries_cloudagent/transport/pack_format.py" time="0.043" /><testcase classname="aries_cloudagent.transport.stats" name="ruff" file="aries_cloudagent/transport/stats.py" time="0.041" /><testcase classname="aries_cloudagent.transport.wire_format" name="ruff" file="aries_cloudagent/transport/wire_format.py" time="0.044" /><testcase classname="aries_cloudagent.transport.inbound.__init__" name="ruff" file="aries_cloudagent/transport/inbound/__init__.py" time="0.043" /><testcase classname="aries_cloudagent.transport.inbound.base" name="ruff" file="aries_cloudagent/transport/inbound/base.py" time="0.045" /><testcase classname="aries_cloudagent.transport.inbound.delivery_queue" name="ruff" file="aries_cloudagent/transport/inbound/delivery_queue.py" time="0.046" /><testcase classname="aries_cloudagent.transport.inbound.http" name="ruff" file="aries_cloudagent/transport/inbound/http.py" time="0.047" /><testcase classname="aries_cloudagent.transport.inbound.manager" name="ruff" file="aries_cloudagent/transport/inbound/manager.py" time="0.042" /><testcase classname="aries_cloudagent.transport.inbound.message" name="ruff" file="aries_cloudagent/transport/inbound/message.py" time="0.040" /><testcase classname="aries_cloudagent.transport.inbound.receipt" name="ruff" file="aries_cloudagent/transport/inbound/receipt.py" time="0.041" /><testcase classname="aries_cloudagent.transport.inbound.session" name="ruff" file="aries_cloudagent/transport/inbound/session.py" time="0.051" /><testcase classname="aries_cloudagent.transport.inbound.ws" name="ruff" file="aries_cloudagent/transport/inbound/ws.py" time="0.038" /><testcase classname="aries_cloudagent.transport.inbound.tests.__init__" name="ruff" file="aries_cloudagent/transport/inbound/tests/__init__.py" time="0.043" /><testcase classname="aries_cloudagent.transport.inbound.tests.test_delivery_queue" name="ruff" file="aries_cloudagent/transport/inbound/tests/test_delivery_queue.py" time="0.039" /><testcase classname="aries_cloudagent.transport.inbound.tests.test_delivery_queue.TestDeliveryQueue" name="test_count_zero_with_no_items" file="aries_cloudagent/transport/inbound/tests/test_delivery_queue.py" line="59" time="0.015" /><testcase classname="aries_cloudagent.transport.inbound.tests.test_delivery_queue.TestDeliveryQueue" name="test_message_add_and_check" file="aries_cloudagent/transport/inbound/tests/test_delivery_queue.py" line="9" time="0.011" /><testcase classname="aries_cloudagent.transport.inbound.tests.test_delivery_queue.TestDeliveryQueue" name="test_message_add_get_by_key" file="aries_cloudagent/transport/inbound/tests/test_delivery_queue.py" line="25" time="0.010" /><testcase classname="aries_cloudagent.transport.inbound.tests.test_delivery_queue.TestDeliveryQueue" name="test_message_add_get_by_list" file="aries_cloudagent/transport/inbound/tests/test_delivery_queue.py" line="35" time="0.011" /><testcase classname="aries_cloudagent.transport.inbound.tests.test_delivery_queue.TestDeliveryQueue" name="test_message_add_not_false_check" file="aries_cloudagent/transport/inbound/tests/test_delivery_queue.py" line="17" time="0.011" /><testcase classname="aries_cloudagent.transport.inbound.tests.test_delivery_queue.TestDeliveryQueue" name="test_message_ttl" file="aries_cloudagent/transport/inbound/tests/test_delivery_queue.py" line="49" time="0.010" /><testcase classname="aries_cloudagent.transport.inbound.tests.test_http_transport" name="ruff" file="aries_cloudagent/transport/inbound/tests/test_http_transport.py" time="0.046" /><testcase classname="aries_cloudagent.transport.inbound.tests.test_http_transport.TestHttpTransport" name="test_invite_message_handler" file="aries_cloudagent/transport/inbound/tests/test_http_transport.py" line="149" time="0.026" /><testcase classname="aries_cloudagent.transport.inbound.tests.test_http_transport.TestHttpTransport" name="test_send_message" file="aries_cloudagent/transport/inbound/tests/test_http_transport.py" line="83" time="0.078" /><testcase classname="aries_cloudagent.transport.inbound.tests.test_http_transport.TestHttpTransport" name="test_send_message_outliers" file="aries_cloudagent/transport/inbound/tests/test_http_transport.py" line="111" time="0.086" /><testcase classname="aries_cloudagent.transport.inbound.tests.test_http_transport.TestHttpTransport" name="test_send_receive_message" file="aries_cloudagent/transport/inbound/tests/test_http_transport.py" line="97" time="0.033" /><testcase classname="aries_cloudagent.transport.inbound.tests.test_http_transport.TestHttpTransport" name="test_start_x" file="aries_cloudagent/transport/inbound/tests/test_http_transport.py" line="73" time="0.016" /><testcase classname="aries_cloudagent.transport.inbound.tests.test_manager" name="ruff" file="aries_cloudagent/transport/inbound/tests/test_manager.py" time="0.044" /><testcase classname="aries_cloudagent.transport.inbound.tests.test_manager.TestInboundTransportManager" name="test_close_return" file="aries_cloudagent/transport/inbound/tests/test_manager.py" line="134" time="0.022" /><testcase classname="aries_cloudagent.transport.inbound.tests.test_manager.TestInboundTransportManager" name="test_close_x" file="aries_cloudagent/transport/inbound/tests/test_manager.py" line="158" time="0.015" /><testcase classname="aries_cloudagent.transport.inbound.tests.test_manager.TestInboundTransportManager" name="test_create_session" file="aries_cloudagent/transport/inbound/tests/test_manager.py" line="74" time="0.015" /><testcase classname="aries_cloudagent.transport.inbound.tests.test_manager.TestInboundTransportManager" name="test_dispatch_complete_undelivered" file="aries_cloudagent/transport/inbound/tests/test_manager.py" line="147" time="0.019" /><testcase classname="aries_cloudagent.transport.inbound.tests.test_manager.TestInboundTransportManager" name="test_process_undelivered" file="aries_cloudagent/transport/inbound/tests/test_manager.py" line="163" time="0.018" /><testcase classname="aries_cloudagent.transport.inbound.tests.test_manager.TestInboundTransportManager" name="test_register_path" file="aries_cloudagent/transport/inbound/tests/test_manager.py" line="16" time="0.009" /><testcase classname="aries_cloudagent.transport.inbound.tests.test_manager.TestInboundTransportManager" name="test_return_to_session" file="aries_cloudagent/transport/inbound/tests/test_manager.py" line="104" time="0.341" /><testcase classname="aries_cloudagent.transport.inbound.tests.test_manager.TestInboundTransportManager" name="test_return_undelivered_false" file="aries_cloudagent/transport/inbound/tests/test_manager.py" line="189" time="0.010" /><testcase classname="aries_cloudagent.transport.inbound.tests.test_manager.TestInboundTransportManager" name="test_setup" file="aries_cloudagent/transport/inbound/tests/test_manager.py" line="34" time="0.007" /><testcase classname="aries_cloudagent.transport.inbound.tests.test_manager.TestInboundTransportManager" name="test_start_stop" file="aries_cloudagent/transport/inbound/tests/test_manager.py" line="59" time="0.018" /><testcase classname="aries_cloudagent.transport.inbound.tests.test_message" name="ruff" file="aries_cloudagent/transport/inbound/tests/test_message.py" time="0.045" /><testcase classname="aries_cloudagent.transport.inbound.tests.test_message.TestInboundMessage" name="test_wait_response" file="aries_cloudagent/transport/inbound/tests/test_message.py" line="9" time="0.015" /><testcase classname="aries_cloudagent.transport.inbound.tests.test_session" name="ruff" file="aries_cloudagent/transport/inbound/tests/test_session.py" time="0.045" /><testcase classname="aries_cloudagent.transport.inbound.tests.test_session.TestInboundSession" name="test_accept_response" file="aries_cloudagent/transport/inbound/tests/test_session.py" line="336" time="0.012" /><testcase classname="aries_cloudagent.transport.inbound.tests.test_session.TestInboundSession" name="test_context_mgr" file="aries_cloudagent/transport/inbound/tests/test_session.py" line="360" time="0.009" /><testcase classname="aries_cloudagent.transport.inbound.tests.test_session.TestInboundSession" name="test_encode_response" file="aries_cloudagent/transport/inbound/tests/test_session.py" line="302" time="0.029" /><testcase classname="aries_cloudagent.transport.inbound.tests.test_session.TestInboundSession" name="test_init" file="aries_cloudagent/transport/inbound/tests/test_session.py" line="24" time="0.013" /><testcase classname="aries_cloudagent.transport.inbound.tests.test_session.TestInboundSession" name="test_parse_inbound" file="aries_cloudagent/transport/inbound/tests/test_session.py" line="88" time="0.012" /><testcase classname="aries_cloudagent.transport.inbound.tests.test_session.TestInboundSession" name="test_process_inbound" file="aries_cloudagent/transport/inbound/tests/test_session.py" line="179" time="0.007" /><testcase classname="aries_cloudagent.transport.inbound.tests.test_session.TestInboundSession" name="test_receive" file="aries_cloudagent/transport/inbound/tests/test_session.py" line="115" time="0.023" /><testcase classname="aries_cloudagent.transport.inbound.tests.test_session.TestInboundSession" name="test_receive_no_wallet_found" file="aries_cloudagent/transport/inbound/tests/test_session.py" line="148" time="0.022" /><testcase classname="aries_cloudagent.transport.inbound.tests.test_session.TestInboundSession" name="test_select_outbound" file="aries_cloudagent/transport/inbound/tests/test_session.py" line="220" time="0.006" /><testcase classname="aries_cloudagent.transport.inbound.tests.test_session.TestInboundSession" name="test_setters" file="aries_cloudagent/transport/inbound/tests/test_session.py" line="68" time="0.006" /><testcase classname="aries_cloudagent.transport.inbound.tests.test_session.TestInboundSession" name="test_wait_response" file="aries_cloudagent/transport/inbound/tests/test_session.py" line="257" time="0.013" /><testcase classname="aries_cloudagent.transport.inbound.tests.test_session.TestInboundSession" name="test_wait_response_x" file="aries_cloudagent/transport/inbound/tests/test_session.py" line="280" time="0.117" /><testcase classname="aries_cloudagent.transport.inbound.tests.test_ws_transport" name="ruff" file="aries_cloudagent/transport/inbound/tests/test_ws_transport.py" time="0.040" /><testcase classname="aries_cloudagent.transport.inbound.tests.test_ws_transport.TestWsTransport" name="test_message_and_response" file="aries_cloudagent/transport/inbound/tests/test_ws_transport.py" line="79" time="0.064" /><testcase classname="aries_cloudagent.transport.inbound.tests.test_ws_transport.TestWsTransport" name="test_start_x" file="aries_cloudagent/transport/inbound/tests/test_ws_transport.py" line="69" time="0.024" /><testcase classname="aries_cloudagent.transport.outbound.__init__" name="ruff" file="aries_cloudagent/transport/outbound/__init__.py" time="0.036" /><testcase classname="aries_cloudagent.transport.outbound.base" name="ruff" file="aries_cloudagent/transport/outbound/base.py" time="0.049" /><testcase classname="aries_cloudagent.transport.outbound.http" name="ruff" file="aries_cloudagent/transport/outbound/http.py" time="0.046" /><testcase classname="aries_cloudagent.transport.outbound.manager" name="ruff" file="aries_cloudagent/transport/outbound/manager.py" time="0.049" /><testcase classname="aries_cloudagent.transport.outbound.message" name="ruff" file="aries_cloudagent/transport/outbound/message.py" time="0.044" /><testcase classname="aries_cloudagent.transport.outbound.status" name="ruff" file="aries_cloudagent/transport/outbound/status.py" time="0.056" /><testcase classname="aries_cloudagent.transport.outbound.ws" name="ruff" file="aries_cloudagent/transport/outbound/ws.py" time="0.049" /><testcase classname="aries_cloudagent.transport.outbound.tests.__init__" name="ruff" file="aries_cloudagent/transport/outbound/tests/__init__.py" time="0.046" /><testcase classname="aries_cloudagent.transport.outbound.tests.test_http_transport" name="ruff" file="aries_cloudagent/transport/outbound/tests/test_http_transport.py" time="0.048" /><testcase classname="aries_cloudagent.transport.outbound.tests.test_http_transport.TestHttpTransport" name="test_handle_message_api_key" file="aries_cloudagent/transport/outbound/tests/test_http_transport.py" line="51" time="0.061" /><testcase classname="aries_cloudagent.transport.outbound.tests.test_http_transport.TestHttpTransport" name="test_handle_message_no_api_key" file="aries_cloudagent/transport/outbound/tests/test_http_transport.py" line="37" time="0.046" /><testcase classname="aries_cloudagent.transport.outbound.tests.test_http_transport.TestHttpTransport" name="test_handle_message_packed_compat_mime_type" file="aries_cloudagent/transport/outbound/tests/test_http_transport.py" line="69" time="0.042" /><testcase classname="aries_cloudagent.transport.outbound.tests.test_http_transport.TestHttpTransport" name="test_handle_message_packed_standard_mime_type" file="aries_cloudagent/transport/outbound/tests/test_http_transport.py" line="84" time="0.048" /><testcase classname="aries_cloudagent.transport.outbound.tests.test_http_transport.TestHttpTransport" name="test_stats" file="aries_cloudagent/transport/outbound/tests/test_http_transport.py" line="100" time="0.048" /><testcase classname="aries_cloudagent.transport.outbound.tests.test_http_transport.TestHttpTransport" name="test_transport_coverage" file="aries_cloudagent/transport/outbound/tests/test_http_transport.py" line="120" time="0.029" /><testcase classname="aries_cloudagent.transport.outbound.tests.test_manager" name="ruff" file="aries_cloudagent/transport/outbound/tests/test_manager.py" time="0.051" /><testcase classname="aries_cloudagent.transport.outbound.tests.test_manager.TestOutboundTransportManager" name="test_enqueue_webhook" file="aries_cloudagent/transport/outbound/tests/test_manager.py" line="132" time="0.033" /><testcase classname="aries_cloudagent.transport.outbound.tests.test_manager.TestOutboundTransportManager" name="test_finished_deliver_x_log_debug" file="aries_cloudagent/transport/outbound/tests/test_manager.py" line="294" time="0.022" /><testcase classname="aries_cloudagent.transport.outbound.tests.test_manager.TestOutboundTransportManager" name="test_maximum_retry_count" file="aries_cloudagent/transport/outbound/tests/test_manager.py" line="34" time="0.008" /><testcase classname="aries_cloudagent.transport.outbound.tests.test_manager.TestOutboundTransportManager" name="test_process_done_x" file="aries_cloudagent/transport/outbound/tests/test_manager.py" line="166" time="0.027" /><testcase classname="aries_cloudagent.transport.outbound.tests.test_manager.TestOutboundTransportManager" name="test_process_finished_x" file="aries_cloudagent/transport/outbound/tests/test_manager.py" line="180" time="0.020" /><testcase classname="aries_cloudagent.transport.outbound.tests.test_manager.TestOutboundTransportManager" name="test_process_loop_new" file="aries_cloudagent/transport/outbound/tests/test_manager.py" line="233" time="0.029" /><testcase classname="aries_cloudagent.transport.outbound.tests.test_manager.TestOutboundTransportManager" name="test_process_loop_new_deliver" file="aries_cloudagent/transport/outbound/tests/test_manager.py" line="256" time="0.012" /><testcase classname="aries_cloudagent.transport.outbound.tests.test_manager.TestOutboundTransportManager" name="test_process_loop_retry_later" file="aries_cloudagent/transport/outbound/tests/test_manager.py" line="214" time="0.011" /><testcase classname="aries_cloudagent.transport.outbound.tests.test_manager.TestOutboundTransportManager" name="test_process_loop_retry_now" file="aries_cloudagent/transport/outbound/tests/test_manager.py" line="195" time="0.012" /><testcase classname="aries_cloudagent.transport.outbound.tests.test_manager.TestOutboundTransportManager" name="test_process_loop_x" file="aries_cloudagent/transport/outbound/tests/test_manager.py" line="279" time="0.015" /><testcase classname="aries_cloudagent.transport.outbound.tests.test_manager.TestOutboundTransportManager" name="test_register_path" file="aries_cloudagent/transport/outbound/tests/test_manager.py" line="20" time="0.009" /><testcase classname="aries_cloudagent.transport.outbound.tests.test_manager.TestOutboundTransportManager" name="test_send_message" file="aries_cloudagent/transport/outbound/tests/test_manager.py" line="47" time="0.036" /><testcase classname="aries_cloudagent.transport.outbound.tests.test_manager.TestOutboundTransportManager" name="test_setup" file="aries_cloudagent/transport/outbound/tests/test_manager.py" line="40" time="0.015" /><testcase classname="aries_cloudagent.transport.outbound.tests.test_manager.TestOutboundTransportManager" name="test_should_encode_outbound_message" file="aries_cloudagent/transport/outbound/tests/test_manager.py" line="314" time="0.025" /><testcase classname="aries_cloudagent.transport.outbound.tests.test_manager.TestOutboundTransportManager" name="test_should_not_encode_already_packed_message" file="aries_cloudagent/transport/outbound/tests/test_manager.py" line="335" time="0.015" /><testcase classname="aries_cloudagent.transport.outbound.tests.test_manager.TestOutboundTransportManager" name="test_stop_cancel" file="aries_cloudagent/transport/outbound/tests/test_manager.py" line="122" time="0.017" /><testcase classname="aries_cloudagent.transport.outbound.tests.test_ws_transport" name="ruff" file="aries_cloudagent/transport/outbound/tests/test_ws_transport.py" time="0.046" /><testcase classname="aries_cloudagent.transport.outbound.tests.test_ws_transport.TestWsTransport" name="test_handle_message" file="aries_cloudagent/transport/outbound/tests/test_ws_transport.py" line="38" time="0.100" /><testcase classname="aries_cloudagent.transport.queue.__init__" name="ruff" file="aries_cloudagent/transport/queue/__init__.py" time="0.047" /><testcase classname="aries_cloudagent.transport.queue.base" name="ruff" file="aries_cloudagent/transport/queue/base.py" time="0.050" /><testcase classname="aries_cloudagent.transport.queue.basic" name="ruff" file="aries_cloudagent/transport/queue/basic.py" time="0.037" /><testcase classname="aries_cloudagent.transport.queue.tests.__init__" name="ruff" file="aries_cloudagent/transport/queue/tests/__init__.py" time="0.041" /><testcase classname="aries_cloudagent.transport.queue.tests.test_basic_queue" name="ruff" file="aries_cloudagent/transport/queue/tests/test_basic_queue.py" time="0.046" /><testcase classname="aries_cloudagent.transport.queue.tests.test_basic_queue.TestBasicQueue" name="test_async_iter" file="aries_cloudagent/transport/queue/tests/test_basic_queue.py" line="100" time="0.017" /><testcase classname="aries_cloudagent.transport.queue.tests.test_basic_queue.TestBasicQueue" name="test_dequeue_none" file="aries_cloudagent/transport/queue/tests/test_basic_queue.py" line="67" time="0.041" /><testcase classname="aries_cloudagent.transport.queue.tests.test_basic_queue.TestBasicQueue" name="test_dequeue_x" file="aries_cloudagent/transport/queue/tests/test_basic_queue.py" line="34" time="0.027" /><testcase classname="aries_cloudagent.transport.queue.tests.test_basic_queue.TestBasicQueue" name="test_enqueue_dequeue" file="aries_cloudagent/transport/queue/tests/test_basic_queue.py" line="19" time="0.016" /><testcase classname="aries_cloudagent.transport.queue.tests.test_basic_queue.TestBasicQueue" name="test_stopped" file="aries_cloudagent/transport/queue/tests/test_basic_queue.py" line="109" time="0.014" /><testcase classname="aries_cloudagent.transport.tests.__init__" name="ruff" file="aries_cloudagent/transport/tests/__init__.py" time="0.045" /><testcase classname="aries_cloudagent.transport.tests.test_pack_format" name="ruff" file="aries_cloudagent/transport/tests/test_pack_format.py" time="0.051" /><testcase classname="aries_cloudagent.transport.tests.test_pack_format.TestPackWireFormat" name="test_encode_decode" file="aries_cloudagent/transport/tests/test_pack_format.py" line="138" time="0.038" /><testcase classname="aries_cloudagent.transport.tests.test_pack_format.TestPackWireFormat" name="test_errors" file="aries_cloudagent/transport/tests/test_pack_format.py" line="38" time="0.024" /><testcase classname="aries_cloudagent.transport.tests.test_pack_format.TestPackWireFormat" name="test_fallback" file="aries_cloudagent/transport/tests/test_pack_format.py" line="125" time="0.016" /><testcase classname="aries_cloudagent.transport.tests.test_pack_format.TestPackWireFormat" name="test_forward" file="aries_cloudagent/transport/tests/test_pack_format.py" line="172" time="0.035" /><testcase classname="aries_cloudagent.transport.tests.test_pack_format.TestPackWireFormat" name="test_get_recipient_keys" file="aries_cloudagent/transport/tests/test_pack_format.py" line="199" time="0.016" /><testcase classname="aries_cloudagent.transport.tests.test_pack_format.TestPackWireFormat" name="test_get_recipient_keys_fails" file="aries_cloudagent/transport/tests/test_pack_format.py" line="214" time="0.010" /><testcase classname="aries_cloudagent.transport.tests.test_pack_format.TestPackWireFormat" name="test_pack_x" file="aries_cloudagent/transport/tests/test_pack_format.py" line="79" time="0.028" /><testcase classname="aries_cloudagent.transport.tests.test_pack_format.TestPackWireFormat" name="test_unpacked" file="aries_cloudagent/transport/tests/test_pack_format.py" line="114" time="0.018" /><testcase classname="aries_cloudagent.transport.tests.test_stats" name="ruff" file="aries_cloudagent/transport/tests/test_stats.py" time="0.044" /><testcase classname="aries_cloudagent.transport.tests.test_stats.TestStatsTracer" name="test_connection_ready_error_pass" file="aries_cloudagent/transport/tests/test_stats.py" line="20" time="0.024" /><testcase classname="aries_cloudagent.transport.tests.test_stats.TestStatsTracer" name="test_queued_start_stop" file="aries_cloudagent/transport/tests/test_stats.py" line="16" time="0.018" /><testcase classname="aries_cloudagent.transport.tests.test_wire_format" name="ruff" file="aries_cloudagent/transport/tests/test_wire_format.py" time="0.065" /><testcase classname="aries_cloudagent.transport.tests.test_wire_format.TestWireFormat" name="test_get_recipient_keys" file="aries_cloudagent/transport/tests/test_wire_format.py" line="6" time="0.011" /><testcase classname="aries_cloudagent.utils.__init__" name="ruff" file="aries_cloudagent/utils/__init__.py" time="0.044" /><testcase classname="aries_cloudagent.utils.classloader" name="ruff" file="aries_cloudagent/utils/classloader.py" time="0.050" /><testcase classname="aries_cloudagent.utils.dependencies" name="ruff" file="aries_cloudagent/utils/dependencies.py" time="0.052" /><testcase classname="aries_cloudagent.utils.env" name="ruff" file="aries_cloudagent/utils/env.py" time="0.059" /><testcase classname="aries_cloudagent.utils.http" name="ruff" file="aries_cloudagent/utils/http.py" time="0.047" /><testcase classname="aries_cloudagent.utils.jwe" name="ruff" file="aries_cloudagent/utils/jwe.py" time="0.046" /><testcase classname="aries_cloudagent.utils.multi_ledger" name="ruff" file="aries_cloudagent/utils/multi_ledger.py" time="0.050" /><testcase classname="aries_cloudagent.utils.outofband" name="ruff" file="aries_cloudagent/utils/outofband.py" time="0.046" /><testcase classname="aries_cloudagent.utils.repeat" name="ruff" file="aries_cloudagent/utils/repeat.py" time="0.045" /><testcase classname="aries_cloudagent.utils.stats" name="ruff" file="aries_cloudagent/utils/stats.py" time="0.042" /><testcase classname="aries_cloudagent.utils.task_queue" name="ruff" file="aries_cloudagent/utils/task_queue.py" time="0.051" /><testcase classname="aries_cloudagent.utils.tracing" name="ruff" file="aries_cloudagent/utils/tracing.py" time="0.052" /><testcase classname="aries_cloudagent.utils.multiformats.__init__" name="ruff" file="aries_cloudagent/utils/multiformats/__init__.py" time="0.042" /><testcase classname="aries_cloudagent.utils.multiformats.multibase" name="ruff" file="aries_cloudagent/utils/multiformats/multibase.py" time="0.047" /><testcase classname="aries_cloudagent.utils.multiformats.multicodec" name="ruff" file="aries_cloudagent/utils/multiformats/multicodec.py" time="0.053" /><testcase classname="aries_cloudagent.utils.tests.__init__" name="ruff" file="aries_cloudagent/utils/tests/__init__.py" time="0.051" /><testcase classname="aries_cloudagent.utils.tests.test_classloader" name="ruff" file="aries_cloudagent/utils/tests/test_classloader.py" time="0.043" /><testcase classname="aries_cloudagent.utils.tests.test_classloader.TestClassLoader" name="test_import_error" file="aries_cloudagent/utils/tests/test_classloader.py" line="47" time="0.012" /><testcase classname="aries_cloudagent.utils.tests.test_classloader.TestClassLoader" name="test_import_loaded" file="aries_cloudagent/utils/tests/test_classloader.py" line="10" time="0.002" /><testcase classname="aries_cloudagent.utils.tests.test_classloader.TestClassLoader" name="test_import_local" file="aries_cloudagent/utils/tests/test_classloader.py" line="13" time="0.005" /><testcase classname="aries_cloudagent.utils.tests.test_classloader.TestClassLoader" name="test_import_missing" file="aries_cloudagent/utils/tests/test_classloader.py" line="39" time="0.006" /><testcase classname="aries_cloudagent.utils.tests.test_classloader.TestClassLoader" name="test_import_relative" file="aries_cloudagent/utils/tests/test_classloader.py" line="20" time="0.010" /><testcase classname="aries_cloudagent.utils.tests.test_classloader.TestClassLoader" name="test_load_class" file="aries_cloudagent/utils/tests/test_classloader.py" line="55" time="0.002" /><testcase classname="aries_cloudagent.utils.tests.test_classloader.TestClassLoader" name="test_load_class_missing" file="aries_cloudagent/utils/tests/test_classloader.py" line="59" time="0.004" /><testcase classname="aries_cloudagent.utils.tests.test_classloader.TestClassLoader" name="test_load_subclass" file="aries_cloudagent/utils/tests/test_classloader.py" line="71" time="0.003" /><testcase classname="aries_cloudagent.utils.tests.test_classloader.TestClassLoader" name="test_load_subclass_missing" file="aries_cloudagent/utils/tests/test_classloader.py" line="74" time="0.003" /><testcase classname="aries_cloudagent.utils.tests.test_classloader.TestClassLoader" name="test_scan_packages" file="aries_cloudagent/utils/tests/test_classloader.py" line="84" time="0.008" /><testcase classname="aries_cloudagent.utils.tests.test_classloader.TestClassLoader" name="test_scan_packages_missing" file="aries_cloudagent/utils/tests/test_classloader.py" line="90" time="0.005" /><testcase classname="aries_cloudagent.utils.tests.test_http" name="ruff" file="aries_cloudagent/utils/tests/test_http.py" time="0.052" /><testcase classname="aries_cloudagent.utils.tests.test_http.TestTransportUtils" name="test_fetch" file="aries_cloudagent/utils/tests/test_http.py" line="91" time="0.060" /><testcase classname="aries_cloudagent.utils.tests.test_http.TestTransportUtils" name="test_fetch_default_client" file="aries_cloudagent/utils/tests/test_http.py" line="99" time="0.047" /><testcase classname="aries_cloudagent.utils.tests.test_http.TestTransportUtils" name="test_fetch_fail" file="aries_cloudagent/utils/tests/test_http.py" line="105" time="0.046" /><testcase classname="aries_cloudagent.utils.tests.test_http.TestTransportUtils" name="test_fetch_stream" file="aries_cloudagent/utils/tests/test_http.py" line="64" time="0.047" /><testcase classname="aries_cloudagent.utils.tests.test_http.TestTransportUtils" name="test_fetch_stream_default_client" file="aries_cloudagent/utils/tests/test_http.py" line="73" time="0.046" /><testcase classname="aries_cloudagent.utils.tests.test_http.TestTransportUtils" name="test_fetch_stream_fail" file="aries_cloudagent/utils/tests/test_http.py" line="80" time="0.054" /><testcase classname="aries_cloudagent.utils.tests.test_http.TestTransportUtils" name="test_put_file_default_client" file="aries_cloudagent/utils/tests/test_http.py" line="129" time="0.054" /><testcase classname="aries_cloudagent.utils.tests.test_http.TestTransportUtils" name="test_put_file_fail" file="aries_cloudagent/utils/tests/test_http.py" line="141" time="1.081" /><testcase classname="aries_cloudagent.utils.tests.test_http.TestTransportUtils" name="test_put_file_redirect" file="aries_cloudagent/utils/tests/test_http.py" line="154" time="1.095" /><testcase classname="aries_cloudagent.utils.tests.test_http.TestTransportUtils" name="test_put_file_with_session" file="aries_cloudagent/utils/tests/test_http.py" line="116" time="10.913" /><testcase classname="aries_cloudagent.utils.tests.test_jwe" name="ruff" file="aries_cloudagent/utils/tests/test_jwe.py" time="0.050" /><testcase classname="aries_cloudagent.utils.tests.test_jwe.TestJwe" name="test_envelope_load_multiple_recipients" file="aries_cloudagent/utils/tests/test_jwe.py" line="51" time="0.011" /><testcase classname="aries_cloudagent.utils.tests.test_jwe.TestJwe" name="test_envelope_load_single_recipient" file="aries_cloudagent/utils/tests/test_jwe.py" line="17" time="0.004" /><testcase classname="aries_cloudagent.utils.tests.test_jwe.TestJwe" name="test_envelope_serialize_multiple_recipients" file="aries_cloudagent/utils/tests/test_jwe.py" line="124" time="0.004" /><testcase classname="aries_cloudagent.utils.tests.test_jwe.TestJwe" name="test_envelope_serialize_single_recipient" file="aries_cloudagent/utils/tests/test_jwe.py" line="88" time="0.005" /><testcase classname="aries_cloudagent.utils.tests.test_multiformats" name="ruff" file="aries_cloudagent/utils/tests/test_multiformats.py" time="0.058" /><testcase classname="aries_cloudagent.utils.tests.test_multiformats" name="test_encode_decode" file="aries_cloudagent/utils/tests/test_multiformats.py" line="4" time="0.002" /><testcase classname="aries_cloudagent.utils.tests.test_multiformats" name="test_encode_decode_by_encoding" file="aries_cloudagent/utils/tests/test_multiformats.py" line="12" time="0.002" /><testcase classname="aries_cloudagent.utils.tests.test_multiformats" name="test_x_unknown_encoding" file="aries_cloudagent/utils/tests/test_multiformats.py" line="20" time="0.003" /><testcase classname="aries_cloudagent.utils.tests.test_multiformats" name="test_x_unknown_character" file="aries_cloudagent/utils/tests/test_multiformats.py" line="25" time="0.002" /><testcase classname="aries_cloudagent.utils.tests.test_multiformats" name="test_x_invalid_encoding" file="aries_cloudagent/utils/tests/test_multiformats.py" line="30" time="0.002" /><testcase classname="aries_cloudagent.utils.tests.test_multiformats" name="test_wrap_unwrap" file="aries_cloudagent/utils/tests/test_multiformats.py" line="35" time="0.003" /><testcase classname="aries_cloudagent.utils.tests.test_multiformats" name="test_wrap_unwrap_custom" file="aries_cloudagent/utils/tests/test_multiformats.py" line="43" time="0.003" /><testcase classname="aries_cloudagent.utils.tests.test_multiformats" name="test_wrap_unwrap_by_codec" file="aries_cloudagent/utils/tests/test_multiformats.py" line="52" time="0.003" /><testcase classname="aries_cloudagent.utils.tests.test_multiformats" name="test_x_unknown_multicodec" file="aries_cloudagent/utils/tests/test_multiformats.py" line="60" time="0.003" /><testcase classname="aries_cloudagent.utils.tests.test_multiformats" name="test_x_invalid_multicodec" file="aries_cloudagent/utils/tests/test_multiformats.py" line="65" time="0.003" /><testcase classname="aries_cloudagent.utils.tests.test_multiformats" name="test_x_invalid_multicodec_unwrap" file="aries_cloudagent/utils/tests/test_multiformats.py" line="70" time="0.002" /><testcase classname="aries_cloudagent.utils.tests.test_outofband" name="ruff" file="aries_cloudagent/utils/tests/test_outofband.py" time="0.039" /><testcase classname="aries_cloudagent.utils.tests.test_outofband.TestOutOfBand" name="test_serialize_oob" file="aries_cloudagent/utils/tests/test_outofband.py" line="14" time="0.015" /><testcase classname="aries_cloudagent.utils.tests.test_repeat" name="ruff" file="aries_cloudagent/utils/tests/test_repeat.py" time="0.041" /><testcase classname="aries_cloudagent.utils.tests.test_repeat.TestRepeat" name="test_aiter" file="aries_cloudagent/utils/tests/test_repeat.py" line="19" time="0.011" /><testcase classname="aries_cloudagent.utils.tests.test_repeat.TestRepeat" name="test_iter" file="aries_cloudagent/utils/tests/test_repeat.py" line="7" time="0.013" /><testcase classname="aries_cloudagent.utils.tests.test_repeat.TestRepeat" name="test_repr" file="aries_cloudagent/utils/tests/test_repeat.py" line="34" time="0.013" /><testcase classname="aries_cloudagent.utils.tests.test_stats" name="ruff" file="aries_cloudagent/utils/tests/test_stats.py" time="0.046" /><testcase classname="aries_cloudagent.utils.tests.test_stats.TestStats" name="test_disable" file="aries_cloudagent/utils/tests/test_stats.py" line="68" time="0.014" /><testcase classname="aries_cloudagent.utils.tests.test_stats.TestStats" name="test_extract" file="aries_cloudagent/utils/tests/test_stats.py" line="80" time="0.011" /><testcase classname="aries_cloudagent.utils.tests.test_stats.TestStats" name="test_fn_decorator" file="aries_cloudagent/utils/tests/test_stats.py" line="8" time="0.009" /><testcase classname="aries_cloudagent.utils.tests.test_stats.TestStats" name="test_method_decorator" file="aries_cloudagent/utils/tests/test_stats.py" line="23" time="0.009" /><testcase classname="aries_cloudagent.utils.tests.test_task_queue" name="ruff" file="aries_cloudagent/utils/tests/test_task_queue.py" time="0.074" /><testcase classname="aries_cloudagent.utils.tests.test_task_queue.TestTaskQueue" name="test_cancel_all" file="aries_cloudagent/utils/tests/test_task_queue.py" line="148" time="0.022" /><testcase classname="aries_cloudagent.utils.tests.test_task_queue.TestTaskQueue" name="test_cancel_long" file="aries_cloudagent/utils/tests/test_task_queue.py" line="174" time="0.008" /><testcase classname="aries_cloudagent.utils.tests.test_task_queue.TestTaskQueue" name="test_cancel_pending" file="aries_cloudagent/utils/tests/test_task_queue.py" line="116" time="0.010" /><testcase classname="aries_cloudagent.utils.tests.test_task_queue.TestTaskQueue" name="test_complete" file="aries_cloudagent/utils/tests/test_task_queue.py" line="91" time="0.024" /><testcase classname="aries_cloudagent.utils.tests.test_task_queue.TestTaskQueue" name="test_complete_with_timeout" file="aries_cloudagent/utils/tests/test_task_queue.py" line="186" time="0.028" /><testcase classname="aries_cloudagent.utils.tests.test_task_queue.TestTaskQueue" name="test_drain_done" file="aries_cloudagent/utils/tests/test_task_queue.py" line="134" time="0.038" /><testcase classname="aries_cloudagent.utils.tests.test_task_queue.TestTaskQueue" name="test_pending" file="aries_cloudagent/utils/tests/test_task_queue.py" line="71" time="0.033" /><testcase classname="aries_cloudagent.utils.tests.test_task_queue.TestTaskQueue" name="test_put_limited" file="aries_cloudagent/utils/tests/test_task_queue.py" line="53" time="0.013" /><testcase classname="aries_cloudagent.utils.tests.test_task_queue.TestTaskQueue" name="test_put_no_limit" file="aries_cloudagent/utils/tests/test_task_queue.py" line="36" time="0.011" /><testcase classname="aries_cloudagent.utils.tests.test_task_queue.TestTaskQueue" name="test_repeat_callback" file="aries_cloudagent/utils/tests/test_task_queue.py" line="197" time="0.021" /><testcase classname="aries_cloudagent.utils.tests.test_task_queue.TestTaskQueue" name="test_run" file="aries_cloudagent/utils/tests/test_task_queue.py" line="15" time="0.012" /><testcase classname="aries_cloudagent.utils.tests.test_task_queue.TestTaskQueue" name="test_timed" file="aries_cloudagent/utils/tests/test_task_queue.py" line="212" time="0.015" /><testcase classname="aries_cloudagent.utils.tests.test_tracing" name="ruff" file="aries_cloudagent/utils/tests/test_tracing.py" time="0.047" /><testcase classname="aries_cloudagent.utils.tests.test_tracing.TestTracing" name="test_decode_inbound_message" file="aries_cloudagent/utils/tests/test_tracing.py" line="72" time="0.009" /><testcase classname="aries_cloudagent.utils.tests.test_tracing.TestTracing" name="test_get_timer" file="aries_cloudagent/utils/tests/test_tracing.py" line="21" time="0.008" /><testcase classname="aries_cloudagent.utils.tests.test_tracing.TestTracing" name="test_log_event" file="aries_cloudagent/utils/tests/test_tracing.py" line="94" time="0.021" /><testcase classname="aries_cloudagent.utils.tests.test_tracing.TestTracing" name="test_post_event" file="aries_cloudagent/utils/tests/test_tracing.py" line="135" time="10.164" /><testcase classname="aries_cloudagent.utils.tests.test_tracing.TestTracing" name="test_post_event_with_error" file="aries_cloudagent/utils/tests/test_tracing.py" line="151" time="11.312" /><testcase classname="aries_cloudagent.utils.tests.test_tracing.TestTracing" name="test_post_msg_decorator_event" file="aries_cloudagent/utils/tests/test_tracing.py" line="172" time="0.014" /><testcase classname="aries_cloudagent.utils.tests.test_tracing.TestTracing" name="test_tracing_enabled" file="aries_cloudagent/utils/tests/test_tracing.py" line="24" time="0.015" /><testcase classname="aries_cloudagent.vc.__init__" name="ruff" file="aries_cloudagent/vc/__init__.py" time="0.049" /><testcase classname="aries_cloudagent.vc.ld_proofs.__init__" name="ruff" file="aries_cloudagent/vc/ld_proofs/__init__.py" time="0.053" /><testcase classname="aries_cloudagent.vc.ld_proofs.check" name="ruff" file="aries_cloudagent/vc/ld_proofs/check.py" time="0.062" /><testcase classname="aries_cloudagent.vc.ld_proofs.constants" name="ruff" file="aries_cloudagent/vc/ld_proofs/constants.py" time="0.052" /><testcase classname="aries_cloudagent.vc.ld_proofs.document_downloader" name="ruff" file="aries_cloudagent/vc/ld_proofs/document_downloader.py" time="0.048" /><testcase classname="aries_cloudagent.vc.ld_proofs.document_loader" name="ruff" file="aries_cloudagent/vc/ld_proofs/document_loader.py" time="0.055" /><testcase classname="aries_cloudagent.vc.ld_proofs.error" name="ruff" file="aries_cloudagent/vc/ld_proofs/error.py" time="0.047" /><testcase classname="aries_cloudagent.vc.ld_proofs.ld_proofs" name="ruff" file="aries_cloudagent/vc/ld_proofs/ld_proofs.py" time="0.053" /><testcase classname="aries_cloudagent.vc.ld_proofs.proof_set" name="ruff" file="aries_cloudagent/vc/ld_proofs/proof_set.py" time="0.057" /><testcase classname="aries_cloudagent.vc.ld_proofs.validation_result" name="ruff" file="aries_cloudagent/vc/ld_proofs/validation_result.py" time="0.054" /><testcase classname="aries_cloudagent.vc.ld_proofs.crypto.__init__" name="ruff" file="aries_cloudagent/vc/ld_proofs/crypto/__init__.py" time="0.045" /><testcase classname="aries_cloudagent.vc.ld_proofs.crypto.key_pair" name="ruff" file="aries_cloudagent/vc/ld_proofs/crypto/key_pair.py" time="0.046" /><testcase classname="aries_cloudagent.vc.ld_proofs.crypto.wallet_key_pair" name="ruff" file="aries_cloudagent/vc/ld_proofs/crypto/wallet_key_pair.py" time="0.056" /><testcase classname="aries_cloudagent.vc.ld_proofs.crypto.tests.__init__" name="ruff" file="aries_cloudagent/vc/ld_proofs/crypto/tests/__init__.py" time="0.050" /><testcase classname="aries_cloudagent.vc.ld_proofs.crypto.tests.test_wallet_key_pair" name="ruff" file="aries_cloudagent/vc/ld_proofs/crypto/tests/test_wallet_key_pair.py" time="0.052" /><testcase classname="aries_cloudagent.vc.ld_proofs.crypto.tests.test_wallet_key_pair.TestWalletKeyPair" name="test_from_verification_method_x_no_public_key_base58" file="aries_cloudagent/vc/ld_proofs/crypto/tests/test_wallet_key_pair.py" line="74" time="0.016" /><testcase classname="aries_cloudagent.vc.ld_proofs.crypto.tests.test_wallet_key_pair.TestWalletKeyPair" name="test_sign" file="aries_cloudagent/vc/ld_proofs/crypto/tests/test_wallet_key_pair.py" line="23" time="0.044" /><testcase classname="aries_cloudagent.vc.ld_proofs.crypto.tests.test_wallet_key_pair.TestWalletKeyPair" name="test_sign_x_no_public_key" file="aries_cloudagent/vc/ld_proofs/crypto/tests/test_wallet_key_pair.py" line="16" time="0.012" /><testcase classname="aries_cloudagent.vc.ld_proofs.crypto.tests.test_wallet_key_pair.TestWalletKeyPair" name="test_verify" file="aries_cloudagent/vc/ld_proofs/crypto/tests/test_wallet_key_pair.py" line="51" time="0.016" /><testcase classname="aries_cloudagent.vc.ld_proofs.crypto.tests.test_wallet_key_pair.TestWalletKeyPair" name="test_verify_x_no_public_key" file="aries_cloudagent/vc/ld_proofs/crypto/tests/test_wallet_key_pair.py" line="44" time="0.008" /><testcase classname="aries_cloudagent.vc.ld_proofs.purposes.__init__" name="ruff" file="aries_cloudagent/vc/ld_proofs/purposes/__init__.py" time="0.058" /><testcase classname="aries_cloudagent.vc.ld_proofs.purposes.assertion_proof_purpose" name="ruff" file="aries_cloudagent/vc/ld_proofs/purposes/assertion_proof_purpose.py" time="0.050" /><testcase classname="aries_cloudagent.vc.ld_proofs.purposes.authentication_proof_purpose" name="ruff" file="aries_cloudagent/vc/ld_proofs/purposes/authentication_proof_purpose.py" time="0.055" /><testcase classname="aries_cloudagent.vc.ld_proofs.purposes.controller_proof_purpose" name="ruff" file="aries_cloudagent/vc/ld_proofs/purposes/controller_proof_purpose.py" time="0.053" /><testcase classname="aries_cloudagent.vc.ld_proofs.purposes.credential_issuance_purpose" name="ruff" file="aries_cloudagent/vc/ld_proofs/purposes/credential_issuance_purpose.py" time="0.044" /><testcase classname="aries_cloudagent.vc.ld_proofs.purposes.proof_purpose" name="ruff" file="aries_cloudagent/vc/ld_proofs/purposes/proof_purpose.py" time="0.044" /><testcase classname="aries_cloudagent.vc.ld_proofs.purposes.tests.__init__" name="ruff" file="aries_cloudagent/vc/ld_proofs/purposes/tests/__init__.py" time="0.043" /><testcase classname="aries_cloudagent.vc.ld_proofs.purposes.tests.test_authentication_proof_purpose" name="ruff" file="aries_cloudagent/vc/ld_proofs/purposes/tests/test_authentication_proof_purpose.py" time="0.062" /><testcase classname="aries_cloudagent.vc.ld_proofs.purposes.tests.test_authentication_proof_purpose.TestAuthenticationProofPurpose" name="test_properties" file="aries_cloudagent/vc/ld_proofs/purposes/tests/test_authentication_proof_purpose.py" line="10" time="0.024" /><testcase classname="aries_cloudagent.vc.ld_proofs.purposes.tests.test_authentication_proof_purpose.TestAuthenticationProofPurpose" name="test_update" file="aries_cloudagent/vc/ld_proofs/purposes/tests/test_authentication_proof_purpose.py" line="105" time="0.024" /><testcase classname="aries_cloudagent.vc.ld_proofs.purposes.tests.test_authentication_proof_purpose.TestAuthenticationProofPurpose" name="test_validate" file="aries_cloudagent/vc/ld_proofs/purposes/tests/test_authentication_proof_purpose.py" line="31" time="0.012" /><testcase classname="aries_cloudagent.vc.ld_proofs.purposes.tests.test_authentication_proof_purpose.TestAuthenticationProofPurpose" name="test_validate_x_challenge_does_not_match" file="aries_cloudagent/vc/ld_proofs/purposes/tests/test_authentication_proof_purpose.py" line="63" time="0.014" /><testcase classname="aries_cloudagent.vc.ld_proofs.purposes.tests.test_authentication_proof_purpose.TestAuthenticationProofPurpose" name="test_validate_x_domain_does_not_match" file="aries_cloudagent/vc/ld_proofs/purposes/tests/test_authentication_proof_purpose.py" line="84" time="0.018" /><testcase classname="aries_cloudagent.vc.ld_proofs.purposes.tests.test_controller_proof_purpose" name="ruff" file="aries_cloudagent/vc/ld_proofs/purposes/tests/test_controller_proof_purpose.py" time="0.049" /><testcase classname="aries_cloudagent.vc.ld_proofs.purposes.tests.test_controller_proof_purpose.TestControllerProofPurpose" name="test_properties" file="aries_cloudagent/vc/ld_proofs/purposes/tests/test_controller_proof_purpose.py" line="11" time="0.015" /><testcase classname="aries_cloudagent.vc.ld_proofs.purposes.tests.test_controller_proof_purpose.TestControllerProofPurpose" name="test_validate" file="aries_cloudagent/vc/ld_proofs/purposes/tests/test_controller_proof_purpose.py" line="29" time="0.036" /><testcase classname="aries_cloudagent.vc.ld_proofs.purposes.tests.test_controller_proof_purpose.TestControllerProofPurpose" name="test_validate_controller_invalid_type" file="aries_cloudagent/vc/ld_proofs/purposes/tests/test_controller_proof_purpose.py" line="52" time="0.013" /><testcase classname="aries_cloudagent.vc.ld_proofs.purposes.tests.test_controller_proof_purpose.TestControllerProofPurpose" name="test_validate_x_not_authorized" file="aries_cloudagent/vc/ld_proofs/purposes/tests/test_controller_proof_purpose.py" line="76" time="0.021" /><testcase classname="aries_cloudagent.vc.ld_proofs.purposes.tests.test_controller_proof_purpose.TestControllerProofPurpose" name="test_validate_x_super_invalid" file="aries_cloudagent/vc/ld_proofs/purposes/tests/test_controller_proof_purpose.py" line="100" time="0.024" /><testcase classname="aries_cloudagent.vc.ld_proofs.purposes.tests.test_credential_issuance_purpose" name="ruff" file="aries_cloudagent/vc/ld_proofs/purposes/tests/test_credential_issuance_purpose.py" time="0.058" /><testcase classname="aries_cloudagent.vc.ld_proofs.purposes.tests.test_credential_issuance_purpose.TestCredentialIssuancePurpose" name="test_properties" file="aries_cloudagent/vc/ld_proofs/purposes/tests/test_credential_issuance_purpose.py" line="12" time="0.023" /><testcase classname="aries_cloudagent.vc.ld_proofs.purposes.tests.test_credential_issuance_purpose.TestCredentialIssuancePurpose" name="test_validate" file="aries_cloudagent/vc/ld_proofs/purposes/tests/test_credential_issuance_purpose.py" line="25" time="0.040" /><testcase classname="aries_cloudagent.vc.ld_proofs.purposes.tests.test_credential_issuance_purpose.TestCredentialIssuancePurpose" name="test_validate_x_no_issuer" file="aries_cloudagent/vc/ld_proofs/purposes/tests/test_credential_issuance_purpose.py" line="53" time="0.031" /><testcase classname="aries_cloudagent.vc.ld_proofs.purposes.tests.test_credential_issuance_purpose.TestCredentialIssuancePurpose" name="test_validate_x_no_match_issuer" file="aries_cloudagent/vc/ld_proofs/purposes/tests/test_credential_issuance_purpose.py" line="76" time="0.042" /><testcase classname="aries_cloudagent.vc.ld_proofs.purposes.tests.test_credential_issuance_purpose.TestCredentialIssuancePurpose" name="test_validate_x_super_invalid" file="aries_cloudagent/vc/ld_proofs/purposes/tests/test_credential_issuance_purpose.py" line="100" time="0.020" /><testcase classname="aries_cloudagent.vc.ld_proofs.purposes.tests.test_proof_purpose" name="ruff" file="aries_cloudagent/vc/ld_proofs/purposes/tests/test_proof_purpose.py" time="0.057" /><testcase classname="aries_cloudagent.vc.ld_proofs.purposes.tests.test_proof_purpose.TestProofPurpose" name="test_properties" file="aries_cloudagent/vc/ld_proofs/purposes/tests/test_proof_purpose.py" line="9" time="0.014" /><testcase classname="aries_cloudagent.vc.ld_proofs.purposes.tests.test_proof_purpose.TestProofPurpose" name="test_validate" file="aries_cloudagent/vc/ld_proofs/purposes/tests/test_proof_purpose.py" line="23" time="0.022" /><testcase classname="aries_cloudagent.vc.ld_proofs.purposes.tests.test_proof_purpose.TestProofPurpose" name="test_validate_timestamp_delta" file="aries_cloudagent/vc/ld_proofs/purposes/tests/test_proof_purpose.py" line="35" time="0.014" /><testcase classname="aries_cloudagent.vc.ld_proofs.purposes.tests.test_proof_purpose.TestProofPurpose" name="test_validate_timestamp_delta_out_of_rage" file="aries_cloudagent/vc/ld_proofs/purposes/tests/test_proof_purpose.py" line="50" time="0.013" /><testcase classname="aries_cloudagent.vc.ld_proofs.resources.__init__" name="ruff" file="aries_cloudagent/vc/ld_proofs/resources/__init__.py" time="0.063" /><testcase classname="aries_cloudagent.vc.ld_proofs.suites.__init__" name="ruff" file="aries_cloudagent/vc/ld_proofs/suites/__init__.py" time="0.053" /><testcase classname="aries_cloudagent.vc.ld_proofs.suites.bbs_bls_signature_2020" name="ruff" file="aries_cloudagent/vc/ld_proofs/suites/bbs_bls_signature_2020.py" time="0.058" /><testcase classname="aries_cloudagent.vc.ld_proofs.suites.bbs_bls_signature_2020_base" name="ruff" file="aries_cloudagent/vc/ld_proofs/suites/bbs_bls_signature_2020_base.py" time="0.053" /><testcase classname="aries_cloudagent.vc.ld_proofs.suites.bbs_bls_signature_proof_2020" name="ruff" file="aries_cloudagent/vc/ld_proofs/suites/bbs_bls_signature_proof_2020.py" time="0.047" /><testcase classname="aries_cloudagent.vc.ld_proofs.suites.ed25519_signature_2018" name="ruff" file="aries_cloudagent/vc/ld_proofs/suites/ed25519_signature_2018.py" time="0.053" /><testcase classname="aries_cloudagent.vc.ld_proofs.suites.ed25519_signature_2020" name="ruff" file="aries_cloudagent/vc/ld_proofs/suites/ed25519_signature_2020.py" time="0.048" /><testcase classname="aries_cloudagent.vc.ld_proofs.suites.jws_linked_data_signature" name="ruff" file="aries_cloudagent/vc/ld_proofs/suites/jws_linked_data_signature.py" time="0.049" /><testcase classname="aries_cloudagent.vc.ld_proofs.suites.linked_data_proof" name="ruff" file="aries_cloudagent/vc/ld_proofs/suites/linked_data_proof.py" time="0.057" /><testcase classname="aries_cloudagent.vc.ld_proofs.suites.linked_data_signature" name="ruff" file="aries_cloudagent/vc/ld_proofs/suites/linked_data_signature.py" time="0.059" /><testcase classname="aries_cloudagent.vc.ld_proofs.suites.tests.__init__" name="ruff" file="aries_cloudagent/vc/ld_proofs/suites/tests/__init__.py" time="0.050" /><testcase classname="aries_cloudagent.vc.ld_proofs.suites.tests.test_bbs_bls_signature_2020" name="ruff" file="aries_cloudagent/vc/ld_proofs/suites/tests/test_bbs_bls_signature_2020.py" time="0.047" /><testcase classname="aries_cloudagent.vc.ld_proofs.suites.tests.test_bbs_bls_signature_2020.TestBbsBlsSignature2020" name="test_sign_ld_proofs" file="aries_cloudagent/vc/ld_proofs/suites/tests/test_bbs_bls_signature_2020.py" line="47" time="0.606" /><testcase classname="aries_cloudagent.vc.ld_proofs.suites.tests.test_bbs_bls_signature_2020.TestBbsBlsSignature2020" name="test_sign_vc" file="aries_cloudagent/vc/ld_proofs/suites/tests/test_bbs_bls_signature_2020.py" line="109" time="0.110" /><testcase classname="aries_cloudagent.vc.ld_proofs.suites.tests.test_bbs_bls_signature_2020.TestBbsBlsSignature2020" name="test_verify_ld_proofs" file="aries_cloudagent/vc/ld_proofs/suites/tests/test_bbs_bls_signature_2020.py" line="60" time="0.365" /><testcase classname="aries_cloudagent.vc.ld_proofs.suites.tests.test_bbs_bls_signature_2020.TestBbsBlsSignature2020" name="test_verify_ld_proofs_not_verified_bad_signature" file="aries_cloudagent/vc/ld_proofs/suites/tests/test_bbs_bls_signature_2020.py" line="71" time="0.028" /><testcase classname="aries_cloudagent.vc.ld_proofs.suites.tests.test_bbs_bls_signature_2020.TestBbsBlsSignature2020" name="test_verify_ld_proofs_not_verified_changed_statement" file="aries_cloudagent/vc/ld_proofs/suites/tests/test_bbs_bls_signature_2020.py" line="94" time="0.389" /><testcase classname="aries_cloudagent.vc.ld_proofs.suites.tests.test_bbs_bls_signature_2020.TestBbsBlsSignature2020" name="test_verify_ld_proofs_not_verified_unsigned_statement" file="aries_cloudagent/vc/ld_proofs/suites/tests/test_bbs_bls_signature_2020.py" line="82" time="0.367" /><testcase classname="aries_cloudagent.vc.ld_proofs.suites.tests.test_bbs_bls_signature_2020.TestBbsBlsSignature2020" name="test_verify_signature_x_invalid_proof_value" file="aries_cloudagent/vc/ld_proofs/suites/tests/test_bbs_bls_signature_2020.py" line="133" time="0.013" /><testcase classname="aries_cloudagent.vc.ld_proofs.suites.tests.test_bbs_bls_signature_2020.TestBbsBlsSignature2020" name="test_verify_vc" file="aries_cloudagent/vc/ld_proofs/suites/tests/test_bbs_bls_signature_2020.py" line="122" time="0.167" /><testcase classname="aries_cloudagent.vc.ld_proofs.suites.tests.test_bbs_bls_signature_proof_2020" name="ruff" file="aries_cloudagent/vc/ld_proofs/suites/tests/test_bbs_bls_signature_proof_2020.py" time="0.052" /><testcase classname="aries_cloudagent.vc.ld_proofs.suites.tests.test_bbs_bls_signature_proof_2020.TestBbsBlsSignatureProof2020" name="test_derive_ld_proofs" file="aries_cloudagent/vc/ld_proofs/suites/tests/test_bbs_bls_signature_proof_2020.py" line="51" time="0.806" /><testcase classname="aries_cloudagent.vc.ld_proofs.suites.tests.test_bbs_bls_signature_proof_2020.TestBbsBlsSignatureProof2020" name="test_derive_ld_proofs_reveal_all" file="aries_cloudagent/vc/ld_proofs/suites/tests/test_bbs_bls_signature_proof_2020.py" line="108" time="0.591" /><testcase classname="aries_cloudagent.vc.ld_proofs.suites.tests.test_bbs_bls_signature_proof_2020.TestBbsBlsSignatureProof2020" name="test_derive_proof_x_invalid_proof_type" file="aries_cloudagent/vc/ld_proofs/suites/tests/test_bbs_bls_signature_proof_2020.py" line="198" time="0.013" /><testcase classname="aries_cloudagent.vc.ld_proofs.suites.tests.test_bbs_bls_signature_proof_2020.TestBbsBlsSignatureProof2020" name="test_derive_vc" file="aries_cloudagent/vc/ld_proofs/suites/tests/test_bbs_bls_signature_proof_2020.py" line="118" time="0.221" /><testcase classname="aries_cloudagent.vc.ld_proofs.suites.tests.test_bbs_bls_signature_proof_2020.TestBbsBlsSignatureProof2020" name="test_derive_vc_nested" file="aries_cloudagent/vc/ld_proofs/suites/tests/test_bbs_bls_signature_proof_2020.py" line="128" time="0.219" /><testcase classname="aries_cloudagent.vc.ld_proofs.suites.tests.test_bbs_bls_signature_proof_2020.TestBbsBlsSignatureProof2020" name="test_derive_x_modified_claims" file="aries_cloudagent/vc/ld_proofs/suites/tests/test_bbs_bls_signature_proof_2020.py" line="83" time="0.554" /><testcase classname="aries_cloudagent.vc.ld_proofs.suites.tests.test_bbs_bls_signature_proof_2020.TestBbsBlsSignatureProof2020" name="test_derive_x_removed_claims" file="aries_cloudagent/vc/ld_proofs/suites/tests/test_bbs_bls_signature_proof_2020.py" line="95" time="0.532" /><testcase classname="aries_cloudagent.vc.ld_proofs.suites.tests.test_bbs_bls_signature_proof_2020.TestBbsBlsSignatureProof2020" name="test_derive_x_unsigned_claims" file="aries_cloudagent/vc/ld_proofs/suites/tests/test_bbs_bls_signature_proof_2020.py" line="71" time="0.577" /><testcase classname="aries_cloudagent.vc.ld_proofs.suites.tests.test_bbs_bls_signature_proof_2020.TestBbsBlsSignatureProof2020" name="test_verify_derived_ld_proof" file="aries_cloudagent/vc/ld_proofs/suites/tests/test_bbs_bls_signature_proof_2020.py" line="148" time="0.402" /><testcase classname="aries_cloudagent.vc.ld_proofs.suites.tests.test_bbs_bls_signature_proof_2020.TestBbsBlsSignatureProof2020" name="test_verify_derived_nested_vc_full_reveal" file="aries_cloudagent/vc/ld_proofs/suites/tests/test_bbs_bls_signature_proof_2020.py" line="168" time="0.141" /><testcase classname="aries_cloudagent.vc.ld_proofs.suites.tests.test_bbs_bls_signature_proof_2020.TestBbsBlsSignatureProof2020" name="test_verify_derived_nested_vc_partial_reveal" file="aries_cloudagent/vc/ld_proofs/suites/tests/test_bbs_bls_signature_proof_2020.py" line="178" time="0.146" /><testcase classname="aries_cloudagent.vc.ld_proofs.suites.tests.test_bbs_bls_signature_proof_2020.TestBbsBlsSignatureProof2020" name="test_verify_derived_partial_ld_proof" file="aries_cloudagent/vc/ld_proofs/suites/tests/test_bbs_bls_signature_proof_2020.py" line="158" time="0.591" /><testcase classname="aries_cloudagent.vc.ld_proofs.suites.tests.test_bbs_bls_signature_proof_2020.TestBbsBlsSignatureProof2020" name="test_verify_derived_vc_partial_reveal" file="aries_cloudagent/vc/ld_proofs/suites/tests/test_bbs_bls_signature_proof_2020.py" line="188" time="0.138" /><testcase classname="aries_cloudagent.vc.ld_proofs.suites.tests.test_bbs_bls_signature_proof_2020.TestBbsBlsSignatureProof2020" name="test_verify_derived_x_bad_proof" file="aries_cloudagent/vc/ld_proofs/suites/tests/test_bbs_bls_signature_proof_2020.py" line="61" time="13.743" /><testcase classname="aries_cloudagent.vc.ld_proofs.suites.tests.test_bbs_bls_signature_proof_2020.TestBbsBlsSignatureProof2020" name="test_verify_ld_proof" file="aries_cloudagent/vc/ld_proofs/suites/tests/test_bbs_bls_signature_proof_2020.py" line="138" time="0.385" /><testcase classname="aries_cloudagent.vc.ld_proofs.suites.tests.test_ed25519_signature_2018" name="ruff" file="aries_cloudagent/vc/ld_proofs/suites/tests/test_ed25519_signature_2018.py" time="0.047" /><testcase classname="aries_cloudagent.vc.ld_proofs.suites.tests.test_ed25519_signature_2018.TestEd25519Signature2018" name="test_sign_ld_proofs" file="aries_cloudagent/vc/ld_proofs/suites/tests/test_ed25519_signature_2018.py" line="43" time="0.253" /><testcase classname="aries_cloudagent.vc.ld_proofs.suites.tests.test_ed25519_signature_2018.TestEd25519Signature2018" name="test_sign_vc" file="aries_cloudagent/vc/ld_proofs/suites/tests/test_ed25519_signature_2018.py" line="108" time="0.090" /><testcase classname="aries_cloudagent.vc.ld_proofs.suites.tests.test_ed25519_signature_2018.TestEd25519Signature2018" name="test_verify_ld_proofs" file="aries_cloudagent/vc/ld_proofs/suites/tests/test_ed25519_signature_2018.py" line="56" time="0.293" /><testcase classname="aries_cloudagent.vc.ld_proofs.suites.tests.test_ed25519_signature_2018.TestEd25519Signature2018" name="test_verify_ld_proofs_not_verified_bad_signature" file="aries_cloudagent/vc/ld_proofs/suites/tests/test_ed25519_signature_2018.py" line="67" time="0.251" /><testcase classname="aries_cloudagent.vc.ld_proofs.suites.tests.test_ed25519_signature_2018.TestEd25519Signature2018" name="test_verify_ld_proofs_not_verified_changed_statement" file="aries_cloudagent/vc/ld_proofs/suites/tests/test_ed25519_signature_2018.py" line="93" time="0.265" /><testcase classname="aries_cloudagent.vc.ld_proofs.suites.tests.test_ed25519_signature_2018.TestEd25519Signature2018" name="test_verify_ld_proofs_not_verified_unsigned_statement" file="aries_cloudagent/vc/ld_proofs/suites/tests/test_ed25519_signature_2018.py" line="78" time="0.249" /><testcase classname="aries_cloudagent.vc.ld_proofs.suites.tests.test_ed25519_signature_2018.TestEd25519Signature2018" name="test_verify_vc" file="aries_cloudagent/vc/ld_proofs/suites/tests/test_ed25519_signature_2018.py" line="121" time="0.111" /><testcase classname="aries_cloudagent.vc.ld_proofs.suites.tests.test_ed25519_signature_2020" name="ruff" file="aries_cloudagent/vc/ld_proofs/suites/tests/test_ed25519_signature_2020.py" time="0.041" /><testcase classname="aries_cloudagent.vc.ld_proofs.suites.tests.test_ed25519_signature_2020.TestEd25519Signature2020" name="test_sign_ld_proofs" file="aries_cloudagent/vc/ld_proofs/suites/tests/test_ed25519_signature_2020.py" line="40" time="0.262" /><testcase classname="aries_cloudagent.vc.ld_proofs.suites.tests.test_ed25519_signature_2020.TestEd25519Signature2020" name="test_sign_vc" file="aries_cloudagent/vc/ld_proofs/suites/tests/test_ed25519_signature_2020.py" line="105" time="0.088" /><testcase classname="aries_cloudagent.vc.ld_proofs.suites.tests.test_ed25519_signature_2020.TestEd25519Signature2020" name="test_verify_ld_proofs" file="aries_cloudagent/vc/ld_proofs/suites/tests/test_ed25519_signature_2020.py" line="53" time="0.302" /><testcase classname="aries_cloudagent.vc.ld_proofs.suites.tests.test_ed25519_signature_2020.TestEd25519Signature2020" name="test_verify_ld_proofs_not_verified_bad_signature" file="aries_cloudagent/vc/ld_proofs/suites/tests/test_ed25519_signature_2020.py" line="64" time="0.254" /><testcase classname="aries_cloudagent.vc.ld_proofs.suites.tests.test_ed25519_signature_2020.TestEd25519Signature2020" name="test_verify_ld_proofs_not_verified_changed_statement" file="aries_cloudagent/vc/ld_proofs/suites/tests/test_ed25519_signature_2020.py" line="90" time="0.259" /><testcase classname="aries_cloudagent.vc.ld_proofs.suites.tests.test_ed25519_signature_2020.TestEd25519Signature2020" name="test_verify_ld_proofs_not_verified_unsigned_statement" file="aries_cloudagent/vc/ld_proofs/suites/tests/test_ed25519_signature_2020.py" line="75" time="0.277" /><testcase classname="aries_cloudagent.vc.ld_proofs.suites.tests.test_ed25519_signature_2020.TestEd25519Signature2020" name="test_verify_vc" file="aries_cloudagent/vc/ld_proofs/suites/tests/test_ed25519_signature_2020.py" line="118" time="0.143" /><testcase classname="aries_cloudagent.vc.ld_proofs.tests.__init__" name="ruff" file="aries_cloudagent/vc/ld_proofs/tests/__init__.py" time="0.044" /><testcase classname="aries_cloudagent.vc.ld_proofs.tests.test_check" name="ruff" file="aries_cloudagent/vc/ld_proofs/tests/test_check.py" time="0.066" /><testcase classname="aries_cloudagent.vc.ld_proofs.tests.test_check.TestCheck" name="test_get_properties_without_context_invalid" file="aries_cloudagent/vc/ld_proofs/tests/test_check.py" line="154" time="0.066" /><testcase classname="aries_cloudagent.vc.ld_proofs.tests.test_check.TestCheck" name="test_get_properties_without_context_vaccination_invalid" file="aries_cloudagent/vc/ld_proofs/tests/test_check.py" line="176" time="0.096" /><testcase classname="aries_cloudagent.vc.ld_proofs.tests.test_check.TestCheck" name="test_get_properties_without_context_vaccination_valid" file="aries_cloudagent/vc/ld_proofs/tests/test_check.py" line="168" time="0.070" /><testcase classname="aries_cloudagent.vc.ld_proofs.tests.test_check.TestCheck" name="test_get_properties_without_context_valid" file="aries_cloudagent/vc/ld_proofs/tests/test_check.py" line="148" time="0.057" /><testcase classname="aries_cloudagent.vc.ld_proofs.tests.test_doc" name="ruff" file="aries_cloudagent/vc/ld_proofs/tests/test_doc.py" time="0.051" /><testcase classname="aries_cloudagent.vc.ld_proofs.tests.test_document_downloader" name="ruff" file="aries_cloudagent/vc/ld_proofs/tests/test_document_downloader.py" time="0.068" /><testcase classname="aries_cloudagent.vc.ld_proofs.tests.test_document_downloader" name="test_load_cache_hit" file="aries_cloudagent/vc/ld_proofs/tests/test_document_downloader.py" line="7" time="0.006" /><testcase classname="aries_cloudagent.vc.ld_proofs.tests.test_document_downloader" name="test_load_cache_miss_triggers_download" file="aries_cloudagent/vc/ld_proofs/tests/test_document_downloader.py" line="15" time="0.007" /><testcase classname="aries_cloudagent.vc.ld_proofs.tests.test_ld_proofs" name="ruff" file="aries_cloudagent/vc/ld_proofs/tests/test_ld_proofs.py" time="0.057" /><testcase classname="aries_cloudagent.vc.ld_proofs.tests.test_ld_proofs.TestLDProofs" name="test_derive_BbsBlsSignatureProof2020" file="aries_cloudagent/vc/ld_proofs/tests/test_ld_proofs.py" line="183" time="0.173" /><testcase classname="aries_cloudagent.vc.ld_proofs.tests.test_ld_proofs.TestLDProofs" name="test_sign_BbsBlsSignature2020" file="aries_cloudagent/vc/ld_proofs/tests/test_ld_proofs.py" line="134" time="0.175" /><testcase classname="aries_cloudagent.vc.ld_proofs.tests.test_ld_proofs.TestLDProofs" name="test_sign_Ed25519Signature2018" file="aries_cloudagent/vc/ld_proofs/tests/test_ld_proofs.py" line="60" time="0.037" /><testcase classname="aries_cloudagent.vc.ld_proofs.tests.test_ld_proofs.TestLDProofs" name="test_sign_Ed25519Signature2020" file="aries_cloudagent/vc/ld_proofs/tests/test_ld_proofs.py" line="82" time="0.060" /><testcase classname="aries_cloudagent.vc.ld_proofs.tests.test_ld_proofs.TestLDProofs" name="test_verify_BbsBlsSignature2020" file="aries_cloudagent/vc/ld_proofs/tests/test_ld_proofs.py" line="167" time="0.134" /><testcase classname="aries_cloudagent.vc.ld_proofs.tests.test_ld_proofs.TestLDProofs" name="test_verify_BbsBlsSignatureProof2020" file="aries_cloudagent/vc/ld_proofs/tests/test_ld_proofs.py" line="199" time="0.116" /><testcase classname="aries_cloudagent.vc.ld_proofs.tests.test_ld_proofs.TestLDProofs" name="test_verify_Ed25519Signature2018" file="aries_cloudagent/vc/ld_proofs/tests/test_ld_proofs.py" line="104" time="0.066" /><testcase classname="aries_cloudagent.vc.ld_proofs.tests.test_ld_proofs.TestLDProofs" name="test_verify_Ed25519Signature2020" file="aries_cloudagent/vc/ld_proofs/tests/test_ld_proofs.py" line="119" time="0.090" /><testcase classname="aries_cloudagent.vc.tests.__init__" name="ruff" file="aries_cloudagent/vc/tests/__init__.py" time="0.049" /><testcase classname="aries_cloudagent.vc.tests.document_loader" name="ruff" file="aries_cloudagent/vc/tests/document_loader.py" time="0.070" /><testcase classname="aries_cloudagent.vc.tests.test_bbs_mattr_interop" name="ruff" file="aries_cloudagent/vc/tests/test_bbs_mattr_interop.py" time="0.057" /><testcase classname="aries_cloudagent.vc.tests.test_bbs_mattr_interop.TestBbsMattrInterop" name="test_derive_bbs_proof_vc_mattr" file="aries_cloudagent/vc/tests/test_bbs_mattr_interop.py" line="110" time="0.242" /><testcase classname="aries_cloudagent.vc.tests.test_bbs_mattr_interop.TestBbsMattrInterop" name="test_derive_full_bbs_proof_nested_vc_mattr" file="aries_cloudagent/vc/tests/test_bbs_mattr_interop.py" line="122" time="0.228" /><testcase classname="aries_cloudagent.vc.tests.test_bbs_mattr_interop.TestBbsMattrInterop" name="test_derive_partial_bbs_proof_nested_vc_mattr" file="aries_cloudagent/vc/tests/test_bbs_mattr_interop.py" line="134" time="0.213" /><testcase classname="aries_cloudagent.vc.tests.test_bbs_mattr_interop.TestBbsMattrInterop" name="test_sign_bbs_nested_vc_mattr" file="aries_cloudagent/vc/tests/test_bbs_mattr_interop.py" line="78" time="0.143" /><testcase classname="aries_cloudagent.vc.tests.test_bbs_mattr_interop.TestBbsMattrInterop" name="test_sign_bbs_vc_mattr" file="aries_cloudagent/vc/tests/test_bbs_mattr_interop.py" line="66" time="0.119" /><testcase classname="aries_cloudagent.vc.tests.test_bbs_mattr_interop.TestBbsMattrInterop" name="test_verify_bbs_partial_proof_nested_vc_mattr" file="aries_cloudagent/vc/tests/test_bbs_mattr_interop.py" line="179" time="0.139" /><testcase classname="aries_cloudagent.vc.tests.test_bbs_mattr_interop.TestBbsMattrInterop" name="test_verify_bbs_partial_proof_vc_mattr" file="aries_cloudagent/vc/tests/test_bbs_mattr_interop.py" line="157" time="0.113" /><testcase classname="aries_cloudagent.vc.tests.test_bbs_mattr_interop.TestBbsMattrInterop" name="test_verify_bbs_proof_nested_vc_mattr" file="aries_cloudagent/vc/tests/test_bbs_mattr_interop.py" line="168" time="0.155" /><testcase classname="aries_cloudagent.vc.tests.test_bbs_mattr_interop.TestBbsMattrInterop" name="test_verify_bbs_proof_vc_mattr" file="aries_cloudagent/vc/tests/test_bbs_mattr_interop.py" line="146" time="0.137" /><testcase classname="aries_cloudagent.vc.tests.test_bbs_mattr_interop.TestBbsMattrInterop" name="test_verify_bbs_signed_nested_vc_mattr" file="aries_cloudagent/vc/tests/test_bbs_mattr_interop.py" line="100" time="0.154" /><testcase classname="aries_cloudagent.vc.tests.test_bbs_mattr_interop.TestBbsMattrInterop" name="test_verify_bbs_signed_vc_mattr" file="aries_cloudagent/vc/tests/test_bbs_mattr_interop.py" line="90" time="0.135" /><testcase classname="aries_cloudagent.vc.tests.contexts.__init__" name="ruff" file="aries_cloudagent/vc/tests/contexts/__init__.py" time="0.041" /><testcase classname="aries_cloudagent.vc.tests.contexts.bbs_v1" name="ruff" file="aries_cloudagent/vc/tests/contexts/bbs_v1.py" time="0.056" /><testcase classname="aries_cloudagent.vc.tests.contexts.citizenship_v1" name="ruff" file="aries_cloudagent/vc/tests/contexts/citizenship_v1.py" time="0.048" /><testcase classname="aries_cloudagent.vc.tests.contexts.credentials_v1" name="ruff" file="aries_cloudagent/vc/tests/contexts/credentials_v1.py" time="0.052" /><testcase classname="aries_cloudagent.vc.tests.contexts.did_v1" name="ruff" file="aries_cloudagent/vc/tests/contexts/did_v1.py" time="0.065" /><testcase classname="aries_cloudagent.vc.tests.contexts.ed25519_2020_v1" name="ruff" file="aries_cloudagent/vc/tests/contexts/ed25519_2020_v1.py" time="0.060" /><testcase classname="aries_cloudagent.vc.tests.contexts.examples_v1" name="ruff" file="aries_cloudagent/vc/tests/contexts/examples_v1.py" time="0.055" /><testcase classname="aries_cloudagent.vc.tests.contexts.odrl" name="ruff" file="aries_cloudagent/vc/tests/contexts/odrl.py" time="0.052" /><testcase classname="aries_cloudagent.vc.tests.contexts.schema_org" name="ruff" file="aries_cloudagent/vc/tests/contexts/schema_org.py" time="0.088" /><testcase classname="aries_cloudagent.vc.tests.contexts.security_v1" name="ruff" file="aries_cloudagent/vc/tests/contexts/security_v1.py" time="0.052" /><testcase classname="aries_cloudagent.vc.tests.contexts.security_v2" name="ruff" file="aries_cloudagent/vc/tests/contexts/security_v2.py" time="0.056" /><testcase classname="aries_cloudagent.vc.tests.contexts.security_v3_unstable" name="ruff" file="aries_cloudagent/vc/tests/contexts/security_v3_unstable.py" time="0.053" /><testcase classname="aries_cloudagent.vc.tests.contexts.vaccination_v1" name="ruff" file="aries_cloudagent/vc/tests/contexts/vaccination_v1.py" time="0.058" /><testcase classname="aries_cloudagent.vc.tests.data.__init__" name="ruff" file="aries_cloudagent/vc/tests/data/__init__.py" time="0.048" /><testcase classname="aries_cloudagent.vc.tests.data.bbs_nested_vc_full_reveal_document_mattr" name="ruff" file="aries_cloudagent/vc/tests/data/bbs_nested_vc_full_reveal_document_mattr.py" time="0.055" /><testcase classname="aries_cloudagent.vc.tests.data.bbs_nested_vc_mattr" name="ruff" file="aries_cloudagent/vc/tests/data/bbs_nested_vc_mattr.py" time="0.048" /><testcase classname="aries_cloudagent.vc.tests.data.bbs_nested_vc_reveal_document_mattr" name="ruff" file="aries_cloudagent/vc/tests/data/bbs_nested_vc_reveal_document_mattr.py" time="0.065" /><testcase classname="aries_cloudagent.vc.tests.data.bbs_partial_proof_nested_vc_mattr" name="ruff" file="aries_cloudagent/vc/tests/data/bbs_partial_proof_nested_vc_mattr.py" time="0.067" /><testcase classname="aries_cloudagent.vc.tests.data.bbs_partial_proof_vc_mattr" name="ruff" file="aries_cloudagent/vc/tests/data/bbs_partial_proof_vc_mattr.py" time="0.055" /><testcase classname="aries_cloudagent.vc.tests.data.bbs_proof_nested_vc_mattr" name="ruff" file="aries_cloudagent/vc/tests/data/bbs_proof_nested_vc_mattr.py" time="0.040" /><testcase classname="aries_cloudagent.vc.tests.data.bbs_proof_vc_mattr" name="ruff" file="aries_cloudagent/vc/tests/data/bbs_proof_vc_mattr.py" time="0.050" /><testcase classname="aries_cloudagent.vc.tests.data.bbs_signed_nested_vc_mattr" name="ruff" file="aries_cloudagent/vc/tests/data/bbs_signed_nested_vc_mattr.py" time="0.056" /><testcase classname="aries_cloudagent.vc.tests.data.bbs_signed_vc_mattr" name="ruff" file="aries_cloudagent/vc/tests/data/bbs_signed_vc_mattr.py" time="0.059" /><testcase classname="aries_cloudagent.vc.tests.data.bbs_vc_mattr" name="ruff" file="aries_cloudagent/vc/tests/data/bbs_vc_mattr.py" time="0.054" /><testcase classname="aries_cloudagent.vc.tests.data.bbs_vc_reveal_document_mattr" name="ruff" file="aries_cloudagent/vc/tests/data/bbs_vc_reveal_document_mattr.py" time="0.045" /><testcase classname="aries_cloudagent.vc.tests.data.test_ld_document" name="ruff" file="aries_cloudagent/vc/tests/data/test_ld_document.py" time="0.049" /><testcase classname="aries_cloudagent.vc.tests.data.test_ld_document_bad_partial_proof_bbs" name="ruff" file="aries_cloudagent/vc/tests/data/test_ld_document_bad_partial_proof_bbs.py" time="0.057" /><testcase classname="aries_cloudagent.vc.tests.data.test_ld_document_bad_signed_bbs" name="ruff" file="aries_cloudagent/vc/tests/data/test_ld_document_bad_signed_bbs.py" time="0.057" /><testcase classname="aries_cloudagent.vc.tests.data.test_ld_document_bad_signed_ed25519" name="ruff" file="aries_cloudagent/vc/tests/data/test_ld_document_bad_signed_ed25519.py" time="0.058" /><testcase classname="aries_cloudagent.vc.tests.data.test_ld_document_bad_signed_ed25519_2020" name="ruff" file="aries_cloudagent/vc/tests/data/test_ld_document_bad_signed_ed25519_2020.py" time="0.051" /><testcase classname="aries_cloudagent.vc.tests.data.test_ld_document_partial_proof_bbs" name="ruff" file="aries_cloudagent/vc/tests/data/test_ld_document_partial_proof_bbs.py" time="0.051" /><testcase classname="aries_cloudagent.vc.tests.data.test_ld_document_proof_bbs" name="ruff" file="aries_cloudagent/vc/tests/data/test_ld_document_proof_bbs.py" time="0.048" /><testcase classname="aries_cloudagent.vc.tests.data.test_ld_document_reveal" name="ruff" file="aries_cloudagent/vc/tests/data/test_ld_document_reveal.py" time="0.048" /><testcase classname="aries_cloudagent.vc.tests.data.test_ld_document_reveal_all" name="ruff" file="aries_cloudagent/vc/tests/data/test_ld_document_reveal_all.py" time="0.056" /><testcase classname="aries_cloudagent.vc.tests.data.test_ld_document_signed_bbs" name="ruff" file="aries_cloudagent/vc/tests/data/test_ld_document_signed_bbs.py" time="0.046" /><testcase classname="aries_cloudagent.vc.tests.data.test_ld_document_signed_ed25519" name="ruff" file="aries_cloudagent/vc/tests/data/test_ld_document_signed_ed25519.py" time="0.064" /><testcase classname="aries_cloudagent.vc.tests.data.test_ld_document_signed_ed25519_2020" name="ruff" file="aries_cloudagent/vc/tests/data/test_ld_document_signed_ed25519_2020.py" time="0.052" /><testcase classname="aries_cloudagent.vc.tests.data.test_vc_document" name="ruff" file="aries_cloudagent/vc/tests/data/test_vc_document.py" time="0.054" /><testcase classname="aries_cloudagent.vc.tests.data.test_vc_document_did_key_ed25519" name="ruff" file="aries_cloudagent/vc/tests/data/test_vc_document_did_key_ed25519.py" time="0.047" /><testcase classname="aries_cloudagent.vc.tests.data.test_vc_document_nested" name="ruff" file="aries_cloudagent/vc/tests/data/test_vc_document_nested.py" time="0.054" /><testcase classname="aries_cloudagent.vc.tests.data.test_vc_document_nested_partial_proof_bbs" name="ruff" file="aries_cloudagent/vc/tests/data/test_vc_document_nested_partial_proof_bbs.py" time="0.063" /><testcase classname="aries_cloudagent.vc.tests.data.test_vc_document_nested_proof_bbs" name="ruff" file="aries_cloudagent/vc/tests/data/test_vc_document_nested_proof_bbs.py" time="0.058" /><testcase classname="aries_cloudagent.vc.tests.data.test_vc_document_nested_reveal" name="ruff" file="aries_cloudagent/vc/tests/data/test_vc_document_nested_reveal.py" time="0.050" /><testcase classname="aries_cloudagent.vc.tests.data.test_vc_document_nested_signed_bbs" name="ruff" file="aries_cloudagent/vc/tests/data/test_vc_document_nested_signed_bbs.py" time="0.052" /><testcase classname="aries_cloudagent.vc.tests.data.test_vc_document_partial_proof_bbs" name="ruff" file="aries_cloudagent/vc/tests/data/test_vc_document_partial_proof_bbs.py" time="0.052" /><testcase classname="aries_cloudagent.vc.tests.data.test_vc_document_reveal" name="ruff" file="aries_cloudagent/vc/tests/data/test_vc_document_reveal.py" time="0.062" /><testcase classname="aries_cloudagent.vc.tests.data.test_vc_document_signed_bbs" name="ruff" file="aries_cloudagent/vc/tests/data/test_vc_document_signed_bbs.py" time="0.058" /><testcase classname="aries_cloudagent.vc.tests.data.test_vc_document_signed_did_key_ed25519" name="ruff" file="aries_cloudagent/vc/tests/data/test_vc_document_signed_did_key_ed25519.py" time="0.051" /><testcase classname="aries_cloudagent.vc.tests.data.test_vc_document_signed_ed25519" name="ruff" file="aries_cloudagent/vc/tests/data/test_vc_document_signed_ed25519.py" time="0.052" /><testcase classname="aries_cloudagent.vc.tests.data.test_vc_document_signed_ed25519_2020" name="ruff" file="aries_cloudagent/vc/tests/data/test_vc_document_signed_ed25519_2020.py" time="0.045" /><testcase classname="aries_cloudagent.vc.tests.dids.__init__" name="ruff" file="aries_cloudagent/vc/tests/dids/__init__.py" time="0.059" /><testcase classname="aries_cloudagent.vc.tests.dids.did_example_489398593" name="ruff" file="aries_cloudagent/vc/tests/dids/did_example_489398593.py" time="0.055" /><testcase classname="aries_cloudagent.vc.tests.dids.did_sov_QqEfJxe752NCmWqR5TssZ5" name="ruff" file="aries_cloudagent/vc/tests/dids/did_sov_QqEfJxe752NCmWqR5TssZ5.py" time="0.045" /><testcase classname="aries_cloudagent.vc.tests.dids.did_z6Mkgg342Ycpuk263R9d8Aq6MUaxPn1DDeHyGo38EefXmgDL" name="ruff" file="aries_cloudagent/vc/tests/dids/did_z6Mkgg342Ycpuk263R9d8Aq6MUaxPn1DDeHyGo38EefXmgDL.py" time="0.044" /><testcase classname="aries_cloudagent.vc.tests.dids.did_zUC72Q7XD4PE4CrMiDVXuvZng3sBvMmaGgNeTUJuzavH2BS7ThbHL9FhsZM9QYY5fqAQ4MB8M9oudz3tfuaX36Ajr97QRW7LBt6WWmrtESe6Bs5NYzFtLWEmeVtvRYVAgjFcJSa" name="ruff" file="aries_cloudagent/vc/tests/dids/did_zUC72Q7XD4PE4CrMiDVXuvZng3sBvMmaGgNeTUJuzavH2BS7ThbHL9FhsZM9QYY5fqAQ4MB8M9oudz3tfuaX36Ajr97QRW7LBt6WWmrtESe6Bs5NYzFtLWEmeVtvRYVAgjFcJSa.py" time="0.039" /><testcase classname="aries_cloudagent.vc.vc_ld.__init__" name="ruff" file="aries_cloudagent/vc/vc_ld/__init__.py" time="0.051" /><testcase classname="aries_cloudagent.vc.vc_ld.issue" name="ruff" file="aries_cloudagent/vc/vc_ld/issue.py" time="0.066" /><testcase classname="aries_cloudagent.vc.vc_ld.prove" name="ruff" file="aries_cloudagent/vc/vc_ld/prove.py" time="0.059" /><testcase classname="aries_cloudagent.vc.vc_ld.validation_result" name="ruff" file="aries_cloudagent/vc/vc_ld/validation_result.py" time="0.057" /><testcase classname="aries_cloudagent.vc.vc_ld.verify" name="ruff" file="aries_cloudagent/vc/vc_ld/verify.py" time="0.054" /><testcase classname="aries_cloudagent.vc.vc_ld.models.__init__" name="ruff" file="aries_cloudagent/vc/vc_ld/models/__init__.py" time="0.053" /><testcase classname="aries_cloudagent.vc.vc_ld.models.credential" name="ruff" file="aries_cloudagent/vc/vc_ld/models/credential.py" time="0.058" /><testcase classname="aries_cloudagent.vc.vc_ld.models.linked_data_proof" name="ruff" file="aries_cloudagent/vc/vc_ld/models/linked_data_proof.py" time="0.056" /><testcase classname="aries_cloudagent.vc.vc_ld.models.tests.__init__" name="ruff" file="aries_cloudagent/vc/vc_ld/models/tests/__init__.py" time="0.065" /><testcase classname="aries_cloudagent.vc.vc_ld.models.tests.test_credential" name="ruff" file="aries_cloudagent/vc/vc_ld/models/tests/test_credential.py" time="0.054" /><testcase classname="aries_cloudagent.vc.vc_ld.models.tests.test_credential.TestLinkedDataProof" name="test_serde" file="aries_cloudagent/vc/vc_ld/models/tests/test_credential.py" line="58" time="0.007" /><testcase classname="aries_cloudagent.vc.vc_ld.models.tests.test_credential.TestVerifiableCredential" name="test_properties" file="aries_cloudagent/vc/vc_ld/models/tests/test_credential.py" line="88" time="0.003" /><testcase classname="aries_cloudagent.vc.vc_ld.models.tests.test_credential.TestVerifiableCredential" name="test_serde_credential" file="aries_cloudagent/vc/vc_ld/models/tests/test_credential.py" line="70" time="0.005" /><testcase classname="aries_cloudagent.vc.vc_ld.models.tests.test_credential.TestVerifiableCredential" name="test_serde_verifiable_credential" file="aries_cloudagent/vc/vc_ld/models/tests/test_credential.py" line="78" time="0.005" /><testcase classname="aries_cloudagent.vc.vc_ld.tests.__init__" name="ruff" file="aries_cloudagent/vc/vc_ld/tests/__init__.py" time="0.058" /><testcase classname="aries_cloudagent.vc.vc_ld.tests.test_credential" name="ruff" file="aries_cloudagent/vc/vc_ld/tests/test_credential.py" time="0.066" /><testcase classname="aries_cloudagent.vc.vc_ld.tests.test_validation_result" name="ruff" file="aries_cloudagent/vc/vc_ld/tests/test_validation_result.py" time="0.051" /><testcase classname="aries_cloudagent.vc.vc_ld.tests.test_validation_result.TestValidationResult" name="test_properties" file="aries_cloudagent/vc/vc_ld/tests/test_validation_result.py" line="6" time="0.007" /><testcase classname="aries_cloudagent.vc.vc_ld.tests.test_vc_ld" name="ruff" file="aries_cloudagent/vc/vc_ld/tests/test_vc_ld.py" time="0.060" /><testcase classname="aries_cloudagent.vc.vc_ld.tests.test_vc_ld.TestLinkedDataVerifiableCredential" name="test_create_presentation" file="aries_cloudagent/vc/vc_ld/tests/test_vc_ld.py" line="214" time="0.026" /><testcase classname="aries_cloudagent.vc.vc_ld.tests.test_vc_ld.TestLinkedDataVerifiableCredential" name="test_create_presentation_x_invalid_credential_structures" file="aries_cloudagent/vc/vc_ld/tests/test_vc_ld.py" line="222" time="0.111" /><testcase classname="aries_cloudagent.vc.vc_ld.tests.test_vc_ld.TestLinkedDataVerifiableCredential" name="test_derive_x_invalid_credential_structure" file="aries_cloudagent/vc/vc_ld/tests/test_vc_ld.py" line="120" time="0.025" /><testcase classname="aries_cloudagent.vc.vc_ld.tests.test_vc_ld.TestLinkedDataVerifiableCredential" name="test_issue_BbsBlsSignature2020" file="aries_cloudagent/vc/vc_ld/tests/test_vc_ld.py" line="172" time="0.278" /><testcase classname="aries_cloudagent.vc.vc_ld.tests.test_vc_ld.TestLinkedDataVerifiableCredential" name="test_issue_Ed25519Signature2018" file="aries_cloudagent/vc/vc_ld/tests/test_vc_ld.py" line="64" time="0.107" /><testcase classname="aries_cloudagent.vc.vc_ld.tests.test_vc_ld.TestLinkedDataVerifiableCredential" name="test_issue_Ed25519Signature2020" file="aries_cloudagent/vc/vc_ld/tests/test_vc_ld.py" line="86" time="0.124" /><testcase classname="aries_cloudagent.vc.vc_ld.tests.test_vc_ld.TestLinkedDataVerifiableCredential" name="test_issue_x_invalid_credential_structure" file="aries_cloudagent/vc/vc_ld/tests/test_vc_ld.py" line="108" time="0.014" /><testcase classname="aries_cloudagent.vc.vc_ld.tests.test_vc_ld.TestLinkedDataVerifiableCredential" name="test_sign_presentation_bbsbls" file="aries_cloudagent/vc/vc_ld/tests/test_vc_ld.py" line="254" time="0.131" /><testcase classname="aries_cloudagent.vc.vc_ld.tests.test_vc_ld.TestLinkedDataVerifiableCredential" name="test_sign_presentation_x_no_purpose_challenge" file="aries_cloudagent/vc/vc_ld/tests/test_vc_ld.py" line="304" time="0.016" /><testcase classname="aries_cloudagent.vc.vc_ld.tests.test_vc_ld.TestLinkedDataVerifiableCredential" name="test_verify_BbsBlsSignature2020" file="aries_cloudagent/vc/vc_ld/tests/test_vc_ld.py" line="201" time="0.175" /><testcase classname="aries_cloudagent.vc.vc_ld.tests.test_vc_ld.TestLinkedDataVerifiableCredential" name="test_verify_Ed25519Signature2018" file="aries_cloudagent/vc/vc_ld/tests/test_vc_ld.py" line="133" time="0.137" /><testcase classname="aries_cloudagent.vc.vc_ld.tests.test_vc_ld.TestLinkedDataVerifiableCredential" name="test_verify_Ed25519Signature2020" file="aries_cloudagent/vc/vc_ld/tests/test_vc_ld.py" line="146" time="0.137" /><testcase classname="aries_cloudagent.vc.vc_ld.tests.test_vc_ld.TestLinkedDataVerifiableCredential" name="test_verify_presentation" file="aries_cloudagent/vc/vc_ld/tests/test_vc_ld.py" line="279" time="0.185" /><testcase classname="aries_cloudagent.vc.vc_ld.tests.test_vc_ld.TestLinkedDataVerifiableCredential" name="test_verify_presentation_x_no_purpose_challenge" file="aries_cloudagent/vc/vc_ld/tests/test_vc_ld.py" line="292" time="0.010" /><testcase classname="aries_cloudagent.vc.vc_ld.tests.test_vc_ld.TestLinkedDataVerifiableCredential" name="test_verify_x_invalid_credential_structure" file="aries_cloudagent/vc/vc_ld/tests/test_vc_ld.py" line="159" time="0.013" /><testcase classname="aries_cloudagent.vc.vc_ld.tests.test_vc_ld.TestLinkedDataVerifiableCredential" name="test_verify_x_no_proof" file="aries_cloudagent/vc/vc_ld/tests/test_vc_ld.py" line="313" time="0.014" /><testcase classname="aries_cloudagent.wallet.__init__" name="ruff" file="aries_cloudagent/wallet/__init__.py" time="0.049" /><testcase classname="aries_cloudagent.wallet.askar" name="ruff" file="aries_cloudagent/wallet/askar.py" time="0.066" /><testcase classname="aries_cloudagent.wallet.base" name="ruff" file="aries_cloudagent/wallet/base.py" time="0.057" /><testcase classname="aries_cloudagent.wallet.bbs" name="ruff" file="aries_cloudagent/wallet/bbs.py" time="0.052" /><testcase classname="aries_cloudagent.wallet.crypto" name="ruff" file="aries_cloudagent/wallet/crypto.py" time="0.050" /><testcase classname="aries_cloudagent.wallet.default_verification_key_strategy" name="ruff" file="aries_cloudagent/wallet/default_verification_key_strategy.py" time="0.058" /><testcase classname="aries_cloudagent.wallet.did_info" name="ruff" file="aries_cloudagent/wallet/did_info.py" time="0.049" /><testcase classname="aries_cloudagent.wallet.did_method" name="ruff" file="aries_cloudagent/wallet/did_method.py" time="0.052" /><testcase classname="aries_cloudagent.wallet.did_parameters_validation" name="ruff" file="aries_cloudagent/wallet/did_parameters_validation.py" time="0.057" /><testcase classname="aries_cloudagent.wallet.did_posture" name="ruff" file="aries_cloudagent/wallet/did_posture.py" time="0.059" /><testcase classname="aries_cloudagent.wallet.error" name="ruff" file="aries_cloudagent/wallet/error.py" time="0.054" /><testcase classname="aries_cloudagent.wallet.in_memory" name="ruff" file="aries_cloudagent/wallet/in_memory.py" time="0.057" /><testcase classname="aries_cloudagent.wallet.indy" name="ruff" file="aries_cloudagent/wallet/indy.py" time="0.059" /><testcase classname="aries_cloudagent.wallet.jwt" name="ruff" file="aries_cloudagent/wallet/jwt.py" time="0.060" /><testcase classname="aries_cloudagent.wallet.key_pair" name="ruff" file="aries_cloudagent/wallet/key_pair.py" time="0.052" /><testcase classname="aries_cloudagent.wallet.key_type" name="ruff" file="aries_cloudagent/wallet/key_type.py" time="0.056" /><testcase classname="aries_cloudagent.wallet.routes" name="ruff" file="aries_cloudagent/wallet/routes.py" time="0.060" /><testcase classname="aries_cloudagent.wallet.sd_jwt" name="ruff" file="aries_cloudagent/wallet/sd_jwt.py" time="0.045" /><testcase classname="aries_cloudagent.wallet.util" name="ruff" file="aries_cloudagent/wallet/util.py" time="0.048" /><testcase classname="aries_cloudagent.wallet.models.__init__" name="ruff" file="aries_cloudagent/wallet/models/__init__.py" time="0.049" /><testcase classname="aries_cloudagent.wallet.models.wallet_record" name="ruff" file="aries_cloudagent/wallet/models/wallet_record.py" time="0.055" /><testcase classname="aries_cloudagent.wallet.models.tests.__init__" name="ruff" file="aries_cloudagent/wallet/models/tests/__init__.py" time="0.055" /><testcase classname="aries_cloudagent.wallet.models.tests.test_wallet_record" name="ruff" file="aries_cloudagent/wallet/models/tests/test_wallet_record.py" time="0.061" /><testcase classname="aries_cloudagent.wallet.models.tests.test_wallet_record.TestWalletRecord" name="test_rec_ops" file="aries_cloudagent/wallet/models/tests/test_wallet_record.py" line="25" time="0.017" /><testcase classname="aries_cloudagent.wallet.models.tests.test_wallet_record.TestWalletRecord" name="test_requires_external_key_in_memory" file="aries_cloudagent/wallet/models/tests/test_wallet_record.py" line="52" time="0.014" /><testcase classname="aries_cloudagent.wallet.models.tests.test_wallet_record.TestWalletRecord" name="test_requires_external_key_managed" file="aries_cloudagent/wallet/models/tests/test_wallet_record.py" line="60" time="0.010" /><testcase classname="aries_cloudagent.wallet.models.tests.test_wallet_record.TestWalletRecord" name="test_requires_external_key_unmanaged" file="aries_cloudagent/wallet/models/tests/test_wallet_record.py" line="70" time="0.011" /><testcase classname="aries_cloudagent.wallet.models.tests.test_wallet_record.TestWalletRecord" name="test_serde" file="aries_cloudagent/wallet/models/tests/test_wallet_record.py" line="7" time="0.010" /><testcase classname="aries_cloudagent.wallet.models.tests.test_wallet_record.TestWalletRecord" name="test_update_settings" file="aries_cloudagent/wallet/models/tests/test_wallet_record.py" line="80" time="0.007" /><testcase classname="aries_cloudagent.wallet.models.tests.test_wallet_record.TestWalletRecord" name="test_update_settings_x" file="aries_cloudagent/wallet/models/tests/test_wallet_record.py" line="91" time="0.013" /><testcase classname="aries_cloudagent.wallet.tests.__init__" name="ruff" file="aries_cloudagent/wallet/tests/__init__.py" time="0.047" /><testcase classname="aries_cloudagent.wallet.tests.conftest" name="ruff" file="aries_cloudagent/wallet/tests/conftest.py" time="0.061" /><testcase classname="aries_cloudagent.wallet.tests.test_bbs" name="ruff" file="aries_cloudagent/wallet/tests/test_bbs.py" time="0.053" /><testcase classname="aries_cloudagent.wallet.tests.test_bbs.TestBBS" name="test_create_keypair" file="aries_cloudagent/wallet/tests/test_bbs.py" line="25" time="0.008" /><testcase classname="aries_cloudagent.wallet.tests.test_bbs.TestBBS" name="test_create_keypair_seed" file="aries_cloudagent/wallet/tests/test_bbs.py" line="19" time="0.005" /><testcase classname="aries_cloudagent.wallet.tests.test_bbs.TestBBS" name="test_create_keypair_x_invalid_seed" file="aries_cloudagent/wallet/tests/test_bbs.py" line="31" time="0.003" /><testcase classname="aries_cloudagent.wallet.tests.test_bbs.TestBBS" name="test_sign" file="aries_cloudagent/wallet/tests/test_bbs.py" line="36" time="0.041" /><testcase classname="aries_cloudagent.wallet.tests.test_bbs.TestBBS" name="test_sign_x_invalid_secret_key_bytes" file="aries_cloudagent/wallet/tests/test_bbs.py" line="45" time="0.003" /><testcase classname="aries_cloudagent.wallet.tests.test_bbs.TestBBS" name="test_verify" file="aries_cloudagent/wallet/tests/test_bbs.py" line="50" time="0.035" /><testcase classname="aries_cloudagent.wallet.tests.test_bbs.TestBBS" name="test_verify_x_invalid_messages" file="aries_cloudagent/wallet/tests/test_bbs.py" line="61" time="0.032" /><testcase classname="aries_cloudagent.wallet.tests.test_bbs.TestBBS" name="test_verify_x_invalid_pk" file="aries_cloudagent/wallet/tests/test_bbs.py" line="55" time="0.003" /><testcase classname="aries_cloudagent.wallet.tests.test_bbs.TestBBS" name="test_verify_x_invalid_signed_bytes" file="aries_cloudagent/wallet/tests/test_bbs.py" line="70" time="0.016" /><testcase classname="aries_cloudagent.wallet.tests.test_crypto" name="ruff" file="aries_cloudagent/wallet/tests/test_crypto.py" time="0.060" /><testcase classname="aries_cloudagent.wallet.tests.test_crypto.TestCrypto" name="test_decode_pack_message_outer_x" file="aries_cloudagent/wallet/tests/test_crypto.py" line="70" time="0.011" /><testcase classname="aries_cloudagent.wallet.tests.test_crypto.TestCrypto" name="test_decode_pack_message_x" file="aries_cloudagent/wallet/tests/test_crypto.py" line="41" time="0.005" /><testcase classname="aries_cloudagent.wallet.tests.test_crypto.TestCrypto" name="test_did_is_self_certified" file="aries_cloudagent/wallet/tests/test_crypto.py" line="58" time="0.002" /><testcase classname="aries_cloudagent.wallet.tests.test_crypto.TestCrypto" name="test_extract_pack_recipients_x" file="aries_cloudagent/wallet/tests/test_crypto.py" line="121" time="0.003" /><testcase classname="aries_cloudagent.wallet.tests.test_crypto.TestCrypto" name="test_seeds_keys" file="aries_cloudagent/wallet/tests/test_crypto.py" line="32" time="0.005" /><testcase classname="aries_cloudagent.wallet.tests.test_crypto.TestCrypto" name="test_sign_ed25519_x_multiple_messages" file="aries_cloudagent/wallet/tests/test_crypto.py" line="155" time="0.004" /><testcase classname="aries_cloudagent.wallet.tests.test_crypto.TestCrypto" name="test_sign_x_unsupported_key_type" file="aries_cloudagent/wallet/tests/test_crypto.py" line="160" time="0.004" /><testcase classname="aries_cloudagent.wallet.tests.test_crypto.TestCrypto" name="test_validate_seed" file="aries_cloudagent/wallet/tests/test_crypto.py" line="18" time="0.005" /><testcase classname="aries_cloudagent.wallet.tests.test_crypto.TestCrypto" name="test_verify_ed25519_x_multiple_messages" file="aries_cloudagent/wallet/tests/test_crypto.py" line="165" time="0.002" /><testcase classname="aries_cloudagent.wallet.tests.test_crypto.TestCrypto" name="test_verify_x_unsupported_key_type" file="aries_cloudagent/wallet/tests/test_crypto.py" line="172" time="0.003" /><testcase classname="aries_cloudagent.wallet.tests.test_default_verification_key_strategy" name="ruff" file="aries_cloudagent/wallet/tests/test_default_verification_key_strategy.py" time="0.047" /><testcase classname="aries_cloudagent.wallet.tests.test_default_verification_key_strategy.TestDefaultVerificationKeyStrategy" name="test_unsupported_did_method" file="aries_cloudagent/wallet/tests/test_default_verification_key_strategy.py" line="36" time="0.018" /><testcase classname="aries_cloudagent.wallet.tests.test_default_verification_key_strategy.TestDefaultVerificationKeyStrategy" name="test_with_did_key" file="aries_cloudagent/wallet/tests/test_default_verification_key_strategy.py" line="27" time="0.019" /><testcase classname="aries_cloudagent.wallet.tests.test_default_verification_key_strategy.TestDefaultVerificationKeyStrategy" name="test_with_did_sov" file="aries_cloudagent/wallet/tests/test_default_verification_key_strategy.py" line="18" time="0.010" /><testcase classname="aries_cloudagent.wallet.tests.test_did_method" name="ruff" file="aries_cloudagent/wallet/tests/test_did_method.py" time="0.073" /><testcase classname="aries_cloudagent.wallet.tests.test_did_method.TestKeyType" name="test_from_key_type" file="aries_cloudagent/wallet/tests/test_did_method.py" line="36" time="0.010" /><testcase classname="aries_cloudagent.wallet.tests.test_did_method.TestKeyType" name="test_from_multicodec_name" file="aries_cloudagent/wallet/tests/test_did_method.py" line="25" time="0.002" /><testcase classname="aries_cloudagent.wallet.tests.test_did_method.TestKeyType" name="test_from_multicodec_prefix" file="aries_cloudagent/wallet/tests/test_did_method.py" line="45" time="0.003" /><testcase classname="aries_cloudagent.wallet.tests.test_did_method.TestKeyType" name="test_from_prefixed_bytes" file="aries_cloudagent/wallet/tests/test_did_method.py" line="56" time="0.002" /><testcase classname="aries_cloudagent.wallet.tests.test_did_method.TestKeyType" name="test_properties" file="aries_cloudagent/wallet/tests/test_did_method.py" line="95" time="0.003" /><testcase classname="aries_cloudagent.wallet.tests.test_did_parameters_validation" name="ruff" file="aries_cloudagent/wallet/tests/test_did_parameters_validation.py" time="0.056" /><testcase classname="aries_cloudagent.wallet.tests.test_did_parameters_validation" name="test_validate_key_type_uses_didmethod_when_validating_key_type" file="aries_cloudagent/wallet/tests/test_did_parameters_validation.py" line="13" time="0.006" /><testcase classname="aries_cloudagent.wallet.tests.test_did_parameters_validation" name="test_validate_key_type_raises_exception_when_validating_unknown_did_method" file="aries_cloudagent/wallet/tests/test_did_parameters_validation.py" line="27" time="0.003" /><testcase classname="aries_cloudagent.wallet.tests.test_did_parameters_validation" name="test_set_did_raises_error_when_did_is_provided_and_method_doesnt_allow" file="aries_cloudagent/wallet/tests/test_did_parameters_validation.py" line="39" time="0.002" /><testcase classname="aries_cloudagent.wallet.tests.test_did_parameters_validation" name="test_validate_or_derive_did_raises_error_when_no_did_is_provided_and_method_requires_one" file="aries_cloudagent/wallet/tests/test_did_parameters_validation.py" line="56" time="0.002" /><testcase classname="aries_cloudagent.wallet.tests.test_did_parameters_validation" name="test_validate_or_derive_did_raises_exception_when_validating_unknown_did_method" file="aries_cloudagent/wallet/tests/test_did_parameters_validation.py" line="71" time="0.004" /><testcase classname="aries_cloudagent.wallet.tests.test_did_posture" name="ruff" file="aries_cloudagent/wallet/tests/test_did_posture.py" time="0.056" /><testcase classname="aries_cloudagent.wallet.tests.test_did_posture.TestDIDPosture" name="test_did_posture" file="aries_cloudagent/wallet/tests/test_did_posture.py" line="6" time="0.022" /><testcase classname="aries_cloudagent.wallet.tests.test_in_memory_wallet" name="ruff" file="aries_cloudagent/wallet/tests/test_in_memory_wallet.py" time="0.057" /><testcase classname="aries_cloudagent.wallet.tests.test_in_memory_wallet.TestInMemoryWallet" name="test_create_signing_key_ed25519_random" file="aries_cloudagent/wallet/tests/test_in_memory_wallet.py" line="42" time="0.009" /><testcase classname="aries_cloudagent.wallet.tests.test_in_memory_wallet.TestInMemoryWallet" name="test_create_signing_key_bls12381g2_random" file="aries_cloudagent/wallet/tests/test_in_memory_wallet.py" line="48" time="0.007" /><testcase classname="aries_cloudagent.wallet.tests.test_in_memory_wallet.TestInMemoryWallet" name="test_create_signing_key_ed25519_seeded" file="aries_cloudagent/wallet/tests/test_in_memory_wallet.py" line="55" time="0.017" /><testcase classname="aries_cloudagent.wallet.tests.test_in_memory_wallet.TestInMemoryWallet" name="test_create_signing_key_bls12381g2_seeded" file="aries_cloudagent/wallet/tests/test_in_memory_wallet.py" line="66" time="0.012" /><testcase classname="aries_cloudagent.wallet.tests.test_in_memory_wallet.TestInMemoryWallet" name="test_create_signing_key_unsupported_key_type" file="aries_cloudagent/wallet/tests/test_in_memory_wallet.py" line="78" time="0.008" /><testcase classname="aries_cloudagent.wallet.tests.test_in_memory_wallet.TestInMemoryWallet" name="test_signing_key_metadata" file="aries_cloudagent/wallet/tests/test_in_memory_wallet.py" line="91" time="0.005" /><testcase classname="aries_cloudagent.wallet.tests.test_in_memory_wallet.TestInMemoryWallet" name="test_signing_key_metadata_bls" file="aries_cloudagent/wallet/tests/test_in_memory_wallet.py" line="113" time="0.009" /><testcase classname="aries_cloudagent.wallet.tests.test_in_memory_wallet.TestInMemoryWallet" name="test_create_local_sov_random" file="aries_cloudagent/wallet/tests/test_in_memory_wallet.py" line="128" time="0.009" /><testcase classname="aries_cloudagent.wallet.tests.test_in_memory_wallet.TestInMemoryWallet" name="test_create_local_key_random_ed25519" file="aries_cloudagent/wallet/tests/test_in_memory_wallet.py" line="133" time="0.005" /><testcase classname="aries_cloudagent.wallet.tests.test_in_memory_wallet.TestInMemoryWallet" name="test_create_local_key_random_bls12381g2" file="aries_cloudagent/wallet/tests/test_in_memory_wallet.py" line="138" time="0.010" /><testcase classname="aries_cloudagent.wallet.tests.test_in_memory_wallet.TestInMemoryWallet" name="test_create_local_incorrect_key_type_for_did_method" file="aries_cloudagent/wallet/tests/test_in_memory_wallet.py" line="144" time="0.006" /><testcase classname="aries_cloudagent.wallet.tests.test_in_memory_wallet.TestInMemoryWallet" name="test_create_local_sov_seeded" file="aries_cloudagent/wallet/tests/test_in_memory_wallet.py" line="151" time="0.005" /><testcase classname="aries_cloudagent.wallet.tests.test_in_memory_wallet.TestInMemoryWallet" name="test_create_local_key_seeded_bls12381g2" file="aries_cloudagent/wallet/tests/test_in_memory_wallet.py" line="163" time="0.016" /><testcase classname="aries_cloudagent.wallet.tests.test_in_memory_wallet.TestInMemoryWallet" name="test_create_local_key_seeded_ed25519" file="aries_cloudagent/wallet/tests/test_in_memory_wallet.py" line="176" time="0.011" /><testcase classname="aries_cloudagent.wallet.tests.test_in_memory_wallet.TestInMemoryWallet" name="test_rotate_did_keypair" file="aries_cloudagent/wallet/tests/test_in_memory_wallet.py" line="188" time="0.010" /><testcase classname="aries_cloudagent.wallet.tests.test_in_memory_wallet.TestInMemoryWallet" name="test_create_local_with_did" file="aries_cloudagent/wallet/tests/test_in_memory_wallet.py" line="218" time="0.007" /><testcase classname="aries_cloudagent.wallet.tests.test_in_memory_wallet.TestInMemoryWallet" name="test_local_verkey" file="aries_cloudagent/wallet/tests/test_in_memory_wallet.py" line="230" time="0.009" /><testcase classname="aries_cloudagent.wallet.tests.test_in_memory_wallet.TestInMemoryWallet" name="test_local_verkey_bls12381g2" file="aries_cloudagent/wallet/tests/test_in_memory_wallet.py" line="246" time="0.008" /><testcase classname="aries_cloudagent.wallet.tests.test_in_memory_wallet.TestInMemoryWallet" name="test_local_metadata" file="aries_cloudagent/wallet/tests/test_in_memory_wallet.py" line="261" time="0.008" /><testcase classname="aries_cloudagent.wallet.tests.test_in_memory_wallet.TestInMemoryWallet" name="test_local_metadata_bbs" file="aries_cloudagent/wallet/tests/test_in_memory_wallet.py" line="290" time="0.012" /><testcase classname="aries_cloudagent.wallet.tests.test_in_memory_wallet.TestInMemoryWallet" name="test_create_public_did" file="aries_cloudagent/wallet/tests/test_in_memory_wallet.py" line="311" time="0.009" /><testcase classname="aries_cloudagent.wallet.tests.test_in_memory_wallet.TestInMemoryWallet" name="test_create_public_did_x_unsupported_key_type_method" file="aries_cloudagent/wallet/tests/test_in_memory_wallet.py" line="348" time="0.007" /><testcase classname="aries_cloudagent.wallet.tests.test_in_memory_wallet.TestInMemoryWallet" name="test_set_public_did" file="aries_cloudagent/wallet/tests/test_in_memory_wallet.py" line="359" time="0.010" /><testcase classname="aries_cloudagent.wallet.tests.test_in_memory_wallet.TestInMemoryWallet" name="test_sign_verify" file="aries_cloudagent/wallet/tests/test_in_memory_wallet.py" line="391" time="0.011" /><testcase classname="aries_cloudagent.wallet.tests.test_in_memory_wallet.TestInMemoryWallet" name="test_sign_verify_bbs" file="aries_cloudagent/wallet/tests/test_in_memory_wallet.py" line="438" time="0.084" /><testcase classname="aries_cloudagent.wallet.tests.test_in_memory_wallet.TestInMemoryWallet" name="test_pack_unpack" file="aries_cloudagent/wallet/tests/test_in_memory_wallet.py" line="490" time="0.028" /><testcase classname="aries_cloudagent.wallet.tests.test_in_memory_wallet.TestInMemoryWallet" name="test_signature_round_trip" file="aries_cloudagent/wallet/tests/test_in_memory_wallet.py" line="524" time="0.009" /><testcase classname="aries_cloudagent.wallet.tests.test_in_memory_wallet.TestInMemoryWallet" name="test_set_did_endpoint_x_not_sov" file="aries_cloudagent/wallet/tests/test_in_memory_wallet.py" line="536" time="0.008" /><testcase classname="aries_cloudagent.wallet.tests.test_indy_wallet" name="ruff" file="aries_cloudagent/wallet/tests/test_indy_wallet.py" time="0.060" /><testcase classname="aries_cloudagent.wallet.tests.test_indy_wallet.TestIndySdkWallet" name="test_create_signing_key_ed25519_random" file="aries_cloudagent/wallet/tests/test_in_memory_wallet.py" line="42" time="0.003"><skipped type="pytest.skip" message="test requires Indy support">/usr/src/app/conftest.py:206: test requires Indy support</skipped></testcase><testcase classname="aries_cloudagent.wallet.tests.test_indy_wallet.TestIndySdkWallet" name="test_create_signing_key_bls12381g2_random" file="aries_cloudagent/wallet/tests/test_in_memory_wallet.py" line="48" time="0.001"><skipped type="pytest.skip" message="test requires Indy support">/usr/src/app/conftest.py:206: test requires Indy support</skipped></testcase><testcase classname="aries_cloudagent.wallet.tests.test_indy_wallet.TestIndySdkWallet" name="test_create_signing_key_ed25519_seeded" file="aries_cloudagent/wallet/tests/test_in_memory_wallet.py" line="55" time="0.001"><skipped type="pytest.skip" message="test requires Indy support">/usr/src/app/conftest.py:206: test requires Indy support</skipped></testcase><testcase classname="aries_cloudagent.wallet.tests.test_indy_wallet.TestIndySdkWallet" name="test_create_signing_key_bls12381g2_seeded" file="aries_cloudagent/wallet/tests/test_in_memory_wallet.py" line="66" time="0.001"><skipped type="pytest.skip" message="test requires Indy support">/usr/src/app/conftest.py:206: test requires Indy support</skipped></testcase><testcase classname="aries_cloudagent.wallet.tests.test_indy_wallet.TestIndySdkWallet" name="test_create_signing_key_unsupported_key_type" file="aries_cloudagent/wallet/tests/test_in_memory_wallet.py" line="78" time="0.002"><skipped type="pytest.skip" message="test requires Indy support">/usr/src/app/conftest.py:206: test requires Indy support</skipped></testcase><testcase classname="aries_cloudagent.wallet.tests.test_indy_wallet.TestIndySdkWallet" name="test_signing_key_metadata" file="aries_cloudagent/wallet/tests/test_in_memory_wallet.py" line="91" time="0.002"><skipped type="pytest.skip" message="test requires Indy support">/usr/src/app/conftest.py:206: test requires Indy support</skipped></testcase><testcase classname="aries_cloudagent.wallet.tests.test_indy_wallet.TestIndySdkWallet" name="test_signing_key_metadata_bls" file="aries_cloudagent/wallet/tests/test_in_memory_wallet.py" line="113" time="0.002"><skipped type="pytest.skip" message="test requires Indy support">/usr/src/app/conftest.py:206: test requires Indy support</skipped></testcase><testcase classname="aries_cloudagent.wallet.tests.test_indy_wallet.TestIndySdkWallet" name="test_create_local_sov_random" file="aries_cloudagent/wallet/tests/test_in_memory_wallet.py" line="128" time="0.001"><skipped type="pytest.skip" message="test requires Indy support">/usr/src/app/conftest.py:206: test requires Indy support</skipped></testcase><testcase classname="aries_cloudagent.wallet.tests.test_indy_wallet.TestIndySdkWallet" name="test_create_local_key_random_ed25519" file="aries_cloudagent/wallet/tests/test_in_memory_wallet.py" line="133" time="0.001"><skipped type="pytest.skip" message="test requires Indy support">/usr/src/app/conftest.py:206: test requires Indy support</skipped></testcase><testcase classname="aries_cloudagent.wallet.tests.test_indy_wallet.TestIndySdkWallet" name="test_create_local_key_random_bls12381g2" file="aries_cloudagent/wallet/tests/test_in_memory_wallet.py" line="138" time="0.002"><skipped type="pytest.skip" message="test requires Indy support">/usr/src/app/conftest.py:206: test requires Indy support</skipped></testcase><testcase classname="aries_cloudagent.wallet.tests.test_indy_wallet.TestIndySdkWallet" name="test_create_local_incorrect_key_type_for_did_method" file="aries_cloudagent/wallet/tests/test_in_memory_wallet.py" line="144" time="0.001"><skipped type="pytest.skip" message="test requires Indy support">/usr/src/app/conftest.py:206: test requires Indy support</skipped></testcase><testcase classname="aries_cloudagent.wallet.tests.test_indy_wallet.TestIndySdkWallet" name="test_create_local_sov_seeded" file="aries_cloudagent/wallet/tests/test_in_memory_wallet.py" line="151" time="0.002"><skipped type="pytest.skip" message="test requires Indy support">/usr/src/app/conftest.py:206: test requires Indy support</skipped></testcase><testcase classname="aries_cloudagent.wallet.tests.test_indy_wallet.TestIndySdkWallet" name="test_create_local_key_seeded_bls12381g2" file="aries_cloudagent/wallet/tests/test_in_memory_wallet.py" line="163" time="0.001"><skipped type="pytest.skip" message="test requires Indy support">/usr/src/app/conftest.py:206: test requires Indy support</skipped></testcase><testcase classname="aries_cloudagent.wallet.tests.test_indy_wallet.TestIndySdkWallet" name="test_create_local_key_seeded_ed25519" file="aries_cloudagent/wallet/tests/test_in_memory_wallet.py" line="176" time="0.001"><skipped type="pytest.skip" message="test requires Indy support">/usr/src/app/conftest.py:206: test requires Indy support</skipped></testcase><testcase classname="aries_cloudagent.wallet.tests.test_indy_wallet.TestIndySdkWallet" name="test_rotate_did_keypair" file="aries_cloudagent/wallet/tests/test_in_memory_wallet.py" line="188" time="0.001"><skipped type="pytest.skip" message="test requires Indy support">/usr/src/app/conftest.py:206: test requires Indy support</skipped></testcase><testcase classname="aries_cloudagent.wallet.tests.test_indy_wallet.TestIndySdkWallet" name="test_create_local_with_did" file="aries_cloudagent/wallet/tests/test_in_memory_wallet.py" line="218" time="0.007"><skipped type="pytest.skip" message="test requires Indy support">/usr/src/app/conftest.py:206: test requires Indy support</skipped></testcase><testcase classname="aries_cloudagent.wallet.tests.test_indy_wallet.TestIndySdkWallet" name="test_local_verkey" file="aries_cloudagent/wallet/tests/test_in_memory_wallet.py" line="230" time="0.001"><skipped type="pytest.skip" message="test requires Indy support">/usr/src/app/conftest.py:206: test requires Indy support</skipped></testcase><testcase classname="aries_cloudagent.wallet.tests.test_indy_wallet.TestIndySdkWallet" name="test_local_verkey_bls12381g2" file="aries_cloudagent/wallet/tests/test_in_memory_wallet.py" line="246" time="0.001"><skipped type="pytest.skip" message="test requires Indy support">/usr/src/app/conftest.py:206: test requires Indy support</skipped></testcase><testcase classname="aries_cloudagent.wallet.tests.test_indy_wallet.TestIndySdkWallet" name="test_local_metadata" file="aries_cloudagent/wallet/tests/test_in_memory_wallet.py" line="261" time="0.001"><skipped type="pytest.skip" message="test requires Indy support">/usr/src/app/conftest.py:206: test requires Indy support</skipped></testcase><testcase classname="aries_cloudagent.wallet.tests.test_indy_wallet.TestIndySdkWallet" name="test_local_metadata_bbs" file="aries_cloudagent/wallet/tests/test_in_memory_wallet.py" line="290" time="0.001"><skipped type="pytest.skip" message="test requires Indy support">/usr/src/app/conftest.py:206: test requires Indy support</skipped></testcase><testcase classname="aries_cloudagent.wallet.tests.test_indy_wallet.TestIndySdkWallet" name="test_create_public_did" file="aries_cloudagent/wallet/tests/test_in_memory_wallet.py" line="311" time="0.001"><skipped type="pytest.skip" message="test requires Indy support">/usr/src/app/conftest.py:206: test requires Indy support</skipped></testcase><testcase classname="aries_cloudagent.wallet.tests.test_indy_wallet.TestIndySdkWallet" name="test_create_public_did_x_unsupported_key_type_method" file="aries_cloudagent/wallet/tests/test_in_memory_wallet.py" line="348" time="0.001"><skipped type="pytest.skip" message="test requires Indy support">/usr/src/app/conftest.py:206: test requires Indy support</skipped></testcase><testcase classname="aries_cloudagent.wallet.tests.test_indy_wallet.TestIndySdkWallet" name="test_set_public_did" file="aries_cloudagent/wallet/tests/test_in_memory_wallet.py" line="359" time="0.001"><skipped type="pytest.skip" message="test requires Indy support">/usr/src/app/conftest.py:206: test requires Indy support</skipped></testcase><testcase classname="aries_cloudagent.wallet.tests.test_indy_wallet.TestIndySdkWallet" name="test_sign_verify" file="aries_cloudagent/wallet/tests/test_in_memory_wallet.py" line="391" time="0.001"><skipped type="pytest.skip" message="test requires Indy support">/usr/src/app/conftest.py:206: test requires Indy support</skipped></testcase><testcase classname="aries_cloudagent.wallet.tests.test_indy_wallet.TestIndySdkWallet" name="test_sign_verify_bbs" file="aries_cloudagent/wallet/tests/test_in_memory_wallet.py" line="438" time="0.001"><skipped type="pytest.skip" message="test requires Indy support">/usr/src/app/conftest.py:206: test requires Indy support</skipped></testcase><testcase classname="aries_cloudagent.wallet.tests.test_indy_wallet.TestIndySdkWallet" name="test_pack_unpack" file="aries_cloudagent/wallet/tests/test_in_memory_wallet.py" line="490" time="0.002"><skipped type="pytest.skip" message="test requires Indy support">/usr/src/app/conftest.py:206: test requires Indy support</skipped></testcase><testcase classname="aries_cloudagent.wallet.tests.test_indy_wallet.TestIndySdkWallet" name="test_signature_round_trip" file="aries_cloudagent/wallet/tests/test_in_memory_wallet.py" line="524" time="0.002"><skipped type="pytest.skip" message="test requires Indy support">/usr/src/app/conftest.py:206: test requires Indy support</skipped></testcase><testcase classname="aries_cloudagent.wallet.tests.test_indy_wallet.TestIndySdkWallet" name="test_set_did_endpoint_x_not_sov" file="aries_cloudagent/wallet/tests/test_in_memory_wallet.py" line="536" time="0.001"><skipped type="pytest.skip" message="test requires Indy support">/usr/src/app/conftest.py:206: test requires Indy support</skipped></testcase><testcase classname="aries_cloudagent.wallet.tests.test_indy_wallet.TestIndySdkWallet" name="test_rotate_did_keypair_x" file="aries_cloudagent/wallet/tests/test_indy_wallet.py" line="64" time="0.001"><skipped type="pytest.skip" message="test requires Indy support">/usr/src/app/conftest.py:206: test requires Indy support</skipped></testcase><testcase classname="aries_cloudagent.wallet.tests.test_indy_wallet.TestIndySdkWallet" name="test_create_signing_key_x" file="aries_cloudagent/wallet/tests/test_indy_wallet.py" line="90" time="0.001"><skipped type="pytest.skip" message="test requires Indy support">/usr/src/app/conftest.py:206: test requires Indy support</skipped></testcase><testcase classname="aries_cloudagent.wallet.tests.test_indy_wallet.TestIndySdkWallet" name="test_create_local_did_x" file="aries_cloudagent/wallet/tests/test_indy_wallet.py" line="102" time="0.003"><skipped type="pytest.skip" message="test requires Indy support">/usr/src/app/conftest.py:206: test requires Indy support</skipped></testcase><testcase classname="aries_cloudagent.wallet.tests.test_indy_wallet.TestIndySdkWallet" name="test_set_did_endpoint_ledger" file="aries_cloudagent/wallet/tests/test_indy_wallet.py" line="114" time="0.002"><skipped type="pytest.skip" message="test requires Indy support">/usr/src/app/conftest.py:206: test requires Indy support</skipped></testcase><testcase classname="aries_cloudagent.wallet.tests.test_indy_wallet.TestIndySdkWallet" name="test_set_did_endpoint_ledger_with_routing_keys" file="aries_cloudagent/wallet/tests/test_indy_wallet.py" line="139" time="0.003"><skipped type="pytest.skip" message="test requires Indy support">/usr/src/app/conftest.py:206: test requires Indy support</skipped></testcase><testcase classname="aries_cloudagent.wallet.tests.test_indy_wallet.TestIndySdkWallet" name="test_set_did_endpoint_readonly_ledger" file="aries_cloudagent/wallet/tests/test_indy_wallet.py" line="161" time="0.002"><skipped type="pytest.skip" message="test requires Indy support">/usr/src/app/conftest.py:206: test requires Indy support</skipped></testcase><testcase classname="aries_cloudagent.wallet.tests.test_indy_wallet.TestIndySdkWallet" name="test_get_signing_key_x" file="aries_cloudagent/wallet/tests/test_indy_wallet.py" line="179" time="0.003"><skipped type="pytest.skip" message="test requires Indy support">/usr/src/app/conftest.py:206: test requires Indy support</skipped></testcase><testcase classname="aries_cloudagent.wallet.tests.test_indy_wallet.TestIndySdkWallet" name="test_get_local_did_x" file="aries_cloudagent/wallet/tests/test_indy_wallet.py" line="191" time="0.002"><skipped type="pytest.skip" message="test requires Indy support">/usr/src/app/conftest.py:206: test requires Indy support</skipped></testcase><testcase classname="aries_cloudagent.wallet.tests.test_indy_wallet.TestIndySdkWallet" name="test_replace_local_did_metadata_x" file="aries_cloudagent/wallet/tests/test_indy_wallet.py" line="203" time="0.003"><skipped type="pytest.skip" message="test requires Indy support">/usr/src/app/conftest.py:206: test requires Indy support</skipped></testcase><testcase classname="aries_cloudagent.wallet.tests.test_indy_wallet.TestIndySdkWallet" name="test_verify_message_x" file="aries_cloudagent/wallet/tests/test_indy_wallet.py" line="226" time="0.003"><skipped type="pytest.skip" message="test requires Indy support">/usr/src/app/conftest.py:206: test requires Indy support</skipped></testcase><testcase classname="aries_cloudagent.wallet.tests.test_indy_wallet.TestIndySdkWallet" name="test_pack_message_x" file="aries_cloudagent/wallet/tests/test_indy_wallet.py" line="250" time="0.001"><skipped type="pytest.skip" message="test requires Indy support">/usr/src/app/conftest.py:206: test requires Indy support</skipped></testcase><testcase classname="aries_cloudagent.wallet.tests.test_indy_wallet.TestWalletCompat" name="test_compare_pack_unpack" file="aries_cloudagent/wallet/tests/test_indy_wallet.py" line="277" time="0.002"><skipped type="pytest.skip" message="test requires Indy support">/usr/src/app/conftest.py:206: test requires Indy support</skipped></testcase><testcase classname="aries_cloudagent.wallet.tests.test_indy_wallet.TestWalletCompat" name="test_mock_coverage" file="aries_cloudagent/wallet/tests/test_indy_wallet.py" line="298" time="0.002"><skipped type="pytest.skip" message="test requires Indy support">/usr/src/app/conftest.py:206: test requires Indy support</skipped></testcase><testcase classname="aries_cloudagent.wallet.tests.test_indy_wallet.TestWalletCompat" name="test_mock_coverage_wallet_exists_x" file="aries_cloudagent/wallet/tests/test_indy_wallet.py" line="346" time="0.002"><skipped type="pytest.skip" message="test requires Indy support">/usr/src/app/conftest.py:206: test requires Indy support</skipped></testcase><testcase classname="aries_cloudagent.wallet.tests.test_indy_wallet.TestWalletCompat" name="test_mock_coverage_wallet_create_x" file="aries_cloudagent/wallet/tests/test_indy_wallet.py" line="392" time="0.001"><skipped type="pytest.skip" message="test requires Indy support">/usr/src/app/conftest.py:206: test requires Indy support</skipped></testcase><testcase classname="aries_cloudagent.wallet.tests.test_indy_wallet.TestWalletCompat" name="test_mock_coverage_remove_x" file="aries_cloudagent/wallet/tests/test_indy_wallet.py" line="441" time="0.001"><skipped type="pytest.skip" message="test requires Indy support">/usr/src/app/conftest.py:206: test requires Indy support</skipped></testcase><testcase classname="aries_cloudagent.wallet.tests.test_indy_wallet.TestWalletCompat" name="test_mock_coverage_not_found_after_creation" file="aries_cloudagent/wallet/tests/test_indy_wallet.py" line="494" time="0.001"><skipped type="pytest.skip" message="test requires Indy support">/usr/src/app/conftest.py:206: test requires Indy support</skipped></testcase><testcase classname="aries_cloudagent.wallet.tests.test_indy_wallet.TestWalletCompat" name="test_mock_coverage_open_not_found" file="aries_cloudagent/wallet/tests/test_indy_wallet.py" line="544" time="0.002"><skipped type="pytest.skip" message="test requires Indy support">/usr/src/app/conftest.py:206: test requires Indy support</skipped></testcase><testcase classname="aries_cloudagent.wallet.tests.test_indy_wallet.TestWalletCompat" name="test_mock_coverage_open_indy_already_open_x" file="aries_cloudagent/wallet/tests/test_indy_wallet.py" line="592" time="0.002"><skipped type="pytest.skip" message="test requires Indy support">/usr/src/app/conftest.py:206: test requires Indy support</skipped></testcase><testcase classname="aries_cloudagent.wallet.tests.test_indy_wallet.TestWalletCompat" name="test_mock_coverage_open_x" file="aries_cloudagent/wallet/tests/test_indy_wallet.py" line="640" time="0.001"><skipped type="pytest.skip" message="test requires Indy support">/usr/src/app/conftest.py:206: test requires Indy support</skipped></testcase><testcase classname="aries_cloudagent.wallet.tests.test_indy_wallet.TestWalletCompat" name="test_mock_coverage_open_master_secret_x" file="aries_cloudagent/wallet/tests/test_indy_wallet.py" line="688" time="0.002"><skipped type="pytest.skip" message="test requires Indy support">/usr/src/app/conftest.py:206: test requires Indy support</skipped></testcase><testcase classname="aries_cloudagent.wallet.tests.test_indy_wallet.TestWalletCompat" name="test_mock_coverage_open_master_secret_exists" file="aries_cloudagent/wallet/tests/test_indy_wallet.py" line="738" time="0.002"><skipped type="pytest.skip" message="test requires Indy support">/usr/src/app/conftest.py:206: test requires Indy support</skipped></testcase><testcase classname="aries_cloudagent.wallet.tests.test_indy_wallet.TestWalletCompat" name="test_postgres_wallet_works" file="aries_cloudagent/wallet/tests/test_indy_wallet.py" line="791" time="0.001"><skipped type="pytest.skip" message="test requires Indy support">/usr/src/app/conftest.py:206: test requires Indy support</skipped></testcase><testcase classname="aries_cloudagent.wallet.tests.test_indy_wallet.TestWalletCompat" name="test_postgres_wallet_scheme_works" file="aries_cloudagent/wallet/tests/test_indy_wallet.py" line="827" time="0.001"><skipped type="pytest.skip" message="test requires Indy support">/usr/src/app/conftest.py:206: test requires Indy support</skipped></testcase><testcase classname="aries_cloudagent.wallet.tests.test_indy_wallet.TestWalletCompat" name="test_postgres_wallet_scheme2_works" file="aries_cloudagent/wallet/tests/test_indy_wallet.py" line="869" time="0.001"><skipped type="pytest.skip" message="test requires Indy support">/usr/src/app/conftest.py:206: test requires Indy support</skipped></testcase><testcase classname="aries_cloudagent.wallet.tests.test_jwt" name="ruff" file="aries_cloudagent/wallet/tests/test_jwt.py" time="0.074" /><testcase classname="aries_cloudagent.wallet.tests.test_jwt.TestJWT" name="test_sign_with_did_key_and_verify" file="aries_cloudagent/wallet/tests/test_jwt.py" line="14" time="0.026" /><testcase classname="aries_cloudagent.wallet.tests.test_jwt.TestJWT" name="test_sign_with_verification_method_and_verify" file="aries_cloudagent/wallet/tests/test_jwt.py" line="28" time="0.014" /><testcase classname="aries_cloudagent.wallet.tests.test_jwt.TestJWT" name="test_sign_x_invalid_did" file="aries_cloudagent/wallet/tests/test_jwt.py" line="45" time="0.007" /><testcase classname="aries_cloudagent.wallet.tests.test_jwt.TestJWT" name="test_sign_x_invalid_verification_method" file="aries_cloudagent/wallet/tests/test_jwt.py" line="55" time="0.006" /><testcase classname="aries_cloudagent.wallet.tests.test_jwt.TestJWT" name="test_verify_x_invalid_signed" file="aries_cloudagent/wallet/tests/test_jwt.py" line="65" time="0.007" /><testcase classname="aries_cloudagent.wallet.tests.test_jwt.TestJWT" name="test_resolve_public_key_by_kid_for_verify" file="aries_cloudagent/wallet/tests/test_jwt.py" line="81" time="0.011" /><testcase classname="aries_cloudagent.wallet.tests.test_key_pair" name="ruff" file="aries_cloudagent/wallet/tests/test_key_pair.py" time="0.058" /><testcase classname="aries_cloudagent.wallet.tests.test_key_pair.TestKeyPairStorageManager" name="test_create_key_pair" file="aries_cloudagent/wallet/tests/test_key_pair.py" line="21" time="0.017" /><testcase classname="aries_cloudagent.wallet.tests.test_key_pair.TestKeyPairStorageManager" name="test_delete_key_pair" file="aries_cloudagent/wallet/tests/test_key_pair.py" line="62" time="0.010" /><testcase classname="aries_cloudagent.wallet.tests.test_key_pair.TestKeyPairStorageManager" name="test_delete_key_pair_x_not_found" file="aries_cloudagent/wallet/tests/test_key_pair.py" line="80" time="0.009" /><testcase classname="aries_cloudagent.wallet.tests.test_key_pair.TestKeyPairStorageManager" name="test_get_key_pair" file="aries_cloudagent/wallet/tests/test_key_pair.py" line="42" time="0.016" /><testcase classname="aries_cloudagent.wallet.tests.test_key_pair.TestKeyPairStorageManager" name="test_get_key_pair_x_not_found" file="aries_cloudagent/wallet/tests/test_key_pair.py" line="58" time="0.016" /><testcase classname="aries_cloudagent.wallet.tests.test_key_pair.TestKeyPairStorageManager" name="test_update_key_pair_metadata" file="aries_cloudagent/wallet/tests/test_key_pair.py" line="84" time="0.013" /><testcase classname="aries_cloudagent.wallet.tests.test_key_pair.TestKeyPairStorageManager" name="test_update_key_pair_metadata_x_not_found" file="aries_cloudagent/wallet/tests/test_key_pair.py" line="108" time="0.011" /><testcase classname="aries_cloudagent.wallet.tests.test_key_type" name="ruff" file="aries_cloudagent/wallet/tests/test_key_type.py" time="0.048" /><testcase classname="aries_cloudagent.wallet.tests.test_key_type.TestDidMethod" name="test_from_did" file="aries_cloudagent/wallet/tests/test_key_type.py" line="30" time="0.005" /><testcase classname="aries_cloudagent.wallet.tests.test_key_type.TestDidMethod" name="test_from_metadata" file="aries_cloudagent/wallet/tests/test_key_type.py" line="16" time="0.002" /><testcase classname="aries_cloudagent.wallet.tests.test_key_type.TestDidMethod" name="test_from_method" file="aries_cloudagent/wallet/tests/test_key_type.py" line="24" time="0.004" /><testcase classname="aries_cloudagent.wallet.tests.test_key_type.TestDidMethod" name="test_properties" file="aries_cloudagent/wallet/tests/test_key_type.py" line="39" time="0.003" /><testcase classname="aries_cloudagent.wallet.tests.test_routes" name="ruff" file="aries_cloudagent/wallet/tests/test_routes.py" time="0.058" /><testcase classname="aries_cloudagent.wallet.tests.test_routes.TestWalletRoutes" name="test_create_did" file="aries_cloudagent/wallet/tests/test_routes.py" line="120" time="0.158" /><testcase classname="aries_cloudagent.wallet.tests.test_routes.TestWalletRoutes" name="test_create_did_method_doesnt_support_user_defined_did" file="aries_cloudagent/wallet/tests/test_routes.py" line="181" time="0.153" /><testcase classname="aries_cloudagent.wallet.tests.test_routes.TestWalletRoutes" name="test_create_did_method_requires_user_defined_did" file="aries_cloudagent/wallet/tests/test_routes.py" line="163" time="0.145" /><testcase classname="aries_cloudagent.wallet.tests.test_routes.TestWalletRoutes" name="test_create_did_unsupported_key_type" file="aries_cloudagent/wallet/tests/test_routes.py" line="156" time="0.133" /><testcase classname="aries_cloudagent.wallet.tests.test_routes.TestWalletRoutes" name="test_create_did_unsupported_method" file="aries_cloudagent/wallet/tests/test_routes.py" line="145" time="0.124" /><testcase classname="aries_cloudagent.wallet.tests.test_routes.TestWalletRoutes" name="test_create_did_x" file="aries_cloudagent/wallet/tests/test_routes.py" line="205" time="0.127" /><testcase classname="aries_cloudagent.wallet.tests.test_routes.TestWalletRoutes" name="test_did_list" file="aries_cloudagent/wallet/tests/test_routes.py" line="210" time="0.121" /><testcase classname="aries_cloudagent.wallet.tests.test_routes.TestWalletRoutes" name="test_did_list_filter_did" file="aries_cloudagent/wallet/tests/test_routes.py" line="333" time="0.129" /><testcase classname="aries_cloudagent.wallet.tests.test_routes.TestWalletRoutes" name="test_did_list_filter_did_x" file="aries_cloudagent/wallet/tests/test_routes.py" line="362" time="0.126" /><testcase classname="aries_cloudagent.wallet.tests.test_routes.TestWalletRoutes" name="test_did_list_filter_posted" file="aries_cloudagent/wallet/tests/test_routes.py" line="292" time="0.126" /><testcase classname="aries_cloudagent.wallet.tests.test_routes.TestWalletRoutes" name="test_did_list_filter_public" file="aries_cloudagent/wallet/tests/test_routes.py" line="254" time="0.126" /><testcase classname="aries_cloudagent.wallet.tests.test_routes.TestWalletRoutes" name="test_did_list_filter_verkey" file="aries_cloudagent/wallet/tests/test_routes.py" line="373" time="0.118" /><testcase classname="aries_cloudagent.wallet.tests.test_routes.TestWalletRoutes" name="test_did_list_filter_verkey_x" file="aries_cloudagent/wallet/tests/test_routes.py" line="402" time="0.123" /><testcase classname="aries_cloudagent.wallet.tests.test_routes.TestWalletRoutes" name="test_format_did_info" file="aries_cloudagent/wallet/tests/test_routes.py" line="85" time="0.129" /><testcase classname="aries_cloudagent.wallet.tests.test_routes.TestWalletRoutes" name="test_get_did_endpoint" file="aries_cloudagent/wallet/tests/test_routes.py" line="872" time="0.113" /><testcase classname="aries_cloudagent.wallet.tests.test_routes.TestWalletRoutes" name="test_get_did_endpoint_no_did" file="aries_cloudagent/wallet/tests/test_routes.py" line="896" time="0.121" /><testcase classname="aries_cloudagent.wallet.tests.test_routes.TestWalletRoutes" name="test_get_did_endpoint_no_wallet_did" file="aries_cloudagent/wallet/tests/test_routes.py" line="900" time="0.126" /><testcase classname="aries_cloudagent.wallet.tests.test_routes.TestWalletRoutes" name="test_get_did_endpoint_wallet_x" file="aries_cloudagent/wallet/tests/test_routes.py" line="908" time="0.117" /><testcase classname="aries_cloudagent.wallet.tests.test_routes.TestWalletRoutes" name="test_get_public_did" file="aries_cloudagent/wallet/tests/test_routes.py" line="413" time="0.372" /><testcase classname="aries_cloudagent.wallet.tests.test_routes.TestWalletRoutes" name="test_get_public_did_x" file="aries_cloudagent/wallet/tests/test_routes.py" line="438" time="0.138" /><testcase classname="aries_cloudagent.wallet.tests.test_routes.TestWalletRoutes" name="test_missing_wallet" file="aries_cloudagent/wallet/tests/test_routes.py" line="58" time="0.130" /><testcase classname="aries_cloudagent.wallet.tests.test_routes.TestWalletRoutes" name="test_post_process_routes" file="aries_cloudagent/wallet/tests/test_routes.py" line="994" time="0.122" /><testcase classname="aries_cloudagent.wallet.tests.test_routes.TestWalletRoutes" name="test_register" file="aries_cloudagent/wallet/tests/test_routes.py" line="987" time="0.128" /><testcase classname="aries_cloudagent.wallet.tests.test_routes.TestWalletRoutes" name="test_rotate_did_keypair" file="aries_cloudagent/wallet/tests/test_routes.py" line="916" time="0.129" /><testcase classname="aries_cloudagent.wallet.tests.test_routes.TestWalletRoutes" name="test_rotate_did_keypair_did_not_local" file="aries_cloudagent/wallet/tests/test_routes.py" line="948" time="0.130" /><testcase classname="aries_cloudagent.wallet.tests.test_routes.TestWalletRoutes" name="test_rotate_did_keypair_missing_wallet" file="aries_cloudagent/wallet/tests/test_routes.py" line="937" time="0.131" /><testcase classname="aries_cloudagent.wallet.tests.test_routes.TestWalletRoutes" name="test_rotate_did_keypair_no_query_did" file="aries_cloudagent/wallet/tests/test_routes.py" line="944" time="0.128" /><testcase classname="aries_cloudagent.wallet.tests.test_routes.TestWalletRoutes" name="test_rotate_did_keypair_x" file="aries_cloudagent/wallet/tests/test_routes.py" line="969" time="0.130" /><testcase classname="aries_cloudagent.wallet.tests.test_routes.TestWalletRoutes" name="test_set_did_endpoint" file="aries_cloudagent/wallet/tests/test_routes.py" line="772" time="0.133" /><testcase classname="aries_cloudagent.wallet.tests.test_routes.TestWalletRoutes" name="test_set_did_endpoint_no_wallet_did" file="aries_cloudagent/wallet/tests/test_routes.py" line="853" time="0.140" /><testcase classname="aries_cloudagent.wallet.tests.test_routes.TestWalletRoutes" name="test_set_did_endpoint_public_did_no_ledger" file="aries_cloudagent/wallet/tests/test_routes.py" line="807" time="0.176" /><testcase classname="aries_cloudagent.wallet.tests.test_routes.TestWalletRoutes" name="test_set_did_endpoint_x" file="aries_cloudagent/wallet/tests/test_routes.py" line="834" time="0.149" /><testcase classname="aries_cloudagent.wallet.tests.test_routes.TestWalletRoutes" name="test_set_public_did" file="aries_cloudagent/wallet/tests/test_routes.py" line="443" time="0.150" /><testcase classname="aries_cloudagent.wallet.tests.test_routes.TestWalletRoutes" name="test_set_public_did_no_ledger" file="aries_cloudagent/wallet/tests/test_routes.py" line="495" time="0.139" /><testcase classname="aries_cloudagent.wallet.tests.test_routes.TestWalletRoutes" name="test_set_public_did_no_query_did" file="aries_cloudagent/wallet/tests/test_routes.py" line="491" time="0.125" /><testcase classname="aries_cloudagent.wallet.tests.test_routes.TestWalletRoutes" name="test_set_public_did_no_wallet_did" file="aries_cloudagent/wallet/tests/test_routes.py" line="589" time="0.137" /><testcase classname="aries_cloudagent.wallet.tests.test_routes.TestWalletRoutes" name="test_set_public_did_not_found" file="aries_cloudagent/wallet/tests/test_routes.py" line="532" time="0.150" /><testcase classname="aries_cloudagent.wallet.tests.test_routes.TestWalletRoutes" name="test_set_public_did_not_public" file="aries_cloudagent/wallet/tests/test_routes.py" line="510" time="0.145" /><testcase classname="aries_cloudagent.wallet.tests.test_routes.TestWalletRoutes" name="test_set_public_did_update_endpoint" file="aries_cloudagent/wallet/tests/test_routes.py" line="623" time="0.159" /><testcase classname="aries_cloudagent.wallet.tests.test_routes.TestWalletRoutes" name="test_set_public_did_update_endpoint_use_default_update_in_wallet" file="aries_cloudagent/wallet/tests/test_routes.py" line="671" time="0.142" /><testcase classname="aries_cloudagent.wallet.tests.test_routes.TestWalletRoutes" name="test_set_public_did_with_non_sov_did" file="aries_cloudagent/wallet/tests/test_routes.py" line="729" time="0.137" /><testcase classname="aries_cloudagent.wallet.tests.test_routes.TestWalletRoutes" name="test_set_public_did_x" file="aries_cloudagent/wallet/tests/test_routes.py" line="555" time="0.153" /><testcase classname="aries_cloudagent.wallet.tests.test_sd_jwt" name="ruff" file="aries_cloudagent/wallet/tests/test_sd_jwt.py" time="0.043" /><testcase classname="aries_cloudagent.wallet.tests.test_sd_jwt.TestSDJWT" name="test_sign_with_did_key_and_verify" file="aries_cloudagent/wallet/tests/test_sd_jwt.py" line="31" time="0.963" /><testcase classname="aries_cloudagent.wallet.tests.test_sd_jwt.TestSDJWT" name="test_flat_structure" file="aries_cloudagent/wallet/tests/test_sd_jwt.py" line="98" time="0.101" /><testcase classname="aries_cloudagent.wallet.tests.test_sd_jwt.TestSDJWT" name="test_nested_structure" file="aries_cloudagent/wallet/tests/test_sd_jwt.py" line="133" time="0.328" /><testcase classname="aries_cloudagent.wallet.tests.test_sd_jwt.TestSDJWT" name="test_recursive_nested_structure" file="aries_cloudagent/wallet/tests/test_sd_jwt.py" line="159" time="0.660" /><testcase classname="aries_cloudagent.wallet.tests.test_sd_jwt.TestSDJWT" name="test_list_splice" file="aries_cloudagent/wallet/tests/test_sd_jwt.py" line="191" time="0.103" /><testcase classname="aries_cloudagent.wallet.tests.test_sd_jwt.TestSDJWT" name="test_sd_jwt_key_binding" file="aries_cloudagent/wallet/tests/test_sd_jwt.py" line="220" time="0.173" /><testcase classname="aries_cloudagent.wallet.tests.test_sd_jwt.TestSDJWT" name="test_sd_jwt_key_binding_errors[Either both expected_aud and expected_nonce must be provided or both must be None-payload0-headers_kb0-https://example.com/verifier-None]" file="aries_cloudagent/wallet/tests/test_sd_jwt.py" line="386" time="0.156" /><testcase classname="aries_cloudagent.wallet.tests.test_sd_jwt.TestSDJWT" name="test_sd_jwt_key_binding_errors[No holder public key in SD-JWT-payload1-headers_kb1-https://example.com/verifier-1234567890]" file="aries_cloudagent/wallet/tests/test_sd_jwt.py" line="386" time="0.164" /><testcase classname="aries_cloudagent.wallet.tests.test_sd_jwt.TestSDJWT" name="test_sd_jwt_key_binding_errors[The holder_public_key_payload is malformed. It doesn't contain the claim jwk: -payload2-headers_kb2-https://example.com/verifier-1234567890]" file="aries_cloudagent/wallet/tests/test_sd_jwt.py" line="386" time="0.152" /><testcase classname="aries_cloudagent.wallet.tests.test_sd_jwt.TestSDJWT" name="test_sd_jwt_key_binding_errors[Invalid header typ-payload3-headers_kb3-https://example.com/verifier-1234567890]" file="aries_cloudagent/wallet/tests/test_sd_jwt.py" line="386" time="0.165" /><testcase classname="aries_cloudagent.wallet.tests.test_sd_jwt.TestSDJWT" name="test_sd_jwt_key_binding_errors[Invalid audience-payload4-headers_kb4-invalid_aud-1234567890]" file="aries_cloudagent/wallet/tests/test_sd_jwt.py" line="386" time="0.166" /><testcase classname="aries_cloudagent.wallet.tests.test_sd_jwt.TestSDJWT" name="test_sd_jwt_key_binding_errors[Invalid nonce-payload5-headers_kb5-https://example.com/verifier-invalid_nonce]" file="aries_cloudagent/wallet/tests/test_sd_jwt.py" line="386" time="0.204" /><testcase classname="aries_cloudagent.wallet.tests.test_util" name="ruff" file="aries_cloudagent/wallet/tests/test_util.py" time="0.048" /><testcase classname="aries_cloudagent.wallet.tests.test_util.TestUtil" name="test_b58" file="aries_cloudagent/wallet/tests/test_util.py" line="61" time="0.004" /><testcase classname="aries_cloudagent.wallet.tests.test_util.TestUtil" name="test_b64_str" file="aries_cloudagent/wallet/tests/test_util.py" line="35" time="0.003" /><testcase classname="aries_cloudagent.wallet.tests.test_util.TestUtil" name="test_b64_urlsafe" file="aries_cloudagent/wallet/tests/test_util.py" line="21" time="0.002" /><testcase classname="aries_cloudagent.wallet.tests.test_util.TestUtil" name="test_full_abbr_verkey" file="aries_cloudagent/wallet/tests/test_util.py" line="65" time="0.005" /><testcase classname="aries_cloudagent.wallet.tests.test_util.TestUtil" name="test_pad" file="aries_cloudagent/wallet/tests/test_util.py" line="54" time="0.004" /></testsuite></testsuites>